Using pre-set license
Built from '2021.3/staging' branch; Version is '2021.3.10f1 (1c7d0df0160b) revision 1867021'; Using compiler version '192829333'; Build Type 'Release'
OS: 'Windows 11  (10.0.22631) 64bit Core' Language: 'ko' Physical Memory: 32627 MB
BatchMode: 1, IsHumanControllingUs: 0, StartBugReporterOnCrash: 0, Is64bit: 1, IsPro: 1

COMMAND LINE ARGUMENTS:
C:\Program Files\Unity\Hub\Editor\2021.3.10f1\Editor\Unity.exe
-adb2
-batchMode
-noUpm
-name
AssetImportWorker15
-projectPath
C:/Users/user/Documents/GitHub/N-own-Magic/N-own Magic
-logFile
Logs/AssetImportWorker15.log
-srvPort
58822
Successfully changed project path to: C:/Users/user/Documents/GitHub/N-own-Magic/N-own Magic
C:/Users/user/Documents/GitHub/N-own-Magic/N-own Magic
[UnityMemory] Configuration Parameters - Can be set up in boot.config
    "memorysetup-bucket-allocator-granularity=16"
    "memorysetup-bucket-allocator-bucket-count=8"
    "memorysetup-bucket-allocator-block-size=33554432"
    "memorysetup-bucket-allocator-block-count=8"
    "memorysetup-main-allocator-block-size=16777216"
    "memorysetup-thread-allocator-block-size=16777216"
    "memorysetup-gfx-main-allocator-block-size=16777216"
    "memorysetup-gfx-thread-allocator-block-size=16777216"
    "memorysetup-cache-allocator-block-size=4194304"
    "memorysetup-typetree-allocator-block-size=2097152"
    "memorysetup-profiler-bucket-allocator-granularity=16"
    "memorysetup-profiler-bucket-allocator-bucket-count=8"
    "memorysetup-profiler-bucket-allocator-block-size=33554432"
    "memorysetup-profiler-bucket-allocator-block-count=8"
    "memorysetup-profiler-allocator-block-size=16777216"
    "memorysetup-profiler-editor-allocator-block-size=1048576"
    "memorysetup-temp-allocator-size-main=16777216"
    "memorysetup-job-temp-allocator-block-size=2097152"
    "memorysetup-job-temp-allocator-block-size-background=1048576"
    "memorysetup-job-temp-allocator-reduction-small-platforms=262144"
    "memorysetup-temp-allocator-size-background-worker=32768"
    "memorysetup-temp-allocator-size-job-worker=262144"
    "memorysetup-temp-allocator-size-preload-manager=33554432"
    "memorysetup-temp-allocator-size-nav-mesh-worker=65536"
    "memorysetup-temp-allocator-size-audio-worker=65536"
    "memorysetup-temp-allocator-size-cloud-worker=32768"
    "memorysetup-temp-allocator-size-gi-baking-worker=262144"
    "memorysetup-temp-allocator-size-gfx=262144"
Refreshing native plugins compatible for Editor in 92.69 ms, found 4 plugins.
Preloading 0 native plugins for Editor in 0.00 ms.
Initialize engine version: 2021.3.10f1 (1c7d0df0160b)
[Subsystems] Discovering subsystems at path C:/Program Files/Unity/Hub/Editor/2021.3.10f1/Editor/Data/Resources/UnitySubsystems
[Subsystems] Discovering subsystems at path C:/Users/user/Documents/GitHub/N-own-Magic/N-own Magic/Assets
GfxDevice: creating device client; threaded=0; jobified=0
Direct3D:
    Version:  Direct3D 11.0 [level 11.1]
    Renderer: NVIDIA GeForce RTX 3060 Ti (ID=0x2489)
    Vendor:   NVIDIA
    VRAM:     8038 MB
    Driver:   31.0.15.3598
Initialize mono
Mono path[0] = 'C:/Program Files/Unity/Hub/Editor/2021.3.10f1/Editor/Data/Managed'
Mono path[1] = 'C:/Program Files/Unity/Hub/Editor/2021.3.10f1/Editor/Data/MonoBleedingEdge/lib/mono/unityjit-win32'
Mono config path = 'C:/Program Files/Unity/Hub/Editor/2021.3.10f1/Editor/Data/MonoBleedingEdge/etc'
Using monoOptions --debugger-agent=transport=dt_socket,embedding=1,server=y,suspend=n,address=127.0.0.1:56168
Begin MonoManager ReloadAssembly
Registering precompiled unity dll's ...
Register platform support module: C:/Program Files/Unity/Hub/Editor/2021.3.10f1/Editor/Data/PlaybackEngines/WebGLSupport/UnityEditor.WebGL.Extensions.dll
Register platform support module: C:/Program Files/Unity/Hub/Editor/2021.3.10f1/Editor/Data/PlaybackEngines/WindowsStandaloneSupport/UnityEditor.WindowsStandalone.Extensions.dll
Registered in 0.008882 seconds.
Native extension for WindowsStandalone target not found
Native extension for WebGL target not found
Refreshing native plugins compatible for Editor in 72.08 ms, found 4 plugins.
Preloading 0 native plugins for Editor in 0.00 ms.
Mono: successfully reloaded assembly
- Completed reload, in  0.479 seconds
Domain Reload Profiling:
	ReloadAssembly (479ms)
		BeginReloadAssembly (74ms)
			ExecutionOrderSort (0ms)
			DisableScriptedObjects (0ms)
			BackupInstance (0ms)
			ReleaseScriptingObjects (0ms)
			CreateAndSetChildDomain (0ms)
		EndReloadAssembly (322ms)
			LoadAssemblies (70ms)
			RebuildTransferFunctionScriptingTraits (0ms)
			SetupTypeCache (69ms)
			ReleaseScriptCaches (0ms)
			RebuildScriptCaches (18ms)
			SetupLoadedEditorAssemblies (196ms)
				LogAssemblyErrors (0ms)
				InitializePlatformSupportModulesInManaged (8ms)
				SetLoadedEditorAssemblies (0ms)
				RefreshPlugins (72ms)
				BeforeProcessingInitializeOnLoad (1ms)
				ProcessInitializeOnLoadAttributes (79ms)
				ProcessInitializeOnLoadMethodAttributes (35ms)
				AfterProcessingInitializeOnLoad (0ms)
				EditorAssembliesLoaded (0ms)
			ExecutionOrderSort2 (0ms)
			AwakeInstancesAfterBackupRestoration (0ms)
Platform modules already initialized, skipping
Registering precompiled user dll's ...
Registered in 0.009985 seconds.
Begin MonoManager ReloadAssembly
Symbol file LoadedFromMemory doesn't match image C:\Users\user\Documents\GitHub\N-own-Magic\N-own Magic\Library\PackageCache\com.unity.visualscripting@1.7.8\Editor\VisualScripting.Core\Dependencies\YamlDotNet\Unity.VisualScripting.YamlDotNet.dll
Symbol file LoadedFromMemory doesn't match image C:\Users\user\Documents\GitHub\N-own-Magic\N-own Magic\Library\PackageCache\com.unity.visualscripting@1.7.8\Editor\VisualScripting.Core\Dependencies\DotNetZip\Unity.VisualScripting.IonicZip.dll
Native extension for WindowsStandalone target not found
Native extension for WebGL target not found
Refreshing native plugins compatible for Editor in 79.41 ms, found 4 plugins.
Preloading 0 native plugins for Editor in 0.00 ms.
Mono: successfully reloaded assembly
- Completed reload, in  0.896 seconds
Domain Reload Profiling:
	ReloadAssembly (897ms)
		BeginReloadAssembly (93ms)
			ExecutionOrderSort (0ms)
			DisableScriptedObjects (3ms)
			BackupInstance (0ms)
			ReleaseScriptingObjects (0ms)
			CreateAndSetChildDomain (12ms)
		EndReloadAssembly (711ms)
			LoadAssemblies (94ms)
			RebuildTransferFunctionScriptingTraits (0ms)
			SetupTypeCache (165ms)
			ReleaseScriptCaches (0ms)
			RebuildScriptCaches (34ms)
			SetupLoadedEditorAssemblies (391ms)
				LogAssemblyErrors (0ms)
				InitializePlatformSupportModulesInManaged (6ms)
				SetLoadedEditorAssemblies (0ms)
				RefreshPlugins (79ms)
				BeforeProcessingInitializeOnLoad (80ms)
				ProcessInitializeOnLoadAttributes (185ms)
				ProcessInitializeOnLoadMethodAttributes (32ms)
				AfterProcessingInitializeOnLoad (10ms)
				EditorAssembliesLoaded (0ms)
			ExecutionOrderSort2 (0ms)
			AwakeInstancesAfterBackupRestoration (8ms)
Platform modules already initialized, skipping
========================================================================
Worker process is ready to serve import requests
Launched and connected shader compiler UnityShaderCompiler.exe after 0.04 seconds
Refreshing native plugins compatible for Editor in 0.73 ms, found 4 plugins.
Preloading 0 native plugins for Editor in 0.00 ms.
Unloading 4122 Unused Serialized files (Serialized files now loaded: 0)
Unloading 39 unused Assets / (56.5 KB). Loaded Objects now: 4580.
Memory consumption went from 155.6 MB to 155.6 MB.
Total: 2.479500 ms (FindLiveObjects: 0.198000 ms CreateObjectMapping: 0.097000 ms MarkObjects: 2.094300 ms  DeleteObjects: 0.089400 ms)

AssetImportParameters requested are different than current active one (requested -> active):
  custom:video-decoder-ogg-theora: a1e56fd34408186e4bbccfd4996cb3dc -> 
  custom:container-muxer-webm: aa71ff27fc2769a1b78a27578f13a17b -> 
  custom:container-demuxer-webm: 4f35f7cbe854078d1ac9338744f61a02 -> 
  custom:video-encoder-webm-vp8: eb34c28f22e8b96e1ab97ce403110664 -> 
  custom:audio-encoder-webm-vorbis: bf7c407c2cedff20999df2af8eb42d56 -> 
  custom:framework-win-MediaFoundation: 216162199b28c13a410421893ffa2e32 -> 
  custom:container-demuxer-ogg: 62fdf1f143b41e24485cea50d1cbac27 -> 
  custom:video-decoder-webm-vp8: 9c59270c3fd7afecdb556c50c9e8de78 -> 
  custom:audio-decoder-ogg-vorbis: bf7c407c2cedff20999df2af8eb42d56 -> 
========================================================================
Received Import Request.
  Time since last request: 14747.168103 seconds.
  path: Assets/Background/GUI/Fantasy Wooden GUI  Free/Scene
  artifactKey: Guid(1d4ddc8cb3190b749bc2878cae95700e) Importer(815301076,1909f56bfc062723c751e8b465ee728b)
Start importing Assets/Background/GUI/Fantasy Wooden GUI  Free/Scene using Guid(1d4ddc8cb3190b749bc2878cae95700e) Importer(815301076,1909f56bfc062723c751e8b465ee728b)  -> (artifact id: 'cfd370e0c0b8cd59ea38a25d94adb006') in 0.012767 seconds 
========================================================================
Received Import Request.
  Time since last request: 2.217260 seconds.
  path: Assets/Background/GUI/Freeui
  artifactKey: Guid(3cf95570ada859a46accc8e8db44f556) Importer(815301076,1909f56bfc062723c751e8b465ee728b)
Start importing Assets/Background/GUI/Freeui using Guid(3cf95570ada859a46accc8e8db44f556) Importer(815301076,1909f56bfc062723c751e8b465ee728b)  -> (artifact id: 'c77f0fa3133d5b467018d0a81ffa8878') in 0.008365 seconds 
========================================================================
Received Import Request.
  Time since last request: 0.631006 seconds.
  path: Assets/Background/GUI/Freeui/ZOSMA
  artifactKey: Guid(0535fcc7ee5d05c4baed7992e1927231) Importer(815301076,1909f56bfc062723c751e8b465ee728b)
Start importing Assets/Background/GUI/Freeui/ZOSMA using Guid(0535fcc7ee5d05c4baed7992e1927231) Importer(815301076,1909f56bfc062723c751e8b465ee728b)  -> (artifact id: '2c7ef3c08d8c288b386583e43b97a22a') in 0.008732 seconds 
========================================================================
Received Import Request.
  Time since last request: 0.767660 seconds.
  path: Assets/Background/GUI/Freeui/ZOSMA/Main
  artifactKey: Guid(eb512ce67be0d9f4b85efc482b80361d) Importer(815301076,1909f56bfc062723c751e8b465ee728b)
Start importing Assets/Background/GUI/Freeui/ZOSMA/Main using Guid(eb512ce67be0d9f4b85efc482b80361d) Importer(815301076,1909f56bfc062723c751e8b465ee728b)  -> (artifact id: 'ec45458af2b8a14390cbadb4b4c13800') in 0.008691 seconds 
========================================================================
Received Import Request.
  Time since last request: 0.045087 seconds.
  path: Assets/Background/GUI/Freeui/ZOSMA/Main/Botton.png
  artifactKey: Guid(7f4dbb6f6530a6442b3bb0e862b4fff0) Importer(815301076,1909f56bfc062723c751e8b465ee728b)
Start importing Assets/Background/GUI/Freeui/ZOSMA/Main/Botton.png using Guid(7f4dbb6f6530a6442b3bb0e862b4fff0) Importer(815301076,1909f56bfc062723c751e8b465ee728b)  -> (artifact id: '5b2bc5f540577b473f5a52d5fbe6e40f') in 0.155552 seconds 
========================================================================
Received Import Request.
  Time since last request: 0.000019 seconds.
  path: Assets/Background/GUI/Freeui/ZOSMA/Main/Shopbotton.png
  artifactKey: Guid(901081f5deab5de47a34e05f3b267cc2) Importer(815301076,1909f56bfc062723c751e8b465ee728b)
Start importing Assets/Background/GUI/Freeui/ZOSMA/Main/Shopbotton.png using Guid(901081f5deab5de47a34e05f3b267cc2) Importer(815301076,1909f56bfc062723c751e8b465ee728b)  -> (artifact id: 'f806de228764fd74d3de132d6b85706a') in 0.029126 seconds 
========================================================================
Received Import Request.
  Time since last request: 0.000026 seconds.
  path: Assets/Background/GUI/Freeui/ZOSMA/Main/Itembotton.png
  artifactKey: Guid(3d6e441791dc08b41b9cccd520a510c9) Importer(815301076,1909f56bfc062723c751e8b465ee728b)
Start importing Assets/Background/GUI/Freeui/ZOSMA/Main/Itembotton.png using Guid(3d6e441791dc08b41b9cccd520a510c9) Importer(815301076,1909f56bfc062723c751e8b465ee728b)  -> (artifact id: '4be41d1ac57421e45c6321230f28eaa8') in 0.037646 seconds 
========================================================================
Received Import Request.
  Time since last request: 0.000016 seconds.
  path: Assets/Background/GUI/Freeui/ZOSMA/Main/Incircle.png
  artifactKey: Guid(cc76853705fefad42b28c481f3dd9c9b) Importer(815301076,1909f56bfc062723c751e8b465ee728b)
Start importing Assets/Background/GUI/Freeui/ZOSMA/Main/Incircle.png using Guid(cc76853705fefad42b28c481f3dd9c9b) Importer(815301076,1909f56bfc062723c751e8b465ee728b)  -> (artifact id: '927c43eb5ddafb9f265386433309af17') in 0.030862 seconds 
========================================================================
Received Import Request.
  Time since last request: 10.260356 seconds.
  path: Assets/Background/Forest sence/sprite
  artifactKey: Guid(25e87f8184a7f604eaa998d1c18ec0fb) Importer(815301076,1909f56bfc062723c751e8b465ee728b)
Start importing Assets/Background/Forest sence/sprite using Guid(25e87f8184a7f604eaa998d1c18ec0fb) Importer(815301076,1909f56bfc062723c751e8b465ee728b)  -> (artifact id: '782a6bf29297edeabd2f2494b154577f') in 0.008881 seconds 
========================================================================
Received Import Request.
  Time since last request: 0.085258 seconds.
  path: Assets/Background/Forest sence/sprite/BGfore.png
  artifactKey: Guid(b76dd4ba6b9d2274db5dbae1c8937181) Importer(815301076,1909f56bfc062723c751e8b465ee728b)
Start importing Assets/Background/Forest sence/sprite/BGfore.png using Guid(b76dd4ba6b9d2274db5dbae1c8937181) Importer(815301076,1909f56bfc062723c751e8b465ee728b)  -> (artifact id: 'e9a9f13e8b81ba9daa595e360ddf7f48') in 0.085715 seconds 
========================================================================
Received Import Request.
  Time since last request: 0.000018 seconds.
  path: Assets/Background/Forest sence/sprite/probFore.png
  artifactKey: Guid(11b9951d5e3fe794d995e3294b66a783) Importer(815301076,1909f56bfc062723c751e8b465ee728b)
Start importing Assets/Background/Forest sence/sprite/probFore.png using Guid(11b9951d5e3fe794d995e3294b66a783) Importer(815301076,1909f56bfc062723c751e8b465ee728b)  -> (artifact id: 'b906afb2b292ae3f91bcdf6f40541c2b') in 0.032774 seconds 
========================================================================
Received Import Request.
  Time since last request: 4.133182 seconds.
  path: Assets/Background/Dark Forest/Area1 Assets
  artifactKey: Guid(7d43b5f38737b65419be08daab8dded9) Importer(815301076,1909f56bfc062723c751e8b465ee728b)
Start importing Assets/Background/Dark Forest/Area1 Assets using Guid(7d43b5f38737b65419be08daab8dded9) Importer(815301076,1909f56bfc062723c751e8b465ee728b)  -> (artifact id: 'c1d639d73eba7a02ee822e30bc24f437') in 0.008608 seconds 
========================================================================
Received Import Request.
  Time since last request: 2.349043 seconds.
  path: Assets/Background/Dark Forest/Area1 Assets/Background
  artifactKey: Guid(e2f60a899305a1844aaa1e41eb30f6f5) Importer(815301076,1909f56bfc062723c751e8b465ee728b)
Start importing Assets/Background/Dark Forest/Area1 Assets/Background using Guid(e2f60a899305a1844aaa1e41eb30f6f5) Importer(815301076,1909f56bfc062723c751e8b465ee728b)  -> (artifact id: '6c63ddac8ada8f3cce69eec3b91ebb5d') in 0.002920 seconds 
========================================================================
Received Import Request.
  Time since last request: 0.042985 seconds.
  path: Assets/Background/Dark Forest/Area1 Assets/Background/Giant Plants.png
  artifactKey: Guid(5d8b5397744d0f546b193e3155705fc1) Importer(815301076,1909f56bfc062723c751e8b465ee728b)
Start importing Assets/Background/Dark Forest/Area1 Assets/Background/Giant Plants.png using Guid(5d8b5397744d0f546b193e3155705fc1) Importer(815301076,1909f56bfc062723c751e8b465ee728b)  -> (artifact id: 'd7138e92f40d7aae3dc113a6f398090a') in 0.426965 seconds 
========================================================================
Received Import Request.
  Time since last request: 0.000024 seconds.
  path: Assets/Background/Dark Forest/Area1 Assets/Background/Tree 5.png
  artifactKey: Guid(20b494f871f1a1f469bbb6006673c723) Importer(815301076,1909f56bfc062723c751e8b465ee728b)
Start importing Assets/Background/Dark Forest/Area1 Assets/Background/Tree 5.png using Guid(20b494f871f1a1f469bbb6006673c723) Importer(815301076,1909f56bfc062723c751e8b465ee728b)  -> (artifact id: '0e7a44c1e7bd800173ca726f5d772e39') in 0.230268 seconds 
========================================================================
Received Import Request.
  Time since last request: 3.956180 seconds.
  path: Assets/Background/RPG_inventory_icons
  artifactKey: Guid(97fbc11a3c506134fb95fd07a1dfa14f) Importer(815301076,1909f56bfc062723c751e8b465ee728b)
Start importing Assets/Background/RPG_inventory_icons using Guid(97fbc11a3c506134fb95fd07a1dfa14f) Importer(815301076,1909f56bfc062723c751e8b465ee728b)  -> (artifact id: '47d14db0848d71577553c121e7247ad6') in 0.017361 seconds 
========================================================================
Received Import Request.
  Time since last request: 0.141922 seconds.
  path: Assets/Background/RPG_inventory_icons/bag.png
  artifactKey: Guid(fe025e83f69d0b54f8a4fe3c7c128fd7) Importer(815301076,1909f56bfc062723c751e8b465ee728b)
Start importing Assets/Background/RPG_inventory_icons/bag.png using Guid(fe025e83f69d0b54f8a4fe3c7c128fd7) Importer(815301076,1909f56bfc062723c751e8b465ee728b)  -> (artifact id: '9e17abd1b7d2496228640269bc729c18') in 0.048578 seconds 
========================================================================
Received Import Request.
  Time since last request: 3.016074 seconds.
  path: Assets/Background/FREE Parallax Forest Background HQ
  artifactKey: Guid(0fb143de93fa01142addf528bd8b0f5d) Importer(815301076,1909f56bfc062723c751e8b465ee728b)
Start importing Assets/Background/FREE Parallax Forest Background HQ using Guid(0fb143de93fa01142addf528bd8b0f5d) Importer(815301076,1909f56bfc062723c751e8b465ee728b)  -> (artifact id: '296551e1064188cc2dddc559c8c0aba8') in 0.009324 seconds 
========================================================================
Received Import Request.
  Time since last request: 0.633553 seconds.
  path: Assets/Background/FREE Parallax Forest Background HQ/Parallax Forest Background
  artifactKey: Guid(2580d0ce933c4954798124abc0c57386) Importer(815301076,1909f56bfc062723c751e8b465ee728b)
Start importing Assets/Background/FREE Parallax Forest Background HQ/Parallax Forest Background using Guid(2580d0ce933c4954798124abc0c57386) Importer(815301076,1909f56bfc062723c751e8b465ee728b)  -> (artifact id: 'dd524762c37846edb608c1a0be1b1700') in 0.008389 seconds 
========================================================================
Received Import Request.
  Time since last request: 0.034954 seconds.
  path: Assets/Background/FREE Parallax Forest Background HQ/Parallax Forest Background/01_Sky.png
  artifactKey: Guid(b16fda486e947474288d51496b7f4d98) Importer(815301076,1909f56bfc062723c751e8b465ee728b)
Start importing Assets/Background/FREE Parallax Forest Background HQ/Parallax Forest Background/01_Sky.png using Guid(b16fda486e947474288d51496b7f4d98) Importer(815301076,1909f56bfc062723c751e8b465ee728b)  -> (artifact id: '2e8943f5936c26889acaabcf3d7c1379') in 0.095194 seconds 
========================================================================
Received Import Request.
  Time since last request: 0.000022 seconds.
  path: Assets/Background/FREE Parallax Forest Background HQ/Parallax Forest Background/06_Particles.png
  artifactKey: Guid(767de8d508911a94b82618daff5e5ec4) Importer(815301076,1909f56bfc062723c751e8b465ee728b)
Start importing Assets/Background/FREE Parallax Forest Background HQ/Parallax Forest Background/06_Particles.png using Guid(767de8d508911a94b82618daff5e5ec4) Importer(815301076,1909f56bfc062723c751e8b465ee728b)  -> (artifact id: '96311aaa295caa46b16199b938f41a3a') in 0.081853 seconds 
Editor requested this worker to shutdown with reason: Scaling down because of idle timeout
AssetImportWorker is now disconnected from the server
Process exiting
Exiting without the bug reporter. Application will terminate with return code 0