Using pre-set license
Built from '2021.3/staging' branch; Version is '2021.3.10f1 (1c7d0df0160b) revision 1867021'; Using compiler version '192829333'; Build Type 'Release'
OS: 'Windows 10  (10.0.19045) 64bit Professional' Language: 'ko' Physical Memory: 16126 MB
BatchMode: 1, IsHumanControllingUs: 0, StartBugReporterOnCrash: 0, Is64bit: 1, IsPro: 1

COMMAND LINE ARGUMENTS:
C:\Program Files\Unity\Hub\Editor\2021.3.10f1\Editor\Unity.exe
-adb2
-batchMode
-noUpm
-name
AssetImportWorker2
-projectPath
C:/Users/N/Documents/GitHub/N-own-Magic/N-own Magic
-logFile
Logs/AssetImportWorker2.log
-srvPort
11419
Successfully changed project path to: C:/Users/N/Documents/GitHub/N-own-Magic/N-own Magic
C:/Users/N/Documents/GitHub/N-own-Magic/N-own Magic
[UnityMemory] Configuration Parameters - Can be set up in boot.config
    "memorysetup-bucket-allocator-granularity=16"
    "memorysetup-bucket-allocator-bucket-count=8"
    "memorysetup-bucket-allocator-block-size=33554432"
    "memorysetup-bucket-allocator-block-count=8"
    "memorysetup-main-allocator-block-size=16777216"
    "memorysetup-thread-allocator-block-size=16777216"
    "memorysetup-gfx-main-allocator-block-size=16777216"
    "memorysetup-gfx-thread-allocator-block-size=16777216"
    "memorysetup-cache-allocator-block-size=4194304"
    "memorysetup-typetree-allocator-block-size=2097152"
    "memorysetup-profiler-bucket-allocator-granularity=16"
    "memorysetup-profiler-bucket-allocator-bucket-count=8"
    "memorysetup-profiler-bucket-allocator-block-size=33554432"
    "memorysetup-profiler-bucket-allocator-block-count=8"
    "memorysetup-profiler-allocator-block-size=16777216"
    "memorysetup-profiler-editor-allocator-block-size=1048576"
    "memorysetup-temp-allocator-size-main=16777216"
    "memorysetup-job-temp-allocator-block-size=2097152"
    "memorysetup-job-temp-allocator-block-size-background=1048576"
    "memorysetup-job-temp-allocator-reduction-small-platforms=262144"
    "memorysetup-temp-allocator-size-background-worker=32768"
    "memorysetup-temp-allocator-size-job-worker=262144"
    "memorysetup-temp-allocator-size-preload-manager=33554432"
    "memorysetup-temp-allocator-size-nav-mesh-worker=65536"
    "memorysetup-temp-allocator-size-audio-worker=65536"
    "memorysetup-temp-allocator-size-cloud-worker=32768"
    "memorysetup-temp-allocator-size-gi-baking-worker=262144"
    "memorysetup-temp-allocator-size-gfx=262144"
Refreshing native plugins compatible for Editor in 568.92 ms, found 4 plugins.
Preloading 0 native plugins for Editor in 0.00 ms.
Initialize engine version: 2021.3.10f1 (1c7d0df0160b)
[Subsystems] Discovering subsystems at path C:/Program Files/Unity/Hub/Editor/2021.3.10f1/Editor/Data/Resources/UnitySubsystems
[Subsystems] Discovering subsystems at path C:/Users/N/Documents/GitHub/N-own-Magic/N-own Magic/Assets
GfxDevice: creating device client; threaded=0; jobified=0
Direct3D:
    Version:  Direct3D 11.0 [level 11.1]
    Renderer: NVIDIA GeForce MX450 (ID=0x1f97)
    Vendor:   NVIDIA
    VRAM:     1906 MB
    Driver:   32.0.15.5612
Initialize mono
Mono path[0] = 'C:/Program Files/Unity/Hub/Editor/2021.3.10f1/Editor/Data/Managed'
Mono path[1] = 'C:/Program Files/Unity/Hub/Editor/2021.3.10f1/Editor/Data/MonoBleedingEdge/lib/mono/unityjit-win32'
Mono config path = 'C:/Program Files/Unity/Hub/Editor/2021.3.10f1/Editor/Data/MonoBleedingEdge/etc'
Using monoOptions --debugger-agent=transport=dt_socket,embedding=1,server=y,suspend=n,address=127.0.0.1:56724
Begin MonoManager ReloadAssembly
Registering precompiled unity dll's ...
Register platform support module: C:/Program Files/Unity/Hub/Editor/2021.3.10f1/Editor/Data/PlaybackEngines/WindowsStandaloneSupport/UnityEditor.WindowsStandalone.Extensions.dll
Registered in 0.206631 seconds.
Native extension for WindowsStandalone target not found
Refreshing native plugins compatible for Editor in 234.62 ms, found 4 plugins.
Preloading 0 native plugins for Editor in 0.00 ms.
Mono: successfully reloaded assembly
- Completed reload, in  8.980 seconds
Domain Reload Profiling:
	ReloadAssembly (8982ms)
		BeginReloadAssembly (6240ms)
			ExecutionOrderSort (0ms)
			DisableScriptedObjects (0ms)
			BackupInstance (0ms)
			ReleaseScriptingObjects (0ms)
			CreateAndSetChildDomain (2ms)
		EndReloadAssembly (1907ms)
			LoadAssemblies (6230ms)
			RebuildTransferFunctionScriptingTraits (0ms)
			SetupTypeCache (957ms)
			ReleaseScriptCaches (0ms)
			RebuildScriptCaches (72ms)
			SetupLoadedEditorAssemblies (764ms)
				LogAssemblyErrors (0ms)
				InitializePlatformSupportModulesInManaged (20ms)
				SetLoadedEditorAssemblies (0ms)
				RefreshPlugins (235ms)
				BeforeProcessingInitializeOnLoad (3ms)
				ProcessInitializeOnLoadAttributes (373ms)
				ProcessInitializeOnLoadMethodAttributes (132ms)
				AfterProcessingInitializeOnLoad (0ms)
				EditorAssembliesLoaded (0ms)
			ExecutionOrderSort2 (0ms)
			AwakeInstancesAfterBackupRestoration (0ms)
Platform modules already initialized, skipping
Registering precompiled user dll's ...
Registered in 0.033011 seconds.
Begin MonoManager ReloadAssembly
Symbol file LoadedFromMemory doesn't match image C:\Users\N\Documents\GitHub\N-own-Magic\N-own Magic\Library\PackageCache\com.unity.visualscripting@1.7.8\Editor\VisualScripting.Core\Dependencies\YamlDotNet\Unity.VisualScripting.YamlDotNet.dll
Symbol file LoadedFromMemory doesn't match image C:\Users\N\Documents\GitHub\N-own-Magic\N-own Magic\Library\PackageCache\com.unity.visualscripting@1.7.8\Editor\VisualScripting.Core\Dependencies\DotNetZip\Unity.VisualScripting.IonicZip.dll
Native extension for WindowsStandalone target not found
Refreshing native plugins compatible for Editor in 240.42 ms, found 4 plugins.
Preloading 0 native plugins for Editor in 0.00 ms.
Mono: successfully reloaded assembly
- Completed reload, in 10.942 seconds
Domain Reload Profiling:
	ReloadAssembly (10944ms)
		BeginReloadAssembly (399ms)
			ExecutionOrderSort (0ms)
			DisableScriptedObjects (20ms)
			BackupInstance (0ms)
			ReleaseScriptingObjects (0ms)
			CreateAndSetChildDomain (53ms)
		EndReloadAssembly (10022ms)
			LoadAssemblies (7559ms)
			RebuildTransferFunctionScriptingTraits (0ms)
			SetupTypeCache (1084ms)
			ReleaseScriptCaches (1ms)
			RebuildScriptCaches (97ms)
			SetupLoadedEditorAssemblies (1272ms)
				LogAssemblyErrors (0ms)
				InitializePlatformSupportModulesInManaged (12ms)
				SetLoadedEditorAssemblies (1ms)
				RefreshPlugins (241ms)
				BeforeProcessingInitializeOnLoad (247ms)
				ProcessInitializeOnLoadAttributes (654ms)
				ProcessInitializeOnLoadMethodAttributes (87ms)
				AfterProcessingInitializeOnLoad (30ms)
				EditorAssembliesLoaded (0ms)
			ExecutionOrderSort2 (0ms)
			AwakeInstancesAfterBackupRestoration (36ms)
Platform modules already initialized, skipping
========================================================================
Worker process is ready to serve import requests
Launched and connected shader compiler UnityShaderCompiler.exe after 0.16 seconds
Refreshing native plugins compatible for Editor in 1.73 ms, found 4 plugins.
Preloading 0 native plugins for Editor in 0.00 ms.
Unloading 4111 Unused Serialized files (Serialized files now loaded: 0)
Unloading 39 unused Assets / (56.2 KB). Loaded Objects now: 4567.
Memory consumption went from 155.0 MB to 154.9 MB.
Total: 6.999700 ms (FindLiveObjects: 0.670800 ms CreateObjectMapping: 0.565900 ms MarkObjects: 5.608300 ms  DeleteObjects: 0.152400 ms)

AssetImportParameters requested are different than current active one (requested -> active):
  custom:video-decoder-ogg-theora: a1e56fd34408186e4bbccfd4996cb3dc -> 
  custom:container-muxer-webm: aa71ff27fc2769a1b78a27578f13a17b -> 
  custom:container-demuxer-webm: 4f35f7cbe854078d1ac9338744f61a02 -> 
  custom:video-encoder-webm-vp8: eb34c28f22e8b96e1ab97ce403110664 -> 
  custom:audio-encoder-webm-vorbis: bf7c407c2cedff20999df2af8eb42d56 -> 
  custom:framework-win-MediaFoundation: 216162199b28c13a410421893ffa2e32 -> 
  custom:container-demuxer-ogg: 62fdf1f143b41e24485cea50d1cbac27 -> 
  custom:video-decoder-webm-vp8: 9c59270c3fd7afecdb556c50c9e8de78 -> 
  custom:audio-decoder-ogg-vorbis: bf7c407c2cedff20999df2af8eb42d56 -> 
========================================================================
Received Import Request.
  Time since last request: 447315.949273 seconds.
  path: Assets/book.png
  artifactKey: Guid(b05aff1294b2a47c896cc3c118d679d4) Importer(815301076,1909f56bfc062723c751e8b465ee728b)
Start importing Assets/book.png using Guid(b05aff1294b2a47c896cc3c118d679d4) Importer(815301076,1909f56bfc062723c751e8b465ee728b)  -> (artifact id: 'e20f44167f2e3b44cd1e62c2f575fb68') in 0.267172 seconds 
========================================================================
Received Import Request.
  Time since last request: 3.280582 seconds.
  path: Assets/Scenes
  artifactKey: Guid(131a6b21c8605f84396be9f6751fb6e3) Importer(815301076,1909f56bfc062723c751e8b465ee728b)
Start importing Assets/Scenes using Guid(131a6b21c8605f84396be9f6751fb6e3) Importer(815301076,1909f56bfc062723c751e8b465ee728b)  -> (artifact id: '4935f35005d3ccd51bf39964504ff1b7') in 0.012558 seconds 
========================================================================
Received Import Request.
  Time since last request: 0.995228 seconds.
  path: Assets/Scenes/InGame.unity
  artifactKey: Guid(f20766c0d93b31a479cb7eacd246352a) Importer(815301076,1909f56bfc062723c751e8b465ee728b)
Start importing Assets/Scenes/InGame.unity using Guid(f20766c0d93b31a479cb7eacd246352a) Importer(815301076,1909f56bfc062723c751e8b465ee728b)  -> (artifact id: 'a570b6f019ac4062c22701a309750940') in 0.010835 seconds 
========================================================================
Received Import Request.
  Time since last request: 8.261216 seconds.
  path: Assets/Scenes/CardGame.unity
  artifactKey: Guid(5cbfd502a88a3ba4c9eec9bb4183a733) Importer(815301076,1909f56bfc062723c751e8b465ee728b)
Start importing Assets/Scenes/CardGame.unity using Guid(5cbfd502a88a3ba4c9eec9bb4183a733) Importer(815301076,1909f56bfc062723c751e8b465ee728b)  -> (artifact id: 'f5ed834e2cf5a2e48c46041faeb44ee5') in 0.010030 seconds 
========================================================================
Received Import Request.
  Time since last request: 424.675858 seconds.
  path: Assets/Cards
  artifactKey: Guid(a1c5a0b651acc004db855e703e4d127f) Importer(815301076,1909f56bfc062723c751e8b465ee728b)
Start importing Assets/Cards using Guid(a1c5a0b651acc004db855e703e4d127f) Importer(815301076,1909f56bfc062723c751e8b465ee728b)  -> (artifact id: 'e9bef000ad0409a594b2608b6e1cf96f') in 0.010207 seconds 
========================================================================
Received Import Request.
  Time since last request: 1.517041 seconds.
  path: Assets/CharactorS
  artifactKey: Guid(3d742e2ab1977824e916c8e0087fede2) Importer(815301076,1909f56bfc062723c751e8b465ee728b)
Start importing Assets/CharactorS using Guid(3d742e2ab1977824e916c8e0087fede2) Importer(815301076,1909f56bfc062723c751e8b465ee728b)  -> (artifact id: '65b43ad1d31ad524d8f843ae424633cd') in 0.010434 seconds 
========================================================================
Received Import Request.
  Time since last request: 0.955959 seconds.
  path: Assets/CharactorS/Bringer Of Death
  artifactKey: Guid(6b613324b01b76942800b9201932764c) Importer(815301076,1909f56bfc062723c751e8b465ee728b)
Start importing Assets/CharactorS/Bringer Of Death using Guid(6b613324b01b76942800b9201932764c) Importer(815301076,1909f56bfc062723c751e8b465ee728b)  -> (artifact id: '7926376af1480bacc93bd2af797f9df5') in 0.009808 seconds 
========================================================================
Received Import Request.
  Time since last request: 2.355825 seconds.
  path: Assets/CharactorS/Bringer Of Death/Sprite Sheet
  artifactKey: Guid(19a87452f5a57214c96be3c04ed3be81) Importer(815301076,1909f56bfc062723c751e8b465ee728b)
Start importing Assets/CharactorS/Bringer Of Death/Sprite Sheet using Guid(19a87452f5a57214c96be3c04ed3be81) Importer(815301076,1909f56bfc062723c751e8b465ee728b)  -> (artifact id: '2005fde16bea488e84b6c4ef9c958ad7') in 0.011305 seconds 
========================================================================
Received Import Request.
  Time since last request: 0.837179 seconds.
  path: Assets/CharactorS/Bringer Of Death/Sprite Sheet/Bringer-of-Death-SpritSheet.png
  artifactKey: Guid(1914d95466e3d4341a618c35a56d5f82) Importer(815301076,1909f56bfc062723c751e8b465ee728b)
Start importing Assets/CharactorS/Bringer Of Death/Sprite Sheet/Bringer-of-Death-SpritSheet.png using Guid(1914d95466e3d4341a618c35a56d5f82) Importer(815301076,1909f56bfc062723c751e8b465ee728b)  -> (artifact id: 'df448f48706ebfd708b957710c56ead2') in 0.318221 seconds 
========================================================================
Received Import Request.
  Time since last request: 5.883687 seconds.
  path: Assets/CharactorS/Evil Wizard 2
  artifactKey: Guid(2dcc4d7faf961594497e20c8b3b026f4) Importer(815301076,1909f56bfc062723c751e8b465ee728b)
Start importing Assets/CharactorS/Evil Wizard 2 using Guid(2dcc4d7faf961594497e20c8b3b026f4) Importer(815301076,1909f56bfc062723c751e8b465ee728b)  -> (artifact id: '20834a04f956f35d35a8a46165cbceec') in 0.010301 seconds 
========================================================================
Received Import Request.
  Time since last request: 1.696701 seconds.
  path: Assets/CharactorS/Evil Wizard 2/Sprites
  artifactKey: Guid(0833e8cac863661468d4aa73d440e881) Importer(815301076,1909f56bfc062723c751e8b465ee728b)
Start importing Assets/CharactorS/Evil Wizard 2/Sprites using Guid(0833e8cac863661468d4aa73d440e881) Importer(815301076,1909f56bfc062723c751e8b465ee728b)  -> (artifact id: '630c9f7a756b3ec77ef09a7e9a787bbb') in 0.010296 seconds 
========================================================================
Received Import Request.
  Time since last request: 0.062437 seconds.
  path: Assets/CharactorS/Evil Wizard 2/Sprites/Attack1.png
  artifactKey: Guid(286e888c7c071b047930dd3085b26e6c) Importer(815301076,1909f56bfc062723c751e8b465ee728b)
Start importing Assets/CharactorS/Evil Wizard 2/Sprites/Attack1.png using Guid(286e888c7c071b047930dd3085b26e6c) Importer(815301076,1909f56bfc062723c751e8b465ee728b)  -> (artifact id: '5905ff1e7f88853f5a44e991e3ef0879') in 0.122302 seconds 
========================================================================
Received Import Request.
  Time since last request: 0.000031 seconds.
  path: Assets/CharactorS/Evil Wizard 2/Sprites/Run.png
  artifactKey: Guid(0ee574384c0214845835ae718b1343c0) Importer(815301076,1909f56bfc062723c751e8b465ee728b)
Start importing Assets/CharactorS/Evil Wizard 2/Sprites/Run.png using Guid(0ee574384c0214845835ae718b1343c0) Importer(815301076,1909f56bfc062723c751e8b465ee728b)  -> (artifact id: '41eef118408ae4e1adf9a7eabf7d98b8') in 0.082116 seconds 
========================================================================
Received Import Request.
  Time since last request: 0.000043 seconds.
  path: Assets/CharactorS/Evil Wizard 2/Sprites/Jump.png
  artifactKey: Guid(e1dcb296556b7fb43ae4100dd40b6e47) Importer(815301076,1909f56bfc062723c751e8b465ee728b)
Start importing Assets/CharactorS/Evil Wizard 2/Sprites/Jump.png using Guid(e1dcb296556b7fb43ae4100dd40b6e47) Importer(815301076,1909f56bfc062723c751e8b465ee728b)  -> (artifact id: '83c5117978fba6a0deeb17027c273f21') in 0.042573 seconds 
========================================================================
Received Import Request.
  Time since last request: 0.000030 seconds.
  path: Assets/CharactorS/Evil Wizard 2/Sprites/Idle.png
  artifactKey: Guid(836ba81373ddf664c8a192783efe0ecd) Importer(815301076,1909f56bfc062723c751e8b465ee728b)
Start importing Assets/CharactorS/Evil Wizard 2/Sprites/Idle.png using Guid(836ba81373ddf664c8a192783efe0ecd) Importer(815301076,1909f56bfc062723c751e8b465ee728b)  -> (artifact id: '12babc97c89c30c46d362d8bddd23703') in 0.083527 seconds 
========================================================================
Received Import Request.
  Time since last request: 5.442840 seconds.
  path: Assets/CharactorS/Evil Wizard 2/Animations
  artifactKey: Guid(3dc65cf0097471b498f22514285c03b7) Importer(815301076,1909f56bfc062723c751e8b465ee728b)
Start importing Assets/CharactorS/Evil Wizard 2/Animations using Guid(3dc65cf0097471b498f22514285c03b7) Importer(815301076,1909f56bfc062723c751e8b465ee728b)  -> (artifact id: '68cceae04f65caf5421c93abf92b1c13') in 0.020062 seconds 
========================================================================
Received Import Request.
  Time since last request: 2.189095 seconds.
  path: Assets/CharactorS/Evil Wizard 2/Scene demo
  artifactKey: Guid(9426e9e9857975d45bdf68a664ecff70) Importer(815301076,1909f56bfc062723c751e8b465ee728b)
Start importing Assets/CharactorS/Evil Wizard 2/Scene demo using Guid(9426e9e9857975d45bdf68a664ecff70) Importer(815301076,1909f56bfc062723c751e8b465ee728b)  -> (artifact id: '6a30b7380ef15a1b49d5bf7e539ad278') in 0.026995 seconds 
========================================================================
Received Import Request.
  Time since last request: 765.328628 seconds.
  path: Assets/Background/GUI/Dark_Brown_GUI_kit/icon/full_simple/numbers/1.png
  artifactKey: Guid(af88e637281e9a548aa31d1cb76a0486) Importer(815301076,1909f56bfc062723c751e8b465ee728b)
Start importing Assets/Background/GUI/Dark_Brown_GUI_kit/icon/full_simple/numbers/1.png using Guid(af88e637281e9a548aa31d1cb76a0486) Importer(815301076,1909f56bfc062723c751e8b465ee728b)  -> (artifact id: 'ef1be60f61a32178af0f682261272f16') in 0.028883 seconds 
========================================================================
Received Import Request.
  Time since last request: 0.000039 seconds.
  path: Assets/SpellS/Basic_RPG_Icons/Items/Weapons/01_Bow.png
  artifactKey: Guid(fb1e48043961d8f44948225f539a83bb) Importer(815301076,1909f56bfc062723c751e8b465ee728b)
Start importing Assets/SpellS/Basic_RPG_Icons/Items/Weapons/01_Bow.png using Guid(fb1e48043961d8f44948225f539a83bb) Importer(815301076,1909f56bfc062723c751e8b465ee728b)  -> (artifact id: '1c408f2f5f1f58fa790ccf21ea893aee') in 0.044750 seconds 
========================================================================
Received Import Request.
  Time since last request: 0.000051 seconds.
  path: Assets/SpellS/Basic_RPG_Icons/Items/Armor/Epic/01_cloth_chest_E.png
  artifactKey: Guid(e1ba674e14010ec4580da105317b7b77) Importer(815301076,1909f56bfc062723c751e8b465ee728b)
Start importing Assets/SpellS/Basic_RPG_Icons/Items/Armor/Epic/01_cloth_chest_E.png using Guid(e1ba674e14010ec4580da105317b7b77) Importer(815301076,1909f56bfc062723c751e8b465ee728b)  -> (artifact id: '6ef10485d405f9318b60c0dbdda3d32d') in 0.066340 seconds 
========================================================================
Received Import Request.
  Time since last request: 0.000040 seconds.
  path: Assets/SpellS/Basic_RPG_Icons/Items/Armor/Common/01_cloth_chest.png
  artifactKey: Guid(1db2aafa220bdac428f29f48a82e2b50) Importer(815301076,1909f56bfc062723c751e8b465ee728b)
Start importing Assets/SpellS/Basic_RPG_Icons/Items/Armor/Common/01_cloth_chest.png using Guid(1db2aafa220bdac428f29f48a82e2b50) Importer(815301076,1909f56bfc062723c751e8b465ee728b)  -> (artifact id: '54a60fddd9ff31023f5d8a7ad4c727d4') in 0.041253 seconds 
========================================================================
Received Import Request.
  Time since last request: 0.000025 seconds.
  path: Assets/SpellS/Basic_RPG_Icons/Items/Weapons/No_bg/01_Bow_nobg.png
  artifactKey: Guid(f049b8f6e6c70664abce7e9de8fc5a5c) Importer(815301076,1909f56bfc062723c751e8b465ee728b)
Start importing Assets/SpellS/Basic_RPG_Icons/Items/Weapons/No_bg/01_Bow_nobg.png using Guid(f049b8f6e6c70664abce7e9de8fc5a5c) Importer(815301076,1909f56bfc062723c751e8b465ee728b)  -> (artifact id: '96385b243caead571c07f80eab59c258') in 0.033199 seconds 
========================================================================
Received Import Request.
  Time since last request: 58.731193 seconds.
  path: Assets/SpellS/500_skillicons/Skill_nobg/Archerskill_02_nobg.png
  artifactKey: Guid(1e4cc8ca904a05e4fbd417e679b4b0ec) Importer(815301076,1909f56bfc062723c751e8b465ee728b)
Start importing Assets/SpellS/500_skillicons/Skill_nobg/Archerskill_02_nobg.png using Guid(1e4cc8ca904a05e4fbd417e679b4b0ec) Importer(815301076,1909f56bfc062723c751e8b465ee728b)  -> (artifact id: 'e91235b06ac6fc9bbca2894bd6146575') in 0.048020 seconds 
========================================================================
Received Import Request.
  Time since last request: 0.000359 seconds.
  path: Assets/SpellS/500_skillicons/Skill_nobg/Archerskill_33_nobg.png
  artifactKey: Guid(b9019a2d74407cc4fa37a579c35a1e79) Importer(815301076,1909f56bfc062723c751e8b465ee728b)
Start importing Assets/SpellS/500_skillicons/Skill_nobg/Archerskill_33_nobg.png using Guid(b9019a2d74407cc4fa37a579c35a1e79) Importer(815301076,1909f56bfc062723c751e8b465ee728b)  -> (artifact id: 'd2bd1e48260cadb55920878b0d03ea4e') in 0.049395 seconds 
========================================================================
Received Import Request.
  Time since last request: 0.000062 seconds.
  path: Assets/SpellS/500_skillicons/Skill_nobg/Archerskill_31_nobg.png
  artifactKey: Guid(4041b64b47f51904a90eec9e6f601f3f) Importer(815301076,1909f56bfc062723c751e8b465ee728b)
Start importing Assets/SpellS/500_skillicons/Skill_nobg/Archerskill_31_nobg.png using Guid(4041b64b47f51904a90eec9e6f601f3f) Importer(815301076,1909f56bfc062723c751e8b465ee728b)  -> (artifact id: '6562511635ebfc1fd4d67b5436ea4df4') in 0.046289 seconds 
========================================================================
Received Import Request.
  Time since last request: 0.000030 seconds.
  path: Assets/SpellS/500_skillicons/Skill_nobg/Archerskill_22_nobg.png
  artifactKey: Guid(e65d441ef3a8ccb49ae1322d9505d14d) Importer(815301076,1909f56bfc062723c751e8b465ee728b)
Start importing Assets/SpellS/500_skillicons/Skill_nobg/Archerskill_22_nobg.png using Guid(e65d441ef3a8ccb49ae1322d9505d14d) Importer(815301076,1909f56bfc062723c751e8b465ee728b)  -> (artifact id: 'a5595fb3b805e6633732ecd6dee84d3b') in 0.045002 seconds 
========================================================================
Received Import Request.
  Time since last request: 0.000033 seconds.
  path: Assets/SpellS/500_skillicons/Skill_nobg/Archerskill_05_nobg.png
  artifactKey: Guid(dc146abd7ac659d439767faac33ef083) Importer(815301076,1909f56bfc062723c751e8b465ee728b)
Start importing Assets/SpellS/500_skillicons/Skill_nobg/Archerskill_05_nobg.png using Guid(dc146abd7ac659d439767faac33ef083) Importer(815301076,1909f56bfc062723c751e8b465ee728b)  -> (artifact id: '7512596b0b0236e06ea6b2910a65ae1d') in 0.053732 seconds 
========================================================================
Received Import Request.
  Time since last request: 0.000031 seconds.
  path: Assets/SpellS/500_skillicons/Skill_nobg/Archerskill_25_nobg.png
  artifactKey: Guid(ac452dac3b67672429a778d523d66941) Importer(815301076,1909f56bfc062723c751e8b465ee728b)
Start importing Assets/SpellS/500_skillicons/Skill_nobg/Archerskill_25_nobg.png using Guid(ac452dac3b67672429a778d523d66941) Importer(815301076,1909f56bfc062723c751e8b465ee728b)  -> (artifact id: '89fd8dab43cc65a15e34a88a5da0ed76') in 0.056484 seconds 
========================================================================
Received Import Request.
  Time since last request: 0.000035 seconds.
  path: Assets/SpellS/500_skillicons/Skill_nobg/Archerskill_14_nobg.png
  artifactKey: Guid(c8e7811db47eceb4592d81e4c747814a) Importer(815301076,1909f56bfc062723c751e8b465ee728b)
Start importing Assets/SpellS/500_skillicons/Skill_nobg/Archerskill_14_nobg.png using Guid(c8e7811db47eceb4592d81e4c747814a) Importer(815301076,1909f56bfc062723c751e8b465ee728b)  -> (artifact id: '77c5c5ede6679dbb69c22309b2b3c2e8') in 0.059576 seconds 
========================================================================
Received Import Request.
  Time since last request: 0.000052 seconds.
  path: Assets/SpellS/500_skillicons/Skill_nobg/Archerskill_21_nobg.png
  artifactKey: Guid(c6b887c98adc66644acd770695b91cdf) Importer(815301076,1909f56bfc062723c751e8b465ee728b)
Start importing Assets/SpellS/500_skillicons/Skill_nobg/Archerskill_21_nobg.png using Guid(c6b887c98adc66644acd770695b91cdf) Importer(815301076,1909f56bfc062723c751e8b465ee728b)  -> (artifact id: '0861bf58293f9ea4837d7fe36e9480dd') in 0.053621 seconds 
========================================================================
Received Import Request.
  Time since last request: 0.000036 seconds.
  path: Assets/SpellS/500_skillicons/Skill_nobg/Archerskill_16_nobg.png
  artifactKey: Guid(fa0547de6a16e84418d7e92f701a0824) Importer(815301076,1909f56bfc062723c751e8b465ee728b)
Start importing Assets/SpellS/500_skillicons/Skill_nobg/Archerskill_16_nobg.png using Guid(fa0547de6a16e84418d7e92f701a0824) Importer(815301076,1909f56bfc062723c751e8b465ee728b)  -> (artifact id: '3c624344224fcdbc851e493b3b8f17cc') in 0.056245 seconds 
========================================================================
Received Import Request.
  Time since last request: 0.000029 seconds.
  path: Assets/SpellS/500_skillicons/Skill_nobg/Archerskill_35_nobg.png
  artifactKey: Guid(52c9eb5e9a0aa6f4295ab62e8b876c52) Importer(815301076,1909f56bfc062723c751e8b465ee728b)
Start importing Assets/SpellS/500_skillicons/Skill_nobg/Archerskill_35_nobg.png using Guid(52c9eb5e9a0aa6f4295ab62e8b876c52) Importer(815301076,1909f56bfc062723c751e8b465ee728b)  -> (artifact id: '775ee3e41d2e57dcb5fe01e9e9574589') in 0.058778 seconds 
========================================================================
Received Import Request.
  Time since last request: 0.000040 seconds.
  path: Assets/SpellS/500_skillicons/Skill_nobg/Archerskill_07_nobg.png
  artifactKey: Guid(836cb9d1cf932dd4b90e440eb0af47c3) Importer(815301076,1909f56bfc062723c751e8b465ee728b)
Start importing Assets/SpellS/500_skillicons/Skill_nobg/Archerskill_07_nobg.png using Guid(836cb9d1cf932dd4b90e440eb0af47c3) Importer(815301076,1909f56bfc062723c751e8b465ee728b)  -> (artifact id: '634018ae297ac3c309d87a22066e9ecc') in 0.050420 seconds 
========================================================================
Received Import Request.
  Time since last request: 0.000047 seconds.
  path: Assets/SpellS/500_skillicons/Skill_nobg/Archerskill_11_nobg.png
  artifactKey: Guid(d046216c553b9a445a0c75ac77bedcb4) Importer(815301076,1909f56bfc062723c751e8b465ee728b)
Start importing Assets/SpellS/500_skillicons/Skill_nobg/Archerskill_11_nobg.png using Guid(d046216c553b9a445a0c75ac77bedcb4) Importer(815301076,1909f56bfc062723c751e8b465ee728b)  -> (artifact id: '4fba40aeaa4fa178ebaacb4f3abdb52a') in 0.045341 seconds 
========================================================================
Received Import Request.
  Time since last request: 0.000032 seconds.
  path: Assets/SpellS/500_skillicons/Skill_nobg/Archerskill_34_nobg.png
  artifactKey: Guid(20b1a25f44a40ba4e9f349a197963034) Importer(815301076,1909f56bfc062723c751e8b465ee728b)
Start importing Assets/SpellS/500_skillicons/Skill_nobg/Archerskill_34_nobg.png using Guid(20b1a25f44a40ba4e9f349a197963034) Importer(815301076,1909f56bfc062723c751e8b465ee728b)  -> (artifact id: '709e3c218082d68d164df5268b071465') in 0.046806 seconds 
========================================================================
Received Import Request.
  Time since last request: 0.305871 seconds.
  path: Assets/SpellS/500_skillicons/Skill_nobg/Assassinskill_01_nobg.png
  artifactKey: Guid(0d47e12972dd47b46841f0dad6558eb3) Importer(815301076,1909f56bfc062723c751e8b465ee728b)
Start importing Assets/SpellS/500_skillicons/Skill_nobg/Assassinskill_01_nobg.png using Guid(0d47e12972dd47b46841f0dad6558eb3) Importer(815301076,1909f56bfc062723c751e8b465ee728b)  -> (artifact id: '33486ac5fb6d36a933db1f755b072046') in 0.041320 seconds 
========================================================================
Received Import Request.
  Time since last request: 0.000032 seconds.
  path: Assets/SpellS/500_skillicons/Skill_nobg/Assassinskill_16_nobg.png
  artifactKey: Guid(5137bc95e9208e648bf81648fbe4cbbb) Importer(815301076,1909f56bfc062723c751e8b465ee728b)
Start importing Assets/SpellS/500_skillicons/Skill_nobg/Assassinskill_16_nobg.png using Guid(5137bc95e9208e648bf81648fbe4cbbb) Importer(815301076,1909f56bfc062723c751e8b465ee728b)  -> (artifact id: '18e52869c1697e33446d3eec339fe946') in 0.049980 seconds 
========================================================================
Received Import Request.
  Time since last request: 0.000033 seconds.
  path: Assets/SpellS/500_skillicons/Skill_nobg/Assassinskill_23_nobg.png
  artifactKey: Guid(c2a8c708f65e20840934698fdae61f15) Importer(815301076,1909f56bfc062723c751e8b465ee728b)
Start importing Assets/SpellS/500_skillicons/Skill_nobg/Assassinskill_23_nobg.png using Guid(c2a8c708f65e20840934698fdae61f15) Importer(815301076,1909f56bfc062723c751e8b465ee728b)  -> (artifact id: '80dee8d07b46ba4cc9c11db6a3eb020c') in 0.041482 seconds 
========================================================================
Received Import Request.
  Time since last request: 0.000027 seconds.
  path: Assets/SpellS/500_skillicons/Skill_nobg/Assassinskill_10_nobg.png
  artifactKey: Guid(dc77d40e1c95f264cb519bbe6ab10231) Importer(815301076,1909f56bfc062723c751e8b465ee728b)
Start importing Assets/SpellS/500_skillicons/Skill_nobg/Assassinskill_10_nobg.png using Guid(dc77d40e1c95f264cb519bbe6ab10231) Importer(815301076,1909f56bfc062723c751e8b465ee728b)  -> (artifact id: '4851c45781163aa262a437c308d388d7') in 0.036746 seconds 
========================================================================
Received Import Request.
  Time since last request: 0.000030 seconds.
  path: Assets/SpellS/500_skillicons/Skill_nobg/Assassinskill_32_nobg.png
  artifactKey: Guid(fa3c17d516451cd458bb20d71a4929f2) Importer(815301076,1909f56bfc062723c751e8b465ee728b)
Start importing Assets/SpellS/500_skillicons/Skill_nobg/Assassinskill_32_nobg.png using Guid(fa3c17d516451cd458bb20d71a4929f2) Importer(815301076,1909f56bfc062723c751e8b465ee728b)  -> (artifact id: '861718ca43a5664dd1e8a9c1a967d98f') in 0.049882 seconds 
========================================================================
Received Import Request.
  Time since last request: 0.000043 seconds.
  path: Assets/SpellS/500_skillicons/Skill_nobg/Assassinskill_12_nobg.png
  artifactKey: Guid(7d3db7183fc7e5747a6f48ba632ce629) Importer(815301076,1909f56bfc062723c751e8b465ee728b)
Start importing Assets/SpellS/500_skillicons/Skill_nobg/Assassinskill_12_nobg.png using Guid(7d3db7183fc7e5747a6f48ba632ce629) Importer(815301076,1909f56bfc062723c751e8b465ee728b)  -> (artifact id: 'e83ff67f72457fe2c644c160cce8a765') in 0.049544 seconds 
========================================================================
Received Import Request.
  Time since last request: 0.000036 seconds.
  path: Assets/SpellS/500_skillicons/Skill_nobg/Assassinskill_34_nobg.png
  artifactKey: Guid(468760a57a9b69f4e8e669f23b0ded09) Importer(815301076,1909f56bfc062723c751e8b465ee728b)
Start importing Assets/SpellS/500_skillicons/Skill_nobg/Assassinskill_34_nobg.png using Guid(468760a57a9b69f4e8e669f23b0ded09) Importer(815301076,1909f56bfc062723c751e8b465ee728b)  -> (artifact id: '53b226d6b2092d179e4ede5933d6e76c') in 0.051133 seconds 
========================================================================
Received Import Request.
  Time since last request: 0.000036 seconds.
  path: Assets/SpellS/500_skillicons/Skill_nobg/Assassinskill_27_nobg.png
  artifactKey: Guid(2f8d09cd10a0d5e42a7506452fc46aa2) Importer(815301076,1909f56bfc062723c751e8b465ee728b)
Start importing Assets/SpellS/500_skillicons/Skill_nobg/Assassinskill_27_nobg.png using Guid(2f8d09cd10a0d5e42a7506452fc46aa2) Importer(815301076,1909f56bfc062723c751e8b465ee728b)  -> (artifact id: '8bffb426eda7ec971527699a1d0e2c9a') in 0.053028 seconds 
========================================================================
Received Import Request.
  Time since last request: 0.000044 seconds.
  path: Assets/SpellS/500_skillicons/Skill_nobg/Druideskill_08_nobg.png
  artifactKey: Guid(3831839b0f1a81d4386195fc990fd4e6) Importer(815301076,1909f56bfc062723c751e8b465ee728b)
Start importing Assets/SpellS/500_skillicons/Skill_nobg/Druideskill_08_nobg.png using Guid(3831839b0f1a81d4386195fc990fd4e6) Importer(815301076,1909f56bfc062723c751e8b465ee728b)  -> (artifact id: '4037e4a9980af5c3412f103979604e88') in 0.055850 seconds 
========================================================================
Received Import Request.
  Time since last request: 0.000040 seconds.
  path: Assets/SpellS/500_skillicons/Skill_nobg/Assassinskill_45_nobg.png
  artifactKey: Guid(c133153e702cf6243aae07db9e2b2a07) Importer(815301076,1909f56bfc062723c751e8b465ee728b)
Start importing Assets/SpellS/500_skillicons/Skill_nobg/Assassinskill_45_nobg.png using Guid(c133153e702cf6243aae07db9e2b2a07) Importer(815301076,1909f56bfc062723c751e8b465ee728b)  -> (artifact id: 'b4e32e2fc37d7e8b0ee43f12c6993e02') in 0.054025 seconds 
========================================================================
Received Import Request.
  Time since last request: 0.000059 seconds.
  path: Assets/SpellS/500_skillicons/Skill_nobg/Assassinskill_43_nobg.png
  artifactKey: Guid(69c8ac96f4d5e2f43ab8e0ea6b9618e4) Importer(815301076,1909f56bfc062723c751e8b465ee728b)
Start importing Assets/SpellS/500_skillicons/Skill_nobg/Assassinskill_43_nobg.png using Guid(69c8ac96f4d5e2f43ab8e0ea6b9618e4) Importer(815301076,1909f56bfc062723c751e8b465ee728b)  -> (artifact id: 'bb28a67f882c093943aaad6d9afa1b21') in 0.065304 seconds 
========================================================================
Received Import Request.
  Time since last request: 0.000038 seconds.
  path: Assets/SpellS/500_skillicons/Skill_nobg/Druideskill_13_nobg.png
  artifactKey: Guid(6a85be547f6e5624fa14e0598d2feb10) Importer(815301076,1909f56bfc062723c751e8b465ee728b)
Start importing Assets/SpellS/500_skillicons/Skill_nobg/Druideskill_13_nobg.png using Guid(6a85be547f6e5624fa14e0598d2feb10) Importer(815301076,1909f56bfc062723c751e8b465ee728b)  -> (artifact id: '4db1e56a14c5e5a2934b09732bf4924f') in 0.060780 seconds 
========================================================================
Received Import Request.
  Time since last request: 0.000048 seconds.
  path: Assets/SpellS/500_skillicons/Skill_nobg/Druideskill_34_nobg.png
  artifactKey: Guid(6a5746982519f1f4cbaf89fa1a2d1484) Importer(815301076,1909f56bfc062723c751e8b465ee728b)
Start importing Assets/SpellS/500_skillicons/Skill_nobg/Druideskill_34_nobg.png using Guid(6a5746982519f1f4cbaf89fa1a2d1484) Importer(815301076,1909f56bfc062723c751e8b465ee728b)  -> (artifact id: '9301ccb1df80b827f66a66d2671c6445') in 0.070416 seconds 
========================================================================
Received Import Request.
  Time since last request: 0.000056 seconds.
  path: Assets/SpellS/500_skillicons/Skill_nobg/Engineerskill_11_nobg.png
  artifactKey: Guid(1b0ce65312c81c74b9dd2e3a140bca73) Importer(815301076,1909f56bfc062723c751e8b465ee728b)
Start importing Assets/SpellS/500_skillicons/Skill_nobg/Engineerskill_11_nobg.png using Guid(1b0ce65312c81c74b9dd2e3a140bca73) Importer(815301076,1909f56bfc062723c751e8b465ee728b)  -> (artifact id: '5c0c45074c225b8eacbd4eb6af1d72c5') in 0.092287 seconds 
========================================================================
Received Import Request.
  Time since last request: 0.000108 seconds.
  path: Assets/SpellS/500_skillicons/Skill_nobg/Druideskill_48_nobg.png
  artifactKey: Guid(26d62d5ac88ab694fbed2cc9ada59b91) Importer(815301076,1909f56bfc062723c751e8b465ee728b)
Start importing Assets/SpellS/500_skillicons/Skill_nobg/Druideskill_48_nobg.png using Guid(26d62d5ac88ab694fbed2cc9ada59b91) Importer(815301076,1909f56bfc062723c751e8b465ee728b)  -> (artifact id: 'e421dbde1f9945d5b495c856e12d70fd') in 0.129778 seconds 
========================================================================
Received Import Request.
  Time since last request: 0.000076 seconds.
  path: Assets/SpellS/500_skillicons/Skill_nobg/Engineerskill_12_nobg.png
  artifactKey: Guid(35f75dd57d5de6648be6cea995bb1288) Importer(815301076,1909f56bfc062723c751e8b465ee728b)
Start importing Assets/SpellS/500_skillicons/Skill_nobg/Engineerskill_12_nobg.png using Guid(35f75dd57d5de6648be6cea995bb1288) Importer(815301076,1909f56bfc062723c751e8b465ee728b)  -> (artifact id: '96283d5412c4149fca89af79ca17d59f') in 0.083493 seconds 
========================================================================
Received Import Request.
  Time since last request: 0.000076 seconds.
  path: Assets/SpellS/500_skillicons/Skill_nobg/Engineerskill_08_nobg.png
  artifactKey: Guid(ad2235ade856dc742a9119e1346b004f) Importer(815301076,1909f56bfc062723c751e8b465ee728b)
Start importing Assets/SpellS/500_skillicons/Skill_nobg/Engineerskill_08_nobg.png using Guid(ad2235ade856dc742a9119e1346b004f) Importer(815301076,1909f56bfc062723c751e8b465ee728b)  -> (artifact id: '261143acc4f2db966485c1c56aff9e49') in 0.118075 seconds 
========================================================================
Received Import Request.
  Time since last request: 0.000087 seconds.
  path: Assets/SpellS/500_skillicons/Skill_nobg/Druideskill_43_nobg.png
  artifactKey: Guid(0c1a8a2d6084953488d75959da0fcaac) Importer(815301076,1909f56bfc062723c751e8b465ee728b)
Start importing Assets/SpellS/500_skillicons/Skill_nobg/Druideskill_43_nobg.png using Guid(0c1a8a2d6084953488d75959da0fcaac) Importer(815301076,1909f56bfc062723c751e8b465ee728b)  -> (artifact id: 'c206de181549e9ff225ba95965f0551c') in 0.110700 seconds 
========================================================================
Received Import Request.
  Time since last request: 0.000068 seconds.
  path: Assets/SpellS/500_skillicons/Skill_nobg/Druideskill_04_nobg.png
  artifactKey: Guid(690b78545e137d64cacb60de2b95c323) Importer(815301076,1909f56bfc062723c751e8b465ee728b)
Start importing Assets/SpellS/500_skillicons/Skill_nobg/Druideskill_04_nobg.png using Guid(690b78545e137d64cacb60de2b95c323) Importer(815301076,1909f56bfc062723c751e8b465ee728b)  -> (artifact id: '8982a1806b5673ce3d94a48eeb0895cc') in 0.118225 seconds 
========================================================================
Received Import Request.
  Time since last request: 0.000073 seconds.
  path: Assets/SpellS/500_skillicons/Skill_nobg/Druideskill_26_nobg.png
  artifactKey: Guid(207ddc066bed5da458a371fc2fa96261) Importer(815301076,1909f56bfc062723c751e8b465ee728b)
Start importing Assets/SpellS/500_skillicons/Skill_nobg/Druideskill_26_nobg.png using Guid(207ddc066bed5da458a371fc2fa96261) Importer(815301076,1909f56bfc062723c751e8b465ee728b)  -> (artifact id: 'c7bc99760f5b2993b564862edb3ddcf8') in 0.114074 seconds 
========================================================================
Received Import Request.
  Time since last request: 0.000092 seconds.
  path: Assets/SpellS/500_skillicons/Skill_nobg/Druideskill_21_nobg.png
  artifactKey: Guid(1e95efa1fa5e9a040b5191ffb50d7d19) Importer(815301076,1909f56bfc062723c751e8b465ee728b)
Start importing Assets/SpellS/500_skillicons/Skill_nobg/Druideskill_21_nobg.png using Guid(1e95efa1fa5e9a040b5191ffb50d7d19) Importer(815301076,1909f56bfc062723c751e8b465ee728b)  -> (artifact id: '41f146d7be99af4de478fa4c80b74f3e') in 0.117439 seconds 
========================================================================
Received Import Request.
  Time since last request: 0.000067 seconds.
  path: Assets/SpellS/500_skillicons/Skill_nobg/Engineerskill_48_nobg.png
  artifactKey: Guid(3e2db7b427ba03c43b9bba9cb2c70527) Importer(815301076,1909f56bfc062723c751e8b465ee728b)
Start importing Assets/SpellS/500_skillicons/Skill_nobg/Engineerskill_48_nobg.png using Guid(3e2db7b427ba03c43b9bba9cb2c70527) Importer(815301076,1909f56bfc062723c751e8b465ee728b)  -> (artifact id: 'b4ae1f6aed9c7da5880982c9cb20e140') in 0.110006 seconds 
========================================================================
Received Import Request.
  Time since last request: 0.000075 seconds.
  path: Assets/SpellS/500_skillicons/Skill_nobg/Engineerskill_24_nobg.png
  artifactKey: Guid(43128ab57525e8c408d361412685f5ce) Importer(815301076,1909f56bfc062723c751e8b465ee728b)
Start importing Assets/SpellS/500_skillicons/Skill_nobg/Engineerskill_24_nobg.png using Guid(43128ab57525e8c408d361412685f5ce) Importer(815301076,1909f56bfc062723c751e8b465ee728b)  -> (artifact id: 'f2c344911fb143018dc3ba59705ad0b7') in 0.114200 seconds 
========================================================================
Received Import Request.
  Time since last request: 0.000114 seconds.
  path: Assets/SpellS/500_skillicons/Skill_nobg/Engineerskill_13_nobg.png
  artifactKey: Guid(1abbb34a62e3b3a48965980d193ccb16) Importer(815301076,1909f56bfc062723c751e8b465ee728b)
Start importing Assets/SpellS/500_skillicons/Skill_nobg/Engineerskill_13_nobg.png using Guid(1abbb34a62e3b3a48965980d193ccb16) Importer(815301076,1909f56bfc062723c751e8b465ee728b)  -> (artifact id: '5feeba6524bcedcb6f8eaa016afae50e') in 0.105997 seconds 
========================================================================
Received Import Request.
  Time since last request: 0.000069 seconds.
  path: Assets/SpellS/500_skillicons/Skill_nobg/Druideskill_39_nobg.png
  artifactKey: Guid(2e0fd5b2919f5214784c1938bf90d197) Importer(815301076,1909f56bfc062723c751e8b465ee728b)
Start importing Assets/SpellS/500_skillicons/Skill_nobg/Druideskill_39_nobg.png using Guid(2e0fd5b2919f5214784c1938bf90d197) Importer(815301076,1909f56bfc062723c751e8b465ee728b)  -> (artifact id: '16097b86f1ebd62119c42ff9451c36ae') in 0.124514 seconds 
========================================================================
Received Import Request.
  Time since last request: 0.000084 seconds.
  path: Assets/SpellS/500_skillicons/Skill_nobg/Engineerskill_05_nobg.png
  artifactKey: Guid(b76081867d5cf71449a6e6db23ebfdc0) Importer(815301076,1909f56bfc062723c751e8b465ee728b)
Start importing Assets/SpellS/500_skillicons/Skill_nobg/Engineerskill_05_nobg.png using Guid(b76081867d5cf71449a6e6db23ebfdc0) Importer(815301076,1909f56bfc062723c751e8b465ee728b)  -> (artifact id: 'd60404df23a42c8532982465eeb757c0') in 0.131042 seconds 
========================================================================
Received Import Request.
  Time since last request: 0.000112 seconds.
  path: Assets/SpellS/500_skillicons/Skill_nobg/Assassinskill_42_nobg.png
  artifactKey: Guid(ad6fbae49d78f374288e1a01fd1ac8f6) Importer(815301076,1909f56bfc062723c751e8b465ee728b)
Start importing Assets/SpellS/500_skillicons/Skill_nobg/Assassinskill_42_nobg.png using Guid(ad6fbae49d78f374288e1a01fd1ac8f6) Importer(815301076,1909f56bfc062723c751e8b465ee728b)  -> (artifact id: '9bd456f56c75402687ae9b80b082fd33') in 0.125111 seconds 
========================================================================
Received Import Request.
  Time since last request: 0.000062 seconds.
  path: Assets/SpellS/500_skillicons/Skill_nobg/Engineerskill_44_nobg.png
  artifactKey: Guid(dcdf8a3bc93e7174ea23c4de45af043d) Importer(815301076,1909f56bfc062723c751e8b465ee728b)
Start importing Assets/SpellS/500_skillicons/Skill_nobg/Engineerskill_44_nobg.png using Guid(dcdf8a3bc93e7174ea23c4de45af043d) Importer(815301076,1909f56bfc062723c751e8b465ee728b)  -> (artifact id: '9023dea448371be63c9def903b7efc42') in 0.099188 seconds 
========================================================================
Received Import Request.
  Time since last request: 0.000083 seconds.
  path: Assets/SpellS/500_skillicons/Skill_nobg/Assassinskill_15_nobg.png
  artifactKey: Guid(825347842ab72eb498349d7fec582ff0) Importer(815301076,1909f56bfc062723c751e8b465ee728b)
Start importing Assets/SpellS/500_skillicons/Skill_nobg/Assassinskill_15_nobg.png using Guid(825347842ab72eb498349d7fec582ff0) Importer(815301076,1909f56bfc062723c751e8b465ee728b)  -> (artifact id: '929911e79873c781dc1ffe6fb224613e') in 0.136663 seconds 
========================================================================
Received Import Request.
  Time since last request: 0.000113 seconds.
  path: Assets/SpellS/500_skillicons/Skill_nobg/Engineerskill_31_nobg.png
  artifactKey: Guid(6a951c80719d8b749aca92a6039adcff) Importer(815301076,1909f56bfc062723c751e8b465ee728b)
Start importing Assets/SpellS/500_skillicons/Skill_nobg/Engineerskill_31_nobg.png using Guid(6a951c80719d8b749aca92a6039adcff) Importer(815301076,1909f56bfc062723c751e8b465ee728b)  -> (artifact id: 'bc42a6c0168d094eb06a67a8db607f0d') in 0.127894 seconds 
========================================================================
Received Import Request.
  Time since last request: 0.000095 seconds.
  path: Assets/SpellS/500_skillicons/Skill_nobg/Engineerskill_47_nobg.png
  artifactKey: Guid(5a10d875aa1ea6648a5d1da0d61641b8) Importer(815301076,1909f56bfc062723c751e8b465ee728b)
Start importing Assets/SpellS/500_skillicons/Skill_nobg/Engineerskill_47_nobg.png using Guid(5a10d875aa1ea6648a5d1da0d61641b8) Importer(815301076,1909f56bfc062723c751e8b465ee728b)  -> (artifact id: 'a68feba8b6e0fc44969911e4de732f06') in 0.121090 seconds 
========================================================================
Received Import Request.
  Time since last request: 0.000074 seconds.
  path: Assets/SpellS/500_skillicons/Skill_nobg/Engineerskill_29_nobg.png
  artifactKey: Guid(91c9fb62ea077ce4ab30c47ed13cefe2) Importer(815301076,1909f56bfc062723c751e8b465ee728b)
Start importing Assets/SpellS/500_skillicons/Skill_nobg/Engineerskill_29_nobg.png using Guid(91c9fb62ea077ce4ab30c47ed13cefe2) Importer(815301076,1909f56bfc062723c751e8b465ee728b)  -> (artifact id: '8a8b340fb35404b17d247200bde34678') in 0.107836 seconds 
========================================================================
Received Import Request.
  Time since last request: 0.000118 seconds.
  path: Assets/SpellS/500_skillicons/Skill_nobg/Engineerskill_30_nobg.png
  artifactKey: Guid(c008dd790ee39c646b367185b590f8e8) Importer(815301076,1909f56bfc062723c751e8b465ee728b)
Start importing Assets/SpellS/500_skillicons/Skill_nobg/Engineerskill_30_nobg.png using Guid(c008dd790ee39c646b367185b590f8e8) Importer(815301076,1909f56bfc062723c751e8b465ee728b)  -> (artifact id: 'd65a5bc2ad30e47c9ed99d630567712b') in 0.114703 seconds 
========================================================================
Received Import Request.
  Time since last request: 0.000073 seconds.
  path: Assets/SpellS/500_skillicons/Skill_nobg/Druideskill_19_nobg.png
  artifactKey: Guid(0d5c11b1699f9da4db30b96e7c45791d) Importer(815301076,1909f56bfc062723c751e8b465ee728b)
Start importing Assets/SpellS/500_skillicons/Skill_nobg/Druideskill_19_nobg.png using Guid(0d5c11b1699f9da4db30b96e7c45791d) Importer(815301076,1909f56bfc062723c751e8b465ee728b)  -> (artifact id: '3192c6c55a09efc2c0f8b14ee5c4e696') in 0.111045 seconds 
========================================================================
Received Import Request.
  Time since last request: 0.000113 seconds.
  path: Assets/SpellS/500_skillicons/Skill_nobg/Engineerskill_07_nobg.png
  artifactKey: Guid(7f9fe8d770830894fae8319486507f70) Importer(815301076,1909f56bfc062723c751e8b465ee728b)
Start importing Assets/SpellS/500_skillicons/Skill_nobg/Engineerskill_07_nobg.png using Guid(7f9fe8d770830894fae8319486507f70) Importer(815301076,1909f56bfc062723c751e8b465ee728b)  -> (artifact id: '375e9500d3f8455276569a119559120b') in 0.125230 seconds 
========================================================================
Received Import Request.
  Time since last request: 0.000080 seconds.
  path: Assets/SpellS/500_skillicons/Skill_nobg/Druideskill_23_nobg.png
  artifactKey: Guid(1a8743e89529f344fbcc70cd782cb9f1) Importer(815301076,1909f56bfc062723c751e8b465ee728b)
Start importing Assets/SpellS/500_skillicons/Skill_nobg/Druideskill_23_nobg.png using Guid(1a8743e89529f344fbcc70cd782cb9f1) Importer(815301076,1909f56bfc062723c751e8b465ee728b)  -> (artifact id: 'd9310cbe5a3bbdaa572aafd79743879e') in 0.108215 seconds 
========================================================================
Received Import Request.
  Time since last request: 0.000071 seconds.
  path: Assets/SpellS/500_skillicons/Skill_nobg/Engineerskill_35_nobg.png
  artifactKey: Guid(61863571cce6eef47989f014511ba10d) Importer(815301076,1909f56bfc062723c751e8b465ee728b)
Start importing Assets/SpellS/500_skillicons/Skill_nobg/Engineerskill_35_nobg.png using Guid(61863571cce6eef47989f014511ba10d) Importer(815301076,1909f56bfc062723c751e8b465ee728b)  -> (artifact id: '1f42cdf3cd78baaa77f0aa9385c183b9') in 0.097917 seconds 
========================================================================
Received Import Request.
  Time since last request: 0.000076 seconds.
  path: Assets/SpellS/500_skillicons/Skill_nobg/Engineerskill_40_nobg.png
  artifactKey: Guid(92f76237d03c00d44870445ca93cdd05) Importer(815301076,1909f56bfc062723c751e8b465ee728b)
Start importing Assets/SpellS/500_skillicons/Skill_nobg/Engineerskill_40_nobg.png using Guid(92f76237d03c00d44870445ca93cdd05) Importer(815301076,1909f56bfc062723c751e8b465ee728b)  -> (artifact id: '43034b24e4ce823416b7580b952ac077') in 0.101628 seconds 
========================================================================
Received Import Request.
  Time since last request: 0.000100 seconds.
  path: Assets/SpellS/500_skillicons/Skill_nobg/Assassinskill_06_nobg.png
  artifactKey: Guid(ade274eff6751a348a9f07a0569133e3) Importer(815301076,1909f56bfc062723c751e8b465ee728b)
Start importing Assets/SpellS/500_skillicons/Skill_nobg/Assassinskill_06_nobg.png using Guid(ade274eff6751a348a9f07a0569133e3) Importer(815301076,1909f56bfc062723c751e8b465ee728b)  -> (artifact id: '26683a34446d10bf709bf1c15c91ed8c') in 0.121028 seconds 
========================================================================
Received Import Request.
  Time since last request: 0.000063 seconds.
  path: Assets/SpellS/500_skillicons/Skill_nobg/Mageskill_08_nobg.png
  artifactKey: Guid(575359f163c82d249ae8e0c8908010e3) Importer(815301076,1909f56bfc062723c751e8b465ee728b)
Start importing Assets/SpellS/500_skillicons/Skill_nobg/Mageskill_08_nobg.png using Guid(575359f163c82d249ae8e0c8908010e3) Importer(815301076,1909f56bfc062723c751e8b465ee728b)  -> (artifact id: 'e09bbb253dbf9198ce488f177b2b91bb') in 0.109407 seconds 
========================================================================
Received Import Request.
  Time since last request: 0.000079 seconds.
  path: Assets/SpellS/500_skillicons/Skill_nobg/Mageskill_22_nobg.png
  artifactKey: Guid(2e3553da32750e548acf474f49c319d4) Importer(815301076,1909f56bfc062723c751e8b465ee728b)
Start importing Assets/SpellS/500_skillicons/Skill_nobg/Mageskill_22_nobg.png using Guid(2e3553da32750e548acf474f49c319d4) Importer(815301076,1909f56bfc062723c751e8b465ee728b)  -> (artifact id: '4c6c373c264ff2ee45a05ffcd9b96f6d') in 0.165567 seconds 
========================================================================
Received Import Request.
  Time since last request: 0.000076 seconds.
  path: Assets/SpellS/500_skillicons/Skill_nobg/Mageskill_24_nobg.png
  artifactKey: Guid(9cd5c256d1c730945bb95c8b07b91253) Importer(815301076,1909f56bfc062723c751e8b465ee728b)
Start importing Assets/SpellS/500_skillicons/Skill_nobg/Mageskill_24_nobg.png using Guid(9cd5c256d1c730945bb95c8b07b91253) Importer(815301076,1909f56bfc062723c751e8b465ee728b)  -> (artifact id: '92d3b25ea7d478650dd08707d9416a06') in 0.124572 seconds 
========================================================================
Received Import Request.
  Time since last request: 0.000075 seconds.
  path: Assets/SpellS/500_skillicons/Skill_nobg/Mageskill_21_nobg.png
  artifactKey: Guid(27dda334e92fb3b4295096a516ce3fec) Importer(815301076,1909f56bfc062723c751e8b465ee728b)
Start importing Assets/SpellS/500_skillicons/Skill_nobg/Mageskill_21_nobg.png using Guid(27dda334e92fb3b4295096a516ce3fec) Importer(815301076,1909f56bfc062723c751e8b465ee728b)  -> (artifact id: '9dfcf4463f8836a5e2ee501e1b520e08') in 0.112116 seconds 
========================================================================
Received Import Request.
  Time since last request: 0.000246 seconds.
  path: Assets/SpellS/500_skillicons/Skill_nobg/Mageskill_47_nobg.png
  artifactKey: Guid(d90a30b946a0e744ab7148affbd9f2d1) Importer(815301076,1909f56bfc062723c751e8b465ee728b)
Start importing Assets/SpellS/500_skillicons/Skill_nobg/Mageskill_47_nobg.png using Guid(d90a30b946a0e744ab7148affbd9f2d1) Importer(815301076,1909f56bfc062723c751e8b465ee728b)  -> (artifact id: '2fde9051c93a84e464134c53894b82e5') in 0.105983 seconds 
========================================================================
Received Import Request.
  Time since last request: 0.000096 seconds.
  path: Assets/SpellS/500_skillicons/Skill_nobg/Mageskill_16_nobg.png
  artifactKey: Guid(866ac04a54725ed4a83ef1ade6e27cf2) Importer(815301076,1909f56bfc062723c751e8b465ee728b)
Start importing Assets/SpellS/500_skillicons/Skill_nobg/Mageskill_16_nobg.png using Guid(866ac04a54725ed4a83ef1ade6e27cf2) Importer(815301076,1909f56bfc062723c751e8b465ee728b)  -> (artifact id: '2e8ced7e82355aad32bd5f18dd6bc953') in 0.104005 seconds 
========================================================================
Received Import Request.
  Time since last request: 0.000071 seconds.
  path: Assets/SpellS/500_skillicons/Skill_nobg/Mageskill_23_nobg.png
  artifactKey: Guid(5e36b90ea3523a34999870b18bd6d50c) Importer(815301076,1909f56bfc062723c751e8b465ee728b)
Start importing Assets/SpellS/500_skillicons/Skill_nobg/Mageskill_23_nobg.png using Guid(5e36b90ea3523a34999870b18bd6d50c) Importer(815301076,1909f56bfc062723c751e8b465ee728b)  -> (artifact id: '75f0751128c4c2c732a5c2428f0a6178') in 0.104162 seconds 
========================================================================
Received Import Request.
  Time since last request: 0.000074 seconds.
  path: Assets/SpellS/500_skillicons/Skill_nobg/Mageskill_13_nobg.png
  artifactKey: Guid(ad57fff00ca98f3408007154cddf55a2) Importer(815301076,1909f56bfc062723c751e8b465ee728b)
Start importing Assets/SpellS/500_skillicons/Skill_nobg/Mageskill_13_nobg.png using Guid(ad57fff00ca98f3408007154cddf55a2) Importer(815301076,1909f56bfc062723c751e8b465ee728b)  -> (artifact id: '65ba15fca31b624a10f7123bbd6c1414') in 0.121281 seconds 
========================================================================
Received Import Request.
  Time since last request: 0.000313 seconds.
  path: Assets/SpellS/500_skillicons/Skill_nobg/Mageskill_28_nobg.png
  artifactKey: Guid(53075bc94ee489645ba825c8ec154b2c) Importer(815301076,1909f56bfc062723c751e8b465ee728b)
Start importing Assets/SpellS/500_skillicons/Skill_nobg/Mageskill_28_nobg.png using Guid(53075bc94ee489645ba825c8ec154b2c) Importer(815301076,1909f56bfc062723c751e8b465ee728b)  -> (artifact id: '8cb2506eb7c6ab88d6ad6ff451586e8d') in 0.108557 seconds 
========================================================================
Received Import Request.
  Time since last request: 0.000295 seconds.
  path: Assets/SpellS/500_skillicons/Skill_nobg/Mageskill_12_nobg.png
  artifactKey: Guid(8ab34da333aadb2419d2bcacbbcd1522) Importer(815301076,1909f56bfc062723c751e8b465ee728b)
Start importing Assets/SpellS/500_skillicons/Skill_nobg/Mageskill_12_nobg.png using Guid(8ab34da333aadb2419d2bcacbbcd1522) Importer(815301076,1909f56bfc062723c751e8b465ee728b)  -> (artifact id: '052bf7415c7395c74d0509b93bf38a8c') in 0.123096 seconds 
========================================================================
Received Import Request.
  Time since last request: 0.000075 seconds.
  path: Assets/SpellS/500_skillicons/Skill_nobg/Mageskill_26_nobg.png
  artifactKey: Guid(2a6976475c82f2547b54b68f053e3893) Importer(815301076,1909f56bfc062723c751e8b465ee728b)
Start importing Assets/SpellS/500_skillicons/Skill_nobg/Mageskill_26_nobg.png using Guid(2a6976475c82f2547b54b68f053e3893) Importer(815301076,1909f56bfc062723c751e8b465ee728b)  -> (artifact id: '707cf2fbe05c262f1259deae4ac7217b') in 0.100801 seconds 
========================================================================
Received Import Request.
  Time since last request: 0.000122 seconds.
  path: Assets/SpellS/500_skillicons/Skill_nobg/Mageskill_37_nobg.png
  artifactKey: Guid(51e6c6648ab5f1348b9968bfb95e558f) Importer(815301076,1909f56bfc062723c751e8b465ee728b)
Start importing Assets/SpellS/500_skillicons/Skill_nobg/Mageskill_37_nobg.png using Guid(51e6c6648ab5f1348b9968bfb95e558f) Importer(815301076,1909f56bfc062723c751e8b465ee728b)  -> (artifact id: '81513575760cd22028c09b8c58c8fa4d') in 0.083236 seconds 
========================================================================
Received Import Request.
  Time since last request: 1.795174 seconds.
  path: Assets/SpellS/500_skillicons/Skill_nobg/Paladinskill_05_nobg.png
  artifactKey: Guid(8df0333bf725c5940969e58aab323f1c) Importer(815301076,1909f56bfc062723c751e8b465ee728b)
Start importing Assets/SpellS/500_skillicons/Skill_nobg/Paladinskill_05_nobg.png using Guid(8df0333bf725c5940969e58aab323f1c) Importer(815301076,1909f56bfc062723c751e8b465ee728b)  -> (artifact id: '4184d94e0a7f1a0c42c0b5071423d0f2') in 0.074553 seconds 
========================================================================
Received Import Request.
  Time since last request: 0.000041 seconds.
  path: Assets/SpellS/500_skillicons/Skill_nobg/Paladinskill_15_nobg.png
  artifactKey: Guid(51415029a6a284e4f93d6821c8b6f46d) Importer(815301076,1909f56bfc062723c751e8b465ee728b)
Start importing Assets/SpellS/500_skillicons/Skill_nobg/Paladinskill_15_nobg.png using Guid(51415029a6a284e4f93d6821c8b6f46d) Importer(815301076,1909f56bfc062723c751e8b465ee728b)  -> (artifact id: '0165846bf27c010a35a34ce47dacb86a') in 0.059732 seconds 
========================================================================
Received Import Request.
  Time since last request: 0.000037 seconds.
  path: Assets/SpellS/500_skillicons/Skill_nobg/Paladinskill_19_nobg.png
  artifactKey: Guid(27c18832b2d76ea47a1729ba6067d933) Importer(815301076,1909f56bfc062723c751e8b465ee728b)
Start importing Assets/SpellS/500_skillicons/Skill_nobg/Paladinskill_19_nobg.png using Guid(27c18832b2d76ea47a1729ba6067d933) Importer(815301076,1909f56bfc062723c751e8b465ee728b)  -> (artifact id: '05f82db26d498bfc3fcac186d4ff664d') in 0.086661 seconds 
========================================================================
Received Import Request.
  Time since last request: 0.000050 seconds.
  path: Assets/SpellS/500_skillicons/Skill_nobg/Paladinskill_13_nobg.png
  artifactKey: Guid(2702abca4c24b224ebc102e6c3e423e5) Importer(815301076,1909f56bfc062723c751e8b465ee728b)
Start importing Assets/SpellS/500_skillicons/Skill_nobg/Paladinskill_13_nobg.png using Guid(2702abca4c24b224ebc102e6c3e423e5) Importer(815301076,1909f56bfc062723c751e8b465ee728b)  -> (artifact id: 'a8c6917fa8ed6cfe1424c33219e54e54') in 0.075678 seconds 
========================================================================
Received Import Request.
  Time since last request: 0.000068 seconds.
  path: Assets/SpellS/500_skillicons/Skill_nobg/Paladinskill_17_nobg.png
  artifactKey: Guid(a9527569446ee664ebee83facc4a81e4) Importer(815301076,1909f56bfc062723c751e8b465ee728b)
Start importing Assets/SpellS/500_skillicons/Skill_nobg/Paladinskill_17_nobg.png using Guid(a9527569446ee664ebee83facc4a81e4) Importer(815301076,1909f56bfc062723c751e8b465ee728b)  -> (artifact id: 'ae727f5a5fce564c8ec7bd8aec7e3396') in 0.069208 seconds 
========================================================================
Received Import Request.
  Time since last request: 0.000072 seconds.
  path: Assets/SpellS/500_skillicons/Skill_nobg/Paladinskill_26_nobg.png
  artifactKey: Guid(49fb21f6dc8d54749ae3d0e8bd327304) Importer(815301076,1909f56bfc062723c751e8b465ee728b)
Start importing Assets/SpellS/500_skillicons/Skill_nobg/Paladinskill_26_nobg.png using Guid(49fb21f6dc8d54749ae3d0e8bd327304) Importer(815301076,1909f56bfc062723c751e8b465ee728b)  -> (artifact id: '7089273a6a215ac5f8d88f006ee0b9a6') in 0.077643 seconds 
========================================================================
Received Import Request.
  Time since last request: 0.185785 seconds.
  path: Assets/SpellS/500_skillicons/Skill_nobg/Paladinskill_29_nobg.png
  artifactKey: Guid(37759b5c5fd55174eb6950e4cc8e3279) Importer(815301076,1909f56bfc062723c751e8b465ee728b)
Start importing Assets/SpellS/500_skillicons/Skill_nobg/Paladinskill_29_nobg.png using Guid(37759b5c5fd55174eb6950e4cc8e3279) Importer(815301076,1909f56bfc062723c751e8b465ee728b)  -> (artifact id: '96cfc860b9061a0b62dfe4504ec06c46') in 0.084304 seconds 
========================================================================
Received Import Request.
  Time since last request: 0.000073 seconds.
  path: Assets/SpellS/500_skillicons/Skill_nobg/Paladinskill_34_nobg.png
  artifactKey: Guid(f95b8b597b6ced246940b416accd2b0f) Importer(815301076,1909f56bfc062723c751e8b465ee728b)
Start importing Assets/SpellS/500_skillicons/Skill_nobg/Paladinskill_34_nobg.png using Guid(f95b8b597b6ced246940b416accd2b0f) Importer(815301076,1909f56bfc062723c751e8b465ee728b)  -> (artifact id: 'cfa42408c4cc7186112d9a4b55392afa') in 0.120806 seconds 
========================================================================
Received Import Request.
  Time since last request: 0.000104 seconds.
  path: Assets/SpellS/500_skillicons/Skill_nobg/Paladinskill_35_nobg.png
  artifactKey: Guid(3ab2028f9d6a65744881131e7d25983d) Importer(815301076,1909f56bfc062723c751e8b465ee728b)
Start importing Assets/SpellS/500_skillicons/Skill_nobg/Paladinskill_35_nobg.png using Guid(3ab2028f9d6a65744881131e7d25983d) Importer(815301076,1909f56bfc062723c751e8b465ee728b)  -> (artifact id: 'e7fad9d8304253c227efb69cd1e7899a') in 0.090311 seconds 
========================================================================
Received Import Request.
  Time since last request: 1.045791 seconds.
  path: Assets/SpellS/500_skillicons/Skill_nobg/Paladinskill_41_nobg.png
  artifactKey: Guid(9db6af0d15b7cf34a89cac25aae2db70) Importer(815301076,1909f56bfc062723c751e8b465ee728b)
Start importing Assets/SpellS/500_skillicons/Skill_nobg/Paladinskill_41_nobg.png using Guid(9db6af0d15b7cf34a89cac25aae2db70) Importer(815301076,1909f56bfc062723c751e8b465ee728b)  -> (artifact id: '74663f97318a6760fff73a31da6b2584') in 0.060222 seconds 
========================================================================
Received Import Request.
  Time since last request: 0.000036 seconds.
  path: Assets/SpellS/500_skillicons/Skill_nobg/Priestskill_01_nobg.png
  artifactKey: Guid(7ceaee5fed2b1d64997fab80ab079e95) Importer(815301076,1909f56bfc062723c751e8b465ee728b)
Start importing Assets/SpellS/500_skillicons/Skill_nobg/Priestskill_01_nobg.png using Guid(7ceaee5fed2b1d64997fab80ab079e95) Importer(815301076,1909f56bfc062723c751e8b465ee728b)  -> (artifact id: 'e523513bc591b9f7dab084ee1cee82ec') in 0.061527 seconds 
========================================================================
Received Import Request.
  Time since last request: 0.000047 seconds.
  path: Assets/SpellS/500_skillicons/Skill_nobg/Paladinskill_45_nobg.png
  artifactKey: Guid(2bbf3afab56ac9943bbb27339b8c3874) Importer(815301076,1909f56bfc062723c751e8b465ee728b)
Start importing Assets/SpellS/500_skillicons/Skill_nobg/Paladinskill_45_nobg.png using Guid(2bbf3afab56ac9943bbb27339b8c3874) Importer(815301076,1909f56bfc062723c751e8b465ee728b)  -> (artifact id: '5b6d6e2a6d23f79cd47b5603f4c70e6a') in 0.061537 seconds 
========================================================================
Received Import Request.
  Time since last request: 3.688562 seconds.
  path: Assets/SpellS/500_skillicons/Skill_nobg/Priestskill_03_nobg.png
  artifactKey: Guid(d5fba6684ac91ed45a2e51c61935e22e) Importer(815301076,1909f56bfc062723c751e8b465ee728b)
Start importing Assets/SpellS/500_skillicons/Skill_nobg/Priestskill_03_nobg.png using Guid(d5fba6684ac91ed45a2e51c61935e22e) Importer(815301076,1909f56bfc062723c751e8b465ee728b)  -> (artifact id: 'f62d6729df86017271d579591affb686') in 0.076122 seconds 
========================================================================
Received Import Request.
  Time since last request: 0.000051 seconds.
  path: Assets/SpellS/500_skillicons/Skill_nobg/Priestskill_08_nobg.png
  artifactKey: Guid(b019e3ec716fe1f4fb1e7d4c423d428d) Importer(815301076,1909f56bfc062723c751e8b465ee728b)
Start importing Assets/SpellS/500_skillicons/Skill_nobg/Priestskill_08_nobg.png using Guid(b019e3ec716fe1f4fb1e7d4c423d428d) Importer(815301076,1909f56bfc062723c751e8b465ee728b)  -> (artifact id: 'e412e4573988aeba1a5cc7762be47ce5') in 0.060638 seconds 
========================================================================
Received Import Request.
  Time since last request: 0.000038 seconds.
  path: Assets/SpellS/500_skillicons/Skill_nobg/Priestskill_10_nobg.png
  artifactKey: Guid(55a684c1bcc71334a99bd940cca08435) Importer(815301076,1909f56bfc062723c751e8b465ee728b)
Start importing Assets/SpellS/500_skillicons/Skill_nobg/Priestskill_10_nobg.png using Guid(55a684c1bcc71334a99bd940cca08435) Importer(815301076,1909f56bfc062723c751e8b465ee728b)  -> (artifact id: '3deda21bebc4c35a51a955ce6373faf9') in 0.066276 seconds 
========================================================================
Received Import Request.
  Time since last request: 0.147337 seconds.
  path: Assets/SpellS/500_skillicons/Skill_nobg/Priestskill_15_nobg.png
  artifactKey: Guid(5e7e27f7522558841ae76c363b3f5f3e) Importer(815301076,1909f56bfc062723c751e8b465ee728b)
Start importing Assets/SpellS/500_skillicons/Skill_nobg/Priestskill_15_nobg.png using Guid(5e7e27f7522558841ae76c363b3f5f3e) Importer(815301076,1909f56bfc062723c751e8b465ee728b)  -> (artifact id: '8a96354fc89afb147f6a0310020d13dd') in 0.103080 seconds 
========================================================================
Received Import Request.
  Time since last request: 0.005574 seconds.
  path: Assets/SpellS/500_skillicons/Skill_nobg/Priestskill_28_nobg.png
  artifactKey: Guid(a1ae1a5095368a9428ffcf6e8c66b59f) Importer(815301076,1909f56bfc062723c751e8b465ee728b)
Start importing Assets/SpellS/500_skillicons/Skill_nobg/Priestskill_28_nobg.png using Guid(a1ae1a5095368a9428ffcf6e8c66b59f) Importer(815301076,1909f56bfc062723c751e8b465ee728b)  -> (artifact id: '121e3710f6cf1369dc776587bcfdde57') in 0.140519 seconds 
========================================================================
Received Import Request.
  Time since last request: 0.000065 seconds.
  path: Assets/SpellS/500_skillicons/Skill_nobg/Priestskill_20_nobg.png
  artifactKey: Guid(ba2c2594375446d48ab3713d30dc4396) Importer(815301076,1909f56bfc062723c751e8b465ee728b)
Start importing Assets/SpellS/500_skillicons/Skill_nobg/Priestskill_20_nobg.png using Guid(ba2c2594375446d48ab3713d30dc4396) Importer(815301076,1909f56bfc062723c751e8b465ee728b)  -> (artifact id: '8e9e64569d0247e819a01de67434e385') in 0.103171 seconds 
========================================================================
Received Import Request.
  Time since last request: 0.000072 seconds.
  path: Assets/SpellS/500_skillicons/Skill_nobg/Priestskill_37_nobg.png
  artifactKey: Guid(1ac0f3a5e57bc7242aa8924052ea7121) Importer(815301076,1909f56bfc062723c751e8b465ee728b)
Start importing Assets/SpellS/500_skillicons/Skill_nobg/Priestskill_37_nobg.png using Guid(1ac0f3a5e57bc7242aa8924052ea7121) Importer(815301076,1909f56bfc062723c751e8b465ee728b)  -> (artifact id: 'df838a158f2094712680e3130661f056') in 0.158834 seconds 
========================================================================
Received Import Request.
  Time since last request: 0.319080 seconds.
  path: Assets/SpellS/500_skillicons/Skill_nobg/Priestskill_39_nobg.png
  artifactKey: Guid(921721f12c02cc54bbb6602f144da04a) Importer(815301076,1909f56bfc062723c751e8b465ee728b)
Start importing Assets/SpellS/500_skillicons/Skill_nobg/Priestskill_39_nobg.png using Guid(921721f12c02cc54bbb6602f144da04a) Importer(815301076,1909f56bfc062723c751e8b465ee728b)  -> (artifact id: '0a0adc3e01dc104c2fb70c4b852a4945') in 0.180295 seconds 
========================================================================
Received Import Request.
  Time since last request: 0.000074 seconds.
  path: Assets/SpellS/500_skillicons/Skill_nobg/Shamanskill_20_nobg.png
  artifactKey: Guid(fd61c01183394704da4dd8cd99dd7e94) Importer(815301076,1909f56bfc062723c751e8b465ee728b)
Start importing Assets/SpellS/500_skillicons/Skill_nobg/Shamanskill_20_nobg.png using Guid(fd61c01183394704da4dd8cd99dd7e94) Importer(815301076,1909f56bfc062723c751e8b465ee728b)  -> (artifact id: '2951d98302a2d6fb7a93f2ca0b9cab80') in 0.116115 seconds 
========================================================================
Received Import Request.
  Time since last request: 0.000101 seconds.
  path: Assets/SpellS/500_skillicons/Skill_nobg/Shamanskill_12_nobg.png
  artifactKey: Guid(be5283d0460058a4790280aec4c92bc3) Importer(815301076,1909f56bfc062723c751e8b465ee728b)
Start importing Assets/SpellS/500_skillicons/Skill_nobg/Shamanskill_12_nobg.png using Guid(be5283d0460058a4790280aec4c92bc3) Importer(815301076,1909f56bfc062723c751e8b465ee728b)  -> (artifact id: '4614760d58b2d334b9c7ea709dd05e0d') in 0.124435 seconds 
========================================================================
Received Import Request.
  Time since last request: 0.001243 seconds.
  path: Assets/SpellS/500_skillicons/Skill_nobg/Shamanskill_07_nobg.png
  artifactKey: Guid(792b9facda6cfe54285bdf4359beb6bd) Importer(815301076,1909f56bfc062723c751e8b465ee728b)
Start importing Assets/SpellS/500_skillicons/Skill_nobg/Shamanskill_07_nobg.png using Guid(792b9facda6cfe54285bdf4359beb6bd) Importer(815301076,1909f56bfc062723c751e8b465ee728b)  -> (artifact id: 'e2acf970175d29e985aa367d11b9d193') in 0.125680 seconds 
========================================================================
Received Import Request.
  Time since last request: 0.000072 seconds.
  path: Assets/SpellS/500_skillicons/Skill_nobg/Shamanskill_22_nobg.png
  artifactKey: Guid(6e14f6646aaaf21488505ae9006e8841) Importer(815301076,1909f56bfc062723c751e8b465ee728b)
Start importing Assets/SpellS/500_skillicons/Skill_nobg/Shamanskill_22_nobg.png using Guid(6e14f6646aaaf21488505ae9006e8841) Importer(815301076,1909f56bfc062723c751e8b465ee728b)  -> (artifact id: '52e9dd8fb225a0d71420b0ba5d3ff739') in 0.130180 seconds 
========================================================================
Received Import Request.
  Time since last request: 0.000111 seconds.
  path: Assets/SpellS/500_skillicons/Skill_nobg/Shamanskill_18_nobg.png
  artifactKey: Guid(d5fa77d404e877b4bb062a0c14994a50) Importer(815301076,1909f56bfc062723c751e8b465ee728b)
Start importing Assets/SpellS/500_skillicons/Skill_nobg/Shamanskill_18_nobg.png using Guid(d5fa77d404e877b4bb062a0c14994a50) Importer(815301076,1909f56bfc062723c751e8b465ee728b)  -> (artifact id: '1e7b0e6389dee59908d747d75800a04e') in 0.173854 seconds 
========================================================================
Received Import Request.
  Time since last request: 0.000071 seconds.
  path: Assets/SpellS/500_skillicons/Skill_nobg/Shamanskill_10_nobg.png
  artifactKey: Guid(a0b5c060b314a8f4b8ccf13efc4ed284) Importer(815301076,1909f56bfc062723c751e8b465ee728b)
Start importing Assets/SpellS/500_skillicons/Skill_nobg/Shamanskill_10_nobg.png using Guid(a0b5c060b314a8f4b8ccf13efc4ed284) Importer(815301076,1909f56bfc062723c751e8b465ee728b)  -> (artifact id: 'e6a7b9ee837840bc54bcdd1c19a9a281') in 0.151293 seconds 
========================================================================
Received Import Request.
  Time since last request: 1.067495 seconds.
  path: Assets/SpellS/500_skillicons/Skill_nobg/Shamanskill_25_nobg.png
  artifactKey: Guid(751d7a79da8df90448652d4ece5b4018) Importer(815301076,1909f56bfc062723c751e8b465ee728b)
Start importing Assets/SpellS/500_skillicons/Skill_nobg/Shamanskill_25_nobg.png using Guid(751d7a79da8df90448652d4ece5b4018) Importer(815301076,1909f56bfc062723c751e8b465ee728b)  -> (artifact id: '37b97fd0baa305285c1a21851bb309fb') in 0.145466 seconds 
========================================================================
Received Import Request.
  Time since last request: 0.000076 seconds.
  path: Assets/SpellS/500_skillicons/Skill_nobg/Shamanskill_38_nobg.png
  artifactKey: Guid(93d50d5a6be61eb4b9812e7d216cb496) Importer(815301076,1909f56bfc062723c751e8b465ee728b)
Start importing Assets/SpellS/500_skillicons/Skill_nobg/Shamanskill_38_nobg.png using Guid(93d50d5a6be61eb4b9812e7d216cb496) Importer(815301076,1909f56bfc062723c751e8b465ee728b)  -> (artifact id: '3d865bda227dbe6e6c3f57a2f2e5f548') in 0.156220 seconds 
========================================================================
Received Import Request.
  Time since last request: 0.000115 seconds.
  path: Assets/SpellS/500_skillicons/Skill_nobg/Shamanskill_31_nobg.png
  artifactKey: Guid(1639591a2e12edf45bae0930f129f7f3) Importer(815301076,1909f56bfc062723c751e8b465ee728b)
Start importing Assets/SpellS/500_skillicons/Skill_nobg/Shamanskill_31_nobg.png using Guid(1639591a2e12edf45bae0930f129f7f3) Importer(815301076,1909f56bfc062723c751e8b465ee728b)  -> (artifact id: '2a7ed953ef5552dd1a5d709d78360095') in 0.107636 seconds 
========================================================================
Received Import Request.
  Time since last request: 0.000086 seconds.
  path: Assets/SpellS/500_skillicons/Skill_nobg/Shamanskill_33_nobg.png
  artifactKey: Guid(0411eabbb1bc1104babdb0a2195c13a3) Importer(815301076,1909f56bfc062723c751e8b465ee728b)
Start importing Assets/SpellS/500_skillicons/Skill_nobg/Shamanskill_33_nobg.png using Guid(0411eabbb1bc1104babdb0a2195c13a3) Importer(815301076,1909f56bfc062723c751e8b465ee728b)  -> (artifact id: '93184a3cefbdf31ae08a1f41f81f0437') in 0.103536 seconds 
========================================================================
Received Import Request.
  Time since last request: 0.000084 seconds.
  path: Assets/SpellS/500_skillicons/Skill_nobg/Shamanskill_43_nobg.png
  artifactKey: Guid(c31cf38410bbd174cb1b53d29a241be4) Importer(815301076,1909f56bfc062723c751e8b465ee728b)
Start importing Assets/SpellS/500_skillicons/Skill_nobg/Shamanskill_43_nobg.png using Guid(c31cf38410bbd174cb1b53d29a241be4) Importer(815301076,1909f56bfc062723c751e8b465ee728b)  -> (artifact id: 'ab5e52b9e0f36c97f4fe86164abd2e56') in 0.123322 seconds 
========================================================================
Received Import Request.
  Time since last request: 0.000155 seconds.
  path: Assets/SpellS/500_skillicons/Skill_nobg/Warlock_18_nobg.png
  artifactKey: Guid(a38a6b1dcca10ae4082a979241c6b45b) Importer(815301076,1909f56bfc062723c751e8b465ee728b)
Start importing Assets/SpellS/500_skillicons/Skill_nobg/Warlock_18_nobg.png using Guid(a38a6b1dcca10ae4082a979241c6b45b) Importer(815301076,1909f56bfc062723c751e8b465ee728b)  -> (artifact id: '84ccf8eeb98dbafae2fec8e12e177aa9') in 0.103274 seconds 
========================================================================
Received Import Request.
  Time since last request: 0.000068 seconds.
  path: Assets/SpellS/500_skillicons/Skill_nobg/Warlock_05_nobg.png
  artifactKey: Guid(7fe8ac26b5c64ad46867e570ddc4f8c0) Importer(815301076,1909f56bfc062723c751e8b465ee728b)
Start importing Assets/SpellS/500_skillicons/Skill_nobg/Warlock_05_nobg.png using Guid(7fe8ac26b5c64ad46867e570ddc4f8c0) Importer(815301076,1909f56bfc062723c751e8b465ee728b)  -> (artifact id: '81135f961ab4b2e79fb242dd7da2dc86') in 0.137919 seconds 
========================================================================
Received Import Request.
  Time since last request: 0.000080 seconds.
  path: Assets/SpellS/500_skillicons/Skill_nobg/Warlock_32_nobg.png
  artifactKey: Guid(e5681ba5458b1d240bf7c255a4cdfc96) Importer(815301076,1909f56bfc062723c751e8b465ee728b)
Start importing Assets/SpellS/500_skillicons/Skill_nobg/Warlock_32_nobg.png using Guid(e5681ba5458b1d240bf7c255a4cdfc96) Importer(815301076,1909f56bfc062723c751e8b465ee728b)  -> (artifact id: 'd5e49dad7ce42065099c6930cf033df5') in 0.119970 seconds 
========================================================================
Received Import Request.
  Time since last request: 0.002933 seconds.
  path: Assets/SpellS/500_skillicons/Skill_nobg/Warlock_21_nobg.png
  artifactKey: Guid(be4434575d252a34ab3617fab43eb9fe) Importer(815301076,1909f56bfc062723c751e8b465ee728b)
Start importing Assets/SpellS/500_skillicons/Skill_nobg/Warlock_21_nobg.png using Guid(be4434575d252a34ab3617fab43eb9fe) Importer(815301076,1909f56bfc062723c751e8b465ee728b)  -> (artifact id: '2fd5a9a651953df9a872b86fa11593fa') in 0.119242 seconds 
========================================================================
Received Import Request.
  Time since last request: 0.004773 seconds.
  path: Assets/SpellS/500_skillicons/Skill_nobg/Warlock_02_nobg.png
  artifactKey: Guid(ef84332d8a899bd4cb8023258758e1cd) Importer(815301076,1909f56bfc062723c751e8b465ee728b)
Start importing Assets/SpellS/500_skillicons/Skill_nobg/Warlock_02_nobg.png using Guid(ef84332d8a899bd4cb8023258758e1cd) Importer(815301076,1909f56bfc062723c751e8b465ee728b)  -> (artifact id: 'c1e579fda45a64d9f0586ba4459c90bb') in 0.130045 seconds 
========================================================================
Received Import Request.
  Time since last request: 0.000076 seconds.
  path: Assets/SpellS/500_skillicons/Skill_nobg/Warlock_23_nobg.png
  artifactKey: Guid(5d98b863ff76ec34088fc6c2d420d043) Importer(815301076,1909f56bfc062723c751e8b465ee728b)
Start importing Assets/SpellS/500_skillicons/Skill_nobg/Warlock_23_nobg.png using Guid(5d98b863ff76ec34088fc6c2d420d043) Importer(815301076,1909f56bfc062723c751e8b465ee728b)  -> (artifact id: '7971f2dc9ad3eda49c7b31d245617c62') in 0.122966 seconds 
========================================================================
Received Import Request.
  Time since last request: 0.000081 seconds.
  path: Assets/SpellS/500_skillicons/Skill_nobg/Warriorskill_10_nobg.png
  artifactKey: Guid(ed97e1de596fad74fbdfde28c90fa126) Importer(815301076,1909f56bfc062723c751e8b465ee728b)
Start importing Assets/SpellS/500_skillicons/Skill_nobg/Warriorskill_10_nobg.png using Guid(ed97e1de596fad74fbdfde28c90fa126) Importer(815301076,1909f56bfc062723c751e8b465ee728b)  -> (artifact id: '64ba412f55d5022f3ba77b7515cfddc2') in 0.124104 seconds 
========================================================================
Received Import Request.
  Time since last request: 0.000076 seconds.
  path: Assets/SpellS/500_skillicons/Skill_nobg/Warlock_40_nobg.png
  artifactKey: Guid(4686964d485f1d24198eff4dc690e23c) Importer(815301076,1909f56bfc062723c751e8b465ee728b)
Start importing Assets/SpellS/500_skillicons/Skill_nobg/Warlock_40_nobg.png using Guid(4686964d485f1d24198eff4dc690e23c) Importer(815301076,1909f56bfc062723c751e8b465ee728b)  -> (artifact id: '63d691351759e4db2b36f49138264d9c') in 0.122189 seconds 
========================================================================
Received Import Request.
  Time since last request: 0.000083 seconds.
  path: Assets/SpellS/500_skillicons/Skill_nobg/Warriorskill_21_nobg.png
  artifactKey: Guid(3284e3f744d34d04ca360b7a1c532d8e) Importer(815301076,1909f56bfc062723c751e8b465ee728b)
Start importing Assets/SpellS/500_skillicons/Skill_nobg/Warriorskill_21_nobg.png using Guid(3284e3f744d34d04ca360b7a1c532d8e) Importer(815301076,1909f56bfc062723c751e8b465ee728b)  -> (artifact id: 'e9fb48613a4374ed29cdcfae68f5e515') in 0.188311 seconds 
========================================================================
Received Import Request.
  Time since last request: 0.000218 seconds.
  path: Assets/SpellS/500_skillicons/Skill_nobg/Warriorskill_32_nobg.png
  artifactKey: Guid(3f11eefc511721046a4738f9114b9501) Importer(815301076,1909f56bfc062723c751e8b465ee728b)
Start importing Assets/SpellS/500_skillicons/Skill_nobg/Warriorskill_32_nobg.png using Guid(3f11eefc511721046a4738f9114b9501) Importer(815301076,1909f56bfc062723c751e8b465ee728b)  -> (artifact id: '0d95cf7ad868d5aeb2c3b2dcd8438c2d') in 0.116556 seconds 
========================================================================
Received Import Request.
  Time since last request: 0.000076 seconds.
  path: Assets/SpellS/500_skillicons/Skill_nobg/Warlock_49_nobg.png
  artifactKey: Guid(d3000838bf16fed46ba50dcdebb72e50) Importer(815301076,1909f56bfc062723c751e8b465ee728b)
Start importing Assets/SpellS/500_skillicons/Skill_nobg/Warlock_49_nobg.png using Guid(d3000838bf16fed46ba50dcdebb72e50) Importer(815301076,1909f56bfc062723c751e8b465ee728b)  -> (artifact id: '8e29dd9cf2fba9675063d200b5905432') in 0.120623 seconds 
========================================================================
Received Import Request.
  Time since last request: 0.000081 seconds.
  path: Assets/SpellS/500_skillicons/Skill_nobg/Warriorskill_09_nobg.png
  artifactKey: Guid(3767d852153ff48488d9a0cbbc573cca) Importer(815301076,1909f56bfc062723c751e8b465ee728b)
Start importing Assets/SpellS/500_skillicons/Skill_nobg/Warriorskill_09_nobg.png using Guid(3767d852153ff48488d9a0cbbc573cca) Importer(815301076,1909f56bfc062723c751e8b465ee728b)  -> (artifact id: 'af9d2f8dba73ddef4e19a6430346f737') in 0.170129 seconds 
========================================================================
Received Import Request.
  Time since last request: 0.000133 seconds.
  path: Assets/SpellS/500_skillicons/Skill_nobg/Warriorskill_36_nobg.png
  artifactKey: Guid(8d9d75885f7410d41b6f2a93f0ea84c6) Importer(815301076,1909f56bfc062723c751e8b465ee728b)
Start importing Assets/SpellS/500_skillicons/Skill_nobg/Warriorskill_36_nobg.png using Guid(8d9d75885f7410d41b6f2a93f0ea84c6) Importer(815301076,1909f56bfc062723c751e8b465ee728b)  -> (artifact id: '41fe2a33d2cf64705e16f678b32eebe8') in 0.180439 seconds 
========================================================================
Received Import Request.
  Time since last request: 0.000108 seconds.
  path: Assets/SpellS/500_skillicons/Skill_nobg/Warlock_19_nobg.png
  artifactKey: Guid(11d3022fef63cdf4fbc83cdc14d1d6a6) Importer(815301076,1909f56bfc062723c751e8b465ee728b)
Start importing Assets/SpellS/500_skillicons/Skill_nobg/Warlock_19_nobg.png using Guid(11d3022fef63cdf4fbc83cdc14d1d6a6) Importer(815301076,1909f56bfc062723c751e8b465ee728b)  -> (artifact id: 'f1665d0383c77171301e701923b13eb9') in 0.154287 seconds 
========================================================================
Received Import Request.
  Time since last request: 0.000113 seconds.
  path: Assets/SpellS/500_skillicons/Skill_nobg/Warriorskill_49_nobg.png
  artifactKey: Guid(25fd2378e7e153f4ba72ca63b2d87a52) Importer(815301076,1909f56bfc062723c751e8b465ee728b)
Start importing Assets/SpellS/500_skillicons/Skill_nobg/Warriorskill_49_nobg.png using Guid(25fd2378e7e153f4ba72ca63b2d87a52) Importer(815301076,1909f56bfc062723c751e8b465ee728b)  -> (artifact id: 'af3d50c168153089d04fdc8ae4f6f584') in 0.180696 seconds 
========================================================================
Received Import Request.
  Time since last request: 0.000095 seconds.
  path: Assets/SpellS/500_skillicons/Skill_nobg/Warriorskill_02_nobg.png
  artifactKey: Guid(f5d9b6f6a9e903d4aa8e3179ae86e888) Importer(815301076,1909f56bfc062723c751e8b465ee728b)
Start importing Assets/SpellS/500_skillicons/Skill_nobg/Warriorskill_02_nobg.png using Guid(f5d9b6f6a9e903d4aa8e3179ae86e888) Importer(815301076,1909f56bfc062723c751e8b465ee728b)  -> (artifact id: 'dbd91bc56d1c0d4aa6ae6d412aff03af') in 0.102523 seconds 
========================================================================
Received Import Request.
  Time since last request: 0.000091 seconds.
  path: Assets/SpellS/500_skillicons/Skill_nobg/Warlock_36_nobg.png
  artifactKey: Guid(d54af698fe02b8e428a76bd3f1a34136) Importer(815301076,1909f56bfc062723c751e8b465ee728b)
Start importing Assets/SpellS/500_skillicons/Skill_nobg/Warlock_36_nobg.png using Guid(d54af698fe02b8e428a76bd3f1a34136) Importer(815301076,1909f56bfc062723c751e8b465ee728b)  -> (artifact id: '4cbe862474ba008e79482588457879ce') in 0.161534 seconds 
========================================================================
Received Import Request.
  Time since last request: 0.000941 seconds.
  path: Assets/SpellS/500_skillicons/Skill_nobg/Warriorskill_11_nobg.png
  artifactKey: Guid(b26cb18c039c2834884841b03f51aee4) Importer(815301076,1909f56bfc062723c751e8b465ee728b)
Start importing Assets/SpellS/500_skillicons/Skill_nobg/Warriorskill_11_nobg.png using Guid(b26cb18c039c2834884841b03f51aee4) Importer(815301076,1909f56bfc062723c751e8b465ee728b)  -> (artifact id: '93e5185962fb40324c23672aef342df6') in 0.126491 seconds 
========================================================================
Received Import Request.
  Time since last request: 0.000134 seconds.
  path: Assets/SpellS/500_skillicons/Skill_nobg/Warlock_45_nobg.png
  artifactKey: Guid(50367d27c473ad2459a814bda1ef3ddb) Importer(815301076,1909f56bfc062723c751e8b465ee728b)
Start importing Assets/SpellS/500_skillicons/Skill_nobg/Warlock_45_nobg.png using Guid(50367d27c473ad2459a814bda1ef3ddb) Importer(815301076,1909f56bfc062723c751e8b465ee728b)  -> (artifact id: '417e91db8340aba77ee960e50d2fe1b6') in 0.114884 seconds 
========================================================================
Received Import Request.
  Time since last request: 0.000106 seconds.
  path: Assets/SpellS/500_skillicons/Skill_nobg/Warlock_28_nobg.png
  artifactKey: Guid(977a3e073753d554cb9a79f37d72921b) Importer(815301076,1909f56bfc062723c751e8b465ee728b)
Start importing Assets/SpellS/500_skillicons/Skill_nobg/Warlock_28_nobg.png using Guid(977a3e073753d554cb9a79f37d72921b) Importer(815301076,1909f56bfc062723c751e8b465ee728b)  -> (artifact id: '9c867b4f06f2492f919b3ca499843803') in 0.099662 seconds 
========================================================================
Received Import Request.
  Time since last request: 7.081354 seconds.
  path: Assets/SpellS/500_skillicons/BonusIcons/Basic_Spells/No_bg/02_Big_fire_arrow_nobg.png
  artifactKey: Guid(3ec54dd7b3ecdfe4781c4baa72f1eba5) Importer(815301076,1909f56bfc062723c751e8b465ee728b)
Start importing Assets/SpellS/500_skillicons/BonusIcons/Basic_Spells/No_bg/02_Big_fire_arrow_nobg.png using Guid(3ec54dd7b3ecdfe4781c4baa72f1eba5) Importer(815301076,1909f56bfc062723c751e8b465ee728b)  -> (artifact id: '3ea4e12ca7442dc91b87a58222f362bc') in 0.070855 seconds 
========================================================================
Received Import Request.
  Time since last request: 0.000030 seconds.
  path: Assets/SpellS/500_skillicons/BonusIcons/Basic_Spells/No_bg/27_Storm_nobg.png
  artifactKey: Guid(a337e6791186a6d48855055de64f7026) Importer(815301076,1909f56bfc062723c751e8b465ee728b)
Start importing Assets/SpellS/500_skillicons/BonusIcons/Basic_Spells/No_bg/27_Storm_nobg.png using Guid(a337e6791186a6d48855055de64f7026) Importer(815301076,1909f56bfc062723c751e8b465ee728b)  -> (artifact id: '110028a17c4b8a67afd494690e59236e') in 0.090216 seconds 
========================================================================
Received Import Request.
  Time since last request: 0.000034 seconds.
  path: Assets/SpellS/500_skillicons/BonusIcons/Basic_Spells/No_bg/26_Big_Lightning_nobg.png
  artifactKey: Guid(fbfbb77fc3fb2ae459bc71c804b4b03f) Importer(815301076,1909f56bfc062723c751e8b465ee728b)
Start importing Assets/SpellS/500_skillicons/BonusIcons/Basic_Spells/No_bg/26_Big_Lightning_nobg.png using Guid(fbfbb77fc3fb2ae459bc71c804b4b03f) Importer(815301076,1909f56bfc062723c751e8b465ee728b)  -> (artifact id: '3d57735aebeeba8587b394945e8eaebc') in 0.069430 seconds 
========================================================================
Received Import Request.
  Time since last request: 0.000073 seconds.
  path: Assets/SpellS/500_skillicons/BonusIcons/Basic_Spells/No_bg/32_Evil_nobg.png
  artifactKey: Guid(44fdd6e8fcf197b4dadcce7e9739c4cd) Importer(815301076,1909f56bfc062723c751e8b465ee728b)
Start importing Assets/SpellS/500_skillicons/BonusIcons/Basic_Spells/No_bg/32_Evil_nobg.png using Guid(44fdd6e8fcf197b4dadcce7e9739c4cd) Importer(815301076,1909f56bfc062723c751e8b465ee728b)  -> (artifact id: 'c0ca88fe0a0b249460fa5e0f0fa5d779') in 0.080857 seconds 
========================================================================
Received Import Request.
  Time since last request: 0.000037 seconds.
  path: Assets/SpellS/500_skillicons/BonusIcons/Basic_Spells/No_bg/29_Wave_of_evil_nobg.png
  artifactKey: Guid(3fd2804e4460ada4c8c02c8703dbb17c) Importer(815301076,1909f56bfc062723c751e8b465ee728b)
Start importing Assets/SpellS/500_skillicons/BonusIcons/Basic_Spells/No_bg/29_Wave_of_evil_nobg.png using Guid(3fd2804e4460ada4c8c02c8703dbb17c) Importer(815301076,1909f56bfc062723c751e8b465ee728b)  -> (artifact id: '2215afd2989b38c66e6f287629a11d8c') in 0.066636 seconds 
========================================================================
Received Import Request.
  Time since last request: 0.000041 seconds.
  path: Assets/SpellS/500_skillicons/BonusIcons/Basic_Spells/No_bg/34_Critical_strike2_nobg.png
  artifactKey: Guid(564e8a051c6542d438442a366362ea92) Importer(815301076,1909f56bfc062723c751e8b465ee728b)
Start importing Assets/SpellS/500_skillicons/BonusIcons/Basic_Spells/No_bg/34_Critical_strike2_nobg.png using Guid(564e8a051c6542d438442a366362ea92) Importer(815301076,1909f56bfc062723c751e8b465ee728b)  -> (artifact id: 'f694a5bda0a13207f0a8fb3403214fbd') in 0.069894 seconds 
========================================================================
Received Import Request.
  Time since last request: 0.000051 seconds.
  path: Assets/SpellS/500_skillicons/BonusIcons/Basic_Spells/No_bg/28_Storm2_nobg.png
  artifactKey: Guid(02ae19165c86c514694c6f227f64d807) Importer(815301076,1909f56bfc062723c751e8b465ee728b)
Start importing Assets/SpellS/500_skillicons/BonusIcons/Basic_Spells/No_bg/28_Storm2_nobg.png using Guid(02ae19165c86c514694c6f227f64d807) Importer(815301076,1909f56bfc062723c751e8b465ee728b)  -> (artifact id: 'be878127cd49079ec882e481b81f33e4') in 0.097585 seconds 
========================================================================
Received Import Request.
  Time since last request: 20.083979 seconds.
  path: Assets/SpellS/500_skillicons/BonusIcons/Basic_Spells/Normal/02_Big_fire_arrow.png
  artifactKey: Guid(5a36347b9beb70a4f87b9d927b89d78d) Importer(815301076,1909f56bfc062723c751e8b465ee728b)
Start importing Assets/SpellS/500_skillicons/BonusIcons/Basic_Spells/Normal/02_Big_fire_arrow.png using Guid(5a36347b9beb70a4f87b9d927b89d78d) Importer(815301076,1909f56bfc062723c751e8b465ee728b)  -> (artifact id: 'd58d45594d2586a7e835e82a42049a89') in 0.065633 seconds 
========================================================================
Received Import Request.
  Time since last request: 0.000022 seconds.
  path: Assets/SpellS/500_skillicons/BonusIcons/Basic_Spells/Normal/25_Lightning.png
  artifactKey: Guid(3f247912960a9a8458e88bed2f63b599) Importer(815301076,1909f56bfc062723c751e8b465ee728b)
Start importing Assets/SpellS/500_skillicons/BonusIcons/Basic_Spells/Normal/25_Lightning.png using Guid(3f247912960a9a8458e88bed2f63b599) Importer(815301076,1909f56bfc062723c751e8b465ee728b)  -> (artifact id: 'a77782c659725055ffe483b9dac1fce5') in 0.041440 seconds 
========================================================================
Received Import Request.
  Time since last request: 0.000035 seconds.
  path: Assets/SpellS/500_skillicons/BonusIcons/Basic_Spells/Normal/34_Critical_strike2.png
  artifactKey: Guid(ad36ce2b30c39d84f891a0b317b752e5) Importer(815301076,1909f56bfc062723c751e8b465ee728b)
Start importing Assets/SpellS/500_skillicons/BonusIcons/Basic_Spells/Normal/34_Critical_strike2.png using Guid(ad36ce2b30c39d84f891a0b317b752e5) Importer(815301076,1909f56bfc062723c751e8b465ee728b)  -> (artifact id: '2e1d4ace590836af12b89da3e1c03c10') in 0.049764 seconds 
========================================================================
Received Import Request.
  Time since last request: 0.000042 seconds.
  path: Assets/SpellS/500_skillicons/BonusIcons/Basic_Spells/Normal/30_Wave_of_evil2.png
  artifactKey: Guid(432cc040fc334b545a8cc04fca6846c2) Importer(815301076,1909f56bfc062723c751e8b465ee728b)
Start importing Assets/SpellS/500_skillicons/BonusIcons/Basic_Spells/Normal/30_Wave_of_evil2.png using Guid(432cc040fc334b545a8cc04fca6846c2) Importer(815301076,1909f56bfc062723c751e8b465ee728b)  -> (artifact id: 'fcd0df88c71d777e6aee3aa5552ae2da') in 0.055073 seconds 
========================================================================
Received Import Request.
  Time since last request: 0.000040 seconds.
  path: Assets/SpellS/500_skillicons/BonusIcons/Basic_Spells/Normal/18_Shadow_bolt2.png
  artifactKey: Guid(51344b2bc53746849a4e7afc0d287273) Importer(815301076,1909f56bfc062723c751e8b465ee728b)
Start importing Assets/SpellS/500_skillicons/BonusIcons/Basic_Spells/Normal/18_Shadow_bolt2.png using Guid(51344b2bc53746849a4e7afc0d287273) Importer(815301076,1909f56bfc062723c751e8b465ee728b)  -> (artifact id: '2c2e8e6f1bf2b6dccdc80edc13bfa738') in 0.064526 seconds 
========================================================================
Received Import Request.
  Time since last request: 0.000036 seconds.
  path: Assets/SpellS/500_skillicons/BonusIcons/Basic_Spells/Normal/19_Shadow_bomb.png
  artifactKey: Guid(3cbea0f47b0522642a879ab1302727a4) Importer(815301076,1909f56bfc062723c751e8b465ee728b)
Start importing Assets/SpellS/500_skillicons/BonusIcons/Basic_Spells/Normal/19_Shadow_bomb.png using Guid(3cbea0f47b0522642a879ab1302727a4) Importer(815301076,1909f56bfc062723c751e8b465ee728b)  -> (artifact id: '5c087b990a07c6c9ac467d9cc20afc6c') in 0.057042 seconds 
========================================================================
Received Import Request.
  Time since last request: 0.000102 seconds.
  path: Assets/SpellS/500_skillicons/BonusIcons/Basic_Spells/Normal/22_Big_Light_arrow.png
  artifactKey: Guid(8301c3bcf0fb4754195d30f2d08d19db) Importer(815301076,1909f56bfc062723c751e8b465ee728b)
Start importing Assets/SpellS/500_skillicons/BonusIcons/Basic_Spells/Normal/22_Big_Light_arrow.png using Guid(8301c3bcf0fb4754195d30f2d08d19db) Importer(815301076,1909f56bfc062723c751e8b465ee728b)  -> (artifact id: '195aaa53daf033574ff172e53e11c3ff') in 0.056323 seconds 
========================================================================
Received Import Request.
  Time since last request: 9.021657 seconds.
  path: Assets/SpellS/500_skillicons/BonusIcons/10newicons/No_bg/Update_02_nobg.png
  artifactKey: Guid(19c3fa093286a3a4f8f03f69590a7e27) Importer(815301076,1909f56bfc062723c751e8b465ee728b)
Start importing Assets/SpellS/500_skillicons/BonusIcons/10newicons/No_bg/Update_02_nobg.png using Guid(19c3fa093286a3a4f8f03f69590a7e27) Importer(815301076,1909f56bfc062723c751e8b465ee728b)  -> (artifact id: '090fc1aef68dcc71708c1dfe55b101b7') in 0.039537 seconds 
========================================================================
Received Import Request.
  Time since last request: 0.000028 seconds.
  path: Assets/SpellS/500_skillicons/BonusIcons/10newicons/No_bg/Update_06_nobg.png
  artifactKey: Guid(22ffe173a40e0534c94db5c7ad92b39a) Importer(815301076,1909f56bfc062723c751e8b465ee728b)
Start importing Assets/SpellS/500_skillicons/BonusIcons/10newicons/No_bg/Update_06_nobg.png using Guid(22ffe173a40e0534c94db5c7ad92b39a) Importer(815301076,1909f56bfc062723c751e8b465ee728b)  -> (artifact id: '9ec6a87d41bbc04962cf1eea15acde46') in 0.045313 seconds 
Editor requested this worker to shutdown with reason: Scaling down because of idle timeout
AssetImportWorker is now disconnected from the server
Process exiting
Exiting without the bug reporter. Application will terminate with return code 0