Using pre-set license
Built from '2021.3/staging' branch; Version is '2021.3.10f1 (1c7d0df0160b) revision 1867021'; Using compiler version '192829333'; Build Type 'Release'
OS: 'Windows 11  (10.0.22631) 64bit Core' Language: 'ko' Physical Memory: 32627 MB
BatchMode: 1, IsHumanControllingUs: 0, StartBugReporterOnCrash: 0, Is64bit: 1, IsPro: 1

COMMAND LINE ARGUMENTS:
C:\Program Files\Unity\Hub\Editor\2021.3.10f1\Editor\Unity.exe
-adb2
-batchMode
-noUpm
-name
AssetImportWorker6
-projectPath
C:/Users/user/Documents/GitHub/N-own-Magic/N-own Magic
-logFile
Logs/AssetImportWorker6.log
-srvPort
60000
Successfully changed project path to: C:/Users/user/Documents/GitHub/N-own-Magic/N-own Magic
C:/Users/user/Documents/GitHub/N-own-Magic/N-own Magic
[UnityMemory] Configuration Parameters - Can be set up in boot.config
    "memorysetup-bucket-allocator-granularity=16"
    "memorysetup-bucket-allocator-bucket-count=8"
    "memorysetup-bucket-allocator-block-size=33554432"
    "memorysetup-bucket-allocator-block-count=8"
    "memorysetup-main-allocator-block-size=16777216"
    "memorysetup-thread-allocator-block-size=16777216"
    "memorysetup-gfx-main-allocator-block-size=16777216"
    "memorysetup-gfx-thread-allocator-block-size=16777216"
    "memorysetup-cache-allocator-block-size=4194304"
    "memorysetup-typetree-allocator-block-size=2097152"
    "memorysetup-profiler-bucket-allocator-granularity=16"
    "memorysetup-profiler-bucket-allocator-bucket-count=8"
    "memorysetup-profiler-bucket-allocator-block-size=33554432"
    "memorysetup-profiler-bucket-allocator-block-count=8"
    "memorysetup-profiler-allocator-block-size=16777216"
    "memorysetup-profiler-editor-allocator-block-size=1048576"
    "memorysetup-temp-allocator-size-main=16777216"
    "memorysetup-job-temp-allocator-block-size=2097152"
    "memorysetup-job-temp-allocator-block-size-background=1048576"
    "memorysetup-job-temp-allocator-reduction-small-platforms=262144"
    "memorysetup-temp-allocator-size-background-worker=32768"
    "memorysetup-temp-allocator-size-job-worker=262144"
    "memorysetup-temp-allocator-size-preload-manager=33554432"
    "memorysetup-temp-allocator-size-nav-mesh-worker=65536"
    "memorysetup-temp-allocator-size-audio-worker=65536"
    "memorysetup-temp-allocator-size-cloud-worker=32768"
    "memorysetup-temp-allocator-size-gi-baking-worker=262144"
    "memorysetup-temp-allocator-size-gfx=262144"
Refreshing native plugins compatible for Editor in 86.30 ms, found 4 plugins.
Preloading 0 native plugins for Editor in 0.00 ms.
Initialize engine version: 2021.3.10f1 (1c7d0df0160b)
[Subsystems] Discovering subsystems at path C:/Program Files/Unity/Hub/Editor/2021.3.10f1/Editor/Data/Resources/UnitySubsystems
[Subsystems] Discovering subsystems at path C:/Users/user/Documents/GitHub/N-own-Magic/N-own Magic/Assets
GfxDevice: creating device client; threaded=0; jobified=0
Direct3D:
    Version:  Direct3D 11.0 [level 11.1]
    Renderer: NVIDIA GeForce RTX 3060 Ti (ID=0x2489)
    Vendor:   NVIDIA
    VRAM:     8038 MB
    Driver:   31.0.15.3598
Initialize mono
Mono path[0] = 'C:/Program Files/Unity/Hub/Editor/2021.3.10f1/Editor/Data/Managed'
Mono path[1] = 'C:/Program Files/Unity/Hub/Editor/2021.3.10f1/Editor/Data/MonoBleedingEdge/lib/mono/unityjit-win32'
Mono config path = 'C:/Program Files/Unity/Hub/Editor/2021.3.10f1/Editor/Data/MonoBleedingEdge/etc'
Using monoOptions --debugger-agent=transport=dt_socket,embedding=1,server=y,suspend=n,address=127.0.0.1:56108
Begin MonoManager ReloadAssembly
Registering precompiled unity dll's ...
Register platform support module: C:/Program Files/Unity/Hub/Editor/2021.3.10f1/Editor/Data/PlaybackEngines/WebGLSupport/UnityEditor.WebGL.Extensions.dll
Register platform support module: C:/Program Files/Unity/Hub/Editor/2021.3.10f1/Editor/Data/PlaybackEngines/WindowsStandaloneSupport/UnityEditor.WindowsStandalone.Extensions.dll
Registered in 0.010967 seconds.
Native extension for WindowsStandalone target not found
Native extension for WebGL target not found
Refreshing native plugins compatible for Editor in 63.84 ms, found 4 plugins.
Preloading 0 native plugins for Editor in 0.00 ms.
Mono: successfully reloaded assembly
- Completed reload, in  0.609 seconds
Domain Reload Profiling:
	ReloadAssembly (609ms)
		BeginReloadAssembly (118ms)
			ExecutionOrderSort (0ms)
			DisableScriptedObjects (0ms)
			BackupInstance (0ms)
			ReleaseScriptingObjects (0ms)
			CreateAndSetChildDomain (1ms)
		EndReloadAssembly (381ms)
			LoadAssemblies (115ms)
			RebuildTransferFunctionScriptingTraits (0ms)
			SetupTypeCache (107ms)
			ReleaseScriptCaches (0ms)
			RebuildScriptCaches (20ms)
			SetupLoadedEditorAssemblies (208ms)
				LogAssemblyErrors (0ms)
				InitializePlatformSupportModulesInManaged (10ms)
				SetLoadedEditorAssemblies (0ms)
				RefreshPlugins (64ms)
				BeforeProcessingInitializeOnLoad (1ms)
				ProcessInitializeOnLoadAttributes (94ms)
				ProcessInitializeOnLoadMethodAttributes (39ms)
				AfterProcessingInitializeOnLoad (0ms)
				EditorAssembliesLoaded (0ms)
			ExecutionOrderSort2 (0ms)
			AwakeInstancesAfterBackupRestoration (0ms)
Platform modules already initialized, skipping
Registering precompiled user dll's ...
Registered in 0.012086 seconds.
Begin MonoManager ReloadAssembly
Symbol file LoadedFromMemory doesn't match image C:\Users\user\Documents\GitHub\N-own-Magic\N-own Magic\Library\PackageCache\com.unity.visualscripting@1.7.8\Editor\VisualScripting.Core\Dependencies\YamlDotNet\Unity.VisualScripting.YamlDotNet.dll
Symbol file LoadedFromMemory doesn't match image C:\Users\user\Documents\GitHub\N-own-Magic\N-own Magic\Library\PackageCache\com.unity.visualscripting@1.7.8\Editor\VisualScripting.Core\Dependencies\DotNetZip\Unity.VisualScripting.IonicZip.dll
Native extension for WindowsStandalone target not found
Native extension for WebGL target not found
Refreshing native plugins compatible for Editor in 67.87 ms, found 4 plugins.
Preloading 0 native plugins for Editor in 0.00 ms.
Mono: successfully reloaded assembly
- Completed reload, in  1.030 seconds
Domain Reload Profiling:
	ReloadAssembly (1031ms)
		BeginReloadAssembly (108ms)
			ExecutionOrderSort (0ms)
			DisableScriptedObjects (4ms)
			BackupInstance (0ms)
			ReleaseScriptingObjects (0ms)
			CreateAndSetChildDomain (13ms)
		EndReloadAssembly (826ms)
			LoadAssemblies (122ms)
			RebuildTransferFunctionScriptingTraits (0ms)
			SetupTypeCache (266ms)
			ReleaseScriptCaches (0ms)
			RebuildScriptCaches (35ms)
			SetupLoadedEditorAssemblies (383ms)
				LogAssemblyErrors (0ms)
				InitializePlatformSupportModulesInManaged (14ms)
				SetLoadedEditorAssemblies (0ms)
				RefreshPlugins (68ms)
				BeforeProcessingInitializeOnLoad (75ms)
				ProcessInitializeOnLoadAttributes (180ms)
				ProcessInitializeOnLoadMethodAttributes (32ms)
				AfterProcessingInitializeOnLoad (13ms)
				EditorAssembliesLoaded (0ms)
			ExecutionOrderSort2 (0ms)
			AwakeInstancesAfterBackupRestoration (12ms)
Platform modules already initialized, skipping
========================================================================
Worker process is ready to serve import requests
Launched and connected shader compiler UnityShaderCompiler.exe after 0.05 seconds
Refreshing native plugins compatible for Editor in 0.62 ms, found 4 plugins.
Preloading 0 native plugins for Editor in 0.00 ms.
Unloading 4081 Unused Serialized files (Serialized files now loaded: 0)
Unloading 39 unused Assets / (56.4 KB). Loaded Objects now: 4536.
Memory consumption went from 152.1 MB to 152.0 MB.
Total: 2.351200 ms (FindLiveObjects: 0.175500 ms CreateObjectMapping: 0.082600 ms MarkObjects: 2.031100 ms  DeleteObjects: 0.061200 ms)

AssetImportParameters requested are different than current active one (requested -> active):
  custom:video-decoder-ogg-theora: a1e56fd34408186e4bbccfd4996cb3dc -> 
  custom:container-muxer-webm: aa71ff27fc2769a1b78a27578f13a17b -> 
  custom:container-demuxer-webm: 4f35f7cbe854078d1ac9338744f61a02 -> 
  custom:video-encoder-webm-vp8: eb34c28f22e8b96e1ab97ce403110664 -> 
  custom:audio-encoder-webm-vorbis: bf7c407c2cedff20999df2af8eb42d56 -> 
  custom:framework-win-MediaFoundation: 216162199b28c13a410421893ffa2e32 -> 
  custom:container-demuxer-ogg: 62fdf1f143b41e24485cea50d1cbac27 -> 
  custom:video-decoder-webm-vp8: 9c59270c3fd7afecdb556c50c9e8de78 -> 
  custom:audio-decoder-ogg-vorbis: bf7c407c2cedff20999df2af8eb42d56 -> 
========================================================================
Received Prepare
Registering precompiled user dll's ...
Registered in 0.010373 seconds.
Begin MonoManager ReloadAssembly
Symbol file LoadedFromMemory doesn't match image C:\Users\user\Documents\GitHub\N-own-Magic\N-own Magic\Library\PackageCache\com.unity.visualscripting@1.7.8\Editor\VisualScripting.Core\Dependencies\YamlDotNet\Unity.VisualScripting.YamlDotNet.dll
Symbol file LoadedFromMemory doesn't match image C:\Users\user\Documents\GitHub\N-own-Magic\N-own Magic\Library\PackageCache\com.unity.visualscripting@1.7.8\Editor\VisualScripting.Core\Dependencies\DotNetZip\Unity.VisualScripting.IonicZip.dll
Native extension for WindowsStandalone target not found
Native extension for WebGL target not found
Refreshing native plugins compatible for Editor in 0.58 ms, found 4 plugins.
Preloading 0 native plugins for Editor in 0.00 ms.
CreateSerializedAsset is not supported while importing out-of-process
UnityEngine.StackTraceUtility:ExtractStackTrace ()
Gentleland.Utils.SteampunkUI.OpenWindowsOnLoad:.cctor () (at Assets/Background/GUI/Gentleland/SteampunkUI/Utils/Editor/OpenWindowsOnLoad.cs:23)
System.Runtime.CompilerServices.RuntimeHelpers:RunClassConstructor (System.RuntimeTypeHandle)
UnityEditor.EditorAssemblies:ProcessInitializeOnLoadAttributes (System.Type[])

[Assets/Background/GUI/Gentleland/SteampunkUI/Utils/Editor/OpenWindowsOnLoad.cs line 23]

UnityEngine.UnityException: Creating asset at path Assets/GentlelandSettings/GentlelandSettings_SteampunkUI.asset failed.
  at (wrapper managed-to-native) UnityEditor.AssetDatabase.CreateAsset(UnityEngine.Object,string)
  at Gentleland.Utils.SteampunkUI.OpenWindowsOnLoad..cctor () [0x00036] in C:\Users\user\Documents\GitHub\N-own-Magic\N-own Magic\Assets\Background\GUI\Gentleland\SteampunkUI\Utils\Editor\OpenWindowsOnLoad.cs:23 
UnityEngine.StackTraceUtility:ExtractStackTrace ()
UnityEngine.DebugLogHandler:LogFormat (UnityEngine.LogType,UnityEngine.Object,string,object[])
UnityEngine.Logger:Log (UnityEngine.LogType,object)
UnityEngine.Debug:LogError (object)
UnityEditor.EditorAssemblies:ProcessInitializeOnLoadAttributes (System.Type[])

Mono: successfully reloaded assembly
- Completed reload, in  0.736 seconds
Domain Reload Profiling:
	ReloadAssembly (736ms)
		BeginReloadAssembly (117ms)
			ExecutionOrderSort (0ms)
			DisableScriptedObjects (4ms)
			BackupInstance (0ms)
			ReleaseScriptingObjects (0ms)
			CreateAndSetChildDomain (27ms)
		EndReloadAssembly (544ms)
			LoadAssemblies (91ms)
			RebuildTransferFunctionScriptingTraits (0ms)
			SetupTypeCache (153ms)
			ReleaseScriptCaches (1ms)
			RebuildScriptCaches (28ms)
			SetupLoadedEditorAssemblies (246ms)
				LogAssemblyErrors (0ms)
				InitializePlatformSupportModulesInManaged (12ms)
				SetLoadedEditorAssemblies (0ms)
				RefreshPlugins (1ms)
				BeforeProcessingInitializeOnLoad (61ms)
				ProcessInitializeOnLoadAttributes (135ms)
				ProcessInitializeOnLoadMethodAttributes (24ms)
				AfterProcessingInitializeOnLoad (12ms)
				EditorAssembliesLoaded (0ms)
			ExecutionOrderSort2 (0ms)
			AwakeInstancesAfterBackupRestoration (12ms)
Platform modules already initialized, skipping
Refreshing native plugins compatible for Editor in 2.42 ms, found 4 plugins.
Preloading 0 native plugins for Editor in 0.00 ms.
Unloading 4071 Unused Serialized files (Serialized files now loaded: 0)
Unloading 25 unused Assets / (24.7 KB). Loaded Objects now: 4541.
Memory consumption went from 151.6 MB to 151.6 MB.
Total: 2.172700 ms (FindLiveObjects: 0.159400 ms CreateObjectMapping: 0.077300 ms MarkObjects: 1.914000 ms  DeleteObjects: 0.021300 ms)

AssetImportParameters requested are different than current active one (requested -> active):
  custom:video-decoder-ogg-theora: a1e56fd34408186e4bbccfd4996cb3dc -> 
  custom:container-muxer-webm: aa71ff27fc2769a1b78a27578f13a17b -> 
  custom:container-demuxer-webm: 4f35f7cbe854078d1ac9338744f61a02 -> 
  custom:video-encoder-webm-vp8: eb34c28f22e8b96e1ab97ce403110664 -> 
  custom:audio-encoder-webm-vorbis: bf7c407c2cedff20999df2af8eb42d56 -> 
  custom:framework-win-MediaFoundation: 216162199b28c13a410421893ffa2e32 -> 
  custom:container-demuxer-ogg: 62fdf1f143b41e24485cea50d1cbac27 -> 
  custom:video-decoder-webm-vp8: 9c59270c3fd7afecdb556c50c9e8de78 -> 
  custom:audio-decoder-ogg-vorbis: bf7c407c2cedff20999df2af8eb42d56 -> 
========================================================================
Received Import Request.
  Time since last request: 3126.043188 seconds.
  path: Assets/Free RPG Icons Pack
  artifactKey: Guid(75bac2ba5652bd8498224795eb5b937a) Importer(815301076,1909f56bfc062723c751e8b465ee728b)
Start importing Assets/Free RPG Icons Pack using Guid(75bac2ba5652bd8498224795eb5b937a) Importer(815301076,1909f56bfc062723c751e8b465ee728b)  -> (artifact id: '59803beecaaeed8055227e1b5065f6c0') in 0.012785 seconds 
========================================================================
Received Prepare
Registering precompiled user dll's ...
Registered in 0.009863 seconds.
Begin MonoManager ReloadAssembly
Symbol file LoadedFromMemory doesn't match image C:\Users\user\Documents\GitHub\N-own-Magic\N-own Magic\Library\PackageCache\com.unity.visualscripting@1.7.8\Editor\VisualScripting.Core\Dependencies\YamlDotNet\Unity.VisualScripting.YamlDotNet.dll
Symbol file LoadedFromMemory doesn't match image C:\Users\user\Documents\GitHub\N-own-Magic\N-own Magic\Library\PackageCache\com.unity.visualscripting@1.7.8\Editor\VisualScripting.Core\Dependencies\DotNetZip\Unity.VisualScripting.IonicZip.dll
Native extension for WindowsStandalone target not found
Native extension for WebGL target not found
Refreshing native plugins compatible for Editor in 0.56 ms, found 4 plugins.
Preloading 0 native plugins for Editor in 0.00 ms.
CreateSerializedAsset is not supported while importing out-of-process
UnityEngine.StackTraceUtility:ExtractStackTrace ()
Gentleland.Utils.SteampunkUI.OpenWindowsOnLoad:.cctor () (at Assets/Background/GUI/Gentleland/SteampunkUI/Utils/Editor/OpenWindowsOnLoad.cs:23)
System.Runtime.CompilerServices.RuntimeHelpers:RunClassConstructor (System.RuntimeTypeHandle)
UnityEditor.EditorAssemblies:ProcessInitializeOnLoadAttributes (System.Type[])

[Assets/Background/GUI/Gentleland/SteampunkUI/Utils/Editor/OpenWindowsOnLoad.cs line 23]

UnityEngine.UnityException: Creating asset at path Assets/GentlelandSettings/GentlelandSettings_SteampunkUI.asset failed.
  at (wrapper managed-to-native) UnityEditor.AssetDatabase.CreateAsset(UnityEngine.Object,string)
  at Gentleland.Utils.SteampunkUI.OpenWindowsOnLoad..cctor () [0x00036] in C:\Users\user\Documents\GitHub\N-own-Magic\N-own Magic\Assets\Background\GUI\Gentleland\SteampunkUI\Utils\Editor\OpenWindowsOnLoad.cs:23 
UnityEngine.StackTraceUtility:ExtractStackTrace ()
UnityEngine.DebugLogHandler:LogFormat (UnityEngine.LogType,UnityEngine.Object,string,object[])
UnityEngine.Logger:Log (UnityEngine.LogType,object)
UnityEngine.Debug:LogError (object)
UnityEditor.EditorAssemblies:ProcessInitializeOnLoadAttributes (System.Type[])

Mono: successfully reloaded assembly
- Completed reload, in  0.717 seconds
Domain Reload Profiling:
	ReloadAssembly (718ms)
		BeginReloadAssembly (111ms)
			ExecutionOrderSort (0ms)
			DisableScriptedObjects (4ms)
			BackupInstance (0ms)
			ReleaseScriptingObjects (0ms)
			CreateAndSetChildDomain (23ms)
		EndReloadAssembly (535ms)
			LoadAssemblies (92ms)
			RebuildTransferFunctionScriptingTraits (0ms)
			SetupTypeCache (142ms)
			ReleaseScriptCaches (1ms)
			RebuildScriptCaches (26ms)
			SetupLoadedEditorAssemblies (248ms)
				LogAssemblyErrors (0ms)
				InitializePlatformSupportModulesInManaged (11ms)
				SetLoadedEditorAssemblies (0ms)
				RefreshPlugins (1ms)
				BeforeProcessingInitializeOnLoad (61ms)
				ProcessInitializeOnLoadAttributes (136ms)
				ProcessInitializeOnLoadMethodAttributes (26ms)
				AfterProcessingInitializeOnLoad (13ms)
				EditorAssembliesLoaded (0ms)
			ExecutionOrderSort2 (0ms)
			AwakeInstancesAfterBackupRestoration (14ms)
Platform modules already initialized, skipping
Refreshing native plugins compatible for Editor in 2.76 ms, found 4 plugins.
Preloading 0 native plugins for Editor in 0.00 ms.
Unloading 4071 Unused Serialized files (Serialized files now loaded: 0)
Unloading 25 unused Assets / (24.7 KB). Loaded Objects now: 4545.
Memory consumption went from 151.6 MB to 151.6 MB.
Total: 2.366900 ms (FindLiveObjects: 0.282900 ms CreateObjectMapping: 0.133100 ms MarkObjects: 1.929700 ms  DeleteObjects: 0.020400 ms)

AssetImportParameters requested are different than current active one (requested -> active):
  custom:video-decoder-ogg-theora: a1e56fd34408186e4bbccfd4996cb3dc -> 
  custom:container-muxer-webm: aa71ff27fc2769a1b78a27578f13a17b -> 
  custom:container-demuxer-webm: 4f35f7cbe854078d1ac9338744f61a02 -> 
  custom:video-encoder-webm-vp8: eb34c28f22e8b96e1ab97ce403110664 -> 
  custom:audio-encoder-webm-vorbis: bf7c407c2cedff20999df2af8eb42d56 -> 
  custom:framework-win-MediaFoundation: 216162199b28c13a410421893ffa2e32 -> 
  custom:container-demuxer-ogg: 62fdf1f143b41e24485cea50d1cbac27 -> 
  custom:video-decoder-webm-vp8: 9c59270c3fd7afecdb556c50c9e8de78 -> 
  custom:audio-decoder-ogg-vorbis: bf7c407c2cedff20999df2af8eb42d56 -> 
========================================================================
Received Import Request.
  Time since last request: 428.731029 seconds.
  path: Assets/Fantasy RPG Icon Set- Free
  artifactKey: Guid(8eb8028dbce59934b8a435b790f5bbb5) Importer(815301076,1909f56bfc062723c751e8b465ee728b)
Start importing Assets/Fantasy RPG Icon Set- Free using Guid(8eb8028dbce59934b8a435b790f5bbb5) Importer(815301076,1909f56bfc062723c751e8b465ee728b)  -> (artifact id: '8268842b97b2db9fceef066943867c55') in 0.014783 seconds 
========================================================================
Received Import Request.
  Time since last request: 0.918177 seconds.
  path: Assets/Fantasy RPG Icon Set- Free/Icons
  artifactKey: Guid(241021291bb6d194584f8d82e98b7c03) Importer(815301076,1909f56bfc062723c751e8b465ee728b)
Start importing Assets/Fantasy RPG Icon Set- Free/Icons using Guid(241021291bb6d194584f8d82e98b7c03) Importer(815301076,1909f56bfc062723c751e8b465ee728b)  -> (artifact id: '8e0d788522cf97d24567dd966c9c9bd1') in 0.006872 seconds 
========================================================================
Received Import Request.
  Time since last request: 0.051935 seconds.
  path: Assets/Fantasy RPG Icon Set- Free/Icons/Bracer.png
  artifactKey: Guid(d8477b5c278deae48a17bdecb965b4b4) Importer(815301076,1909f56bfc062723c751e8b465ee728b)
Start importing Assets/Fantasy RPG Icon Set- Free/Icons/Bracer.png using Guid(d8477b5c278deae48a17bdecb965b4b4) Importer(815301076,1909f56bfc062723c751e8b465ee728b)  -> (artifact id: '0af2476041fcd5350a363a0b0093fe0f') in 0.137029 seconds 
========================================================================
Received Import Request.
  Time since last request: 0.000022 seconds.
  path: Assets/Fantasy RPG Icon Set- Free/Icons/Sword.png
  artifactKey: Guid(1485756e68e1f8646aa4150118b79dac) Importer(815301076,1909f56bfc062723c751e8b465ee728b)
Start importing Assets/Fantasy RPG Icon Set- Free/Icons/Sword.png using Guid(1485756e68e1f8646aa4150118b79dac) Importer(815301076,1909f56bfc062723c751e8b465ee728b)  -> (artifact id: 'd2a8d45dea1952e03862b77f680aa496') in 0.016496 seconds 
========================================================================
Received Import Request.
  Time since last request: 3.220969 seconds.
  path: Assets/Fantasy RPG Icon Set- Free/Icons/Transparent
  artifactKey: Guid(4a8a162cf04b6d1448ba15044d6b5ee3) Importer(815301076,1909f56bfc062723c751e8b465ee728b)
Start importing Assets/Fantasy RPG Icon Set- Free/Icons/Transparent using Guid(4a8a162cf04b6d1448ba15044d6b5ee3) Importer(815301076,1909f56bfc062723c751e8b465ee728b)  -> (artifact id: 'dc4dd5825a23a0a7d0fa0faac5236369') in 0.010851 seconds 
========================================================================
Received Import Request.
  Time since last request: 0.080173 seconds.
  path: Assets/Fantasy RPG Icon Set- Free/Icons/Transparent/T_Bracer.png
  artifactKey: Guid(5ba07cf31437e0745acd95de89aa211c) Importer(815301076,1909f56bfc062723c751e8b465ee728b)
Start importing Assets/Fantasy RPG Icon Set- Free/Icons/Transparent/T_Bracer.png using Guid(5ba07cf31437e0745acd95de89aa211c) Importer(815301076,1909f56bfc062723c751e8b465ee728b)  -> (artifact id: '3eb9408b8d076eb906fa7efff0d88fa1') in 0.024329 seconds 
========================================================================
Received Import Request.
  Time since last request: 0.000012 seconds.
  path: Assets/Fantasy RPG Icon Set- Free/Icons/Transparent/T_Scroll.png
  artifactKey: Guid(53226da35d205e64aa7a1b6671e5203c) Importer(815301076,1909f56bfc062723c751e8b465ee728b)
Start importing Assets/Fantasy RPG Icon Set- Free/Icons/Transparent/T_Scroll.png using Guid(53226da35d205e64aa7a1b6671e5203c) Importer(815301076,1909f56bfc062723c751e8b465ee728b)  -> (artifact id: '56dc50a219113ad3a506da7bc850d227') in 0.018589 seconds 
========================================================================
Received Import Request.
  Time since last request: 2223.921358 seconds.
  path: Assets/CharactorS/Bringer Of Death
  artifactKey: Guid(6b613324b01b76942800b9201932764c) Importer(815301076,1909f56bfc062723c751e8b465ee728b)
Start importing Assets/CharactorS/Bringer Of Death using Guid(6b613324b01b76942800b9201932764c) Importer(815301076,1909f56bfc062723c751e8b465ee728b)  -> (artifact id: '347d9c7996c60d0bfd4b3493830709b0') in 0.019075 seconds 
========================================================================
Received Import Request.
  Time since last request: 1.496918 seconds.
  path: Assets/CharactorS/Evil Wizard 2
  artifactKey: Guid(2dcc4d7faf961594497e20c8b3b026f4) Importer(815301076,1909f56bfc062723c751e8b465ee728b)
Start importing Assets/CharactorS/Evil Wizard 2 using Guid(2dcc4d7faf961594497e20c8b3b026f4) Importer(815301076,1909f56bfc062723c751e8b465ee728b)  -> (artifact id: '3c6ca0dd5b7032849b08f612967407bf') in 0.008773 seconds 
========================================================================
Received Import Request.
  Time since last request: 0.907501 seconds.
  path: Assets/CharactorS/Evil Wizard 2/Animations
  artifactKey: Guid(3dc65cf0097471b498f22514285c03b7) Importer(815301076,1909f56bfc062723c751e8b465ee728b)
Start importing Assets/CharactorS/Evil Wizard 2/Animations using Guid(3dc65cf0097471b498f22514285c03b7) Importer(815301076,1909f56bfc062723c751e8b465ee728b)  -> (artifact id: 'e3b6438eaaecbbd4f08db5e4a4848f4b') in 0.008165 seconds 
========================================================================
Received Import Request.
  Time since last request: 1.701260 seconds.
  path: Assets/CharactorS/Evil Wizard 2/Sprites
  artifactKey: Guid(0833e8cac863661468d4aa73d440e881) Importer(815301076,1909f56bfc062723c751e8b465ee728b)
Start importing Assets/CharactorS/Evil Wizard 2/Sprites using Guid(0833e8cac863661468d4aa73d440e881) Importer(815301076,1909f56bfc062723c751e8b465ee728b)  -> (artifact id: '4649192046ddcd3681742f770c462f9c') in 0.008578 seconds 
========================================================================
Received Import Request.
  Time since last request: 0.123966 seconds.
  path: Assets/CharactorS/Evil Wizard 2/Sprites/Attack1.png
  artifactKey: Guid(286e888c7c071b047930dd3085b26e6c) Importer(815301076,1909f56bfc062723c751e8b465ee728b)
Start importing Assets/CharactorS/Evil Wizard 2/Sprites/Attack1.png using Guid(286e888c7c071b047930dd3085b26e6c) Importer(815301076,1909f56bfc062723c751e8b465ee728b)  -> (artifact id: '7423a413c858c4d88e579e7972ba1130') in 0.044917 seconds 
========================================================================
Received Import Request.
  Time since last request: 0.009443 seconds.
  path: Assets/CharactorS/Evil Wizard 2/Sprites/Death.png
  artifactKey: Guid(800340ad506f62c4fbe1c509cf465433) Importer(815301076,1909f56bfc062723c751e8b465ee728b)
Start importing Assets/CharactorS/Evil Wizard 2/Sprites/Death.png using Guid(800340ad506f62c4fbe1c509cf465433) Importer(815301076,1909f56bfc062723c751e8b465ee728b)  -> (artifact id: '1a27fdad20573b6fcf8bfbf2b07d19b9') in 0.041275 seconds 
========================================================================
Received Import Request.
  Time since last request: 0.000018 seconds.
  path: Assets/CharactorS/Evil Wizard 2/Sprites/Jump.png
  artifactKey: Guid(e1dcb296556b7fb43ae4100dd40b6e47) Importer(815301076,1909f56bfc062723c751e8b465ee728b)
Start importing Assets/CharactorS/Evil Wizard 2/Sprites/Jump.png using Guid(e1dcb296556b7fb43ae4100dd40b6e47) Importer(815301076,1909f56bfc062723c751e8b465ee728b)  -> (artifact id: '78250a10c37ea66bbd47613d00d8feab') in 0.020824 seconds 
========================================================================
Received Import Request.
  Time since last request: 0.000024 seconds.
  path: Assets/CharactorS/Evil Wizard 2/Sprites/Take hit.png
  artifactKey: Guid(7263ba8e3d07f7c4c90dd7ca4dc14bdd) Importer(815301076,1909f56bfc062723c751e8b465ee728b)
Start importing Assets/CharactorS/Evil Wizard 2/Sprites/Take hit.png using Guid(7263ba8e3d07f7c4c90dd7ca4dc14bdd) Importer(815301076,1909f56bfc062723c751e8b465ee728b)  -> (artifact id: 'f031b55ebde24e283cc4e4e3ac61794f') in 0.023591 seconds 
Editor requested this worker to shutdown with reason: Scaling down because of idle timeout
AssetImportWorker is now disconnected from the server
Process exiting
Exiting without the bug reporter. Application will terminate with return code 0