Using pre-set license
Built from '2021.3/staging' branch; Version is '2021.3.10f1 (1c7d0df0160b) revision 1867021'; Using compiler version '192829333'; Build Type 'Release'
OS: 'Windows 10  (10.0.19045) 64bit Professional' Language: 'ko' Physical Memory: 16126 MB
BatchMode: 1, IsHumanControllingUs: 0, StartBugReporterOnCrash: 0, Is64bit: 1, IsPro: 1

COMMAND LINE ARGUMENTS:
C:\Program Files\Unity\Hub\Editor\2021.3.10f1\Editor\Unity.exe
-adb2
-batchMode
-noUpm
-name
AssetImportWorker11
-projectPath
C:/Users/N/Documents/GitHub/N-own-Magic/N-own Magic
-logFile
Logs/AssetImportWorker11.log
-srvPort
7690
Successfully changed project path to: C:/Users/N/Documents/GitHub/N-own-Magic/N-own Magic
C:/Users/N/Documents/GitHub/N-own-Magic/N-own Magic
[UnityMemory] Configuration Parameters - Can be set up in boot.config
    "memorysetup-bucket-allocator-granularity=16"
    "memorysetup-bucket-allocator-bucket-count=8"
    "memorysetup-bucket-allocator-block-size=33554432"
    "memorysetup-bucket-allocator-block-count=8"
    "memorysetup-main-allocator-block-size=16777216"
    "memorysetup-thread-allocator-block-size=16777216"
    "memorysetup-gfx-main-allocator-block-size=16777216"
    "memorysetup-gfx-thread-allocator-block-size=16777216"
    "memorysetup-cache-allocator-block-size=4194304"
    "memorysetup-typetree-allocator-block-size=2097152"
    "memorysetup-profiler-bucket-allocator-granularity=16"
    "memorysetup-profiler-bucket-allocator-bucket-count=8"
    "memorysetup-profiler-bucket-allocator-block-size=33554432"
    "memorysetup-profiler-bucket-allocator-block-count=8"
    "memorysetup-profiler-allocator-block-size=16777216"
    "memorysetup-profiler-editor-allocator-block-size=1048576"
    "memorysetup-temp-allocator-size-main=16777216"
    "memorysetup-job-temp-allocator-block-size=2097152"
    "memorysetup-job-temp-allocator-block-size-background=1048576"
    "memorysetup-job-temp-allocator-reduction-small-platforms=262144"
    "memorysetup-temp-allocator-size-background-worker=32768"
    "memorysetup-temp-allocator-size-job-worker=262144"
    "memorysetup-temp-allocator-size-preload-manager=33554432"
    "memorysetup-temp-allocator-size-nav-mesh-worker=65536"
    "memorysetup-temp-allocator-size-audio-worker=65536"
    "memorysetup-temp-allocator-size-cloud-worker=32768"
    "memorysetup-temp-allocator-size-gi-baking-worker=262144"
    "memorysetup-temp-allocator-size-gfx=262144"
Refreshing native plugins compatible for Editor in 218.71 ms, found 4 plugins.
Preloading 0 native plugins for Editor in 0.00 ms.
Initialize engine version: 2021.3.10f1 (1c7d0df0160b)
[Subsystems] Discovering subsystems at path C:/Program Files/Unity/Hub/Editor/2021.3.10f1/Editor/Data/Resources/UnitySubsystems
[Subsystems] Discovering subsystems at path C:/Users/N/Documents/GitHub/N-own-Magic/N-own Magic/Assets
GfxDevice: creating device client; threaded=0; jobified=0
Direct3D:
    Version:  Direct3D 11.0 [level 11.1]
    Renderer: NVIDIA GeForce MX450 (ID=0x1f97)
    Vendor:   NVIDIA
    VRAM:     1906 MB
    Driver:   32.0.15.5612
Initialize mono
Mono path[0] = 'C:/Program Files/Unity/Hub/Editor/2021.3.10f1/Editor/Data/Managed'
Mono path[1] = 'C:/Program Files/Unity/Hub/Editor/2021.3.10f1/Editor/Data/MonoBleedingEdge/lib/mono/unityjit-win32'
Mono config path = 'C:/Program Files/Unity/Hub/Editor/2021.3.10f1/Editor/Data/MonoBleedingEdge/etc'
Using monoOptions --debugger-agent=transport=dt_socket,embedding=1,server=y,suspend=n,address=127.0.0.1:56140
Begin MonoManager ReloadAssembly
Registering precompiled unity dll's ...
Register platform support module: C:/Program Files/Unity/Hub/Editor/2021.3.10f1/Editor/Data/PlaybackEngines/WindowsStandaloneSupport/UnityEditor.WindowsStandalone.Extensions.dll
Registered in 0.021220 seconds.
Native extension for WindowsStandalone target not found
Refreshing native plugins compatible for Editor in 144.14 ms, found 4 plugins.
Preloading 0 native plugins for Editor in 0.00 ms.
Mono: successfully reloaded assembly
- Completed reload, in  1.054 seconds
Domain Reload Profiling:
	ReloadAssembly (1055ms)
		BeginReloadAssembly (145ms)
			ExecutionOrderSort (0ms)
			DisableScriptedObjects (0ms)
			BackupInstance (0ms)
			ReleaseScriptingObjects (0ms)
			CreateAndSetChildDomain (1ms)
		EndReloadAssembly (704ms)
			LoadAssemblies (139ms)
			RebuildTransferFunctionScriptingTraits (0ms)
			SetupTypeCache (169ms)
			ReleaseScriptCaches (0ms)
			RebuildScriptCaches (39ms)
			SetupLoadedEditorAssemblies (411ms)
				LogAssemblyErrors (0ms)
				InitializePlatformSupportModulesInManaged (11ms)
				SetLoadedEditorAssemblies (0ms)
				RefreshPlugins (144ms)
				BeforeProcessingInitializeOnLoad (2ms)
				ProcessInitializeOnLoadAttributes (172ms)
				ProcessInitializeOnLoadMethodAttributes (81ms)
				AfterProcessingInitializeOnLoad (0ms)
				EditorAssembliesLoaded (0ms)
			ExecutionOrderSort2 (0ms)
			AwakeInstancesAfterBackupRestoration (0ms)
Platform modules already initialized, skipping
Registering precompiled user dll's ...
Registered in 0.018855 seconds.
Begin MonoManager ReloadAssembly
Symbol file LoadedFromMemory doesn't match image C:\Users\N\Documents\GitHub\N-own-Magic\N-own Magic\Library\PackageCache\com.unity.visualscripting@1.7.8\Editor\VisualScripting.Core\Dependencies\YamlDotNet\Unity.VisualScripting.YamlDotNet.dll
Symbol file LoadedFromMemory doesn't match image C:\Users\N\Documents\GitHub\N-own-Magic\N-own Magic\Library\PackageCache\com.unity.visualscripting@1.7.8\Editor\VisualScripting.Core\Dependencies\DotNetZip\Unity.VisualScripting.IonicZip.dll
Native extension for WindowsStandalone target not found
Refreshing native plugins compatible for Editor in 149.49 ms, found 4 plugins.
Preloading 0 native plugins for Editor in 0.00 ms.
Mono: successfully reloaded assembly
- Completed reload, in  1.910 seconds
Domain Reload Profiling:
	ReloadAssembly (1911ms)
		BeginReloadAssembly (194ms)
			ExecutionOrderSort (0ms)
			DisableScriptedObjects (8ms)
			BackupInstance (0ms)
			ReleaseScriptingObjects (0ms)
			CreateAndSetChildDomain (27ms)
		EndReloadAssembly (1505ms)
			LoadAssemblies (173ms)
			RebuildTransferFunctionScriptingTraits (0ms)
			SetupTypeCache (372ms)
			ReleaseScriptCaches (1ms)
			RebuildScriptCaches (74ms)
			SetupLoadedEditorAssemblies (818ms)
				LogAssemblyErrors (0ms)
				InitializePlatformSupportModulesInManaged (8ms)
				SetLoadedEditorAssemblies (0ms)
				RefreshPlugins (150ms)
				BeforeProcessingInitializeOnLoad (176ms)
				ProcessInitializeOnLoadAttributes (388ms)
				ProcessInitializeOnLoadMethodAttributes (75ms)
				AfterProcessingInitializeOnLoad (20ms)
				EditorAssembliesLoaded (0ms)
			ExecutionOrderSort2 (0ms)
			AwakeInstancesAfterBackupRestoration (20ms)
Platform modules already initialized, skipping
========================================================================
Worker process is ready to serve import requests
Launched and connected shader compiler UnityShaderCompiler.exe after 0.08 seconds
Refreshing native plugins compatible for Editor in 2.21 ms, found 4 plugins.
Preloading 0 native plugins for Editor in 0.00 ms.
Unloading 4113 Unused Serialized files (Serialized files now loaded: 0)
Unloading 39 unused Assets / (56.2 KB). Loaded Objects now: 4571.
Memory consumption went from 155.3 MB to 155.2 MB.
Total: 3.299300 ms (FindLiveObjects: 0.348700 ms CreateObjectMapping: 0.145900 ms MarkObjects: 2.719000 ms  DeleteObjects: 0.084600 ms)

AssetImportParameters requested are different than current active one (requested -> active):
  custom:video-decoder-ogg-theora: a1e56fd34408186e4bbccfd4996cb3dc -> 
  custom:container-muxer-webm: aa71ff27fc2769a1b78a27578f13a17b -> 
  custom:container-demuxer-webm: 4f35f7cbe854078d1ac9338744f61a02 -> 
  custom:video-encoder-webm-vp8: eb34c28f22e8b96e1ab97ce403110664 -> 
  custom:audio-encoder-webm-vorbis: bf7c407c2cedff20999df2af8eb42d56 -> 
  custom:framework-win-MediaFoundation: 216162199b28c13a410421893ffa2e32 -> 
  custom:container-demuxer-ogg: 62fdf1f143b41e24485cea50d1cbac27 -> 
  custom:video-decoder-webm-vp8: 9c59270c3fd7afecdb556c50c9e8de78 -> 
  custom:audio-decoder-ogg-vorbis: bf7c407c2cedff20999df2af8eb42d56 -> 
========================================================================
Received Import Request.
  Time since last request: 443558.368223 seconds.
  path: Assets/Background/Dark Forest/Area1 Assets/Background/Mist.png
  artifactKey: Guid(7ec9adb7d5d32ac46985ab5415cdb01d) Importer(815301076,1909f56bfc062723c751e8b465ee728b)
Start importing Assets/Background/Dark Forest/Area1 Assets/Background/Mist.png using Guid(7ec9adb7d5d32ac46985ab5415cdb01d) Importer(815301076,1909f56bfc062723c751e8b465ee728b)  -> (artifact id: 'da34192cc2a55df4f1661e57e17342a6') in 1.139495 seconds 
========================================================================
Received Import Request.
  Time since last request: 2.573630 seconds.
  path: Assets/Background/Dark Forest/Area1 Assets/Bushes/final bush.png
  artifactKey: Guid(efc6c2462a4ea54499c5b5b648f5a0b7) Importer(815301076,1909f56bfc062723c751e8b465ee728b)
Start importing Assets/Background/Dark Forest/Area1 Assets/Bushes/final bush.png using Guid(efc6c2462a4ea54499c5b5b648f5a0b7) Importer(815301076,1909f56bfc062723c751e8b465ee728b)  -> (artifact id: '68650048abee56b3a38c838cc193f328') in 0.076077 seconds 
========================================================================
Received Import Request.
  Time since last request: 43.277740 seconds.
  path: Assets/Background/GUI/Dark_Brown_GUI_kit/background/mid/middle_dark_background1.png
  artifactKey: Guid(aadff5b07367b6742921ea94715f8356) Importer(815301076,1909f56bfc062723c751e8b465ee728b)
Start importing Assets/Background/GUI/Dark_Brown_GUI_kit/background/mid/middle_dark_background1.png using Guid(aadff5b07367b6742921ea94715f8356) Importer(815301076,1909f56bfc062723c751e8b465ee728b)  -> (artifact id: 'b3adbd003e00a1e5a53b9f50c655e70c') in 0.165179 seconds 
========================================================================
Received Import Request.
  Time since last request: 28.080934 seconds.
  path: Assets/Background/GUI/Freeui/ZOSMA/Stage/Card.png
  artifactKey: Guid(d00927981ae24934188ed5c5078e0328) Importer(815301076,1909f56bfc062723c751e8b465ee728b)
Start importing Assets/Background/GUI/Freeui/ZOSMA/Stage/Card.png using Guid(d00927981ae24934188ed5c5078e0328) Importer(815301076,1909f56bfc062723c751e8b465ee728b)  -> (artifact id: '7ac1c991e0d51f38a65d033f5a2d01be') in 0.068932 seconds 
========================================================================
Received Import Request.
  Time since last request: 0.000045 seconds.
  path: Assets/Background/GUI/Freeui/ZOSMA/Stage/Gamebotton.png
  artifactKey: Guid(2d7261d597abf884dbb36f9e026d9dbf) Importer(815301076,1909f56bfc062723c751e8b465ee728b)
Start importing Assets/Background/GUI/Freeui/ZOSMA/Stage/Gamebotton.png using Guid(2d7261d597abf884dbb36f9e026d9dbf) Importer(815301076,1909f56bfc062723c751e8b465ee728b)  -> (artifact id: '07ed72b7c73a0aeee3fcb7737c145521') in 0.099891 seconds 
========================================================================
Received Import Request.
  Time since last request: 0.000043 seconds.
  path: Assets/Background/GUI/Freeui/ZOSMA/Stage/Gameplay.png
  artifactKey: Guid(c1d1af15d5fc69748ab53495e0df6435) Importer(815301076,1909f56bfc062723c751e8b465ee728b)
Start importing Assets/Background/GUI/Freeui/ZOSMA/Stage/Gameplay.png using Guid(c1d1af15d5fc69748ab53495e0df6435) Importer(815301076,1909f56bfc062723c751e8b465ee728b)  -> (artifact id: '1004e2d6a99abeb3726d4154e76bf4c6') in 0.062956 seconds 
========================================================================
Received Import Request.
  Time since last request: 0.000208 seconds.
  path: Assets/Background/GUI/Freeui/ZOSMA/Stage/Stageexplanation__.png
  artifactKey: Guid(c1b5df518ed3d3f4b82534aaa94ac393) Importer(815301076,1909f56bfc062723c751e8b465ee728b)
Start importing Assets/Background/GUI/Freeui/ZOSMA/Stage/Stageexplanation__.png using Guid(c1b5df518ed3d3f4b82534aaa94ac393) Importer(815301076,1909f56bfc062723c751e8b465ee728b)  -> (artifact id: 'ebe8a65e8d494c4e6c5b3ce1dba9d1fa') in 0.057133 seconds 
========================================================================
Received Import Request.
  Time since last request: 0.000034 seconds.
  path: Assets/Background/GUI/Freeui/ZOSMA/Stage/Stagename.png
  artifactKey: Guid(6e7dc87ca75e3974f8689919175f30aa) Importer(815301076,1909f56bfc062723c751e8b465ee728b)
Start importing Assets/Background/GUI/Freeui/ZOSMA/Stage/Stagename.png using Guid(6e7dc87ca75e3974f8689919175f30aa) Importer(815301076,1909f56bfc062723c751e8b465ee728b)  -> (artifact id: '0ecf61db72e25fbd39ab94a3b210ac70') in 0.060965 seconds 
========================================================================
Received Import Request.
  Time since last request: 0.000030 seconds.
  path: Assets/Background/GUI/Freeui/ZOSMA/Stage/Cardline.png
  artifactKey: Guid(803d9b989f0aeac46871527acbb14986) Importer(815301076,1909f56bfc062723c751e8b465ee728b)
Start importing Assets/Background/GUI/Freeui/ZOSMA/Stage/Cardline.png using Guid(803d9b989f0aeac46871527acbb14986) Importer(815301076,1909f56bfc062723c751e8b465ee728b)  -> (artifact id: 'd37c725e5d97c4f31fc84188ca8d00b9') in 0.067874 seconds 
========================================================================
Received Import Request.
  Time since last request: 1.774545 seconds.
  path: Assets/Background/GUI/Freeui/ZOSMA/Stage/Back/Foldingpaper.png
  artifactKey: Guid(351ecc884d71abc4080fb470f1871a49) Importer(815301076,1909f56bfc062723c751e8b465ee728b)
Start importing Assets/Background/GUI/Freeui/ZOSMA/Stage/Back/Foldingpaper.png using Guid(351ecc884d71abc4080fb470f1871a49) Importer(815301076,1909f56bfc062723c751e8b465ee728b)  -> (artifact id: '09700b3e95df69c03a4e1b520decf7ea') in 0.076754 seconds 
========================================================================
Received Import Request.
  Time since last request: 0.000132 seconds.
  path: Assets/Background/GUI/Freeui/ZOSMA/Stage/Back/FoldingpaperShadow.png
  artifactKey: Guid(952c3dcbb6c2be44fbb735b95a0ac51b) Importer(815301076,1909f56bfc062723c751e8b465ee728b)
Start importing Assets/Background/GUI/Freeui/ZOSMA/Stage/Back/FoldingpaperShadow.png using Guid(952c3dcbb6c2be44fbb735b95a0ac51b) Importer(815301076,1909f56bfc062723c751e8b465ee728b)  -> (artifact id: 'f119fa0fe378955469c8f32462cc0a04') in 0.065982 seconds 
========================================================================
Received Import Request.
  Time since last request: 0.000065 seconds.
  path: Assets/Background/GUI/Freeui/ZOSMA/Stage/Back/Lefrupside.png
  artifactKey: Guid(fa5a8ba3af52d7a4481786acadd9bbed) Importer(815301076,1909f56bfc062723c751e8b465ee728b)
Start importing Assets/Background/GUI/Freeui/ZOSMA/Stage/Back/Lefrupside.png using Guid(fa5a8ba3af52d7a4481786acadd9bbed) Importer(815301076,1909f56bfc062723c751e8b465ee728b)  -> (artifact id: 'fe1192a5488662d125842142f6e3f459') in 0.060326 seconds 
========================================================================
Received Import Request.
  Time since last request: 0.000037 seconds.
  path: Assets/Background/GUI/Freeui/ZOSMA/Stage/Back/Rightupside.png
  artifactKey: Guid(23d1f1848d63cb84fb64cc59e66c4326) Importer(815301076,1909f56bfc062723c751e8b465ee728b)
Start importing Assets/Background/GUI/Freeui/ZOSMA/Stage/Back/Rightupside.png using Guid(23d1f1848d63cb84fb64cc59e66c4326) Importer(815301076,1909f56bfc062723c751e8b465ee728b)  -> (artifact id: '6d7656281c2dac939d1d1ee2cd9751ab') in 0.056236 seconds 
========================================================================
Received Import Request.
  Time since last request: 0.000034 seconds.
  path: Assets/Background/GUI/Freeui/ZOSMA/Stage/Back/RIghtdownside.png
  artifactKey: Guid(da0a3c737c221134fac6b38e2639660c) Importer(815301076,1909f56bfc062723c751e8b465ee728b)
Start importing Assets/Background/GUI/Freeui/ZOSMA/Stage/Back/RIghtdownside.png using Guid(da0a3c737c221134fac6b38e2639660c) Importer(815301076,1909f56bfc062723c751e8b465ee728b)  -> (artifact id: '7f92a028bbcc5dd8b295567ccfa77703') in 0.058898 seconds 
========================================================================
Received Import Request.
  Time since last request: 10.970268 seconds.
  path: Assets/Background/GUI/Freeui/ZOSMA/Main/Back/Foldingpaper.png
  artifactKey: Guid(b17a705b1fccb414c9a1ca863d3ff64b) Importer(815301076,1909f56bfc062723c751e8b465ee728b)
Start importing Assets/Background/GUI/Freeui/ZOSMA/Main/Back/Foldingpaper.png using Guid(b17a705b1fccb414c9a1ca863d3ff64b) Importer(815301076,1909f56bfc062723c751e8b465ee728b)  -> (artifact id: '5e9562d40abf510f78af85b1c16efb2f') in 0.050793 seconds 
========================================================================
Received Import Request.
  Time since last request: 0.000035 seconds.
  path: Assets/Background/GUI/Freeui/ZOSMA/Main/Back/Rightupside.png
  artifactKey: Guid(1d28e361e0befb14ba77f2e74c8bfe83) Importer(815301076,1909f56bfc062723c751e8b465ee728b)
Start importing Assets/Background/GUI/Freeui/ZOSMA/Main/Back/Rightupside.png using Guid(1d28e361e0befb14ba77f2e74c8bfe83) Importer(815301076,1909f56bfc062723c751e8b465ee728b)  -> (artifact id: '62a83fa7a4b6442ca51454bd72028c30') in 0.038914 seconds 
Editor requested this worker to shutdown with reason: Scaling down because of idle timeout
AssetImportWorker is now disconnected from the server
Process exiting
Exiting without the bug reporter. Application will terminate with return code 0