Using pre-set license
Built from '2021.3/staging' branch; Version is '2021.3.10f1 (1c7d0df0160b) revision 1867021'; Using compiler version '192829333'; Build Type 'Release'
OS: 'Windows 11  (10.0.22631) 64bit Core' Language: 'ko' Physical Memory: 32627 MB
BatchMode: 1, IsHumanControllingUs: 0, StartBugReporterOnCrash: 0, Is64bit: 1, IsPro: 1

COMMAND LINE ARGUMENTS:
C:\Program Files\Unity\Hub\Editor\2021.3.10f1\Editor\Unity.exe
-adb2
-batchMode
-noUpm
-name
AssetImportWorker10
-projectPath
C:/Users/user/Documents/GitHub/N-own-Magic/N-own Magic
-logFile
Logs/AssetImportWorker10.log
-srvPort
58822
Successfully changed project path to: C:/Users/user/Documents/GitHub/N-own-Magic/N-own Magic
C:/Users/user/Documents/GitHub/N-own-Magic/N-own Magic
[UnityMemory] Configuration Parameters - Can be set up in boot.config
    "memorysetup-bucket-allocator-granularity=16"
    "memorysetup-bucket-allocator-bucket-count=8"
    "memorysetup-bucket-allocator-block-size=33554432"
    "memorysetup-bucket-allocator-block-count=8"
    "memorysetup-main-allocator-block-size=16777216"
    "memorysetup-thread-allocator-block-size=16777216"
    "memorysetup-gfx-main-allocator-block-size=16777216"
    "memorysetup-gfx-thread-allocator-block-size=16777216"
    "memorysetup-cache-allocator-block-size=4194304"
    "memorysetup-typetree-allocator-block-size=2097152"
    "memorysetup-profiler-bucket-allocator-granularity=16"
    "memorysetup-profiler-bucket-allocator-bucket-count=8"
    "memorysetup-profiler-bucket-allocator-block-size=33554432"
    "memorysetup-profiler-bucket-allocator-block-count=8"
    "memorysetup-profiler-allocator-block-size=16777216"
    "memorysetup-profiler-editor-allocator-block-size=1048576"
    "memorysetup-temp-allocator-size-main=16777216"
    "memorysetup-job-temp-allocator-block-size=2097152"
    "memorysetup-job-temp-allocator-block-size-background=1048576"
    "memorysetup-job-temp-allocator-reduction-small-platforms=262144"
    "memorysetup-temp-allocator-size-background-worker=32768"
    "memorysetup-temp-allocator-size-job-worker=262144"
    "memorysetup-temp-allocator-size-preload-manager=33554432"
    "memorysetup-temp-allocator-size-nav-mesh-worker=65536"
    "memorysetup-temp-allocator-size-audio-worker=65536"
    "memorysetup-temp-allocator-size-cloud-worker=32768"
    "memorysetup-temp-allocator-size-gi-baking-worker=262144"
    "memorysetup-temp-allocator-size-gfx=262144"
Refreshing native plugins compatible for Editor in 82.49 ms, found 4 plugins.
Preloading 0 native plugins for Editor in 0.00 ms.
Initialize engine version: 2021.3.10f1 (1c7d0df0160b)
[Subsystems] Discovering subsystems at path C:/Program Files/Unity/Hub/Editor/2021.3.10f1/Editor/Data/Resources/UnitySubsystems
[Subsystems] Discovering subsystems at path C:/Users/user/Documents/GitHub/N-own-Magic/N-own Magic/Assets
GfxDevice: creating device client; threaded=0; jobified=0
Direct3D:
    Version:  Direct3D 11.0 [level 11.1]
    Renderer: NVIDIA GeForce RTX 3060 Ti (ID=0x2489)
    Vendor:   NVIDIA
    VRAM:     8038 MB
    Driver:   31.0.15.3598
Initialize mono
Mono path[0] = 'C:/Program Files/Unity/Hub/Editor/2021.3.10f1/Editor/Data/Managed'
Mono path[1] = 'C:/Program Files/Unity/Hub/Editor/2021.3.10f1/Editor/Data/MonoBleedingEdge/lib/mono/unityjit-win32'
Mono config path = 'C:/Program Files/Unity/Hub/Editor/2021.3.10f1/Editor/Data/MonoBleedingEdge/etc'
Using monoOptions --debugger-agent=transport=dt_socket,embedding=1,server=y,suspend=n,address=127.0.0.1:56608
Begin MonoManager ReloadAssembly
Registering precompiled unity dll's ...
Register platform support module: C:/Program Files/Unity/Hub/Editor/2021.3.10f1/Editor/Data/PlaybackEngines/WebGLSupport/UnityEditor.WebGL.Extensions.dll
Register platform support module: C:/Program Files/Unity/Hub/Editor/2021.3.10f1/Editor/Data/PlaybackEngines/WindowsStandaloneSupport/UnityEditor.WindowsStandalone.Extensions.dll
Registered in 0.016095 seconds.
Native extension for WindowsStandalone target not found
Native extension for WebGL target not found
Refreshing native plugins compatible for Editor in 71.56 ms, found 4 plugins.
Preloading 0 native plugins for Editor in 0.00 ms.
Mono: successfully reloaded assembly
- Completed reload, in  0.552 seconds
Domain Reload Profiling:
	ReloadAssembly (552ms)
		BeginReloadAssembly (93ms)
			ExecutionOrderSort (0ms)
			DisableScriptedObjects (0ms)
			BackupInstance (0ms)
			ReleaseScriptingObjects (0ms)
			CreateAndSetChildDomain (0ms)
		EndReloadAssembly (345ms)
			LoadAssemblies (90ms)
			RebuildTransferFunctionScriptingTraits (0ms)
			SetupTypeCache (81ms)
			ReleaseScriptCaches (0ms)
			RebuildScriptCaches (19ms)
			SetupLoadedEditorAssemblies (197ms)
				LogAssemblyErrors (0ms)
				InitializePlatformSupportModulesInManaged (9ms)
				SetLoadedEditorAssemblies (0ms)
				RefreshPlugins (72ms)
				BeforeProcessingInitializeOnLoad (1ms)
				ProcessInitializeOnLoadAttributes (79ms)
				ProcessInitializeOnLoadMethodAttributes (36ms)
				AfterProcessingInitializeOnLoad (0ms)
				EditorAssembliesLoaded (0ms)
			ExecutionOrderSort2 (0ms)
			AwakeInstancesAfterBackupRestoration (0ms)
Platform modules already initialized, skipping
Registering precompiled user dll's ...
Registered in 0.011330 seconds.
Begin MonoManager ReloadAssembly
Symbol file LoadedFromMemory doesn't match image C:\Users\user\Documents\GitHub\N-own-Magic\N-own Magic\Library\PackageCache\com.unity.visualscripting@1.7.8\Editor\VisualScripting.Core\Dependencies\YamlDotNet\Unity.VisualScripting.YamlDotNet.dll
Symbol file LoadedFromMemory doesn't match image C:\Users\user\Documents\GitHub\N-own-Magic\N-own Magic\Library\PackageCache\com.unity.visualscripting@1.7.8\Editor\VisualScripting.Core\Dependencies\DotNetZip\Unity.VisualScripting.IonicZip.dll
Native extension for WindowsStandalone target not found
Native extension for WebGL target not found
Refreshing native plugins compatible for Editor in 71.58 ms, found 4 plugins.
Preloading 0 native plugins for Editor in 0.00 ms.
Mono: successfully reloaded assembly
- Completed reload, in  0.899 seconds
Domain Reload Profiling:
	ReloadAssembly (899ms)
		BeginReloadAssembly (103ms)
			ExecutionOrderSort (0ms)
			DisableScriptedObjects (3ms)
			BackupInstance (0ms)
			ReleaseScriptingObjects (0ms)
			CreateAndSetChildDomain (13ms)
		EndReloadAssembly (705ms)
			LoadAssemblies (107ms)
			RebuildTransferFunctionScriptingTraits (0ms)
			SetupTypeCache (160ms)
			ReleaseScriptCaches (0ms)
			RebuildScriptCaches (37ms)
			SetupLoadedEditorAssemblies (379ms)
				LogAssemblyErrors (0ms)
				InitializePlatformSupportModulesInManaged (7ms)
				SetLoadedEditorAssemblies (1ms)
				RefreshPlugins (72ms)
				BeforeProcessingInitializeOnLoad (77ms)
				ProcessInitializeOnLoadAttributes (181ms)
				ProcessInitializeOnLoadMethodAttributes (28ms)
				AfterProcessingInitializeOnLoad (13ms)
				EditorAssembliesLoaded (0ms)
			ExecutionOrderSort2 (0ms)
			AwakeInstancesAfterBackupRestoration (12ms)
Platform modules already initialized, skipping
========================================================================
Worker process is ready to serve import requests
Launched and connected shader compiler UnityShaderCompiler.exe after 0.05 seconds
Refreshing native plugins compatible for Editor in 0.73 ms, found 4 plugins.
Preloading 0 native plugins for Editor in 0.00 ms.
Unloading 4122 Unused Serialized files (Serialized files now loaded: 0)
Unloading 39 unused Assets / (56.5 KB). Loaded Objects now: 4580.
Memory consumption went from 155.6 MB to 155.6 MB.
Total: 2.409500 ms (FindLiveObjects: 0.196400 ms CreateObjectMapping: 0.087000 ms MarkObjects: 2.059100 ms  DeleteObjects: 0.066100 ms)

AssetImportParameters requested are different than current active one (requested -> active):
  custom:video-decoder-ogg-theora: a1e56fd34408186e4bbccfd4996cb3dc -> 
  custom:container-muxer-webm: aa71ff27fc2769a1b78a27578f13a17b -> 
  custom:container-demuxer-webm: 4f35f7cbe854078d1ac9338744f61a02 -> 
  custom:video-encoder-webm-vp8: eb34c28f22e8b96e1ab97ce403110664 -> 
  custom:audio-encoder-webm-vorbis: bf7c407c2cedff20999df2af8eb42d56 -> 
  custom:framework-win-MediaFoundation: 216162199b28c13a410421893ffa2e32 -> 
  custom:container-demuxer-ogg: 62fdf1f143b41e24485cea50d1cbac27 -> 
  custom:video-decoder-webm-vp8: 9c59270c3fd7afecdb556c50c9e8de78 -> 
  custom:audio-decoder-ogg-vorbis: bf7c407c2cedff20999df2af8eb42d56 -> 
========================================================================
Received Import Request.
  Time since last request: 14048.063030 seconds.
  path: Assets/Background/GUI/Dark_Brown_GUI_kit/frame/other/button_square_frame.png
  artifactKey: Guid(57ab0d48e28c6fd4cb9a71170f3c42b7) Importer(815301076,1909f56bfc062723c751e8b465ee728b)
Start importing Assets/Background/GUI/Dark_Brown_GUI_kit/frame/other/button_square_frame.png using Guid(57ab0d48e28c6fd4cb9a71170f3c42b7) Importer(815301076,1909f56bfc062723c751e8b465ee728b)  -> (artifact id: 'f3ab5b88ae597f8058b91e5e4fdbc0f3') in 0.137020 seconds 
========================================================================
Received Import Request.
  Time since last request: 0.000017 seconds.
  path: Assets/Background/GUI/Dark_Brown_GUI_kit/frame/other/health_frame.png
  artifactKey: Guid(cd1e5898261008544abb9ba4284fba3e) Importer(815301076,1909f56bfc062723c751e8b465ee728b)
Start importing Assets/Background/GUI/Dark_Brown_GUI_kit/frame/other/health_frame.png using Guid(cd1e5898261008544abb9ba4284fba3e) Importer(815301076,1909f56bfc062723c751e8b465ee728b)  -> (artifact id: 'b855edd353c127daf835e31f7c42a43c') in 0.018297 seconds 
========================================================================
Received Import Request.
  Time since last request: 14.365386 seconds.
  path: Assets/Background/GUI/Dark_Brown_GUI_kit/bar/other/low_darkness_bar.png
  artifactKey: Guid(ea8e53a333b2c4b4f94e1b45237ff377) Importer(815301076,1909f56bfc062723c751e8b465ee728b)
Start importing Assets/Background/GUI/Dark_Brown_GUI_kit/bar/other/low_darkness_bar.png using Guid(ea8e53a333b2c4b4f94e1b45237ff377) Importer(815301076,1909f56bfc062723c751e8b465ee728b)  -> (artifact id: '06a34f7cf893ab72be1bae127f4ca618') in 0.035471 seconds 
========================================================================
Received Import Request.
  Time since last request: 35.472056 seconds.
  path: Assets/Background/GUI/Dark_Brown_GUI_kit/background/other/health_bar_background1.png
  artifactKey: Guid(f8f975326b1f7184caa1edd29931cbca) Importer(815301076,1909f56bfc062723c751e8b465ee728b)
Start importing Assets/Background/GUI/Dark_Brown_GUI_kit/background/other/health_bar_background1.png using Guid(f8f975326b1f7184caa1edd29931cbca) Importer(815301076,1909f56bfc062723c751e8b465ee728b)  -> (artifact id: 'efde7654c9145eb4c6fc010024c61b44') in 0.067386 seconds 
========================================================================
Received Import Request.
  Time since last request: 0.000017 seconds.
  path: Assets/Background/GUI/Dark_Brown_GUI_kit/background/other/health_bar_background2.png
  artifactKey: Guid(944fb2bcae6ae5f458cde0f853f59f7a) Importer(815301076,1909f56bfc062723c751e8b465ee728b)
Start importing Assets/Background/GUI/Dark_Brown_GUI_kit/background/other/health_bar_background2.png using Guid(944fb2bcae6ae5f458cde0f853f59f7a) Importer(815301076,1909f56bfc062723c751e8b465ee728b)  -> (artifact id: '78f76319661cdf48f3c9d4b5234f7f48') in 0.077124 seconds 
========================================================================
Received Prepare
Registering precompiled user dll's ...
Registered in 0.032827 seconds.
Begin MonoManager ReloadAssembly
Symbol file LoadedFromMemory doesn't match image C:\Users\user\Documents\GitHub\N-own-Magic\N-own Magic\Library\PackageCache\com.unity.visualscripting@1.7.8\Editor\VisualScripting.Core\Dependencies\YamlDotNet\Unity.VisualScripting.YamlDotNet.dll
Symbol file LoadedFromMemory doesn't match image C:\Users\user\Documents\GitHub\N-own-Magic\N-own Magic\Library\PackageCache\com.unity.visualscripting@1.7.8\Editor\VisualScripting.Core\Dependencies\DotNetZip\Unity.VisualScripting.IonicZip.dll
Native extension for WindowsStandalone target not found
Native extension for WebGL target not found
Refreshing native plugins compatible for Editor in 1.06 ms, found 4 plugins.
Preloading 0 native plugins for Editor in 0.00 ms.
Mono: successfully reloaded assembly
- Completed reload, in  1.331 seconds
Domain Reload Profiling:
	ReloadAssembly (1332ms)
		BeginReloadAssembly (229ms)
			ExecutionOrderSort (0ms)
			DisableScriptedObjects (8ms)
			BackupInstance (0ms)
			ReleaseScriptingObjects (0ms)
			CreateAndSetChildDomain (41ms)
		EndReloadAssembly (928ms)
			LoadAssemblies (204ms)
			RebuildTransferFunctionScriptingTraits (0ms)
			SetupTypeCache (299ms)
			ReleaseScriptCaches (1ms)
			RebuildScriptCaches (53ms)
			SetupLoadedEditorAssemblies (360ms)
				LogAssemblyErrors (0ms)
				InitializePlatformSupportModulesInManaged (23ms)
				SetLoadedEditorAssemblies (1ms)
				RefreshPlugins (1ms)
				BeforeProcessingInitializeOnLoad (139ms)
				ProcessInitializeOnLoadAttributes (160ms)
				ProcessInitializeOnLoadMethodAttributes (26ms)
				AfterProcessingInitializeOnLoad (11ms)
				EditorAssembliesLoaded (0ms)
			ExecutionOrderSort2 (0ms)
			AwakeInstancesAfterBackupRestoration (11ms)
Platform modules already initialized, skipping
Refreshing native plugins compatible for Editor in 2.55 ms, found 4 plugins.
Preloading 0 native plugins for Editor in 0.00 ms.
Unloading 4096 Unused Serialized files (Serialized files now loaded: 0)
Unloading 26 unused Assets / (24.7 KB). Loaded Objects now: 4599.
Memory consumption went from 157.8 MB to 157.7 MB.
Total: 2.227700 ms (FindLiveObjects: 0.161100 ms CreateObjectMapping: 0.088200 ms MarkObjects: 1.954000 ms  DeleteObjects: 0.023600 ms)

AssetImportParameters requested are different than current active one (requested -> active):
  custom:video-decoder-ogg-theora: a1e56fd34408186e4bbccfd4996cb3dc -> 
  custom:container-muxer-webm: aa71ff27fc2769a1b78a27578f13a17b -> 
  custom:container-demuxer-webm: 4f35f7cbe854078d1ac9338744f61a02 -> 
  custom:video-encoder-webm-vp8: eb34c28f22e8b96e1ab97ce403110664 -> 
  custom:audio-encoder-webm-vorbis: bf7c407c2cedff20999df2af8eb42d56 -> 
  custom:framework-win-MediaFoundation: 216162199b28c13a410421893ffa2e32 -> 
  custom:container-demuxer-ogg: 62fdf1f143b41e24485cea50d1cbac27 -> 
  custom:video-decoder-webm-vp8: 9c59270c3fd7afecdb556c50c9e8de78 -> 
  custom:audio-decoder-ogg-vorbis: bf7c407c2cedff20999df2af8eb42d56 -> 
========================================================================
Received Import Request.
  Time since last request: 645.348079 seconds.
  path: Assets/Background/GUI/Fantasy Wooden GUI  Free/normal_ui_set A/1_normal_ui_set-free.png
  artifactKey: Guid(f3e42cb7317f6f14186e2c2267014de2) Importer(815301076,1909f56bfc062723c751e8b465ee728b)
Start importing Assets/Background/GUI/Fantasy Wooden GUI  Free/normal_ui_set A/1_normal_ui_set-free.png using Guid(f3e42cb7317f6f14186e2c2267014de2) Importer(815301076,1909f56bfc062723c751e8b465ee728b)  -> (artifact id: 'cd3bf5d17c91452ff817f0c933ca0f58') in 0.166595 seconds 
========================================================================
Received Import Request.
  Time since last request: 0.000028 seconds.
  path: Assets/Background/GUI/Fantasy Wooden GUI  Free/normal_ui_set A/TextBTN_Cancel_Pressed.png
  artifactKey: Guid(9494e936ef153d148aaddfa6db5fb773) Importer(815301076,1909f56bfc062723c751e8b465ee728b)
Start importing Assets/Background/GUI/Fantasy Wooden GUI  Free/normal_ui_set A/TextBTN_Cancel_Pressed.png using Guid(9494e936ef153d148aaddfa6db5fb773) Importer(815301076,1909f56bfc062723c751e8b465ee728b)  -> (artifact id: '5627c45a4fcc3a1bdb494fbd1979157f') in 0.027467 seconds 
========================================================================
Received Import Request.
  Time since last request: 0.000027 seconds.
  path: Assets/Background/GUI/Fantasy Wooden GUI  Free/normal_ui_set A/UI board Medium Set.png
  artifactKey: Guid(1a5d8785d80a4ee42a2a4c8632436dc0) Importer(815301076,1909f56bfc062723c751e8b465ee728b)
Start importing Assets/Background/GUI/Fantasy Wooden GUI  Free/normal_ui_set A/UI board Medium Set.png using Guid(1a5d8785d80a4ee42a2a4c8632436dc0) Importer(815301076,1909f56bfc062723c751e8b465ee728b)  -> (artifact id: 'a77b5aa0fb91c6216d7ed5fc06ae1c25') in 0.038302 seconds 
========================================================================
Received Import Request.
  Time since last request: 0.000024 seconds.
  path: Assets/Background/GUI/Fantasy Wooden GUI  Free/normal_ui_set A/Exclamation_Yellow.png
  artifactKey: Guid(f26fa8880b3aeef4b8516c82dc12f2a5) Importer(815301076,1909f56bfc062723c751e8b465ee728b)
Start importing Assets/Background/GUI/Fantasy Wooden GUI  Free/normal_ui_set A/Exclamation_Yellow.png using Guid(f26fa8880b3aeef4b8516c82dc12f2a5) Importer(815301076,1909f56bfc062723c751e8b465ee728b)  -> (artifact id: 'cad1ff1c063b542045da7aca525e86f4') in 0.024356 seconds 
========================================================================
Received Import Request.
  Time since last request: 0.000019 seconds.
  path: Assets/Background/GUI/Fantasy Wooden GUI  Free/normal_ui_set A/TextBTN_Medium_Pressed.png
  artifactKey: Guid(047b929beb10565479851d39b452dfb6) Importer(815301076,1909f56bfc062723c751e8b465ee728b)
Start importing Assets/Background/GUI/Fantasy Wooden GUI  Free/normal_ui_set A/TextBTN_Medium_Pressed.png using Guid(047b929beb10565479851d39b452dfb6) Importer(815301076,1909f56bfc062723c751e8b465ee728b)  -> (artifact id: 'bedcfbb69c251a4f352f5489ea7397ec') in 0.029470 seconds 
========================================================================
Received Import Request.
  Time since last request: 0.000016 seconds.
  path: Assets/Background/GUI/Fantasy Wooden GUI  Free/normal_ui_set A/TextBTN_New-Start_Pressed.png
  artifactKey: Guid(2e5f47e2f71128f4282c0a4a67288751) Importer(815301076,1909f56bfc062723c751e8b465ee728b)
Start importing Assets/Background/GUI/Fantasy Wooden GUI  Free/normal_ui_set A/TextBTN_New-Start_Pressed.png using Guid(2e5f47e2f71128f4282c0a4a67288751) Importer(815301076,1909f56bfc062723c751e8b465ee728b)  -> (artifact id: 'cf3d0f515c94436ee885800c5ae27eb4') in 0.023575 seconds 
========================================================================
Received Import Request.
  Time since last request: 0.000016 seconds.
  path: Assets/Background/GUI/Fantasy Wooden GUI  Free/normal_ui_set A/TextBTN_Medium.png
  artifactKey: Guid(efee20b64d1e73942a29ba61ce3379c3) Importer(815301076,1909f56bfc062723c751e8b465ee728b)
Start importing Assets/Background/GUI/Fantasy Wooden GUI  Free/normal_ui_set A/TextBTN_Medium.png using Guid(efee20b64d1e73942a29ba61ce3379c3) Importer(815301076,1909f56bfc062723c751e8b465ee728b)  -> (artifact id: '89a956faa1f7c09fd819f94177992ef2') in 0.017116 seconds 
========================================================================
Received Import Request.
  Time since last request: 0.000026 seconds.
  path: Assets/Background/GUI/Fantasy Wooden GUI  Free/normal_ui_set A/UI board Small Set.png
  artifactKey: Guid(8eb69fafe4f719b49bb2dd1a7358aaaa) Importer(815301076,1909f56bfc062723c751e8b465ee728b)
Start importing Assets/Background/GUI/Fantasy Wooden GUI  Free/normal_ui_set A/UI board Small Set.png using Guid(8eb69fafe4f719b49bb2dd1a7358aaaa) Importer(815301076,1909f56bfc062723c751e8b465ee728b)  -> (artifact id: 'a29bbc0b5efdd9f31229125ce17d7e97') in 0.029945 seconds 
========================================================================
Received Import Request.
  Time since last request: 0.000016 seconds.
  path: Assets/Background/GUI/Fantasy Wooden GUI  Free/normal_ui_set A/IRONY TITLE  empty.png
  artifactKey: Guid(4d6a99baee23b654f9e4bb672ae0b438) Importer(815301076,1909f56bfc062723c751e8b465ee728b)
Start importing Assets/Background/GUI/Fantasy Wooden GUI  Free/normal_ui_set A/IRONY TITLE  empty.png using Guid(4d6a99baee23b654f9e4bb672ae0b438) Importer(815301076,1909f56bfc062723c751e8b465ee728b)  -> (artifact id: '53336a607d10ff85b24a7e0ac0d232f5') in 0.026022 seconds 
========================================================================
Received Import Request.
  Time since last request: 0.000020 seconds.
  path: Assets/Background/GUI/Fantasy Wooden GUI  Free/normal_ui_set A/TextBTN_New-Start.png
  artifactKey: Guid(ca45d178d188e034aa96a68aceeef41b) Importer(815301076,1909f56bfc062723c751e8b465ee728b)
Start importing Assets/Background/GUI/Fantasy Wooden GUI  Free/normal_ui_set A/TextBTN_New-Start.png using Guid(ca45d178d188e034aa96a68aceeef41b) Importer(815301076,1909f56bfc062723c751e8b465ee728b)  -> (artifact id: '1893e551ee1a1e5fb9f7c0eb8a2f09ac') in 0.030292 seconds 
========================================================================
Received Import Request.
  Time since last request: 0.000031 seconds.
  path: Assets/Background/GUI/Fantasy Wooden GUI  Free/normal_ui_set A/Exclamation_Gray.png
  artifactKey: Guid(f73f68fe6815f5548a6c2a61b9e49add) Importer(815301076,1909f56bfc062723c751e8b465ee728b)
Start importing Assets/Background/GUI/Fantasy Wooden GUI  Free/normal_ui_set A/Exclamation_Gray.png using Guid(f73f68fe6815f5548a6c2a61b9e49add) Importer(815301076,1909f56bfc062723c751e8b465ee728b)  -> (artifact id: 'fcc06bfdeb04ae62897fe1de3cae4b45') in 0.027453 seconds 
========================================================================
Received Import Request.
  Time since last request: 0.000016 seconds.
  path: Assets/Background/GUI/Fantasy Wooden GUI  Free/normal_ui_set A/UI board Small  parchment.png
  artifactKey: Guid(a454050719005b444b59a84eaafba779) Importer(815301076,1909f56bfc062723c751e8b465ee728b)
Start importing Assets/Background/GUI/Fantasy Wooden GUI  Free/normal_ui_set A/UI board Small  parchment.png using Guid(a454050719005b444b59a84eaafba779) Importer(815301076,1909f56bfc062723c751e8b465ee728b)  -> (artifact id: '0b59038959f49d44434b84d35804765b') in 0.030971 seconds 
========================================================================
Received Import Request.
  Time since last request: 0.000021 seconds.
  path: Assets/Background/GUI/Fantasy Wooden GUI  Free/normal_ui_set A/UI board Large  parchment.png
  artifactKey: Guid(43a7d98bd4222b64e933596512dc09ad) Importer(815301076,1909f56bfc062723c751e8b465ee728b)
Start importing Assets/Background/GUI/Fantasy Wooden GUI  Free/normal_ui_set A/UI board Large  parchment.png using Guid(43a7d98bd4222b64e933596512dc09ad) Importer(815301076,1909f56bfc062723c751e8b465ee728b)  -> (artifact id: '72826cbd21d79dc3491326bd25db35ad') in 0.037412 seconds 
========================================================================
Received Import Request.
  Time since last request: 0.000016 seconds.
  path: Assets/Background/GUI/Fantasy Wooden GUI  Free/normal_ui_set A/UI board Large Set.png
  artifactKey: Guid(90a2dde0942123c4ebb9c4af580c5818) Importer(815301076,1909f56bfc062723c751e8b465ee728b)
Start importing Assets/Background/GUI/Fantasy Wooden GUI  Free/normal_ui_set A/UI board Large Set.png using Guid(90a2dde0942123c4ebb9c4af580c5818) Importer(815301076,1909f56bfc062723c751e8b465ee728b)  -> (artifact id: 'c083fd81470f32288124d4bae76a1a09') in 0.046796 seconds 
========================================================================
Received Import Request.
  Time since last request: 6.653466 seconds.
  path: Assets/Background/GUI/Freeui/ZOSMA/Main/Cristal.png
  artifactKey: Guid(26ef65184462d4f49aca4bbf258ea91e) Importer(815301076,1909f56bfc062723c751e8b465ee728b)
Start importing Assets/Background/GUI/Freeui/ZOSMA/Main/Cristal.png using Guid(26ef65184462d4f49aca4bbf258ea91e) Importer(815301076,1909f56bfc062723c751e8b465ee728b)  -> (artifact id: '6a1921ef62a55685b92a1f955c7b012c') in 0.030891 seconds 
========================================================================
Received Import Request.
  Time since last request: 0.000016 seconds.
  path: Assets/Background/GUI/Freeui/ZOSMA/Main/Preferences.png
  artifactKey: Guid(de36af5d9986473499f5cbf98b2dbf04) Importer(815301076,1909f56bfc062723c751e8b465ee728b)
Start importing Assets/Background/GUI/Freeui/ZOSMA/Main/Preferences.png using Guid(de36af5d9986473499f5cbf98b2dbf04) Importer(815301076,1909f56bfc062723c751e8b465ee728b)  -> (artifact id: '4a2c74682bc3c6c43346f06c266d1554') in 0.042658 seconds 
========================================================================
Received Import Request.
  Time since last request: 0.000016 seconds.
  path: Assets/Background/GUI/Freeui/ZOSMA/Main/Rightup.png
  artifactKey: Guid(75b16411d4ff9c3409ae0d7e003b08ad) Importer(815301076,1909f56bfc062723c751e8b465ee728b)
Start importing Assets/Background/GUI/Freeui/ZOSMA/Main/Rightup.png using Guid(75b16411d4ff9c3409ae0d7e003b08ad) Importer(815301076,1909f56bfc062723c751e8b465ee728b)  -> (artifact id: 'a81c626ffe96e7da19e51c9681b9032d') in 0.043871 seconds 
========================================================================
Received Import Request.
  Time since last request: 0.000019 seconds.
  path: Assets/Background/GUI/Freeui/ZOSMA/Main/Quantity.png
  artifactKey: Guid(1990482894d7f7e4ab63dafe4ad46db9) Importer(815301076,1909f56bfc062723c751e8b465ee728b)
Start importing Assets/Background/GUI/Freeui/ZOSMA/Main/Quantity.png using Guid(1990482894d7f7e4ab63dafe4ad46db9) Importer(815301076,1909f56bfc062723c751e8b465ee728b)  -> (artifact id: '2111efc03384a77c4fc9ae6fd3d5511e') in 0.039082 seconds 
========================================================================
Received Import Request.
  Time since last request: 0.000025 seconds.
  path: Assets/Background/GUI/Freeui/ZOSMA/Main/Gamebotton.png
  artifactKey: Guid(019b78fb10c81644e80230d8364517ca) Importer(815301076,1909f56bfc062723c751e8b465ee728b)
Start importing Assets/Background/GUI/Freeui/ZOSMA/Main/Gamebotton.png using Guid(019b78fb10c81644e80230d8364517ca) Importer(815301076,1909f56bfc062723c751e8b465ee728b)  -> (artifact id: 'c25ef8ac9092cc5b3456f43d1e4bd44b') in 0.050376 seconds 
========================================================================
Received Import Request.
  Time since last request: 0.000021 seconds.
  path: Assets/Background/GUI/Freeui/ZOSMA/Main/Guild.png
  artifactKey: Guid(c27d31ae247be1341948925c2720a330) Importer(815301076,1909f56bfc062723c751e8b465ee728b)
Start importing Assets/Background/GUI/Freeui/ZOSMA/Main/Guild.png using Guid(c27d31ae247be1341948925c2720a330) Importer(815301076,1909f56bfc062723c751e8b465ee728b)  -> (artifact id: '2d085a2646eefb955ec3bbc12d792919') in 0.025298 seconds 
========================================================================
Received Import Request.
  Time since last request: 0.000021 seconds.
  path: Assets/Background/GUI/Freeui/ZOSMA/Main/Quest.png
  artifactKey: Guid(9bef4363e0599894f9e40f0f8ce441ac) Importer(815301076,1909f56bfc062723c751e8b465ee728b)
Start importing Assets/Background/GUI/Freeui/ZOSMA/Main/Quest.png using Guid(9bef4363e0599894f9e40f0f8ce441ac) Importer(815301076,1909f56bfc062723c751e8b465ee728b)  -> (artifact id: '6a8f395c0ef40d89317f7f630970f6fb') in 0.024353 seconds 
========================================================================
Received Import Request.
  Time since last request: 10.339649 seconds.
  path: Assets/Background/Forest sence/sprite/BGprob_Tree.png
  artifactKey: Guid(7db05fbf7bd9dae4e8e109885ab950d7) Importer(815301076,1909f56bfc062723c751e8b465ee728b)
Start importing Assets/Background/Forest sence/sprite/BGprob_Tree.png using Guid(7db05fbf7bd9dae4e8e109885ab950d7) Importer(815301076,1909f56bfc062723c751e8b465ee728b)  -> (artifact id: '4ebdfa93a24a57e9a9fea0533b6781c2') in 0.041773 seconds 
========================================================================
Received Import Request.
  Time since last request: 0.000019 seconds.
  path: Assets/Background/Forest sence/sprite/probMidBlur.png
  artifactKey: Guid(df7f29697fcf17c4b9a463a165704d5f) Importer(815301076,1909f56bfc062723c751e8b465ee728b)
Start importing Assets/Background/Forest sence/sprite/probMidBlur.png using Guid(df7f29697fcf17c4b9a463a165704d5f) Importer(815301076,1909f56bfc062723c751e8b465ee728b)  -> (artifact id: '6b4b35955ec93094c55f612bb3e5a6df') in 0.024888 seconds 
========================================================================
Received Import Request.
  Time since last request: 0.000027 seconds.
  path: Assets/Background/Forest sence/sprite/probMid.png
  artifactKey: Guid(6ec0d3b272e36574289fdbfaabf635ed) Importer(815301076,1909f56bfc062723c751e8b465ee728b)
Start importing Assets/Background/Forest sence/sprite/probMid.png using Guid(6ec0d3b272e36574289fdbfaabf635ed) Importer(815301076,1909f56bfc062723c751e8b465ee728b)  -> (artifact id: '146d1dc2c8c828aac05f5e6fe1690d1b') in 0.021096 seconds 
========================================================================
Received Import Request.
  Time since last request: 0.000022 seconds.
  path: Assets/Background/Forest sence/sprite/probForeblack.png
  artifactKey: Guid(4974d2f775e17aa47a9b7e12744441eb) Importer(815301076,1909f56bfc062723c751e8b465ee728b)
Start importing Assets/Background/Forest sence/sprite/probForeblack.png using Guid(4974d2f775e17aa47a9b7e12744441eb) Importer(815301076,1909f56bfc062723c751e8b465ee728b)  -> (artifact id: 'dcd57e7e29ddbb9a10d39c55aaac5362') in 0.027146 seconds 
========================================================================
Received Import Request.
  Time since last request: 6.535047 seconds.
  path: Assets/Background/Dark Forest/Area1 Assets/Background/Sky.png
  artifactKey: Guid(619f360b0cf4dbf43bd3f90cc395c5d5) Importer(815301076,1909f56bfc062723c751e8b465ee728b)
Start importing Assets/Background/Dark Forest/Area1 Assets/Background/Sky.png using Guid(619f360b0cf4dbf43bd3f90cc395c5d5) Importer(815301076,1909f56bfc062723c751e8b465ee728b)  -> (artifact id: '7ca7ba48d0e4ef8a57cf09df4a116042') in 0.350425 seconds 
========================================================================
Received Import Request.
  Time since last request: 0.000022 seconds.
  path: Assets/Background/Dark Forest/Area1 Assets/Background/Tree 7.png
  artifactKey: Guid(fef4b61424b4b9b46b14ef1ff030475a) Importer(815301076,1909f56bfc062723c751e8b465ee728b)
Start importing Assets/Background/Dark Forest/Area1 Assets/Background/Tree 7.png using Guid(fef4b61424b4b9b46b14ef1ff030475a) Importer(815301076,1909f56bfc062723c751e8b465ee728b)  -> (artifact id: 'ec30714129d1f1fa1d34618e12f6efbf') in 0.231066 seconds 
========================================================================
Received Import Request.
  Time since last request: 4.195609 seconds.
  path: Assets/Background/RPG_inventory_icons/scroll.png
  artifactKey: Guid(db427fab3e94daf4caa704d9314a77a1) Importer(815301076,1909f56bfc062723c751e8b465ee728b)
Start importing Assets/Background/RPG_inventory_icons/scroll.png using Guid(db427fab3e94daf4caa704d9314a77a1) Importer(815301076,1909f56bfc062723c751e8b465ee728b)  -> (artifact id: 'f996178b367cbfdac3e9b064ac9c054f') in 0.043230 seconds 
========================================================================
Received Import Request.
  Time since last request: 3.716961 seconds.
  path: Assets/Background/FREE Parallax Forest Background HQ/Parallax Forest Background/03_Forest.png
  artifactKey: Guid(1f9f9ffa09a26014d898d07f9896cd5d) Importer(815301076,1909f56bfc062723c751e8b465ee728b)
Start importing Assets/Background/FREE Parallax Forest Background HQ/Parallax Forest Background/03_Forest.png using Guid(1f9f9ffa09a26014d898d07f9896cd5d) Importer(815301076,1909f56bfc062723c751e8b465ee728b)  -> (artifact id: 'bcc98f7465ab8c62b2047fa72de2a065') in 0.092517 seconds 
========================================================================
Received Import Request.
  Time since last request: 0.000016 seconds.
  path: Assets/Background/FREE Parallax Forest Background HQ/Parallax Forest Background/08_Particles.png
  artifactKey: Guid(4911c57eb1b289b4588041c3a0735b11) Importer(815301076,1909f56bfc062723c751e8b465ee728b)
Start importing Assets/Background/FREE Parallax Forest Background HQ/Parallax Forest Background/08_Particles.png using Guid(4911c57eb1b289b4588041c3a0735b11) Importer(815301076,1909f56bfc062723c751e8b465ee728b)  -> (artifact id: 'bf80ba16ab607355d8d31689aef5e913') in 0.072431 seconds 
Editor requested this worker to shutdown with reason: Scaling down because of idle timeout
AssetImportWorker is now disconnected from the server
Process exiting
Exiting without the bug reporter. Application will terminate with return code 0