Using pre-set license
Built from '2021.3/staging' branch; Version is '2021.3.10f1 (1c7d0df0160b) revision 1867021'; Using compiler version '192829333'; Build Type 'Release'
OS: 'Windows 10  (10.0.19045) 64bit Professional' Language: 'ko' Physical Memory: 16126 MB
BatchMode: 1, IsHumanControllingUs: 0, StartBugReporterOnCrash: 0, Is64bit: 1, IsPro: 1

COMMAND LINE ARGUMENTS:
C:\Program Files\Unity\Hub\Editor\2021.3.10f1\Editor\Unity.exe
-adb2
-batchMode
-noUpm
-name
AssetImportWorker17
-projectPath
C:/Users/N/Documents/GitHub/N-own-Magic/N-own Magic
-logFile
Logs/AssetImportWorker17.log
-srvPort
11419
Successfully changed project path to: C:/Users/N/Documents/GitHub/N-own-Magic/N-own Magic
C:/Users/N/Documents/GitHub/N-own-Magic/N-own Magic
[UnityMemory] Configuration Parameters - Can be set up in boot.config
    "memorysetup-bucket-allocator-granularity=16"
    "memorysetup-bucket-allocator-bucket-count=8"
    "memorysetup-bucket-allocator-block-size=33554432"
    "memorysetup-bucket-allocator-block-count=8"
    "memorysetup-main-allocator-block-size=16777216"
    "memorysetup-thread-allocator-block-size=16777216"
    "memorysetup-gfx-main-allocator-block-size=16777216"
    "memorysetup-gfx-thread-allocator-block-size=16777216"
    "memorysetup-cache-allocator-block-size=4194304"
    "memorysetup-typetree-allocator-block-size=2097152"
    "memorysetup-profiler-bucket-allocator-granularity=16"
    "memorysetup-profiler-bucket-allocator-bucket-count=8"
    "memorysetup-profiler-bucket-allocator-block-size=33554432"
    "memorysetup-profiler-bucket-allocator-block-count=8"
    "memorysetup-profiler-allocator-block-size=16777216"
    "memorysetup-profiler-editor-allocator-block-size=1048576"
    "memorysetup-temp-allocator-size-main=16777216"
    "memorysetup-job-temp-allocator-block-size=2097152"
    "memorysetup-job-temp-allocator-block-size-background=1048576"
    "memorysetup-job-temp-allocator-reduction-small-platforms=262144"
    "memorysetup-temp-allocator-size-background-worker=32768"
    "memorysetup-temp-allocator-size-job-worker=262144"
    "memorysetup-temp-allocator-size-preload-manager=33554432"
    "memorysetup-temp-allocator-size-nav-mesh-worker=65536"
    "memorysetup-temp-allocator-size-audio-worker=65536"
    "memorysetup-temp-allocator-size-cloud-worker=32768"
    "memorysetup-temp-allocator-size-gi-baking-worker=262144"
    "memorysetup-temp-allocator-size-gfx=262144"
Refreshing native plugins compatible for Editor in 237.42 ms, found 4 plugins.
Preloading 0 native plugins for Editor in 0.00 ms.
Initialize engine version: 2021.3.10f1 (1c7d0df0160b)
[Subsystems] Discovering subsystems at path C:/Program Files/Unity/Hub/Editor/2021.3.10f1/Editor/Data/Resources/UnitySubsystems
[Subsystems] Discovering subsystems at path C:/Users/N/Documents/GitHub/N-own-Magic/N-own Magic/Assets
GfxDevice: creating device client; threaded=0; jobified=0
Direct3D:
    Version:  Direct3D 11.0 [level 11.1]
    Renderer: NVIDIA GeForce MX450 (ID=0x1f97)
    Vendor:   NVIDIA
    VRAM:     1906 MB
    Driver:   32.0.15.5612
Initialize mono
Mono path[0] = 'C:/Program Files/Unity/Hub/Editor/2021.3.10f1/Editor/Data/Managed'
Mono path[1] = 'C:/Program Files/Unity/Hub/Editor/2021.3.10f1/Editor/Data/MonoBleedingEdge/lib/mono/unityjit-win32'
Mono config path = 'C:/Program Files/Unity/Hub/Editor/2021.3.10f1/Editor/Data/MonoBleedingEdge/etc'
Using monoOptions --debugger-agent=transport=dt_socket,embedding=1,server=y,suspend=n,address=127.0.0.1:56840
Begin MonoManager ReloadAssembly
Registering precompiled unity dll's ...
Register platform support module: C:/Program Files/Unity/Hub/Editor/2021.3.10f1/Editor/Data/PlaybackEngines/WindowsStandaloneSupport/UnityEditor.WindowsStandalone.Extensions.dll
Registered in 0.039390 seconds.
Native extension for WindowsStandalone target not found
Refreshing native plugins compatible for Editor in 243.94 ms, found 4 plugins.
Preloading 0 native plugins for Editor in 0.00 ms.
Mono: successfully reloaded assembly
- Completed reload, in  1.741 seconds
Domain Reload Profiling:
	ReloadAssembly (1743ms)
		BeginReloadAssembly (265ms)
			ExecutionOrderSort (0ms)
			DisableScriptedObjects (0ms)
			BackupInstance (0ms)
			ReleaseScriptingObjects (0ms)
			CreateAndSetChildDomain (1ms)
		EndReloadAssembly (1151ms)
			LoadAssemblies (254ms)
			RebuildTransferFunctionScriptingTraits (0ms)
			SetupTypeCache (244ms)
			ReleaseScriptCaches (0ms)
			RebuildScriptCaches (67ms)
			SetupLoadedEditorAssemblies (699ms)
				LogAssemblyErrors (0ms)
				InitializePlatformSupportModulesInManaged (19ms)
				SetLoadedEditorAssemblies (0ms)
				RefreshPlugins (244ms)
				BeforeProcessingInitializeOnLoad (3ms)
				ProcessInitializeOnLoadAttributes (302ms)
				ProcessInitializeOnLoadMethodAttributes (130ms)
				AfterProcessingInitializeOnLoad (0ms)
				EditorAssembliesLoaded (0ms)
			ExecutionOrderSort2 (0ms)
			AwakeInstancesAfterBackupRestoration (0ms)
Platform modules already initialized, skipping
Registering precompiled user dll's ...
Registered in 0.032275 seconds.
Begin MonoManager ReloadAssembly
Symbol file LoadedFromMemory doesn't match image C:\Users\N\Documents\GitHub\N-own-Magic\N-own Magic\Library\PackageCache\com.unity.visualscripting@1.7.8\Editor\VisualScripting.Core\Dependencies\YamlDotNet\Unity.VisualScripting.YamlDotNet.dll
Symbol file LoadedFromMemory doesn't match image C:\Users\N\Documents\GitHub\N-own-Magic\N-own Magic\Library\PackageCache\com.unity.visualscripting@1.7.8\Editor\VisualScripting.Core\Dependencies\DotNetZip\Unity.VisualScripting.IonicZip.dll
Native extension for WindowsStandalone target not found
Refreshing native plugins compatible for Editor in 286.01 ms, found 4 plugins.
Preloading 0 native plugins for Editor in 0.00 ms.
Mono: successfully reloaded assembly
- Completed reload, in  3.476 seconds
Domain Reload Profiling:
	ReloadAssembly (3478ms)
		BeginReloadAssembly (441ms)
			ExecutionOrderSort (0ms)
			DisableScriptedObjects (21ms)
			BackupInstance (0ms)
			ReleaseScriptingObjects (0ms)
			CreateAndSetChildDomain (57ms)
		EndReloadAssembly (2661ms)
			LoadAssemblies (417ms)
			RebuildTransferFunctionScriptingTraits (0ms)
			SetupTypeCache (619ms)
			ReleaseScriptCaches (2ms)
			RebuildScriptCaches (157ms)
			SetupLoadedEditorAssemblies (1411ms)
				LogAssemblyErrors (0ms)
				InitializePlatformSupportModulesInManaged (17ms)
				SetLoadedEditorAssemblies (1ms)
				RefreshPlugins (286ms)
				BeforeProcessingInitializeOnLoad (283ms)
				ProcessInitializeOnLoadAttributes (655ms)
				ProcessInitializeOnLoadMethodAttributes (134ms)
				AfterProcessingInitializeOnLoad (35ms)
				EditorAssembliesLoaded (1ms)
			ExecutionOrderSort2 (0ms)
			AwakeInstancesAfterBackupRestoration (44ms)
Platform modules already initialized, skipping
========================================================================
Worker process is ready to serve import requests
Launched and connected shader compiler UnityShaderCompiler.exe after 0.17 seconds
Refreshing native plugins compatible for Editor in 2.90 ms, found 4 plugins.
Preloading 0 native plugins for Editor in 0.00 ms.
Unloading 4111 Unused Serialized files (Serialized files now loaded: 0)
Unloading 39 unused Assets / (56.1 KB). Loaded Objects now: 4568.
Memory consumption went from 155.1 MB to 155.0 MB.
Total: 10.183900 ms (FindLiveObjects: 0.904400 ms CreateObjectMapping: 0.597200 ms MarkObjects: 8.407600 ms  DeleteObjects: 0.271100 ms)

AssetImportParameters requested are different than current active one (requested -> active):
  custom:video-decoder-ogg-theora: a1e56fd34408186e4bbccfd4996cb3dc -> 
  custom:container-muxer-webm: aa71ff27fc2769a1b78a27578f13a17b -> 
  custom:container-demuxer-webm: 4f35f7cbe854078d1ac9338744f61a02 -> 
  custom:video-encoder-webm-vp8: eb34c28f22e8b96e1ab97ce403110664 -> 
  custom:audio-encoder-webm-vorbis: bf7c407c2cedff20999df2af8eb42d56 -> 
  custom:framework-win-MediaFoundation: 216162199b28c13a410421893ffa2e32 -> 
  custom:container-demuxer-ogg: 62fdf1f143b41e24485cea50d1cbac27 -> 
  custom:video-decoder-webm-vp8: 9c59270c3fd7afecdb556c50c9e8de78 -> 
  custom:audio-decoder-ogg-vorbis: bf7c407c2cedff20999df2af8eb42d56 -> 
========================================================================
Received Import Request.
  Time since last request: 449490.039849 seconds.
  path: Assets/SpellS/Free RPG Icons Pack/Icons/Magic Spell/Free RPG Icons Pack_Buff_4.png
  artifactKey: Guid(b5cd61390a56e5b4bae61c5aa39cc811) Importer(815301076,1909f56bfc062723c751e8b465ee728b)
Start importing Assets/SpellS/Free RPG Icons Pack/Icons/Magic Spell/Free RPG Icons Pack_Buff_4.png using Guid(b5cd61390a56e5b4bae61c5aa39cc811) Importer(815301076,1909f56bfc062723c751e8b465ee728b)  -> (artifact id: 'a6055468a13b1ff583125bbced7aa827') in 0.242743 seconds 
========================================================================
Received Import Request.
  Time since last request: 0.000084 seconds.
  path: Assets/SpellS/Free RPG Icons Pack/Icons/Magic Spell/Free RPG Icons Pack_Cold_5.png
  artifactKey: Guid(bd5565336885f3446975c585f1b70ddd) Importer(815301076,1909f56bfc062723c751e8b465ee728b)
Start importing Assets/SpellS/Free RPG Icons Pack/Icons/Magic Spell/Free RPG Icons Pack_Cold_5.png using Guid(bd5565336885f3446975c585f1b70ddd) Importer(815301076,1909f56bfc062723c751e8b465ee728b)  -> (artifact id: 'e4ac9e44219aae0b4fe9f8c82346eb18') in 0.081339 seconds 
========================================================================
Received Import Request.
  Time since last request: 0.000064 seconds.
  path: Assets/SpellS/Free RPG Icons Pack/Icons/Magic Spell/Free RPG Icons Pack_Cold_3.png
  artifactKey: Guid(f0866bfd46e46824c861c653550058ab) Importer(815301076,1909f56bfc062723c751e8b465ee728b)
Start importing Assets/SpellS/Free RPG Icons Pack/Icons/Magic Spell/Free RPG Icons Pack_Cold_3.png using Guid(f0866bfd46e46824c861c653550058ab) Importer(815301076,1909f56bfc062723c751e8b465ee728b)  -> (artifact id: '7be6bf9f13a73950edf5e3020d240b72') in 0.076528 seconds 
========================================================================
Received Import Request.
  Time since last request: 0.000034 seconds.
  path: Assets/SpellS/Free RPG Icons Pack/Icons/Magic Spell/Free RPG Icons Pack_Dark_4.png
  artifactKey: Guid(aa0a930fde5ba3546a0a4990da3c7958) Importer(815301076,1909f56bfc062723c751e8b465ee728b)
Start importing Assets/SpellS/Free RPG Icons Pack/Icons/Magic Spell/Free RPG Icons Pack_Dark_4.png using Guid(aa0a930fde5ba3546a0a4990da3c7958) Importer(815301076,1909f56bfc062723c751e8b465ee728b)  -> (artifact id: '4b76d370399b2844ade6e10967ce9226') in 0.092838 seconds 
========================================================================
Received Import Request.
  Time since last request: 0.000044 seconds.
  path: Assets/SpellS/Free RPG Icons Pack/Icons/Magic Spell/Free RPG Icons Pack_Fire_5.png
  artifactKey: Guid(b12502ba5c973e3488a651f1e7634829) Importer(815301076,1909f56bfc062723c751e8b465ee728b)
Start importing Assets/SpellS/Free RPG Icons Pack/Icons/Magic Spell/Free RPG Icons Pack_Fire_5.png using Guid(b12502ba5c973e3488a651f1e7634829) Importer(815301076,1909f56bfc062723c751e8b465ee728b)  -> (artifact id: 'a31bbe14171dcc8c04fdc87805d54d5f') in 0.102032 seconds 
========================================================================
Received Import Request.
  Time since last request: 0.000036 seconds.
  path: Assets/SpellS/Free RPG Icons Pack/Icons/Magic Spell/Free RPG Icons Pack_Holy_3.png
  artifactKey: Guid(f4933b01621c8d943bd755751b7b75c2) Importer(815301076,1909f56bfc062723c751e8b465ee728b)
Start importing Assets/SpellS/Free RPG Icons Pack/Icons/Magic Spell/Free RPG Icons Pack_Holy_3.png using Guid(f4933b01621c8d943bd755751b7b75c2) Importer(815301076,1909f56bfc062723c751e8b465ee728b)  -> (artifact id: '4b873b56312c38585d5adf6c8525be14') in 0.110339 seconds 
========================================================================
Received Import Request.
  Time since last request: 0.000064 seconds.
  path: Assets/SpellS/Free RPG Icons Pack/Icons/Magic Spell/Free RPG Icons Pack_Water_3.png
  artifactKey: Guid(523bf6f3c1806ce48b9c36cf69041836) Importer(815301076,1909f56bfc062723c751e8b465ee728b)
Start importing Assets/SpellS/Free RPG Icons Pack/Icons/Magic Spell/Free RPG Icons Pack_Water_3.png using Guid(523bf6f3c1806ce48b9c36cf69041836) Importer(815301076,1909f56bfc062723c751e8b465ee728b)  -> (artifact id: '137e211165f88f092b9a5eacb3481df0') in 0.135192 seconds 
========================================================================
Received Import Request.
  Time since last request: 0.000064 seconds.
  path: Assets/SpellS/Free RPG Icons Pack/Icons/Magic Spell/Free RPG Icons Pack_Fire_1.png
  artifactKey: Guid(83da52182bc637e498b2e0da38d233a7) Importer(815301076,1909f56bfc062723c751e8b465ee728b)
Start importing Assets/SpellS/Free RPG Icons Pack/Icons/Magic Spell/Free RPG Icons Pack_Fire_1.png using Guid(83da52182bc637e498b2e0da38d233a7) Importer(815301076,1909f56bfc062723c751e8b465ee728b)  -> (artifact id: '4aee7dc080c0c6c3f861a4079c6dedc5') in 0.157149 seconds 
========================================================================
Received Import Request.
  Time since last request: 0.000078 seconds.
  path: Assets/SpellS/Free RPG Icons Pack/Icons/Magic Spell/Free RPG Icons Pack_Water_5.png
  artifactKey: Guid(a96f5f25e6b399d4ea75828a29498b73) Importer(815301076,1909f56bfc062723c751e8b465ee728b)
Start importing Assets/SpellS/Free RPG Icons Pack/Icons/Magic Spell/Free RPG Icons Pack_Water_5.png using Guid(a96f5f25e6b399d4ea75828a29498b73) Importer(815301076,1909f56bfc062723c751e8b465ee728b)  -> (artifact id: '494b2dcabc9df4bff59d0a0bbd859001') in 0.129192 seconds 
========================================================================
Received Import Request.
  Time since last request: 27.344606 seconds.
  path: Assets/SpellS/Homeless/UI Assets/Ability_Skill_Icons/UI_Skill_Icon_Buff.png
  artifactKey: Guid(a2563f2b8dbc4044b9a50537d3a29962) Importer(815301076,1909f56bfc062723c751e8b465ee728b)
Start importing Assets/SpellS/Homeless/UI Assets/Ability_Skill_Icons/UI_Skill_Icon_Buff.png using Guid(a2563f2b8dbc4044b9a50537d3a29962) Importer(815301076,1909f56bfc062723c751e8b465ee728b)  -> (artifact id: 'a6b2ab96d7ea1d7ca301418f3820c30a') in 0.042164 seconds 
========================================================================
Received Import Request.
  Time since last request: 0.000023 seconds.
  path: Assets/SpellS/Homeless/UI Assets/Ability_Skill_Icons/UI_Skill_Icon_Recon.png
  artifactKey: Guid(37de44bcb59b8174497def1957cc490b) Importer(815301076,1909f56bfc062723c751e8b465ee728b)
Start importing Assets/SpellS/Homeless/UI Assets/Ability_Skill_Icons/UI_Skill_Icon_Recon.png using Guid(37de44bcb59b8174497def1957cc490b) Importer(815301076,1909f56bfc062723c751e8b465ee728b)  -> (artifact id: '0f16b56cc8a21d518c0d6ead1cacc090') in 0.046467 seconds 
========================================================================
Received Import Request.
  Time since last request: 0.000144 seconds.
  path: Assets/SpellS/Homeless/UI Assets/Ability_Skill_Icons/UI_Skill_Icon_Claw.png
  artifactKey: Guid(0389074d1deba1c448d45812db40c0df) Importer(815301076,1909f56bfc062723c751e8b465ee728b)
Start importing Assets/SpellS/Homeless/UI Assets/Ability_Skill_Icons/UI_Skill_Icon_Claw.png using Guid(0389074d1deba1c448d45812db40c0df) Importer(815301076,1909f56bfc062723c751e8b465ee728b)  -> (artifact id: '40cd97a0cd4ced8abfc7e3e5969fcb12') in 0.043916 seconds 
========================================================================
Received Import Request.
  Time since last request: 0.000041 seconds.
  path: Assets/SpellS/Homeless/UI Assets/Ability_Skill_Icons/UI_Skill_Icon_Heal.png
  artifactKey: Guid(bb67b03c2969d104caba950c446f8c8d) Importer(815301076,1909f56bfc062723c751e8b465ee728b)
Start importing Assets/SpellS/Homeless/UI Assets/Ability_Skill_Icons/UI_Skill_Icon_Heal.png using Guid(bb67b03c2969d104caba950c446f8c8d) Importer(815301076,1909f56bfc062723c751e8b465ee728b)  -> (artifact id: '158b7216e43ce2b14ef5a79ea5a9b2e6') in 0.035699 seconds 
========================================================================
Received Import Request.
  Time since last request: 24.430089 seconds.
  path: Assets/SpellS/Skill icon/Archer_Charge shot_1.png
  artifactKey: Guid(5bf09296a7055d647b91e632b1f477cd) Importer(815301076,1909f56bfc062723c751e8b465ee728b)
Start importing Assets/SpellS/Skill icon/Archer_Charge shot_1.png using Guid(5bf09296a7055d647b91e632b1f477cd) Importer(815301076,1909f56bfc062723c751e8b465ee728b)  -> (artifact id: 'db99fed22f4f0d5c9945a63ac2bff710') in 0.079646 seconds 
========================================================================
Received Import Request.
  Time since last request: 0.000036 seconds.
  path: Assets/SpellS/Skill icon/Samurai_Sword Strike.png
  artifactKey: Guid(4873aa989d5fcd546b28025805f15ee8) Importer(815301076,1909f56bfc062723c751e8b465ee728b)
Start importing Assets/SpellS/Skill icon/Samurai_Sword Strike.png using Guid(4873aa989d5fcd546b28025805f15ee8) Importer(815301076,1909f56bfc062723c751e8b465ee728b)  -> (artifact id: '0f5bbde9b4680c6d47b05e6b5b0d20e8') in 0.090135 seconds 
========================================================================
Received Import Request.
  Time since last request: 0.000034 seconds.
  path: Assets/SpellS/Skill icon/Skill frame_bronze_Line.png
  artifactKey: Guid(628fd02aef5400f4c99b1fa0dfbcae90) Importer(815301076,1909f56bfc062723c751e8b465ee728b)
Start importing Assets/SpellS/Skill icon/Skill frame_bronze_Line.png using Guid(628fd02aef5400f4c99b1fa0dfbcae90) Importer(815301076,1909f56bfc062723c751e8b465ee728b)  -> (artifact id: '7b38a4baa95ac0ce171f1e9871c63e36') in 0.058528 seconds 
========================================================================
Received Import Request.
  Time since last request: 0.000063 seconds.
  path: Assets/SpellS/Skill icon/Thief_Halting.png
  artifactKey: Guid(c689ab9c825e6c941ac37ab69088e5d3) Importer(815301076,1909f56bfc062723c751e8b465ee728b)
Start importing Assets/SpellS/Skill icon/Thief_Halting.png using Guid(c689ab9c825e6c941ac37ab69088e5d3) Importer(815301076,1909f56bfc062723c751e8b465ee728b)  -> (artifact id: 'd1f12a6120d0675d987cd3037ea3789a') in 0.079857 seconds 
========================================================================
Received Import Request.
  Time since last request: 0.000042 seconds.
  path: Assets/SpellS/Skill icon/Flame_Green.png
  artifactKey: Guid(6d391596b8882c14baaaa20cd313e841) Importer(815301076,1909f56bfc062723c751e8b465ee728b)
Start importing Assets/SpellS/Skill icon/Flame_Green.png using Guid(6d391596b8882c14baaaa20cd313e841) Importer(815301076,1909f56bfc062723c751e8b465ee728b)  -> (artifact id: '1fb5940cc55139d16618f1bd7f7b6a5a') in 0.168913 seconds 
========================================================================
Received Import Request.
  Time since last request: 0.000036 seconds.
  path: Assets/SpellS/Skill icon/Thief_Hiding.png
  artifactKey: Guid(248e7692e419dc2419e077782dc7b21d) Importer(815301076,1909f56bfc062723c751e8b465ee728b)
Start importing Assets/SpellS/Skill icon/Thief_Hiding.png using Guid(248e7692e419dc2419e077782dc7b21d) Importer(815301076,1909f56bfc062723c751e8b465ee728b)  -> (artifact id: '93de6f6de063e63c0f29748acfcd6c9d') in 0.079202 seconds 
========================================================================
Received Import Request.
  Time since last request: 9.739738 seconds.
  path: Assets/SpellS/SpellBookPreface/SpellBookPreface_png/SpellBookPreface_04.PNG
  artifactKey: Guid(7df7ef7a23e39fb45a91256052a868e8) Importer(815301076,1909f56bfc062723c751e8b465ee728b)
Start importing Assets/SpellS/SpellBookPreface/SpellBookPreface_png/SpellBookPreface_04.PNG using Guid(7df7ef7a23e39fb45a91256052a868e8) Importer(815301076,1909f56bfc062723c751e8b465ee728b)  -> (artifact id: '032e56145f77e7c11e84876740090fb1') in 0.079117 seconds 
========================================================================
Received Import Request.
  Time since last request: 0.000033 seconds.
  path: Assets/SpellS/SpellBookPreface/SpellBookPreface_png/SpellBookPreface_09.PNG
  artifactKey: Guid(eced15bb959edc54c8457ab75f9a45b5) Importer(815301076,1909f56bfc062723c751e8b465ee728b)
Start importing Assets/SpellS/SpellBookPreface/SpellBookPreface_png/SpellBookPreface_09.PNG using Guid(eced15bb959edc54c8457ab75f9a45b5) Importer(815301076,1909f56bfc062723c751e8b465ee728b)  -> (artifact id: '92294ae9883157e978553643d5125a02') in 0.088655 seconds 
========================================================================
Received Import Request.
  Time since last request: 0.000044 seconds.
  path: Assets/SpellS/SpellBookPreface/SpellBookPreface_png/SpellBookPreface_16.PNG
  artifactKey: Guid(1667955fff4e1a141a5a99428fc35767) Importer(815301076,1909f56bfc062723c751e8b465ee728b)
Start importing Assets/SpellS/SpellBookPreface/SpellBookPreface_png/SpellBookPreface_16.PNG using Guid(1667955fff4e1a141a5a99428fc35767) Importer(815301076,1909f56bfc062723c751e8b465ee728b)  -> (artifact id: '3ab7c96a92f8f397a5f34b9d1c46b97e') in 0.047798 seconds 
========================================================================
Received Import Request.
  Time since last request: 0.000030 seconds.
  path: Assets/SpellS/SpellBookPreface/SpellBookPreface_png/SpellBookPreface_06.PNG
  artifactKey: Guid(ff42a689ad961fd4b9da0a00643acce7) Importer(815301076,1909f56bfc062723c751e8b465ee728b)
Start importing Assets/SpellS/SpellBookPreface/SpellBookPreface_png/SpellBookPreface_06.PNG using Guid(ff42a689ad961fd4b9da0a00643acce7) Importer(815301076,1909f56bfc062723c751e8b465ee728b)  -> (artifact id: 'b465bc422620068bdef1c732b46e6c92') in 0.046327 seconds 
========================================================================
Received Import Request.
  Time since last request: 0.000039 seconds.
  path: Assets/SpellS/SpellBookPreface/SpellBookPreface_png/SpellBookPreface_24.png
  artifactKey: Guid(e33073c12a1212141bb271ff12a51209) Importer(815301076,1909f56bfc062723c751e8b465ee728b)
Start importing Assets/SpellS/SpellBookPreface/SpellBookPreface_png/SpellBookPreface_24.png using Guid(e33073c12a1212141bb271ff12a51209) Importer(815301076,1909f56bfc062723c751e8b465ee728b)  -> (artifact id: '0b805b69fc618ba61ebc8802c2d96c45') in 0.038337 seconds 
========================================================================
Received Prepare
Registering precompiled user dll's ...
Registered in 0.052866 seconds.
Begin MonoManager ReloadAssembly
Symbol file LoadedFromMemory doesn't match image C:\Users\N\Documents\GitHub\N-own-Magic\N-own Magic\Library\PackageCache\com.unity.visualscripting@1.7.8\Editor\VisualScripting.Core\Dependencies\YamlDotNet\Unity.VisualScripting.YamlDotNet.dll
Symbol file LoadedFromMemory doesn't match image C:\Users\N\Documents\GitHub\N-own-Magic\N-own Magic\Library\PackageCache\com.unity.visualscripting@1.7.8\Editor\VisualScripting.Core\Dependencies\DotNetZip\Unity.VisualScripting.IonicZip.dll
Native extension for WindowsStandalone target not found
Refreshing native plugins compatible for Editor in 3.87 ms, found 4 plugins.
Preloading 0 native plugins for Editor in 0.00 ms.
Mono: successfully reloaded assembly
- Completed reload, in  3.716 seconds
Domain Reload Profiling:
	ReloadAssembly (3718ms)
		BeginReloadAssembly (522ms)
			ExecutionOrderSort (0ms)
			DisableScriptedObjects (20ms)
			BackupInstance (0ms)
			ReleaseScriptingObjects (0ms)
			CreateAndSetChildDomain (119ms)
		EndReloadAssembly (2789ms)
			LoadAssemblies (459ms)
			RebuildTransferFunctionScriptingTraits (0ms)
			SetupTypeCache (772ms)
			ReleaseScriptCaches (5ms)
			RebuildScriptCaches (148ms)
			SetupLoadedEditorAssemblies (1261ms)
				LogAssemblyErrors (0ms)
				InitializePlatformSupportModulesInManaged (59ms)
				SetLoadedEditorAssemblies (3ms)
				RefreshPlugins (4ms)
				BeforeProcessingInitializeOnLoad (356ms)
				ProcessInitializeOnLoadAttributes (675ms)
				ProcessInitializeOnLoadMethodAttributes (132ms)
				AfterProcessingInitializeOnLoad (31ms)
				EditorAssembliesLoaded (1ms)
			ExecutionOrderSort2 (0ms)
			AwakeInstancesAfterBackupRestoration (48ms)
Platform modules already initialized, skipping
Refreshing native plugins compatible for Editor in 15.97 ms, found 4 plugins.
Preloading 0 native plugins for Editor in 0.00 ms.
Unloading 4084 Unused Serialized files (Serialized files now loaded: 0)
Unloading 27 unused Assets / (24.6 KB). Loaded Objects now: 4589.
Memory consumption went from 157.2 MB to 157.2 MB.
Total: 10.362500 ms (FindLiveObjects: 0.725000 ms CreateObjectMapping: 0.689300 ms MarkObjects: 8.852900 ms  DeleteObjects: 0.092200 ms)

AssetImportParameters requested are different than current active one (requested -> active):
  custom:video-decoder-ogg-theora: a1e56fd34408186e4bbccfd4996cb3dc -> 
  custom:container-muxer-webm: aa71ff27fc2769a1b78a27578f13a17b -> 
  custom:container-demuxer-webm: 4f35f7cbe854078d1ac9338744f61a02 -> 
  custom:video-encoder-webm-vp8: eb34c28f22e8b96e1ab97ce403110664 -> 
  custom:audio-encoder-webm-vorbis: bf7c407c2cedff20999df2af8eb42d56 -> 
  custom:framework-win-MediaFoundation: 216162199b28c13a410421893ffa2e32 -> 
  custom:container-demuxer-ogg: 62fdf1f143b41e24485cea50d1cbac27 -> 
  custom:video-decoder-webm-vp8: 9c59270c3fd7afecdb556c50c9e8de78 -> 
  custom:audio-decoder-ogg-vorbis: bf7c407c2cedff20999df2af8eb42d56 -> 
========================================================================
Received Import Request.
  Time since last request: 5137.116034 seconds.
  path: Assets/Cards/TCG_Card_Elemental_Design/Attack_Icons/Attack_Icons_Color_2.png
  artifactKey: Guid(ffb00387edf7609409cf3a9e849bc219) Importer(815301076,1909f56bfc062723c751e8b465ee728b)
Start importing Assets/Cards/TCG_Card_Elemental_Design/Attack_Icons/Attack_Icons_Color_2.png using Guid(ffb00387edf7609409cf3a9e849bc219) Importer(815301076,1909f56bfc062723c751e8b465ee728b)  -> (artifact id: '538bd334e361b701a3fe755789f4c3b0') in 0.503056 seconds 
========================================================================
Received Import Request.
  Time since last request: 2.380374 seconds.
  path: Assets/Cards/TCG_Card_Elemental_Design/Card_Color_02/Back_Card_Color_02/Back_Card_Color_02_Logo.png
  artifactKey: Guid(a50923c5d208b41498915a144e2c6f93) Importer(815301076,1909f56bfc062723c751e8b465ee728b)
Start importing Assets/Cards/TCG_Card_Elemental_Design/Card_Color_02/Back_Card_Color_02/Back_Card_Color_02_Logo.png using Guid(a50923c5d208b41498915a144e2c6f93) Importer(815301076,1909f56bfc062723c751e8b465ee728b)  -> (artifact id: 'ab73d1eb6387619287a7c7d9cd7b796c') in 0.216236 seconds 
========================================================================
Received Import Request.
  Time since last request: 0.000034 seconds.
  path: Assets/Cards/TCG_Card_Elemental_Design/Card_Color_02/Back_Card_Color_02/Back_Card_Color_02_Logo_Crystal.png
  artifactKey: Guid(ed0c330608477904c9acd5f13d7680fe) Importer(815301076,1909f56bfc062723c751e8b465ee728b)
Start importing Assets/Cards/TCG_Card_Elemental_Design/Card_Color_02/Back_Card_Color_02/Back_Card_Color_02_Logo_Crystal.png using Guid(ed0c330608477904c9acd5f13d7680fe) Importer(815301076,1909f56bfc062723c751e8b465ee728b)  -> (artifact id: 'be36dbc3114eef992a4f59234792a4b1') in 0.175268 seconds 
========================================================================
Received Import Request.
  Time since last request: 3.820631 seconds.
  path: Assets/Cards/TCG_Card_Elemental_Design/Card_Color_05/Back_Card_Color_05/Back_Card_Color_05_Logo.png
  artifactKey: Guid(5475a5270b80828448aca2d7478b4807) Importer(815301076,1909f56bfc062723c751e8b465ee728b)
Start importing Assets/Cards/TCG_Card_Elemental_Design/Card_Color_05/Back_Card_Color_05/Back_Card_Color_05_Logo.png using Guid(5475a5270b80828448aca2d7478b4807) Importer(815301076,1909f56bfc062723c751e8b465ee728b)  -> (artifact id: 'f61e905d5486179a13739e03ca0de691') in 0.133973 seconds 
========================================================================
Received Import Request.
  Time since last request: 0.000027 seconds.
  path: Assets/Cards/TCG_Card_Elemental_Design/Card_Color_05/Back_Card_Color_05/Back_Card_Color_05_Logo_Crystal.png
  artifactKey: Guid(852e08560e46c5f42aacf7b5e03889d1) Importer(815301076,1909f56bfc062723c751e8b465ee728b)
Start importing Assets/Cards/TCG_Card_Elemental_Design/Card_Color_05/Back_Card_Color_05/Back_Card_Color_05_Logo_Crystal.png using Guid(852e08560e46c5f42aacf7b5e03889d1) Importer(815301076,1909f56bfc062723c751e8b465ee728b)  -> (artifact id: '179f6b14e695f245e8fdfd61ec4c3e77') in 0.159165 seconds 
========================================================================
Received Import Request.
  Time since last request: 8.666120 seconds.
  path: Assets/Cards/TCG_Card_Elemental_Design/Card_Color_05/Face_Card_Color_05/Face_Card_Color_05_Back.png
  artifactKey: Guid(3efab05b9b9523844a090a800ef405cc) Importer(815301076,1909f56bfc062723c751e8b465ee728b)
Start importing Assets/Cards/TCG_Card_Elemental_Design/Card_Color_05/Face_Card_Color_05/Face_Card_Color_05_Back.png using Guid(3efab05b9b9523844a090a800ef405cc) Importer(815301076,1909f56bfc062723c751e8b465ee728b)  -> (artifact id: 'e7d0d2412f0bf39252ba646d703a2ef8') in 1.071675 seconds 
========================================================================
Received Import Request.
  Time since last request: 0.000082 seconds.
  path: Assets/Cards/TCG_Card_Elemental_Design/Card_Color_05/Face_Card_Color_05/Face_Card_Color_05_Place_Picture.png
  artifactKey: Guid(f5a39b8ca841b4f468f1e8a36124d302) Importer(815301076,1909f56bfc062723c751e8b465ee728b)
Start importing Assets/Cards/TCG_Card_Elemental_Design/Card_Color_05/Face_Card_Color_05/Face_Card_Color_05_Place_Picture.png using Guid(f5a39b8ca841b4f468f1e8a36124d302) Importer(815301076,1909f56bfc062723c751e8b465ee728b)  -> (artifact id: '4b8c75f13acac5fe8f9cc23e47ffb678') in 0.511275 seconds 
========================================================================
Received Import Request.
  Time since last request: 0.000109 seconds.
  path: Assets/Cards/TCG_Card_Elemental_Design/Card_Color_05/Face_Card_Color_05/Face_Card_Color_05_Frame.png
  artifactKey: Guid(e2fb86432b6a77c4e96580e5be8d9ae4) Importer(815301076,1909f56bfc062723c751e8b465ee728b)
Start importing Assets/Cards/TCG_Card_Elemental_Design/Card_Color_05/Face_Card_Color_05/Face_Card_Color_05_Frame.png using Guid(e2fb86432b6a77c4e96580e5be8d9ae4) Importer(815301076,1909f56bfc062723c751e8b465ee728b)  -> (artifact id: '86f9b60761d9df094e1595347622bbe7') in 0.690409 seconds 
========================================================================
Received Import Request.
  Time since last request: 333.622844 seconds.
  path: Assets/Cards/TCG_Card_Elemental_Design/Heart_Icons/Heart_Icons_Color_2.png
  artifactKey: Guid(77e4c0688cf57544386d54a250ad6a4d) Importer(815301076,1909f56bfc062723c751e8b465ee728b)
Start importing Assets/Cards/TCG_Card_Elemental_Design/Heart_Icons/Heart_Icons_Color_2.png using Guid(77e4c0688cf57544386d54a250ad6a4d) Importer(815301076,1909f56bfc062723c751e8b465ee728b)  -> (artifact id: 'dee34f73cab70296dcb8f17c661364db') in 0.070256 seconds 
========================================================================
Received Import Request.
  Time since last request: 0.000042 seconds.
  path: Assets/Cards/TCG_Card_Elemental_Design/Heart_Icons/Heart_Icons_Color_5.png
  artifactKey: Guid(f17ffa2d1adee944ba5badb7faaa80ba) Importer(815301076,1909f56bfc062723c751e8b465ee728b)
Start importing Assets/Cards/TCG_Card_Elemental_Design/Heart_Icons/Heart_Icons_Color_5.png using Guid(f17ffa2d1adee944ba5badb7faaa80ba) Importer(815301076,1909f56bfc062723c751e8b465ee728b)  -> (artifact id: 'e668fd8c1533acad719c5d2f3e206c1f') in 0.062133 seconds 
========================================================================
Received Import Request.
  Time since last request: 0.000042 seconds.
  path: Assets/Cards/TCG_Card_Elemental_Design/Heart_Icons/Heart_Icons_Color_3.png
  artifactKey: Guid(a8e0ae4cd56f9034793ef01668d96e6e) Importer(815301076,1909f56bfc062723c751e8b465ee728b)
Start importing Assets/Cards/TCG_Card_Elemental_Design/Heart_Icons/Heart_Icons_Color_3.png using Guid(a8e0ae4cd56f9034793ef01668d96e6e) Importer(815301076,1909f56bfc062723c751e8b465ee728b)  -> (artifact id: '69cf25c16984e1c1e0fa486dc459e814') in 0.051652 seconds 
========================================================================
Received Import Request.
  Time since last request: 142.778423 seconds.
  path: Assets/Fonts/Font/Almendra-Regular SDF.asset
  artifactKey: Guid(043898c62c8fbd74599f036ca6d5083e) Importer(815301076,1909f56bfc062723c751e8b465ee728b)
Start importing Assets/Fonts/Font/Almendra-Regular SDF.asset using Guid(043898c62c8fbd74599f036ca6d5083e) Importer(815301076,1909f56bfc062723c751e8b465ee728b)  -> (artifact id: '4d1f3b366b96b1b7c17c0dfad51f1725') in 0.503973 seconds 
========================================================================
Received Import Request.
  Time since last request: 0.000040 seconds.
  path: Assets/TextMesh Pro/Resources/Fonts & Materials/LiberationSans SDF - Fallback.asset
  artifactKey: Guid(2e498d1c8094910479dc3e1b768306a4) Importer(815301076,1909f56bfc062723c751e8b465ee728b)
Start importing Assets/TextMesh Pro/Resources/Fonts & Materials/LiberationSans SDF - Fallback.asset using Guid(2e498d1c8094910479dc3e1b768306a4) Importer(815301076,1909f56bfc062723c751e8b465ee728b)  -> (artifact id: 'f73e2d31c734793c0d64434e9a7330f8') in 0.084509 seconds 
========================================================================
Received Import Request.
  Time since last request: 0.000050 seconds.
  path: Assets/TextMesh Pro/Resources/Fonts & Materials/LiberationSans SDF.asset
  artifactKey: Guid(8f586378b4e144a9851e7b34d9b748ee) Importer(815301076,1909f56bfc062723c751e8b465ee728b)
Start importing Assets/TextMesh Pro/Resources/Fonts & Materials/LiberationSans SDF.asset using Guid(8f586378b4e144a9851e7b34d9b748ee) Importer(815301076,1909f56bfc062723c751e8b465ee728b)  -> (artifact id: 'e991ce4d2f68a9cee94a76853eb4f90f') in 0.101077 seconds 
========================================================================
Received Import Request.
  Time since last request: 0.000044 seconds.
  path: Assets/Fonts/Font/UncialAntiqua-Regular SDF.asset
  artifactKey: Guid(00651ee3f82f9bc44bc55bf786500182) Importer(815301076,1909f56bfc062723c751e8b465ee728b)
Start importing Assets/Fonts/Font/UncialAntiqua-Regular SDF.asset using Guid(00651ee3f82f9bc44bc55bf786500182) Importer(815301076,1909f56bfc062723c751e8b465ee728b)  -> (artifact id: 'b614da1482599a97bbf9213403b1e445') in 0.490150 seconds 
========================================================================
Received Import Request.
  Time since last request: 277.430064 seconds.
  path: Assets/TextMesh Pro/Resources/Fonts & Materials/LiberationSans SDF - Outline.mat
  artifactKey: Guid(79459efec17a4d00a321bdcc27bbc385) Importer(815301076,1909f56bfc062723c751e8b465ee728b)
Start importing Assets/TextMesh Pro/Resources/Fonts & Materials/LiberationSans SDF - Outline.mat using Guid(79459efec17a4d00a321bdcc27bbc385) Importer(815301076,1909f56bfc062723c751e8b465ee728b)  -> (artifact id: 'dd79bd125169540fb77e586217dd0df6') in 0.145449 seconds 
========================================================================
Received Import Request.
  Time since last request: 349.853733 seconds.
  path: Assets/Cards/AddTurn.asset
  artifactKey: Guid(4e34beb01abc3be47ae8d19c63f94108) Importer(815301076,1909f56bfc062723c751e8b465ee728b)
Start importing Assets/Cards/AddTurn.asset using Guid(4e34beb01abc3be47ae8d19c63f94108) Importer(815301076,1909f56bfc062723c751e8b465ee728b)  -> (artifact id: '77188ed370c7d3e85ec820f74241f5af') in 0.014829 seconds 
========================================================================
Received Import Request.
  Time since last request: 0.006273 seconds.
  path: Assets/Cards/PierceAttack.asset
  artifactKey: Guid(df37d59aa4b7c2f4b81be2edbf7d6fa9) Importer(815301076,1909f56bfc062723c751e8b465ee728b)
Start importing Assets/Cards/PierceAttack.asset using Guid(df37d59aa4b7c2f4b81be2edbf7d6fa9) Importer(815301076,1909f56bfc062723c751e8b465ee728b)  -> (artifact id: '8b7212f0ffa0d1a2a861bf028cf4a874') in 0.025106 seconds 
========================================================================
Received Import Request.
  Time since last request: 0.000062 seconds.
  path: Assets/Cards/Attack.asset
  artifactKey: Guid(0765c876328140e4d82f093fa1f980a2) Importer(815301076,1909f56bfc062723c751e8b465ee728b)
Start importing Assets/Cards/Attack.asset using Guid(0765c876328140e4d82f093fa1f980a2) Importer(815301076,1909f56bfc062723c751e8b465ee728b)  -> (artifact id: 'b0d38e89fb90d3d078b83d3bbf7e393f') in 0.016170 seconds 
Editor requested this worker to shutdown with reason: Scaling down because of idle timeout
AssetImportWorker is now disconnected from the server
Process exiting
Exiting without the bug reporter. Application will terminate with return code 0