Using pre-set license
Built from '2021.3/staging' branch; Version is '2021.3.10f1 (1c7d0df0160b) revision 1867021'; Using compiler version '192829333'; Build Type 'Release'
OS: 'Windows 11  (10.0.22631) 64bit Core' Language: 'ko' Physical Memory: 32627 MB
BatchMode: 1, IsHumanControllingUs: 0, StartBugReporterOnCrash: 0, Is64bit: 1, IsPro: 1

COMMAND LINE ARGUMENTS:
C:\Program Files\Unity\Hub\Editor\2021.3.10f1\Editor\Unity.exe
-adb2
-batchMode
-noUpm
-name
AssetImportWorker1
-projectPath
C:/Users/user/Documents/GitHub/N-own-Magic/N-own Magic
-logFile
Logs/AssetImportWorker1.log
-srvPort
60000
Successfully changed project path to: C:/Users/user/Documents/GitHub/N-own-Magic/N-own Magic
C:/Users/user/Documents/GitHub/N-own-Magic/N-own Magic
[UnityMemory] Configuration Parameters - Can be set up in boot.config
    "memorysetup-bucket-allocator-granularity=16"
    "memorysetup-bucket-allocator-bucket-count=8"
    "memorysetup-bucket-allocator-block-size=33554432"
    "memorysetup-bucket-allocator-block-count=8"
    "memorysetup-main-allocator-block-size=16777216"
    "memorysetup-thread-allocator-block-size=16777216"
    "memorysetup-gfx-main-allocator-block-size=16777216"
    "memorysetup-gfx-thread-allocator-block-size=16777216"
    "memorysetup-cache-allocator-block-size=4194304"
    "memorysetup-typetree-allocator-block-size=2097152"
    "memorysetup-profiler-bucket-allocator-granularity=16"
    "memorysetup-profiler-bucket-allocator-bucket-count=8"
    "memorysetup-profiler-bucket-allocator-block-size=33554432"
    "memorysetup-profiler-bucket-allocator-block-count=8"
    "memorysetup-profiler-allocator-block-size=16777216"
    "memorysetup-profiler-editor-allocator-block-size=1048576"
    "memorysetup-temp-allocator-size-main=16777216"
    "memorysetup-job-temp-allocator-block-size=2097152"
    "memorysetup-job-temp-allocator-block-size-background=1048576"
    "memorysetup-job-temp-allocator-reduction-small-platforms=262144"
    "memorysetup-temp-allocator-size-background-worker=32768"
    "memorysetup-temp-allocator-size-job-worker=262144"
    "memorysetup-temp-allocator-size-preload-manager=33554432"
    "memorysetup-temp-allocator-size-nav-mesh-worker=65536"
    "memorysetup-temp-allocator-size-audio-worker=65536"
    "memorysetup-temp-allocator-size-cloud-worker=32768"
    "memorysetup-temp-allocator-size-gi-baking-worker=262144"
    "memorysetup-temp-allocator-size-gfx=262144"
Refreshing native plugins compatible for Editor in 71.83 ms, found 4 plugins.
Preloading 0 native plugins for Editor in 0.00 ms.
Initialize engine version: 2021.3.10f1 (1c7d0df0160b)
[Subsystems] Discovering subsystems at path C:/Program Files/Unity/Hub/Editor/2021.3.10f1/Editor/Data/Resources/UnitySubsystems
[Subsystems] Discovering subsystems at path C:/Users/user/Documents/GitHub/N-own-Magic/N-own Magic/Assets
GfxDevice: creating device client; threaded=0; jobified=0
Direct3D:
    Version:  Direct3D 11.0 [level 11.1]
    Renderer: NVIDIA GeForce RTX 3060 Ti (ID=0x2489)
    Vendor:   NVIDIA
    VRAM:     8038 MB
    Driver:   31.0.15.3598
Initialize mono
Mono path[0] = 'C:/Program Files/Unity/Hub/Editor/2021.3.10f1/Editor/Data/Managed'
Mono path[1] = 'C:/Program Files/Unity/Hub/Editor/2021.3.10f1/Editor/Data/MonoBleedingEdge/lib/mono/unityjit-win32'
Mono config path = 'C:/Program Files/Unity/Hub/Editor/2021.3.10f1/Editor/Data/MonoBleedingEdge/etc'
Using monoOptions --debugger-agent=transport=dt_socket,embedding=1,server=y,suspend=n,address=127.0.0.1:56948
Begin MonoManager ReloadAssembly
Registering precompiled unity dll's ...
Register platform support module: C:/Program Files/Unity/Hub/Editor/2021.3.10f1/Editor/Data/PlaybackEngines/WebGLSupport/UnityEditor.WebGL.Extensions.dll
Register platform support module: C:/Program Files/Unity/Hub/Editor/2021.3.10f1/Editor/Data/PlaybackEngines/WindowsStandaloneSupport/UnityEditor.WindowsStandalone.Extensions.dll
Registered in 0.008830 seconds.
Native extension for WindowsStandalone target not found
Native extension for WebGL target not found
Refreshing native plugins compatible for Editor in 67.09 ms, found 4 plugins.
Preloading 0 native plugins for Editor in 0.00 ms.
Mono: successfully reloaded assembly
- Completed reload, in  0.473 seconds
Domain Reload Profiling:
	ReloadAssembly (474ms)
		BeginReloadAssembly (65ms)
			ExecutionOrderSort (0ms)
			DisableScriptedObjects (0ms)
			BackupInstance (0ms)
			ReleaseScriptingObjects (0ms)
			CreateAndSetChildDomain (1ms)
		EndReloadAssembly (327ms)
			LoadAssemblies (62ms)
			RebuildTransferFunctionScriptingTraits (0ms)
			SetupTypeCache (69ms)
			ReleaseScriptCaches (0ms)
			RebuildScriptCaches (21ms)
			SetupLoadedEditorAssemblies (197ms)
				LogAssemblyErrors (0ms)
				InitializePlatformSupportModulesInManaged (11ms)
				SetLoadedEditorAssemblies (0ms)
				RefreshPlugins (67ms)
				BeforeProcessingInitializeOnLoad (1ms)
				ProcessInitializeOnLoadAttributes (81ms)
				ProcessInitializeOnLoadMethodAttributes (37ms)
				AfterProcessingInitializeOnLoad (0ms)
				EditorAssembliesLoaded (0ms)
			ExecutionOrderSort2 (0ms)
			AwakeInstancesAfterBackupRestoration (0ms)
Platform modules already initialized, skipping
Registering precompiled user dll's ...
Registered in 0.009635 seconds.
Begin MonoManager ReloadAssembly
Symbol file LoadedFromMemory doesn't match image C:\Users\user\Documents\GitHub\N-own-Magic\N-own Magic\Library\PackageCache\com.unity.visualscripting@1.7.8\Editor\VisualScripting.Core\Dependencies\YamlDotNet\Unity.VisualScripting.YamlDotNet.dll
Symbol file LoadedFromMemory doesn't match image C:\Users\user\Documents\GitHub\N-own-Magic\N-own Magic\Library\PackageCache\com.unity.visualscripting@1.7.8\Editor\VisualScripting.Core\Dependencies\DotNetZip\Unity.VisualScripting.IonicZip.dll
Native extension for WindowsStandalone target not found
Native extension for WebGL target not found
Refreshing native plugins compatible for Editor in 66.15 ms, found 4 plugins.
Preloading 0 native plugins for Editor in 0.00 ms.
Mono: successfully reloaded assembly
- Completed reload, in  0.942 seconds
Domain Reload Profiling:
	ReloadAssembly (943ms)
		BeginReloadAssembly (117ms)
			ExecutionOrderSort (0ms)
			DisableScriptedObjects (3ms)
			BackupInstance (0ms)
			ReleaseScriptingObjects (0ms)
			CreateAndSetChildDomain (13ms)
		EndReloadAssembly (726ms)
			LoadAssemblies (123ms)
			RebuildTransferFunctionScriptingTraits (0ms)
			SetupTypeCache (163ms)
			ReleaseScriptCaches (0ms)
			RebuildScriptCaches (36ms)
			SetupLoadedEditorAssemblies (391ms)
				LogAssemblyErrors (0ms)
				InitializePlatformSupportModulesInManaged (7ms)
				SetLoadedEditorAssemblies (0ms)
				RefreshPlugins (66ms)
				BeforeProcessingInitializeOnLoad (88ms)
				ProcessInitializeOnLoadAttributes (182ms)
				ProcessInitializeOnLoadMethodAttributes (33ms)
				AfterProcessingInitializeOnLoad (14ms)
				EditorAssembliesLoaded (0ms)
			ExecutionOrderSort2 (0ms)
			AwakeInstancesAfterBackupRestoration (11ms)
Platform modules already initialized, skipping
========================================================================
Worker process is ready to serve import requests
Launched and connected shader compiler UnityShaderCompiler.exe after 0.04 seconds
Refreshing native plugins compatible for Editor in 0.58 ms, found 4 plugins.
Preloading 0 native plugins for Editor in 0.00 ms.
Unloading 4081 Unused Serialized files (Serialized files now loaded: 0)
Unloading 39 unused Assets / (56.4 KB). Loaded Objects now: 4536.
Memory consumption went from 152.1 MB to 152.0 MB.
Total: 2.624400 ms (FindLiveObjects: 0.199000 ms CreateObjectMapping: 0.102200 ms MarkObjects: 2.254000 ms  DeleteObjects: 0.068200 ms)

AssetImportParameters requested are different than current active one (requested -> active):
  custom:video-decoder-ogg-theora: a1e56fd34408186e4bbccfd4996cb3dc -> 
  custom:container-muxer-webm: aa71ff27fc2769a1b78a27578f13a17b -> 
  custom:container-demuxer-webm: 4f35f7cbe854078d1ac9338744f61a02 -> 
  custom:video-encoder-webm-vp8: eb34c28f22e8b96e1ab97ce403110664 -> 
  custom:audio-encoder-webm-vorbis: bf7c407c2cedff20999df2af8eb42d56 -> 
  custom:framework-win-MediaFoundation: 216162199b28c13a410421893ffa2e32 -> 
  custom:container-demuxer-ogg: 62fdf1f143b41e24485cea50d1cbac27 -> 
  custom:video-decoder-webm-vp8: 9c59270c3fd7afecdb556c50c9e8de78 -> 
  custom:audio-decoder-ogg-vorbis: bf7c407c2cedff20999df2af8eb42d56 -> 
========================================================================
Received Import Request.
  Time since last request: 2315.683095 seconds.
  path: Assets/FREE Parallax Forest Background HQ/Parallax Forest Background/01_Sky.png
  artifactKey: Guid(b16fda486e947474288d51496b7f4d98) Importer(815301076,1909f56bfc062723c751e8b465ee728b)
Start importing Assets/FREE Parallax Forest Background HQ/Parallax Forest Background/01_Sky.png using Guid(b16fda486e947474288d51496b7f4d98) Importer(815301076,1909f56bfc062723c751e8b465ee728b)  -> (artifact id: '2e8943f5936c26889acaabcf3d7c1379') in 0.223352 seconds 
========================================================================
Received Import Request.
  Time since last request: 0.000016 seconds.
  path: Assets/FREE Parallax Forest Background HQ/Parallax Forest Background/02_Forest.png
  artifactKey: Guid(5ca4cca794164da4998673c61f018a56) Importer(815301076,1909f56bfc062723c751e8b465ee728b)
Start importing Assets/FREE Parallax Forest Background HQ/Parallax Forest Background/02_Forest.png using Guid(5ca4cca794164da4998673c61f018a56) Importer(815301076,1909f56bfc062723c751e8b465ee728b)  -> (artifact id: 'd1de8979eee03f710e4e060effc7eb9f') in 0.102929 seconds 
========================================================================
Received Import Request.
  Time since last request: 0.000067 seconds.
  path: Assets/FREE Parallax Forest Background HQ/Parallax Forest Background/09_Bushes.png
  artifactKey: Guid(5ce502a7ea7810b4a894499b06c1f846) Importer(815301076,1909f56bfc062723c751e8b465ee728b)
Start importing Assets/FREE Parallax Forest Background HQ/Parallax Forest Background/09_Bushes.png using Guid(5ce502a7ea7810b4a894499b06c1f846) Importer(815301076,1909f56bfc062723c751e8b465ee728b)  -> (artifact id: '8573eea1aa555edf123ca713b0a170df') in 0.078649 seconds 
========================================================================
Received Import Request.
  Time since last request: 0.000020 seconds.
  path: Assets/FREE Parallax Forest Background HQ
  artifactKey: Guid(0fb143de93fa01142addf528bd8b0f5d) Importer(815301076,1909f56bfc062723c751e8b465ee728b)
Start importing Assets/FREE Parallax Forest Background HQ using Guid(0fb143de93fa01142addf528bd8b0f5d) Importer(815301076,1909f56bfc062723c751e8b465ee728b)  -> (artifact id: '296551e1064188cc2dddc559c8c0aba8') in 0.009829 seconds 
========================================================================
Received Import Request.
  Time since last request: 0.000017 seconds.
  path: Assets/FREE Parallax Forest Background HQ/Parallax Forest Background/06_Particles.png
  artifactKey: Guid(767de8d508911a94b82618daff5e5ec4) Importer(815301076,1909f56bfc062723c751e8b465ee728b)
Start importing Assets/FREE Parallax Forest Background HQ/Parallax Forest Background/06_Particles.png using Guid(767de8d508911a94b82618daff5e5ec4) Importer(815301076,1909f56bfc062723c751e8b465ee728b)  -> (artifact id: '96311aaa295caa46b16199b938f41a3a') in 0.073943 seconds 
========================================================================
Received Import Request.
  Time since last request: 0.000019 seconds.
  path: Assets/FREE Parallax Forest Background HQ/Parallax Forest Background/03_Forest.png
  artifactKey: Guid(1f9f9ffa09a26014d898d07f9896cd5d) Importer(815301076,1909f56bfc062723c751e8b465ee728b)
Start importing Assets/FREE Parallax Forest Background HQ/Parallax Forest Background/03_Forest.png using Guid(1f9f9ffa09a26014d898d07f9896cd5d) Importer(815301076,1909f56bfc062723c751e8b465ee728b)  -> (artifact id: 'bcc98f7465ab8c62b2047fa72de2a065') in 0.073452 seconds 
========================================================================
Received Import Request.
  Time since last request: 30.711418 seconds.
  path: Assets/Gentleland/SteampunkUI/Art/Steampunk_UI_Alternative_Colors_2.png
  artifactKey: Guid(16d1c9e5fff600b4da50552f2a8de467) Importer(815301076,1909f56bfc062723c751e8b465ee728b)
Start importing Assets/Gentleland/SteampunkUI/Art/Steampunk_UI_Alternative_Colors_2.png using Guid(16d1c9e5fff600b4da50552f2a8de467) Importer(815301076,1909f56bfc062723c751e8b465ee728b)  -> (artifact id: '82ed4b14469d864bc1ecf8ba3e8660cc') in 0.125605 seconds 
========================================================================
Received Import Request.
  Time since last request: 0.000028 seconds.
  path: Assets/Gentleland/SteampunkUI/Art/Steampunk_UI_gameplay_icons_3.png
  artifactKey: Guid(4a82e804aa2303243a2809843ec25157) Importer(815301076,1909f56bfc062723c751e8b465ee728b)
Start importing Assets/Gentleland/SteampunkUI/Art/Steampunk_UI_gameplay_icons_3.png using Guid(4a82e804aa2303243a2809843ec25157) Importer(815301076,1909f56bfc062723c751e8b465ee728b)  -> (artifact id: 'e28f947f9f90aaec8d499f20538ec934') in 0.142332 seconds 
========================================================================
Received Import Request.
  Time since last request: 0.000029 seconds.
  path: Assets/Gentleland/SteampunkUI/Art/Steampunk_UI_gameplay_icons_5.png
  artifactKey: Guid(a1b1758dd2955234783b01afa7fe3f5a) Importer(815301076,1909f56bfc062723c751e8b465ee728b)
Start importing Assets/Gentleland/SteampunkUI/Art/Steampunk_UI_gameplay_icons_5.png using Guid(a1b1758dd2955234783b01afa7fe3f5a) Importer(815301076,1909f56bfc062723c751e8b465ee728b)  -> (artifact id: '07004557beddec5b7e6ede8c7b3b52c7') in 0.127763 seconds 
========================================================================
Received Import Request.
  Time since last request: 0.000021 seconds.
  path: Assets/Gentleland/SteampunkUI/Art/Steampunk_UI_inventory_cursor_icons.png
  artifactKey: Guid(252d1f9f9eb6dfe46873735361f596d6) Importer(815301076,1909f56bfc062723c751e8b465ee728b)
Start importing Assets/Gentleland/SteampunkUI/Art/Steampunk_UI_inventory_cursor_icons.png using Guid(252d1f9f9eb6dfe46873735361f596d6) Importer(815301076,1909f56bfc062723c751e8b465ee728b)  -> (artifact id: 'b54fb20d089d126310b34035eba8c4f6') in 0.132647 seconds 
========================================================================
Received Import Request.
  Time since last request: 0.000043 seconds.
  path: Assets/Gentleland/SteampunkUI/Art/Steampunk_UI_HP_Bars.png
  artifactKey: Guid(17026eb7ce293644f8ed852822b7a7b2) Importer(815301076,1909f56bfc062723c751e8b465ee728b)
Start importing Assets/Gentleland/SteampunkUI/Art/Steampunk_UI_HP_Bars.png using Guid(17026eb7ce293644f8ed852822b7a7b2) Importer(815301076,1909f56bfc062723c751e8b465ee728b)  -> (artifact id: '10872b69af85f63f0391517fe9dfd09d') in 0.098066 seconds 
========================================================================
Received Import Request.
  Time since last request: 0.000023 seconds.
  path: Assets/Gentleland/SteampunkUI/Art/Steampunk_UI_gameplay_icons_1.png
  artifactKey: Guid(b77342e1883ccd94983f6bd49ddd47a5) Importer(815301076,1909f56bfc062723c751e8b465ee728b)
Start importing Assets/Gentleland/SteampunkUI/Art/Steampunk_UI_gameplay_icons_1.png using Guid(b77342e1883ccd94983f6bd49ddd47a5) Importer(815301076,1909f56bfc062723c751e8b465ee728b)  -> (artifact id: '2018f919672d32b9dfc095246c43b5f7') in 0.179725 seconds 
========================================================================
Received Import Request.
  Time since last request: 16.511402 seconds.
  path: Assets/Fantasy Wooden GUI  Free/normal_ui_set A/Division line.png
  artifactKey: Guid(b7d245916891cca47a0144e12a82e086) Importer(815301076,1909f56bfc062723c751e8b465ee728b)
Start importing Assets/Fantasy Wooden GUI  Free/normal_ui_set A/Division line.png using Guid(b7d245916891cca47a0144e12a82e086) Importer(815301076,1909f56bfc062723c751e8b465ee728b)  -> (artifact id: '47f1b74ce2be1e649158e258aa3e7fd6') in 0.038518 seconds 
========================================================================
Received Import Request.
  Time since last request: 0.000026 seconds.
  path: Assets/Fantasy Wooden GUI  Free/normal_ui_set A/UI board Small Set.png
  artifactKey: Guid(8eb69fafe4f719b49bb2dd1a7358aaaa) Importer(815301076,1909f56bfc062723c751e8b465ee728b)
Start importing Assets/Fantasy Wooden GUI  Free/normal_ui_set A/UI board Small Set.png using Guid(8eb69fafe4f719b49bb2dd1a7358aaaa) Importer(815301076,1909f56bfc062723c751e8b465ee728b)  -> (artifact id: 'a29bbc0b5efdd9f31229125ce17d7e97') in 0.048120 seconds 
========================================================================
Received Import Request.
  Time since last request: 0.000026 seconds.
  path: Assets/Fantasy Wooden GUI  Free/normal_ui_set A/IRONY TITLE  empty.png
  artifactKey: Guid(4d6a99baee23b654f9e4bb672ae0b438) Importer(815301076,1909f56bfc062723c751e8b465ee728b)
Start importing Assets/Fantasy Wooden GUI  Free/normal_ui_set A/IRONY TITLE  empty.png using Guid(4d6a99baee23b654f9e4bb672ae0b438) Importer(815301076,1909f56bfc062723c751e8b465ee728b)  -> (artifact id: '53336a607d10ff85b24a7e0ac0d232f5') in 0.041288 seconds 
========================================================================
Received Import Request.
  Time since last request: 0.000018 seconds.
  path: Assets/Fantasy Wooden GUI  Free/normal_ui_set A/Exclamation_Yellow.png
  artifactKey: Guid(f26fa8880b3aeef4b8516c82dc12f2a5) Importer(815301076,1909f56bfc062723c751e8b465ee728b)
Start importing Assets/Fantasy Wooden GUI  Free/normal_ui_set A/Exclamation_Yellow.png using Guid(f26fa8880b3aeef4b8516c82dc12f2a5) Importer(815301076,1909f56bfc062723c751e8b465ee728b)  -> (artifact id: 'cad1ff1c063b542045da7aca525e86f4') in 0.019381 seconds 
========================================================================
Received Import Request.
  Time since last request: 0.000020 seconds.
  path: Assets/Fantasy Wooden GUI  Free/normal_ui_set A/Exclamation_Red.png
  artifactKey: Guid(e9d4143c19529834981ac6821a04aecd) Importer(815301076,1909f56bfc062723c751e8b465ee728b)
Start importing Assets/Fantasy Wooden GUI  Free/normal_ui_set A/Exclamation_Red.png using Guid(e9d4143c19529834981ac6821a04aecd) Importer(815301076,1909f56bfc062723c751e8b465ee728b)  -> (artifact id: '8571e73fa19093b6e7a9df74fc6f20c2') in 0.018395 seconds 
========================================================================
Received Import Request.
  Time since last request: 0.000018 seconds.
  path: Assets/Fantasy Wooden GUI  Free/normal_ui_set A/TextBTN_Cancel.png
  artifactKey: Guid(480144379cc9c7d47a8e19f58b0e6ee3) Importer(815301076,1909f56bfc062723c751e8b465ee728b)
Start importing Assets/Fantasy Wooden GUI  Free/normal_ui_set A/TextBTN_Cancel.png using Guid(480144379cc9c7d47a8e19f58b0e6ee3) Importer(815301076,1909f56bfc062723c751e8b465ee728b)  -> (artifact id: 'ab5da2ad9cd1ac552fed1764382f9c4d') in 0.022144 seconds 
========================================================================
Received Import Request.
  Time since last request: 0.000019 seconds.
  path: Assets/Fantasy Wooden GUI  Free/normal_ui_set A/TextBTN_Big_Pressed.png
  artifactKey: Guid(d6a1673a31851fd4395c287261da36e4) Importer(815301076,1909f56bfc062723c751e8b465ee728b)
Start importing Assets/Fantasy Wooden GUI  Free/normal_ui_set A/TextBTN_Big_Pressed.png using Guid(d6a1673a31851fd4395c287261da36e4) Importer(815301076,1909f56bfc062723c751e8b465ee728b)  -> (artifact id: '63e4bc4120fdbbe96a1949d89f2ab487') in 0.022744 seconds 
========================================================================
Received Import Request.
  Time since last request: 0.000038 seconds.
  path: Assets/Fantasy Wooden GUI  Free/normal_ui_set A/IRONY TITLE  Large.png
  artifactKey: Guid(054411784c3fdf74d9db120b4a792a71) Importer(815301076,1909f56bfc062723c751e8b465ee728b)
Start importing Assets/Fantasy Wooden GUI  Free/normal_ui_set A/IRONY TITLE  Large.png using Guid(054411784c3fdf74d9db120b4a792a71) Importer(815301076,1909f56bfc062723c751e8b465ee728b)  -> (artifact id: 'e0c7a55778ee82205acad5f40f7e2383') in 0.024614 seconds 
========================================================================
Received Import Request.
  Time since last request: 0.000027 seconds.
  path: Assets/Fantasy Wooden GUI  Free/normal_ui_set A/UI board Small  stone.png
  artifactKey: Guid(8dd861a6e819de241bca68a36048a6bd) Importer(815301076,1909f56bfc062723c751e8b465ee728b)
Start importing Assets/Fantasy Wooden GUI  Free/normal_ui_set A/UI board Small  stone.png using Guid(8dd861a6e819de241bca68a36048a6bd) Importer(815301076,1909f56bfc062723c751e8b465ee728b)  -> (artifact id: 'b64ad81eed6e8e74775d43600c417ee1') in 0.029208 seconds 
========================================================================
Received Prepare
Registering precompiled user dll's ...
Registered in 0.013743 seconds.
Begin MonoManager ReloadAssembly
Symbol file LoadedFromMemory doesn't match image C:\Users\user\Documents\GitHub\N-own-Magic\N-own Magic\Library\PackageCache\com.unity.visualscripting@1.7.8\Editor\VisualScripting.Core\Dependencies\YamlDotNet\Unity.VisualScripting.YamlDotNet.dll
Symbol file LoadedFromMemory doesn't match image C:\Users\user\Documents\GitHub\N-own-Magic\N-own Magic\Library\PackageCache\com.unity.visualscripting@1.7.8\Editor\VisualScripting.Core\Dependencies\DotNetZip\Unity.VisualScripting.IonicZip.dll
Native extension for WindowsStandalone target not found
Native extension for WebGL target not found
Refreshing native plugins compatible for Editor in 0.57 ms, found 4 plugins.
Preloading 0 native plugins for Editor in 0.00 ms.
CreateSerializedAsset is not supported while importing out-of-process
UnityEngine.StackTraceUtility:ExtractStackTrace ()
Gentleland.Utils.SteampunkUI.OpenWindowsOnLoad:.cctor () (at Assets/Gentleland/SteampunkUI/Utils/Editor/OpenWindowsOnLoad.cs:23)
System.Runtime.CompilerServices.RuntimeHelpers:RunClassConstructor (System.RuntimeTypeHandle)
UnityEditor.EditorAssemblies:ProcessInitializeOnLoadAttributes (System.Type[])

[Assets/Gentleland/SteampunkUI/Utils/Editor/OpenWindowsOnLoad.cs line 23]

UnityEngine.UnityException: Creating asset at path Assets/GentlelandSettings/GentlelandSettings_SteampunkUI.asset failed.
  at (wrapper managed-to-native) UnityEditor.AssetDatabase.CreateAsset(UnityEngine.Object,string)
  at Gentleland.Utils.SteampunkUI.OpenWindowsOnLoad..cctor () [0x00036] in C:\Users\user\Documents\GitHub\N-own-Magic\N-own Magic\Assets\Gentleland\SteampunkUI\Utils\Editor\OpenWindowsOnLoad.cs:23 
UnityEngine.StackTraceUtility:ExtractStackTrace ()
UnityEngine.DebugLogHandler:LogFormat (UnityEngine.LogType,UnityEngine.Object,string,object[])
UnityEngine.Logger:Log (UnityEngine.LogType,object)
UnityEngine.Debug:LogError (object)
UnityEditor.EditorAssemblies:ProcessInitializeOnLoadAttributes (System.Type[])

Mono: successfully reloaded assembly
- Completed reload, in  0.840 seconds
Domain Reload Profiling:
	ReloadAssembly (840ms)
		BeginReloadAssembly (141ms)
			ExecutionOrderSort (0ms)
			DisableScriptedObjects (4ms)
			BackupInstance (0ms)
			ReleaseScriptingObjects (0ms)
			CreateAndSetChildDomain (30ms)
		EndReloadAssembly (604ms)
			LoadAssemblies (125ms)
			RebuildTransferFunctionScriptingTraits (0ms)
			SetupTypeCache (166ms)
			ReleaseScriptCaches (1ms)
			RebuildScriptCaches (30ms)
			SetupLoadedEditorAssemblies (265ms)
				LogAssemblyErrors (0ms)
				InitializePlatformSupportModulesInManaged (12ms)
				SetLoadedEditorAssemblies (0ms)
				RefreshPlugins (1ms)
				BeforeProcessingInitializeOnLoad (77ms)
				ProcessInitializeOnLoadAttributes (140ms)
				ProcessInitializeOnLoadMethodAttributes (24ms)
				AfterProcessingInitializeOnLoad (11ms)
				EditorAssembliesLoaded (0ms)
			ExecutionOrderSort2 (0ms)
			AwakeInstancesAfterBackupRestoration (10ms)
Platform modules already initialized, skipping
Refreshing native plugins compatible for Editor in 3.73 ms, found 4 plugins.
Preloading 0 native plugins for Editor in 0.00 ms.
Unloading 4070 Unused Serialized files (Serialized files now loaded: 0)
Unloading 25 unused Assets / (24.6 KB). Loaded Objects now: 4641.
Memory consumption went from 156.1 MB to 156.0 MB.
Total: 2.271600 ms (FindLiveObjects: 0.185000 ms CreateObjectMapping: 0.140100 ms MarkObjects: 1.927500 ms  DeleteObjects: 0.017800 ms)

AssetImportParameters requested are different than current active one (requested -> active):
  custom:video-decoder-ogg-theora: a1e56fd34408186e4bbccfd4996cb3dc -> 
  custom:container-muxer-webm: aa71ff27fc2769a1b78a27578f13a17b -> 
  custom:container-demuxer-webm: 4f35f7cbe854078d1ac9338744f61a02 -> 
  custom:video-encoder-webm-vp8: eb34c28f22e8b96e1ab97ce403110664 -> 
  custom:audio-encoder-webm-vorbis: bf7c407c2cedff20999df2af8eb42d56 -> 
  custom:framework-win-MediaFoundation: 216162199b28c13a410421893ffa2e32 -> 
  custom:container-demuxer-ogg: 62fdf1f143b41e24485cea50d1cbac27 -> 
  custom:video-decoder-webm-vp8: 9c59270c3fd7afecdb556c50c9e8de78 -> 
  custom:audio-decoder-ogg-vorbis: bf7c407c2cedff20999df2af8eb42d56 -> 
========================================================================
Received Prepare
Registering precompiled user dll's ...
Registered in 0.009249 seconds.
Begin MonoManager ReloadAssembly
Symbol file LoadedFromMemory doesn't match image C:\Users\user\Documents\GitHub\N-own-Magic\N-own Magic\Library\PackageCache\com.unity.visualscripting@1.7.8\Editor\VisualScripting.Core\Dependencies\YamlDotNet\Unity.VisualScripting.YamlDotNet.dll
Symbol file LoadedFromMemory doesn't match image C:\Users\user\Documents\GitHub\N-own-Magic\N-own Magic\Library\PackageCache\com.unity.visualscripting@1.7.8\Editor\VisualScripting.Core\Dependencies\DotNetZip\Unity.VisualScripting.IonicZip.dll
Native extension for WindowsStandalone target not found
Native extension for WebGL target not found
Refreshing native plugins compatible for Editor in 0.59 ms, found 4 plugins.
Preloading 0 native plugins for Editor in 0.00 ms.
CreateSerializedAsset is not supported while importing out-of-process
UnityEngine.StackTraceUtility:ExtractStackTrace ()
Gentleland.Utils.SteampunkUI.OpenWindowsOnLoad:.cctor () (at Assets/Background/Gentleland/SteampunkUI/Utils/Editor/OpenWindowsOnLoad.cs:23)
System.Runtime.CompilerServices.RuntimeHelpers:RunClassConstructor (System.RuntimeTypeHandle)
UnityEditor.EditorAssemblies:ProcessInitializeOnLoadAttributes (System.Type[])

[Assets/Background/Gentleland/SteampunkUI/Utils/Editor/OpenWindowsOnLoad.cs line 23]

UnityEngine.UnityException: Creating asset at path Assets/GentlelandSettings/GentlelandSettings_SteampunkUI.asset failed.
  at (wrapper managed-to-native) UnityEditor.AssetDatabase.CreateAsset(UnityEngine.Object,string)
  at Gentleland.Utils.SteampunkUI.OpenWindowsOnLoad..cctor () [0x00036] in C:\Users\user\Documents\GitHub\N-own-Magic\N-own Magic\Assets\Background\Gentleland\SteampunkUI\Utils\Editor\OpenWindowsOnLoad.cs:23 
UnityEngine.StackTraceUtility:ExtractStackTrace ()
UnityEngine.DebugLogHandler:LogFormat (UnityEngine.LogType,UnityEngine.Object,string,object[])
UnityEngine.Logger:Log (UnityEngine.LogType,object)
UnityEngine.Debug:LogError (object)
UnityEditor.EditorAssemblies:ProcessInitializeOnLoadAttributes (System.Type[])

Mono: successfully reloaded assembly
- Completed reload, in  0.708 seconds
Domain Reload Profiling:
	ReloadAssembly (709ms)
		BeginReloadAssembly (111ms)
			ExecutionOrderSort (0ms)
			DisableScriptedObjects (4ms)
			BackupInstance (0ms)
			ReleaseScriptingObjects (0ms)
			CreateAndSetChildDomain (23ms)
		EndReloadAssembly (523ms)
			LoadAssemblies (91ms)
			RebuildTransferFunctionScriptingTraits (0ms)
			SetupTypeCache (144ms)
			ReleaseScriptCaches (1ms)
			RebuildScriptCaches (26ms)
			SetupLoadedEditorAssemblies (239ms)
				LogAssemblyErrors (0ms)
				InitializePlatformSupportModulesInManaged (12ms)
				SetLoadedEditorAssemblies (0ms)
				RefreshPlugins (1ms)
				BeforeProcessingInitializeOnLoad (63ms)
				ProcessInitializeOnLoadAttributes (128ms)
				ProcessInitializeOnLoadMethodAttributes (23ms)
				AfterProcessingInitializeOnLoad (11ms)
				EditorAssembliesLoaded (0ms)
			ExecutionOrderSort2 (0ms)
			AwakeInstancesAfterBackupRestoration (11ms)
Platform modules already initialized, skipping
Refreshing native plugins compatible for Editor in 2.53 ms, found 4 plugins.
Preloading 0 native plugins for Editor in 0.00 ms.
Unloading 4070 Unused Serialized files (Serialized files now loaded: 0)
Unloading 25 unused Assets / (24.6 KB). Loaded Objects now: 4645.
Memory consumption went from 156.1 MB to 156.0 MB.
Total: 2.382800 ms (FindLiveObjects: 0.186200 ms CreateObjectMapping: 0.244400 ms MarkObjects: 1.936700 ms  DeleteObjects: 0.014600 ms)

AssetImportParameters requested are different than current active one (requested -> active):
  custom:video-decoder-ogg-theora: a1e56fd34408186e4bbccfd4996cb3dc -> 
  custom:container-muxer-webm: aa71ff27fc2769a1b78a27578f13a17b -> 
  custom:container-demuxer-webm: 4f35f7cbe854078d1ac9338744f61a02 -> 
  custom:video-encoder-webm-vp8: eb34c28f22e8b96e1ab97ce403110664 -> 
  custom:audio-encoder-webm-vorbis: bf7c407c2cedff20999df2af8eb42d56 -> 
  custom:framework-win-MediaFoundation: 216162199b28c13a410421893ffa2e32 -> 
  custom:container-demuxer-ogg: 62fdf1f143b41e24485cea50d1cbac27 -> 
  custom:video-decoder-webm-vp8: 9c59270c3fd7afecdb556c50c9e8de78 -> 
  custom:audio-decoder-ogg-vorbis: bf7c407c2cedff20999df2af8eb42d56 -> 
========================================================================
Received Prepare
Registering precompiled user dll's ...
Registered in 0.010052 seconds.
Begin MonoManager ReloadAssembly
Symbol file LoadedFromMemory doesn't match image C:\Users\user\Documents\GitHub\N-own-Magic\N-own Magic\Library\PackageCache\com.unity.visualscripting@1.7.8\Editor\VisualScripting.Core\Dependencies\YamlDotNet\Unity.VisualScripting.YamlDotNet.dll
Symbol file LoadedFromMemory doesn't match image C:\Users\user\Documents\GitHub\N-own-Magic\N-own Magic\Library\PackageCache\com.unity.visualscripting@1.7.8\Editor\VisualScripting.Core\Dependencies\DotNetZip\Unity.VisualScripting.IonicZip.dll
Native extension for WindowsStandalone target not found
Native extension for WebGL target not found
Refreshing native plugins compatible for Editor in 0.57 ms, found 4 plugins.
Preloading 0 native plugins for Editor in 0.00 ms.
CreateSerializedAsset is not supported while importing out-of-process
UnityEngine.StackTraceUtility:ExtractStackTrace ()
Gentleland.Utils.SteampunkUI.OpenWindowsOnLoad:.cctor () (at Assets/Background/GUI/Gentleland/SteampunkUI/Utils/Editor/OpenWindowsOnLoad.cs:23)
System.Runtime.CompilerServices.RuntimeHelpers:RunClassConstructor (System.RuntimeTypeHandle)
UnityEditor.EditorAssemblies:ProcessInitializeOnLoadAttributes (System.Type[])

[Assets/Background/GUI/Gentleland/SteampunkUI/Utils/Editor/OpenWindowsOnLoad.cs line 23]

UnityEngine.UnityException: Creating asset at path Assets/GentlelandSettings/GentlelandSettings_SteampunkUI.asset failed.
  at (wrapper managed-to-native) UnityEditor.AssetDatabase.CreateAsset(UnityEngine.Object,string)
  at Gentleland.Utils.SteampunkUI.OpenWindowsOnLoad..cctor () [0x00036] in C:\Users\user\Documents\GitHub\N-own-Magic\N-own Magic\Assets\Background\GUI\Gentleland\SteampunkUI\Utils\Editor\OpenWindowsOnLoad.cs:23 
UnityEngine.StackTraceUtility:ExtractStackTrace ()
UnityEngine.DebugLogHandler:LogFormat (UnityEngine.LogType,UnityEngine.Object,string,object[])
UnityEngine.Logger:Log (UnityEngine.LogType,object)
UnityEngine.Debug:LogError (object)
UnityEditor.EditorAssemblies:ProcessInitializeOnLoadAttributes (System.Type[])

Mono: successfully reloaded assembly
- Completed reload, in  0.710 seconds
Domain Reload Profiling:
	ReloadAssembly (711ms)
		BeginReloadAssembly (112ms)
			ExecutionOrderSort (0ms)
			DisableScriptedObjects (6ms)
			BackupInstance (0ms)
			ReleaseScriptingObjects (0ms)
			CreateAndSetChildDomain (23ms)
		EndReloadAssembly (526ms)
			LoadAssemblies (93ms)
			RebuildTransferFunctionScriptingTraits (0ms)
			SetupTypeCache (142ms)
			ReleaseScriptCaches (1ms)
			RebuildScriptCaches (26ms)
			SetupLoadedEditorAssemblies (243ms)
				LogAssemblyErrors (0ms)
				InitializePlatformSupportModulesInManaged (12ms)
				SetLoadedEditorAssemblies (0ms)
				RefreshPlugins (1ms)
				BeforeProcessingInitializeOnLoad (58ms)
				ProcessInitializeOnLoadAttributes (140ms)
				ProcessInitializeOnLoadMethodAttributes (23ms)
				AfterProcessingInitializeOnLoad (9ms)
				EditorAssembliesLoaded (0ms)
			ExecutionOrderSort2 (0ms)
			AwakeInstancesAfterBackupRestoration (11ms)
Platform modules already initialized, skipping
Refreshing native plugins compatible for Editor in 2.40 ms, found 4 plugins.
Preloading 0 native plugins for Editor in 0.00 ms.
Unloading 4070 Unused Serialized files (Serialized files now loaded: 0)
Unloading 25 unused Assets / (24.6 KB). Loaded Objects now: 4649.
Memory consumption went from 156.1 MB to 156.0 MB.
Total: 2.171200 ms (FindLiveObjects: 0.171500 ms CreateObjectMapping: 0.085500 ms MarkObjects: 1.895800 ms  DeleteObjects: 0.017700 ms)

AssetImportParameters requested are different than current active one (requested -> active):
  custom:video-decoder-ogg-theora: a1e56fd34408186e4bbccfd4996cb3dc -> 
  custom:container-muxer-webm: aa71ff27fc2769a1b78a27578f13a17b -> 
  custom:container-demuxer-webm: 4f35f7cbe854078d1ac9338744f61a02 -> 
  custom:video-encoder-webm-vp8: eb34c28f22e8b96e1ab97ce403110664 -> 
  custom:audio-encoder-webm-vorbis: bf7c407c2cedff20999df2af8eb42d56 -> 
  custom:framework-win-MediaFoundation: 216162199b28c13a410421893ffa2e32 -> 
  custom:container-demuxer-ogg: 62fdf1f143b41e24485cea50d1cbac27 -> 
  custom:video-decoder-webm-vp8: 9c59270c3fd7afecdb556c50c9e8de78 -> 
  custom:audio-decoder-ogg-vorbis: bf7c407c2cedff20999df2af8eb42d56 -> 
========================================================================
Received Import Request.
  Time since last request: 384.057798 seconds.
  path: Assets/Homeless/UI Assets/Ability_Skill_Icons/UI_Skill_Icon_Beam.png
  artifactKey: Guid(b450d0b398880cb458f83d1a01b399ca) Importer(815301076,1909f56bfc062723c751e8b465ee728b)
Start importing Assets/Homeless/UI Assets/Ability_Skill_Icons/UI_Skill_Icon_Beam.png using Guid(b450d0b398880cb458f83d1a01b399ca) Importer(815301076,1909f56bfc062723c751e8b465ee728b)  -> (artifact id: 'c07f6007276121d279131a921076bf9e') in 0.067564 seconds 
========================================================================
Received Import Request.
  Time since last request: 0.000020 seconds.
  path: Assets/Homeless/UI Assets/Ability_Skill_Icons/UI_Skill_Icon_Punches.png
  artifactKey: Guid(eecb85004343b0e4d8b78fd7f9877b32) Importer(815301076,1909f56bfc062723c751e8b465ee728b)
Start importing Assets/Homeless/UI Assets/Ability_Skill_Icons/UI_Skill_Icon_Punches.png using Guid(eecb85004343b0e4d8b78fd7f9877b32) Importer(815301076,1909f56bfc062723c751e8b465ee728b)  -> (artifact id: '90f0e145d528486d95676fb67a0f9a09') in 0.022504 seconds 
========================================================================
Received Import Request.
  Time since last request: 0.000017 seconds.
  path: Assets/Homeless/UI Assets/Ability_Skill_Icons/UI_Skill_Icon_Slash.png
  artifactKey: Guid(2a5c892bdd014164da633b8c6fd0f246) Importer(815301076,1909f56bfc062723c751e8b465ee728b)
Start importing Assets/Homeless/UI Assets/Ability_Skill_Icons/UI_Skill_Icon_Slash.png using Guid(2a5c892bdd014164da633b8c6fd0f246) Importer(815301076,1909f56bfc062723c751e8b465ee728b)  -> (artifact id: '6612b45d5b24f581748b7d93dc5da28e') in 0.021811 seconds 
========================================================================
Received Import Request.
  Time since last request: 0.000016 seconds.
  path: Assets/Homeless/UI Assets/Ability_Skill_Icons/UI_Skill_Icon_Pound.png
  artifactKey: Guid(61dab0b6e506c6a43b12d9fde15b2393) Importer(815301076,1909f56bfc062723c751e8b465ee728b)
Start importing Assets/Homeless/UI Assets/Ability_Skill_Icons/UI_Skill_Icon_Pound.png using Guid(61dab0b6e506c6a43b12d9fde15b2393) Importer(815301076,1909f56bfc062723c751e8b465ee728b)  -> (artifact id: 'c3444619201e31ecae3b5e97033059ea') in 0.021067 seconds 
========================================================================
Received Import Request.
  Time since last request: 0.000020 seconds.
  path: Assets/Homeless/UI Assets/Ability_Skill_Icons/UI_Skill_Icon_MeteorShower.png
  artifactKey: Guid(300abdf8cbdd5c742a05b6506767fd64) Importer(815301076,1909f56bfc062723c751e8b465ee728b)
Start importing Assets/Homeless/UI Assets/Ability_Skill_Icons/UI_Skill_Icon_MeteorShower.png using Guid(300abdf8cbdd5c742a05b6506767fd64) Importer(815301076,1909f56bfc062723c751e8b465ee728b)  -> (artifact id: '7f5749f39f78b0ecd6523159ef83a0cc') in 0.026226 seconds 
========================================================================
Received Import Request.
  Time since last request: 0.000020 seconds.
  path: Assets/Homeless/UI Assets/Ability_Skill_Icons/UI_Skill_Icon_Reflect.png
  artifactKey: Guid(f6b8b85cbdc82ce439a41ae3d56d57ee) Importer(815301076,1909f56bfc062723c751e8b465ee728b)
Start importing Assets/Homeless/UI Assets/Ability_Skill_Icons/UI_Skill_Icon_Reflect.png using Guid(f6b8b85cbdc82ce439a41ae3d56d57ee) Importer(815301076,1909f56bfc062723c751e8b465ee728b)  -> (artifact id: '222a6066c27bca8c33df41d7cca261b4') in 0.020585 seconds 
========================================================================
Received Import Request.
  Time since last request: 0.000024 seconds.
  path: Assets/Homeless/UI Assets/Ability_Skill_Icons/UI_Skill_Icon_Chop.png
  artifactKey: Guid(08c71e4e0565fe4469d1e0a593047156) Importer(815301076,1909f56bfc062723c751e8b465ee728b)
Start importing Assets/Homeless/UI Assets/Ability_Skill_Icons/UI_Skill_Icon_Chop.png using Guid(08c71e4e0565fe4469d1e0a593047156) Importer(815301076,1909f56bfc062723c751e8b465ee728b)  -> (artifact id: '2ea992f39760012d1100c16ad4ac2ef0') in 0.022727 seconds 
========================================================================
Received Import Request.
  Time since last request: 0.000015 seconds.
  path: Assets/Homeless/UI Assets/Ability_Skill_Icons/UI_Skill_Icon_SpiritArrows.png
  artifactKey: Guid(0825dfa25de4551469e65496af7b3c71) Importer(815301076,1909f56bfc062723c751e8b465ee728b)
Start importing Assets/Homeless/UI Assets/Ability_Skill_Icons/UI_Skill_Icon_SpiritArrows.png using Guid(0825dfa25de4551469e65496af7b3c71) Importer(815301076,1909f56bfc062723c751e8b465ee728b)  -> (artifact id: 'e535482295c4fe74aa3e28fa12d2b994') in 0.020041 seconds 
========================================================================
Received Import Request.
  Time since last request: 0.000017 seconds.
  path: Assets/Homeless/UI Assets/Ability_Skill_Icons/UI_Skill_Icon_Buff.png
  artifactKey: Guid(a2563f2b8dbc4044b9a50537d3a29962) Importer(815301076,1909f56bfc062723c751e8b465ee728b)
Start importing Assets/Homeless/UI Assets/Ability_Skill_Icons/UI_Skill_Icon_Buff.png using Guid(a2563f2b8dbc4044b9a50537d3a29962) Importer(815301076,1909f56bfc062723c751e8b465ee728b)  -> (artifact id: 'bab9b60a67a9ebb6160e18abbad2ff78') in 0.026072 seconds 
Editor requested this worker to shutdown with reason: Scaling down because of idle timeout
AssetImportWorkerClient::OnTransportError - code=2 error=End of file
AssetImportWorker is now disconnected from the server
Process exiting
Exiting without the bug reporter. Application will terminate with return code 0