Using pre-set license
Built from '2021.3/staging' branch; Version is '2021.3.10f1 (1c7d0df0160b) revision 1867021'; Using compiler version '192829333'; Build Type 'Release'
OS: 'Windows 11  (10.0.22631) 64bit Core' Language: 'ko' Physical Memory: 32627 MB
BatchMode: 1, IsHumanControllingUs: 0, StartBugReporterOnCrash: 0, Is64bit: 1, IsPro: 1

COMMAND LINE ARGUMENTS:
C:\Program Files\Unity\Hub\Editor\2021.3.10f1\Editor\Unity.exe
-adb2
-batchMode
-noUpm
-name
AssetImportWorker7
-projectPath
C:/Users/user/Documents/GitHub/N-own-Magic/N-own Magic
-logFile
Logs/AssetImportWorker7.log
-srvPort
54646
Successfully changed project path to: C:/Users/user/Documents/GitHub/N-own-Magic/N-own Magic
C:/Users/user/Documents/GitHub/N-own-Magic/N-own Magic
[UnityMemory] Configuration Parameters - Can be set up in boot.config
    "memorysetup-bucket-allocator-granularity=16"
    "memorysetup-bucket-allocator-bucket-count=8"
    "memorysetup-bucket-allocator-block-size=33554432"
    "memorysetup-bucket-allocator-block-count=8"
    "memorysetup-main-allocator-block-size=16777216"
    "memorysetup-thread-allocator-block-size=16777216"
    "memorysetup-gfx-main-allocator-block-size=16777216"
    "memorysetup-gfx-thread-allocator-block-size=16777216"
    "memorysetup-cache-allocator-block-size=4194304"
    "memorysetup-typetree-allocator-block-size=2097152"
    "memorysetup-profiler-bucket-allocator-granularity=16"
    "memorysetup-profiler-bucket-allocator-bucket-count=8"
    "memorysetup-profiler-bucket-allocator-block-size=33554432"
    "memorysetup-profiler-bucket-allocator-block-count=8"
    "memorysetup-profiler-allocator-block-size=16777216"
    "memorysetup-profiler-editor-allocator-block-size=1048576"
    "memorysetup-temp-allocator-size-main=16777216"
    "memorysetup-job-temp-allocator-block-size=2097152"
    "memorysetup-job-temp-allocator-block-size-background=1048576"
    "memorysetup-job-temp-allocator-reduction-small-platforms=262144"
    "memorysetup-temp-allocator-size-background-worker=32768"
    "memorysetup-temp-allocator-size-job-worker=262144"
    "memorysetup-temp-allocator-size-preload-manager=33554432"
    "memorysetup-temp-allocator-size-nav-mesh-worker=65536"
    "memorysetup-temp-allocator-size-audio-worker=65536"
    "memorysetup-temp-allocator-size-cloud-worker=32768"
    "memorysetup-temp-allocator-size-gi-baking-worker=262144"
    "memorysetup-temp-allocator-size-gfx=262144"
Refreshing native plugins compatible for Editor in 77.41 ms, found 4 plugins.
Preloading 0 native plugins for Editor in 0.00 ms.
Initialize engine version: 2021.3.10f1 (1c7d0df0160b)
[Subsystems] Discovering subsystems at path C:/Program Files/Unity/Hub/Editor/2021.3.10f1/Editor/Data/Resources/UnitySubsystems
[Subsystems] Discovering subsystems at path C:/Users/user/Documents/GitHub/N-own-Magic/N-own Magic/Assets
GfxDevice: creating device client; threaded=0; jobified=0
Direct3D:
    Version:  Direct3D 11.0 [level 11.1]
    Renderer: NVIDIA GeForce RTX 3060 Ti (ID=0x2489)
    Vendor:   NVIDIA
    VRAM:     8038 MB
    Driver:   31.0.15.3598
Initialize mono
Mono path[0] = 'C:/Program Files/Unity/Hub/Editor/2021.3.10f1/Editor/Data/Managed'
Mono path[1] = 'C:/Program Files/Unity/Hub/Editor/2021.3.10f1/Editor/Data/MonoBleedingEdge/lib/mono/unityjit-win32'
Mono config path = 'C:/Program Files/Unity/Hub/Editor/2021.3.10f1/Editor/Data/MonoBleedingEdge/etc'
Using monoOptions --debugger-agent=transport=dt_socket,embedding=1,server=y,suspend=n,address=127.0.0.1:56128
Begin MonoManager ReloadAssembly
Registering precompiled unity dll's ...
Register platform support module: C:/Program Files/Unity/Hub/Editor/2021.3.10f1/Editor/Data/PlaybackEngines/WebGLSupport/UnityEditor.WebGL.Extensions.dll
Register platform support module: C:/Program Files/Unity/Hub/Editor/2021.3.10f1/Editor/Data/PlaybackEngines/WindowsStandaloneSupport/UnityEditor.WindowsStandalone.Extensions.dll
Registered in 0.017273 seconds.
Native extension for WindowsStandalone target not found
Native extension for WebGL target not found
Refreshing native plugins compatible for Editor in 68.35 ms, found 4 plugins.
Preloading 0 native plugins for Editor in 0.00 ms.
Mono: successfully reloaded assembly
- Completed reload, in  0.588 seconds
Domain Reload Profiling:
	ReloadAssembly (588ms)
		BeginReloadAssembly (112ms)
			ExecutionOrderSort (0ms)
			DisableScriptedObjects (0ms)
			BackupInstance (0ms)
			ReleaseScriptingObjects (0ms)
			CreateAndSetChildDomain (1ms)
		EndReloadAssembly (362ms)
			LoadAssemblies (107ms)
			RebuildTransferFunctionScriptingTraits (0ms)
			SetupTypeCache (85ms)
			ReleaseScriptCaches (0ms)
			RebuildScriptCaches (20ms)
			SetupLoadedEditorAssemblies (210ms)
				LogAssemblyErrors (0ms)
				InitializePlatformSupportModulesInManaged (12ms)
				SetLoadedEditorAssemblies (0ms)
				RefreshPlugins (68ms)
				BeforeProcessingInitializeOnLoad (1ms)
				ProcessInitializeOnLoadAttributes (89ms)
				ProcessInitializeOnLoadMethodAttributes (40ms)
				AfterProcessingInitializeOnLoad (0ms)
				EditorAssembliesLoaded (0ms)
			ExecutionOrderSort2 (0ms)
			AwakeInstancesAfterBackupRestoration (0ms)
Platform modules already initialized, skipping
Registering precompiled user dll's ...
Registered in 0.016394 seconds.
Begin MonoManager ReloadAssembly
Symbol file LoadedFromMemory doesn't match image C:\Users\user\Documents\GitHub\N-own-Magic\N-own Magic\Library\PackageCache\com.unity.visualscripting@1.7.8\Editor\VisualScripting.Core\Dependencies\YamlDotNet\Unity.VisualScripting.YamlDotNet.dll
Symbol file LoadedFromMemory doesn't match image C:\Users\user\Documents\GitHub\N-own-Magic\N-own Magic\Library\PackageCache\com.unity.visualscripting@1.7.8\Editor\VisualScripting.Core\Dependencies\DotNetZip\Unity.VisualScripting.IonicZip.dll
Native extension for WindowsStandalone target not found
Native extension for WebGL target not found
Refreshing native plugins compatible for Editor in 61.99 ms, found 4 plugins.
Preloading 0 native plugins for Editor in 0.00 ms.
Mono: successfully reloaded assembly
- Completed reload, in  1.077 seconds
Domain Reload Profiling:
	ReloadAssembly (1078ms)
		BeginReloadAssembly (106ms)
			ExecutionOrderSort (0ms)
			DisableScriptedObjects (4ms)
			BackupInstance (0ms)
			ReleaseScriptingObjects (0ms)
			CreateAndSetChildDomain (13ms)
		EndReloadAssembly (873ms)
			LoadAssemblies (114ms)
			RebuildTransferFunctionScriptingTraits (0ms)
			SetupTypeCache (274ms)
			ReleaseScriptCaches (0ms)
			RebuildScriptCaches (43ms)
			SetupLoadedEditorAssemblies (405ms)
				LogAssemblyErrors (0ms)
				InitializePlatformSupportModulesInManaged (7ms)
				SetLoadedEditorAssemblies (0ms)
				RefreshPlugins (62ms)
				BeforeProcessingInitializeOnLoad (87ms)
				ProcessInitializeOnLoadAttributes (200ms)
				ProcessInitializeOnLoadMethodAttributes (35ms)
				AfterProcessingInitializeOnLoad (14ms)
				EditorAssembliesLoaded (0ms)
			ExecutionOrderSort2 (0ms)
			AwakeInstancesAfterBackupRestoration (13ms)
Platform modules already initialized, skipping
========================================================================
Worker process is ready to serve import requests
Launched and connected shader compiler UnityShaderCompiler.exe after 0.06 seconds
Refreshing native plugins compatible for Editor in 0.65 ms, found 4 plugins.
Preloading 0 native plugins for Editor in 0.00 ms.
Unloading 4109 Unused Serialized files (Serialized files now loaded: 0)
Unloading 39 unused Assets / (56.6 KB). Loaded Objects now: 4566.
Memory consumption went from 155.1 MB to 155.0 MB.
Total: 3.220700 ms (FindLiveObjects: 0.206100 ms CreateObjectMapping: 0.141500 ms MarkObjects: 2.753500 ms  DeleteObjects: 0.118000 ms)

AssetImportParameters requested are different than current active one (requested -> active):
  custom:video-decoder-ogg-theora: a1e56fd34408186e4bbccfd4996cb3dc -> 
  custom:container-muxer-webm: aa71ff27fc2769a1b78a27578f13a17b -> 
  custom:container-demuxer-webm: 4f35f7cbe854078d1ac9338744f61a02 -> 
  custom:video-encoder-webm-vp8: eb34c28f22e8b96e1ab97ce403110664 -> 
  custom:audio-encoder-webm-vorbis: bf7c407c2cedff20999df2af8eb42d56 -> 
  custom:framework-win-MediaFoundation: 216162199b28c13a410421893ffa2e32 -> 
  custom:container-demuxer-ogg: 62fdf1f143b41e24485cea50d1cbac27 -> 
  custom:video-decoder-webm-vp8: 9c59270c3fd7afecdb556c50c9e8de78 -> 
  custom:audio-decoder-ogg-vorbis: bf7c407c2cedff20999df2af8eb42d56 -> 
========================================================================
Received Import Request.
  Time since last request: 8825.045737 seconds.
  path: Assets/SpellS/500_skillicons/Skill_nobg/Paladinskill_04_nobg.png
  artifactKey: Guid(16a49af5f804a9546940d6fd145d49ee) Importer(815301076,1909f56bfc062723c751e8b465ee728b)
Start importing Assets/SpellS/500_skillicons/Skill_nobg/Paladinskill_04_nobg.png using Guid(16a49af5f804a9546940d6fd145d49ee) Importer(815301076,1909f56bfc062723c751e8b465ee728b)  -> (artifact id: '639f4496495c6435521beae5ab928559') in 0.153388 seconds 
========================================================================
Received Import Request.
  Time since last request: 0.000023 seconds.
  path: Assets/SpellS/500_skillicons/Skill_nobg/Mageskill_30_nobg.png
  artifactKey: Guid(2a4d6ded50aa3df47a1ddce1284e99a6) Importer(815301076,1909f56bfc062723c751e8b465ee728b)
Start importing Assets/SpellS/500_skillicons/Skill_nobg/Mageskill_30_nobg.png using Guid(2a4d6ded50aa3df47a1ddce1284e99a6) Importer(815301076,1909f56bfc062723c751e8b465ee728b)  -> (artifact id: 'd55883d8c78b776c4c9ec3b1dda062aa') in 0.030973 seconds 
========================================================================
Received Import Request.
  Time since last request: 0.000019 seconds.
  path: Assets/SpellS/500_skillicons/Skill_nobg/Mageskill_33_nobg.png
  artifactKey: Guid(5d97a2d9401d0d549923aeaed85bc108) Importer(815301076,1909f56bfc062723c751e8b465ee728b)
Start importing Assets/SpellS/500_skillicons/Skill_nobg/Mageskill_33_nobg.png using Guid(5d97a2d9401d0d549923aeaed85bc108) Importer(815301076,1909f56bfc062723c751e8b465ee728b)  -> (artifact id: '110f6c2d662e7a8d8bf7b392126e2511') in 0.033433 seconds 
========================================================================
Received Import Request.
  Time since last request: 0.000024 seconds.
  path: Assets/SpellS/500_skillicons/Skill_nobg/Mageskill_28_nobg.png
  artifactKey: Guid(53075bc94ee489645ba825c8ec154b2c) Importer(815301076,1909f56bfc062723c751e8b465ee728b)
Start importing Assets/SpellS/500_skillicons/Skill_nobg/Mageskill_28_nobg.png using Guid(53075bc94ee489645ba825c8ec154b2c) Importer(815301076,1909f56bfc062723c751e8b465ee728b)  -> (artifact id: 'e1c2b7e81d050c1319824c33de1c560c') in 0.034918 seconds 
========================================================================
Received Import Request.
  Time since last request: 0.000028 seconds.
  path: Assets/SpellS/500_skillicons/Skill_nobg/Mageskill_21_nobg.png
  artifactKey: Guid(27dda334e92fb3b4295096a516ce3fec) Importer(815301076,1909f56bfc062723c751e8b465ee728b)
Start importing Assets/SpellS/500_skillicons/Skill_nobg/Mageskill_21_nobg.png using Guid(27dda334e92fb3b4295096a516ce3fec) Importer(815301076,1909f56bfc062723c751e8b465ee728b)  -> (artifact id: 'ea4ba8f9f9399335c0de06bfa802be3c') in 0.039322 seconds 
========================================================================
Received Import Request.
  Time since last request: 0.000024 seconds.
  path: Assets/SpellS/500_skillicons/Skill_nobg/Mageskill_38_nobg.png
  artifactKey: Guid(bbb8c6905bf819042b6337fad2a5c9ee) Importer(815301076,1909f56bfc062723c751e8b465ee728b)
Start importing Assets/SpellS/500_skillicons/Skill_nobg/Mageskill_38_nobg.png using Guid(bbb8c6905bf819042b6337fad2a5c9ee) Importer(815301076,1909f56bfc062723c751e8b465ee728b)  -> (artifact id: '00966ebeef84dd74c521b53a3c3f2a87') in 0.034331 seconds 
========================================================================
Received Import Request.
  Time since last request: 0.000022 seconds.
  path: Assets/SpellS/500_skillicons/Skill_nobg/Mageskill_47_nobg.png
  artifactKey: Guid(d90a30b946a0e744ab7148affbd9f2d1) Importer(815301076,1909f56bfc062723c751e8b465ee728b)
Start importing Assets/SpellS/500_skillicons/Skill_nobg/Mageskill_47_nobg.png using Guid(d90a30b946a0e744ab7148affbd9f2d1) Importer(815301076,1909f56bfc062723c751e8b465ee728b)  -> (artifact id: 'e093b76e32279f0f7cdfef376b7bed45') in 0.038826 seconds 
========================================================================
Received Import Request.
  Time since last request: 4.628911 seconds.
  path: Assets/SpellS/500_skillicons/Skill_nobg/Paladinskill_13_nobg.png
  artifactKey: Guid(2702abca4c24b224ebc102e6c3e423e5) Importer(815301076,1909f56bfc062723c751e8b465ee728b)
Start importing Assets/SpellS/500_skillicons/Skill_nobg/Paladinskill_13_nobg.png using Guid(2702abca4c24b224ebc102e6c3e423e5) Importer(815301076,1909f56bfc062723c751e8b465ee728b)  -> (artifact id: '22d578f96fb90b9c76dd5e8995eb7605') in 0.063495 seconds 
========================================================================
Received Import Request.
  Time since last request: 0.000015 seconds.
  path: Assets/SpellS/500_skillicons/Skill_nobg/Paladinskill_47_nobg.png
  artifactKey: Guid(b70c999c83bc10a4fbb23272ad510e46) Importer(815301076,1909f56bfc062723c751e8b465ee728b)
Start importing Assets/SpellS/500_skillicons/Skill_nobg/Paladinskill_47_nobg.png using Guid(b70c999c83bc10a4fbb23272ad510e46) Importer(815301076,1909f56bfc062723c751e8b465ee728b)  -> (artifact id: '55c56ef786493c1f754396c887a738df') in 0.071882 seconds 
========================================================================
Received Import Request.
  Time since last request: 0.000017 seconds.
  path: Assets/SpellS/500_skillicons/Skill_nobg/Paladinskill_21_nobg.png
  artifactKey: Guid(1712b568c4a367f46b486322e0524716) Importer(815301076,1909f56bfc062723c751e8b465ee728b)
Start importing Assets/SpellS/500_skillicons/Skill_nobg/Paladinskill_21_nobg.png using Guid(1712b568c4a367f46b486322e0524716) Importer(815301076,1909f56bfc062723c751e8b465ee728b)  -> (artifact id: 'b31a57775e3a6f2496fda19b790b3aae') in 0.041205 seconds 
========================================================================
Received Import Request.
  Time since last request: 0.000025 seconds.
  path: Assets/SpellS/500_skillicons/Skill_nobg/Priestskill_34_nobg.png
  artifactKey: Guid(f988f6b0031864b4896ec05074a1344f) Importer(815301076,1909f56bfc062723c751e8b465ee728b)
Start importing Assets/SpellS/500_skillicons/Skill_nobg/Priestskill_34_nobg.png using Guid(f988f6b0031864b4896ec05074a1344f) Importer(815301076,1909f56bfc062723c751e8b465ee728b)  -> (artifact id: 'a3296db5142f0fd15c74e31d61e0e6e3') in 0.036445 seconds 
========================================================================
Received Import Request.
  Time since last request: 0.000017 seconds.
  path: Assets/SpellS/500_skillicons/Skill_nobg/Paladinskill_32_nobg.png
  artifactKey: Guid(10dca909c9d765640b46a47ce73e8034) Importer(815301076,1909f56bfc062723c751e8b465ee728b)
Start importing Assets/SpellS/500_skillicons/Skill_nobg/Paladinskill_32_nobg.png using Guid(10dca909c9d765640b46a47ce73e8034) Importer(815301076,1909f56bfc062723c751e8b465ee728b)  -> (artifact id: '6334781cb15cc7dad5a50ff66ae93dc1') in 0.031581 seconds 
========================================================================
Received Import Request.
  Time since last request: 0.000020 seconds.
  path: Assets/SpellS/500_skillicons/Skill_nobg/Priestskill_03_nobg.png
  artifactKey: Guid(d5fba6684ac91ed45a2e51c61935e22e) Importer(815301076,1909f56bfc062723c751e8b465ee728b)
Start importing Assets/SpellS/500_skillicons/Skill_nobg/Priestskill_03_nobg.png using Guid(d5fba6684ac91ed45a2e51c61935e22e) Importer(815301076,1909f56bfc062723c751e8b465ee728b)  -> (artifact id: 'b02e9f3f50fb3b2fd237374cef1fa102') in 0.038847 seconds 
========================================================================
Received Import Request.
  Time since last request: 0.000019 seconds.
  path: Assets/SpellS/500_skillicons/Skill_nobg/Priestskill_25_nobg.png
  artifactKey: Guid(777a5c13f22642e4ca7d492f5cfb8b1c) Importer(815301076,1909f56bfc062723c751e8b465ee728b)
Start importing Assets/SpellS/500_skillicons/Skill_nobg/Priestskill_25_nobg.png using Guid(777a5c13f22642e4ca7d492f5cfb8b1c) Importer(815301076,1909f56bfc062723c751e8b465ee728b)  -> (artifact id: 'b2e431e4f05b94f8075778f80a7282ca') in 0.033098 seconds 
========================================================================
Received Import Request.
  Time since last request: 0.000017 seconds.
  path: Assets/SpellS/500_skillicons/Skill_nobg/Priestskill_39_nobg.png
  artifactKey: Guid(921721f12c02cc54bbb6602f144da04a) Importer(815301076,1909f56bfc062723c751e8b465ee728b)
Start importing Assets/SpellS/500_skillicons/Skill_nobg/Priestskill_39_nobg.png using Guid(921721f12c02cc54bbb6602f144da04a) Importer(815301076,1909f56bfc062723c751e8b465ee728b)  -> (artifact id: 'fc7c2b8848ae8e7379dc19e75a34433c') in 0.031874 seconds 
========================================================================
Received Import Request.
  Time since last request: 0.000019 seconds.
  path: Assets/SpellS/500_skillicons/Skill_nobg/Paladinskill_46_nobg.png
  artifactKey: Guid(60a2fd2f5d5a1084e8baaf64fe8194a3) Importer(815301076,1909f56bfc062723c751e8b465ee728b)
Start importing Assets/SpellS/500_skillicons/Skill_nobg/Paladinskill_46_nobg.png using Guid(60a2fd2f5d5a1084e8baaf64fe8194a3) Importer(815301076,1909f56bfc062723c751e8b465ee728b)  -> (artifact id: '3c598f645dba17b099d03e5664dd68e2') in 0.039736 seconds 
========================================================================
Received Import Request.
  Time since last request: 0.000020 seconds.
  path: Assets/SpellS/500_skillicons/Skill_nobg/Paladinskill_44_nobg.png
  artifactKey: Guid(58bac37f0d7391f4ca6d341174276884) Importer(815301076,1909f56bfc062723c751e8b465ee728b)
Start importing Assets/SpellS/500_skillicons/Skill_nobg/Paladinskill_44_nobg.png using Guid(58bac37f0d7391f4ca6d341174276884) Importer(815301076,1909f56bfc062723c751e8b465ee728b)  -> (artifact id: '097f8a04d0cb5d25e7033a2c8f5fa4fe') in 0.036510 seconds 
========================================================================
Received Import Request.
  Time since last request: 0.000034 seconds.
  path: Assets/SpellS/500_skillicons/Skill_nobg/Paladinskill_17_nobg.png
  artifactKey: Guid(a9527569446ee664ebee83facc4a81e4) Importer(815301076,1909f56bfc062723c751e8b465ee728b)
Start importing Assets/SpellS/500_skillicons/Skill_nobg/Paladinskill_17_nobg.png using Guid(a9527569446ee664ebee83facc4a81e4) Importer(815301076,1909f56bfc062723c751e8b465ee728b)  -> (artifact id: 'c3b5415d6422db88f9a737c382b0d112') in 0.032177 seconds 
========================================================================
Received Import Request.
  Time since last request: 0.000025 seconds.
  path: Assets/SpellS/500_skillicons/Skill_nobg/Priestskill_17_nobg.png
  artifactKey: Guid(0f9b7b2a94439b74daac21a9b3d4db11) Importer(815301076,1909f56bfc062723c751e8b465ee728b)
Start importing Assets/SpellS/500_skillicons/Skill_nobg/Priestskill_17_nobg.png using Guid(0f9b7b2a94439b74daac21a9b3d4db11) Importer(815301076,1909f56bfc062723c751e8b465ee728b)  -> (artifact id: 'c2e48862fda267c4a174b85dceb400c0') in 0.038286 seconds 
========================================================================
Received Import Request.
  Time since last request: 0.000025 seconds.
  path: Assets/SpellS/500_skillicons/Skill_nobg/Priestskill_04_nobg.png
  artifactKey: Guid(57d4ab2c132d7fe4e98c60cff4399657) Importer(815301076,1909f56bfc062723c751e8b465ee728b)
Start importing Assets/SpellS/500_skillicons/Skill_nobg/Priestskill_04_nobg.png using Guid(57d4ab2c132d7fe4e98c60cff4399657) Importer(815301076,1909f56bfc062723c751e8b465ee728b)  -> (artifact id: 'a6d55b31937d4efe74305a40d06d6bf6') in 0.030947 seconds 
========================================================================
Received Import Request.
  Time since last request: 14.271841 seconds.
  path: Assets/SpellS/500_skillicons/Skill_nobg/Priestskill_44_nobg.png
  artifactKey: Guid(1d3de6019fc88c24c8fcdbf9309d1cbf) Importer(815301076,1909f56bfc062723c751e8b465ee728b)
Start importing Assets/SpellS/500_skillicons/Skill_nobg/Priestskill_44_nobg.png using Guid(1d3de6019fc88c24c8fcdbf9309d1cbf) Importer(815301076,1909f56bfc062723c751e8b465ee728b)  -> (artifact id: 'caff0fd5697847db6aeb345792e3bf9d') in 0.038852 seconds 
========================================================================
Received Import Request.
  Time since last request: 0.000020 seconds.
  path: Assets/SpellS/500_skillicons/Skill_nobg/Shamanskill_11_nobg.png
  artifactKey: Guid(5761acec9dccff2449af166d11290f34) Importer(815301076,1909f56bfc062723c751e8b465ee728b)
Start importing Assets/SpellS/500_skillicons/Skill_nobg/Shamanskill_11_nobg.png using Guid(5761acec9dccff2449af166d11290f34) Importer(815301076,1909f56bfc062723c751e8b465ee728b)  -> (artifact id: 'c2d76f38843ed4e6e6b0e302f4ac5747') in 0.052606 seconds 
========================================================================
Received Import Request.
  Time since last request: 0.000031 seconds.
  path: Assets/SpellS/500_skillicons/Skill_nobg/Shamanskill_09_nobg.png
  artifactKey: Guid(963590edab7d7eb4da36bf3c037b0cdd) Importer(815301076,1909f56bfc062723c751e8b465ee728b)
Start importing Assets/SpellS/500_skillicons/Skill_nobg/Shamanskill_09_nobg.png using Guid(963590edab7d7eb4da36bf3c037b0cdd) Importer(815301076,1909f56bfc062723c751e8b465ee728b)  -> (artifact id: '4dc56ef5fb04114f8efcd7f8cd126bab') in 0.031695 seconds 
========================================================================
Received Import Request.
  Time since last request: 0.000020 seconds.
  path: Assets/SpellS/500_skillicons/Skill_nobg/Priestskill_48_nobg.png
  artifactKey: Guid(40c51868d427dc54ca9fb66a8495711a) Importer(815301076,1909f56bfc062723c751e8b465ee728b)
Start importing Assets/SpellS/500_skillicons/Skill_nobg/Priestskill_48_nobg.png using Guid(40c51868d427dc54ca9fb66a8495711a) Importer(815301076,1909f56bfc062723c751e8b465ee728b)  -> (artifact id: '0834d617ee697175ccf9dd89cc29123e') in 0.028897 seconds 
========================================================================
Received Import Request.
  Time since last request: 0.000028 seconds.
  path: Assets/SpellS/500_skillicons/Skill_nobg/Priestskill_46_nobg.png
  artifactKey: Guid(083d1c6971b57354a881e9f75855979f) Importer(815301076,1909f56bfc062723c751e8b465ee728b)
Start importing Assets/SpellS/500_skillicons/Skill_nobg/Priestskill_46_nobg.png using Guid(083d1c6971b57354a881e9f75855979f) Importer(815301076,1909f56bfc062723c751e8b465ee728b)  -> (artifact id: '7628a830255ef530f03141b12976a35f') in 0.027672 seconds 
========================================================================
Received Import Request.
  Time since last request: 1.472292 seconds.
  path: Assets/SpellS/500_skillicons/Skill_nobg/Shamanskill_17_nobg.png
  artifactKey: Guid(5bd3edf1524220f4786f15b6d043e63c) Importer(815301076,1909f56bfc062723c751e8b465ee728b)
Start importing Assets/SpellS/500_skillicons/Skill_nobg/Shamanskill_17_nobg.png using Guid(5bd3edf1524220f4786f15b6d043e63c) Importer(815301076,1909f56bfc062723c751e8b465ee728b)  -> (artifact id: 'f7881f1684bea3f7cd92443ad325d532') in 0.052979 seconds 
========================================================================
Received Import Request.
  Time since last request: 0.000020 seconds.
  path: Assets/SpellS/500_skillicons/Skill_nobg/Shamanskill_32_nobg.png
  artifactKey: Guid(286ba7a9d63c3b5438b992b05572cee8) Importer(815301076,1909f56bfc062723c751e8b465ee728b)
Start importing Assets/SpellS/500_skillicons/Skill_nobg/Shamanskill_32_nobg.png using Guid(286ba7a9d63c3b5438b992b05572cee8) Importer(815301076,1909f56bfc062723c751e8b465ee728b)  -> (artifact id: 'ffa5005f5b1ecfdbbb1776f9da394122') in 0.039152 seconds 
========================================================================
Received Import Request.
  Time since last request: 0.000027 seconds.
  path: Assets/SpellS/500_skillicons/Skill_nobg/Shamanskill_25_nobg.png
  artifactKey: Guid(751d7a79da8df90448652d4ece5b4018) Importer(815301076,1909f56bfc062723c751e8b465ee728b)
Start importing Assets/SpellS/500_skillicons/Skill_nobg/Shamanskill_25_nobg.png using Guid(751d7a79da8df90448652d4ece5b4018) Importer(815301076,1909f56bfc062723c751e8b465ee728b)  -> (artifact id: '94f41c3cb7b01b8f22e23a10d2bb803d') in 0.030421 seconds 
========================================================================
Received Import Request.
  Time since last request: 0.000022 seconds.
  path: Assets/SpellS/500_skillicons/Skill_nobg/Shamanskill_31_nobg.png
  artifactKey: Guid(1639591a2e12edf45bae0930f129f7f3) Importer(815301076,1909f56bfc062723c751e8b465ee728b)
Start importing Assets/SpellS/500_skillicons/Skill_nobg/Shamanskill_31_nobg.png using Guid(1639591a2e12edf45bae0930f129f7f3) Importer(815301076,1909f56bfc062723c751e8b465ee728b)  -> (artifact id: '4639620f905591b0947ff64e2c36092e') in 0.029514 seconds 
Editor requested this worker to shutdown with reason: Scaling down because of idle timeout
AssetImportWorker is now disconnected from the server
Process exiting
Exiting without the bug reporter. Application will terminate with return code 0