Using pre-set license
Built from '2021.3/staging' branch; Version is '2021.3.10f1 (1c7d0df0160b) revision 1867021'; Using compiler version '192829333'; Build Type 'Release'
OS: 'Windows 11  (10.0.22631) 64bit Core' Language: 'ko' Physical Memory: 32627 MB
BatchMode: 1, IsHumanControllingUs: 0, StartBugReporterOnCrash: 0, Is64bit: 1, IsPro: 1

COMMAND LINE ARGUMENTS:
C:\Program Files\Unity\Hub\Editor\2021.3.10f1\Editor\Unity.exe
-adb2
-batchMode
-noUpm
-name
AssetImportWorker14
-projectPath
C:/Users/user/Documents/GitHub/N-own-Magic/N-own Magic
-logFile
Logs/AssetImportWorker14.log
-srvPort
57739
Successfully changed project path to: C:/Users/user/Documents/GitHub/N-own-Magic/N-own Magic
C:/Users/user/Documents/GitHub/N-own-Magic/N-own Magic
[UnityMemory] Configuration Parameters - Can be set up in boot.config
    "memorysetup-bucket-allocator-granularity=16"
    "memorysetup-bucket-allocator-bucket-count=8"
    "memorysetup-bucket-allocator-block-size=33554432"
    "memorysetup-bucket-allocator-block-count=8"
    "memorysetup-main-allocator-block-size=16777216"
    "memorysetup-thread-allocator-block-size=16777216"
    "memorysetup-gfx-main-allocator-block-size=16777216"
    "memorysetup-gfx-thread-allocator-block-size=16777216"
    "memorysetup-cache-allocator-block-size=4194304"
    "memorysetup-typetree-allocator-block-size=2097152"
    "memorysetup-profiler-bucket-allocator-granularity=16"
    "memorysetup-profiler-bucket-allocator-bucket-count=8"
    "memorysetup-profiler-bucket-allocator-block-size=33554432"
    "memorysetup-profiler-bucket-allocator-block-count=8"
    "memorysetup-profiler-allocator-block-size=16777216"
    "memorysetup-profiler-editor-allocator-block-size=1048576"
    "memorysetup-temp-allocator-size-main=16777216"
    "memorysetup-job-temp-allocator-block-size=2097152"
    "memorysetup-job-temp-allocator-block-size-background=1048576"
    "memorysetup-job-temp-allocator-reduction-small-platforms=262144"
    "memorysetup-temp-allocator-size-background-worker=32768"
    "memorysetup-temp-allocator-size-job-worker=262144"
    "memorysetup-temp-allocator-size-preload-manager=33554432"
    "memorysetup-temp-allocator-size-nav-mesh-worker=65536"
    "memorysetup-temp-allocator-size-audio-worker=65536"
    "memorysetup-temp-allocator-size-cloud-worker=32768"
    "memorysetup-temp-allocator-size-gi-baking-worker=262144"
    "memorysetup-temp-allocator-size-gfx=262144"
Refreshing native plugins compatible for Editor in 71.23 ms, found 4 plugins.
Preloading 0 native plugins for Editor in 0.00 ms.
Initialize engine version: 2021.3.10f1 (1c7d0df0160b)
[Subsystems] Discovering subsystems at path C:/Program Files/Unity/Hub/Editor/2021.3.10f1/Editor/Data/Resources/UnitySubsystems
[Subsystems] Discovering subsystems at path C:/Users/user/Documents/GitHub/N-own-Magic/N-own Magic/Assets
GfxDevice: creating device client; threaded=0; jobified=0
Direct3D:
    Version:  Direct3D 11.0 [level 11.1]
    Renderer: NVIDIA GeForce RTX 3060 Ti (ID=0x2489)
    Vendor:   NVIDIA
    VRAM:     8038 MB
    Driver:   31.0.15.3598
Initialize mono
Mono path[0] = 'C:/Program Files/Unity/Hub/Editor/2021.3.10f1/Editor/Data/Managed'
Mono path[1] = 'C:/Program Files/Unity/Hub/Editor/2021.3.10f1/Editor/Data/MonoBleedingEdge/lib/mono/unityjit-win32'
Mono config path = 'C:/Program Files/Unity/Hub/Editor/2021.3.10f1/Editor/Data/MonoBleedingEdge/etc'
Using monoOptions --debugger-agent=transport=dt_socket,embedding=1,server=y,suspend=n,address=127.0.0.1:56224
Begin MonoManager ReloadAssembly
Registering precompiled unity dll's ...
Register platform support module: C:/Program Files/Unity/Hub/Editor/2021.3.10f1/Editor/Data/PlaybackEngines/WebGLSupport/UnityEditor.WebGL.Extensions.dll
Register platform support module: C:/Program Files/Unity/Hub/Editor/2021.3.10f1/Editor/Data/PlaybackEngines/WindowsStandaloneSupport/UnityEditor.WindowsStandalone.Extensions.dll
Registered in 0.009910 seconds.
Native extension for WindowsStandalone target not found
Native extension for WebGL target not found
Refreshing native plugins compatible for Editor in 61.66 ms, found 4 plugins.
Preloading 0 native plugins for Editor in 0.00 ms.
Mono: successfully reloaded assembly
- Completed reload, in  0.456 seconds
Domain Reload Profiling:
	ReloadAssembly (456ms)
		BeginReloadAssembly (71ms)
			ExecutionOrderSort (0ms)
			DisableScriptedObjects (0ms)
			BackupInstance (0ms)
			ReleaseScriptingObjects (0ms)
			CreateAndSetChildDomain (0ms)
		EndReloadAssembly (301ms)
			LoadAssemblies (69ms)
			RebuildTransferFunctionScriptingTraits (0ms)
			SetupTypeCache (66ms)
			ReleaseScriptCaches (0ms)
			RebuildScriptCaches (16ms)
			SetupLoadedEditorAssemblies (181ms)
				LogAssemblyErrors (0ms)
				InitializePlatformSupportModulesInManaged (8ms)
				SetLoadedEditorAssemblies (0ms)
				RefreshPlugins (62ms)
				BeforeProcessingInitializeOnLoad (1ms)
				ProcessInitializeOnLoadAttributes (75ms)
				ProcessInitializeOnLoadMethodAttributes (36ms)
				AfterProcessingInitializeOnLoad (0ms)
				EditorAssembliesLoaded (0ms)
			ExecutionOrderSort2 (0ms)
			AwakeInstancesAfterBackupRestoration (0ms)
Platform modules already initialized, skipping
Registering precompiled user dll's ...
Registered in 0.010889 seconds.
Begin MonoManager ReloadAssembly
Symbol file LoadedFromMemory doesn't match image C:\Users\user\Documents\GitHub\N-own-Magic\N-own Magic\Library\PackageCache\com.unity.visualscripting@1.7.8\Editor\VisualScripting.Core\Dependencies\YamlDotNet\Unity.VisualScripting.YamlDotNet.dll
Symbol file LoadedFromMemory doesn't match image C:\Users\user\Documents\GitHub\N-own-Magic\N-own Magic\Library\PackageCache\com.unity.visualscripting@1.7.8\Editor\VisualScripting.Core\Dependencies\DotNetZip\Unity.VisualScripting.IonicZip.dll
Native extension for WindowsStandalone target not found
Native extension for WebGL target not found
Refreshing native plugins compatible for Editor in 62.41 ms, found 4 plugins.
Preloading 0 native plugins for Editor in 0.00 ms.
Mono: successfully reloaded assembly
- Completed reload, in  0.826 seconds
Domain Reload Profiling:
	ReloadAssembly (827ms)
		BeginReloadAssembly (90ms)
			ExecutionOrderSort (0ms)
			DisableScriptedObjects (3ms)
			BackupInstance (0ms)
			ReleaseScriptingObjects (0ms)
			CreateAndSetChildDomain (12ms)
		EndReloadAssembly (651ms)
			LoadAssemblies (90ms)
			RebuildTransferFunctionScriptingTraits (0ms)
			SetupTypeCache (153ms)
			ReleaseScriptCaches (0ms)
			RebuildScriptCaches (35ms)
			SetupLoadedEditorAssemblies (346ms)
				LogAssemblyErrors (0ms)
				InitializePlatformSupportModulesInManaged (6ms)
				SetLoadedEditorAssemblies (0ms)
				RefreshPlugins (62ms)
				BeforeProcessingInitializeOnLoad (74ms)
				ProcessInitializeOnLoadAttributes (163ms)
				ProcessInitializeOnLoadMethodAttributes (31ms)
				AfterProcessingInitializeOnLoad (10ms)
				EditorAssembliesLoaded (0ms)
			ExecutionOrderSort2 (0ms)
			AwakeInstancesAfterBackupRestoration (10ms)
Platform modules already initialized, skipping
========================================================================
Worker process is ready to serve import requests
Launched and connected shader compiler UnityShaderCompiler.exe after 0.04 seconds
Refreshing native plugins compatible for Editor in 0.60 ms, found 4 plugins.
Preloading 0 native plugins for Editor in 0.00 ms.
Unloading 4113 Unused Serialized files (Serialized files now loaded: 0)
Unloading 39 unused Assets / (56.1 KB). Loaded Objects now: 4570.
Memory consumption went from 155.2 MB to 155.1 MB.
Total: 2.243600 ms (FindLiveObjects: 0.187800 ms CreateObjectMapping: 0.093100 ms MarkObjects: 1.907500 ms  DeleteObjects: 0.054400 ms)

AssetImportParameters requested are different than current active one (requested -> active):
  custom:video-decoder-ogg-theora: a1e56fd34408186e4bbccfd4996cb3dc -> 
  custom:container-muxer-webm: aa71ff27fc2769a1b78a27578f13a17b -> 
  custom:container-demuxer-webm: 4f35f7cbe854078d1ac9338744f61a02 -> 
  custom:video-encoder-webm-vp8: eb34c28f22e8b96e1ab97ce403110664 -> 
  custom:audio-encoder-webm-vorbis: bf7c407c2cedff20999df2af8eb42d56 -> 
  custom:framework-win-MediaFoundation: 216162199b28c13a410421893ffa2e32 -> 
  custom:container-demuxer-ogg: 62fdf1f143b41e24485cea50d1cbac27 -> 
  custom:video-decoder-webm-vp8: 9c59270c3fd7afecdb556c50c9e8de78 -> 
  custom:audio-decoder-ogg-vorbis: bf7c407c2cedff20999df2af8eb42d56 -> 
========================================================================
Received Import Request.
  Time since last request: 36376.628799 seconds.
  path: Assets/Background/GUI/Dark_Brown_GUI_kit/icon/full_simple/character-.png
  artifactKey: Guid(d9f421eb69991d54bb182d3102b2dfb5) Importer(815301076,1909f56bfc062723c751e8b465ee728b)
Start importing Assets/Background/GUI/Dark_Brown_GUI_kit/icon/full_simple/character-.png using Guid(d9f421eb69991d54bb182d3102b2dfb5) Importer(815301076,1909f56bfc062723c751e8b465ee728b)  -> (artifact id: 'e37954bc75c286874e2fdd492d01d012') in 0.153703 seconds 
========================================================================
Received Import Request.
  Time since last request: 0.000022 seconds.
  path: Assets/Background/GUI/Dark_Brown_GUI_kit/icon/full_simple/door-.png
  artifactKey: Guid(fffbc75ac04539545889dd731ada53fa) Importer(815301076,1909f56bfc062723c751e8b465ee728b)
Start importing Assets/Background/GUI/Dark_Brown_GUI_kit/icon/full_simple/door-.png using Guid(fffbc75ac04539545889dd731ada53fa) Importer(815301076,1909f56bfc062723c751e8b465ee728b)  -> (artifact id: '02271d31ac7c72de24b0bb08dc72a2c5') in 0.035197 seconds 
========================================================================
Received Import Request.
  Time since last request: 0.000028 seconds.
  path: Assets/Background/GUI/Dark_Brown_GUI_kit/icon/full_simple/settings_one-.png
  artifactKey: Guid(de8132666e21b9c4d89831a5d30b4550) Importer(815301076,1909f56bfc062723c751e8b465ee728b)
Start importing Assets/Background/GUI/Dark_Brown_GUI_kit/icon/full_simple/settings_one-.png using Guid(de8132666e21b9c4d89831a5d30b4550) Importer(815301076,1909f56bfc062723c751e8b465ee728b)  -> (artifact id: '9cc820d40038f746779d66f9934d011a') in 0.026163 seconds 
========================================================================
Received Import Request.
  Time since last request: 0.000016 seconds.
  path: Assets/Background/GUI/Dark_Brown_GUI_kit/icon/full_simple/e-.png
  artifactKey: Guid(de9e9ec7bec775548880931aa503248a) Importer(815301076,1909f56bfc062723c751e8b465ee728b)
Start importing Assets/Background/GUI/Dark_Brown_GUI_kit/icon/full_simple/e-.png using Guid(de9e9ec7bec775548880931aa503248a) Importer(815301076,1909f56bfc062723c751e8b465ee728b)  -> (artifact id: 'ab4327fd67110ab85a11012581298103') in 0.025279 seconds 
========================================================================
Received Import Request.
  Time since last request: 0.000020 seconds.
  path: Assets/Background/GUI/Dark_Brown_GUI_kit/icon/full_simple/check-.png
  artifactKey: Guid(33aa5e6f9b0039143829aa746cd2f1d9) Importer(815301076,1909f56bfc062723c751e8b465ee728b)
Start importing Assets/Background/GUI/Dark_Brown_GUI_kit/icon/full_simple/check-.png using Guid(33aa5e6f9b0039143829aa746cd2f1d9) Importer(815301076,1909f56bfc062723c751e8b465ee728b)  -> (artifact id: 'a7b75af3b09e5baaf2695ffab69019d5') in 0.022312 seconds 
========================================================================
Received Import Request.
  Time since last request: 4.076875 seconds.
  path: Assets/Background/GUI/Fantasy Wooden GUI  Free/normal_ui_set A/notice.png
  artifactKey: Guid(86adaa715d8969e48975ca3343ddaedd) Importer(815301076,1909f56bfc062723c751e8b465ee728b)
Start importing Assets/Background/GUI/Fantasy Wooden GUI  Free/normal_ui_set A/notice.png using Guid(86adaa715d8969e48975ca3343ddaedd) Importer(815301076,1909f56bfc062723c751e8b465ee728b)  -> (artifact id: '07136273f18ac8e4cc539057f1aed0dd') in 0.037053 seconds 
========================================================================
Received Import Request.
  Time since last request: 0.000021 seconds.
  path: Assets/Background/GUI/Fantasy Wooden GUI  Free/normal_ui_set A/TextBTN_Cancel_Pressed.png
  artifactKey: Guid(9494e936ef153d148aaddfa6db5fb773) Importer(815301076,1909f56bfc062723c751e8b465ee728b)
Start importing Assets/Background/GUI/Fantasy Wooden GUI  Free/normal_ui_set A/TextBTN_Cancel_Pressed.png using Guid(9494e936ef153d148aaddfa6db5fb773) Importer(815301076,1909f56bfc062723c751e8b465ee728b)  -> (artifact id: '5627c45a4fcc3a1bdb494fbd1979157f') in 0.040519 seconds 
========================================================================
Received Import Request.
  Time since last request: 0.000019 seconds.
  path: Assets/Background/GUI/Fantasy Wooden GUI  Free/normal_ui_set A/TextBTN_New-Start_Pressed.png
  artifactKey: Guid(2e5f47e2f71128f4282c0a4a67288751) Importer(815301076,1909f56bfc062723c751e8b465ee728b)
Start importing Assets/Background/GUI/Fantasy Wooden GUI  Free/normal_ui_set A/TextBTN_New-Start_Pressed.png using Guid(2e5f47e2f71128f4282c0a4a67288751) Importer(815301076,1909f56bfc062723c751e8b465ee728b)  -> (artifact id: 'cf3d0f515c94436ee885800c5ae27eb4') in 0.037334 seconds 
========================================================================
Received Import Request.
  Time since last request: 0.000027 seconds.
  path: Assets/Background/GUI/Fantasy Wooden GUI  Free/normal_ui_set A/UI board Large stone.png
  artifactKey: Guid(7066e0747291df44fa5c2bf93bee3a6e) Importer(815301076,1909f56bfc062723c751e8b465ee728b)
Start importing Assets/Background/GUI/Fantasy Wooden GUI  Free/normal_ui_set A/UI board Large stone.png using Guid(7066e0747291df44fa5c2bf93bee3a6e) Importer(815301076,1909f56bfc062723c751e8b465ee728b)  -> (artifact id: '378a70828302fe8b7b43a2f0fe0d891c') in 0.073910 seconds 
========================================================================
Received Import Request.
  Time since last request: 0.000028 seconds.
  path: Assets/Background/GUI/Fantasy Wooden GUI  Free/normal_ui_set A/UI board Large Set.png
  artifactKey: Guid(90a2dde0942123c4ebb9c4af580c5818) Importer(815301076,1909f56bfc062723c751e8b465ee728b)
Start importing Assets/Background/GUI/Fantasy Wooden GUI  Free/normal_ui_set A/UI board Large Set.png using Guid(90a2dde0942123c4ebb9c4af580c5818) Importer(815301076,1909f56bfc062723c751e8b465ee728b)  -> (artifact id: 'c083fd81470f32288124d4bae76a1a09') in 0.049606 seconds 
========================================================================
Received Import Request.
  Time since last request: 6.009325 seconds.
  path: Assets/Background/GUI/Freeui/ZOSMA/Main/Gamebotton.png
  artifactKey: Guid(019b78fb10c81644e80230d8364517ca) Importer(815301076,1909f56bfc062723c751e8b465ee728b)
Start importing Assets/Background/GUI/Freeui/ZOSMA/Main/Gamebotton.png using Guid(019b78fb10c81644e80230d8364517ca) Importer(815301076,1909f56bfc062723c751e8b465ee728b)  -> (artifact id: 'c25ef8ac9092cc5b3456f43d1e4bd44b') in 0.040247 seconds 
========================================================================
Received Import Request.
  Time since last request: 0.000017 seconds.
  path: Assets/Background/GUI/Freeui/ZOSMA/Main/Nickname.png
  artifactKey: Guid(63c3b3a1a35443342a67c62a208799b2) Importer(815301076,1909f56bfc062723c751e8b465ee728b)
Start importing Assets/Background/GUI/Freeui/ZOSMA/Main/Nickname.png using Guid(63c3b3a1a35443342a67c62a208799b2) Importer(815301076,1909f56bfc062723c751e8b465ee728b)  -> (artifact id: '8eca6cd5a45279ef81035ec79d29f28f') in 0.030472 seconds 
========================================================================
Received Import Request.
  Time since last request: 0.000021 seconds.
  path: Assets/Background/GUI/Freeui/ZOSMA/Main/Questbotton.png
  artifactKey: Guid(044db06a8f2aed04291039646f2c8633) Importer(815301076,1909f56bfc062723c751e8b465ee728b)
Start importing Assets/Background/GUI/Freeui/ZOSMA/Main/Questbotton.png using Guid(044db06a8f2aed04291039646f2c8633) Importer(815301076,1909f56bfc062723c751e8b465ee728b)  -> (artifact id: '3e9891e5f2b9221f14b50810dc884fd2') in 0.036894 seconds 
========================================================================
Received Import Request.
  Time since last request: 0.000062 seconds.
  path: Assets/Background/GUI/Freeui/ZOSMA/Main/Incircle.png
  artifactKey: Guid(cc76853705fefad42b28c481f3dd9c9b) Importer(815301076,1909f56bfc062723c751e8b465ee728b)
Start importing Assets/Background/GUI/Freeui/ZOSMA/Main/Incircle.png using Guid(cc76853705fefad42b28c481f3dd9c9b) Importer(815301076,1909f56bfc062723c751e8b465ee728b)  -> (artifact id: '927c43eb5ddafb9f265386433309af17') in 0.029309 seconds 
========================================================================
Received Import Request.
  Time since last request: 3.992854 seconds.
  path: Assets/Background/GUI/Freeui/ZOSMA/Set/Contact.png
  artifactKey: Guid(5db1bde7a64170a46a40a06ff2bf8083) Importer(815301076,1909f56bfc062723c751e8b465ee728b)
Start importing Assets/Background/GUI/Freeui/ZOSMA/Set/Contact.png using Guid(5db1bde7a64170a46a40a06ff2bf8083) Importer(815301076,1909f56bfc062723c751e8b465ee728b)  -> (artifact id: '0b93c03a8ec6e8056366d971614f9854') in 0.031088 seconds 
========================================================================
Received Import Request.
  Time since last request: 0.000029 seconds.
  path: Assets/Background/GUI/Freeui/ZOSMA/Set/Volume.png
  artifactKey: Guid(7985eed980bbd5e4e930a40ca40e65d6) Importer(815301076,1909f56bfc062723c751e8b465ee728b)
Start importing Assets/Background/GUI/Freeui/ZOSMA/Set/Volume.png using Guid(7985eed980bbd5e4e930a40ca40e65d6) Importer(815301076,1909f56bfc062723c751e8b465ee728b)  -> (artifact id: '75a22dea581ba4dec04319452c4ed551') in 0.036297 seconds 
========================================================================
Received Import Request.
  Time since last request: 0.000018 seconds.
  path: Assets/Background/GUI/Freeui/ZOSMA/Set/Decive.png
  artifactKey: Guid(96aea05a190fd204ea116d5ad834fc3e) Importer(815301076,1909f56bfc062723c751e8b465ee728b)
Start importing Assets/Background/GUI/Freeui/ZOSMA/Set/Decive.png using Guid(96aea05a190fd204ea116d5ad834fc3e) Importer(815301076,1909f56bfc062723c751e8b465ee728b)  -> (artifact id: '7c34bfad7f572786661aa2470f93aadf') in 0.034095 seconds 
========================================================================
Received Import Request.
  Time since last request: 0.000026 seconds.
  path: Assets/Background/GUI/Freeui/ZOSMA/Set/Namebotton01.png
  artifactKey: Guid(424930b82ac0aa64fa899d0b9b493eb2) Importer(815301076,1909f56bfc062723c751e8b465ee728b)
Start importing Assets/Background/GUI/Freeui/ZOSMA/Set/Namebotton01.png using Guid(424930b82ac0aa64fa899d0b9b493eb2) Importer(815301076,1909f56bfc062723c751e8b465ee728b)  -> (artifact id: 'edf2b3b5bedc5971ef77bc06aa203e81') in 0.032389 seconds 
========================================================================
Received Import Request.
  Time since last request: 1.281357 seconds.
  path: Assets/Background/GUI/Freeui/ZOSMA/Stage/Cristalred.png
  artifactKey: Guid(f27b6ac45bf783340ad9ab9fb3f53a39) Importer(815301076,1909f56bfc062723c751e8b465ee728b)
Start importing Assets/Background/GUI/Freeui/ZOSMA/Stage/Cristalred.png using Guid(f27b6ac45bf783340ad9ab9fb3f53a39) Importer(815301076,1909f56bfc062723c751e8b465ee728b)  -> (artifact id: '6b15b43135e3c052d972b3c480d2b102') in 0.042569 seconds 
========================================================================
Received Import Request.
  Time since last request: 0.000019 seconds.
  path: Assets/Background/GUI/Freeui/ZOSMA/Stage/Stage.png
  artifactKey: Guid(64452e98f94a1cc468ec09323dd787c5) Importer(815301076,1909f56bfc062723c751e8b465ee728b)
Start importing Assets/Background/GUI/Freeui/ZOSMA/Stage/Stage.png using Guid(64452e98f94a1cc468ec09323dd787c5) Importer(815301076,1909f56bfc062723c751e8b465ee728b)  -> (artifact id: 'fa0f375bb8beeac2245029574467d4ef') in 0.033346 seconds 
Editor requested this worker to shutdown with reason: Scaling down because of idle timeout
AssetImportWorker is now disconnected from the server
Process exiting
Exiting without the bug reporter. Application will terminate with return code 0