Using pre-set license
Built from '2021.3/staging' branch; Version is '2021.3.10f1 (1c7d0df0160b) revision 1867021'; Using compiler version '192829333'; Build Type 'Release'
OS: 'Windows 10  (10.0.19045) 64bit Professional' Language: 'ko' Physical Memory: 16126 MB
BatchMode: 1, IsHumanControllingUs: 0, StartBugReporterOnCrash: 0, Is64bit: 1, IsPro: 1

COMMAND LINE ARGUMENTS:
C:\Program Files\Unity\Hub\Editor\2021.3.10f1\Editor\Unity.exe
-adb2
-batchMode
-noUpm
-name
AssetImportWorker0
-projectPath
C:/Users/N/Documents/GitHub/N-own-Magic/N-own Magic
-logFile
Logs/AssetImportWorker0.log
-srvPort
4989
Successfully changed project path to: C:/Users/N/Documents/GitHub/N-own-Magic/N-own Magic
C:/Users/N/Documents/GitHub/N-own-Magic/N-own Magic
[UnityMemory] Configuration Parameters - Can be set up in boot.config
    "memorysetup-bucket-allocator-granularity=16"
    "memorysetup-bucket-allocator-bucket-count=8"
    "memorysetup-bucket-allocator-block-size=33554432"
    "memorysetup-bucket-allocator-block-count=8"
    "memorysetup-main-allocator-block-size=16777216"
    "memorysetup-thread-allocator-block-size=16777216"
    "memorysetup-gfx-main-allocator-block-size=16777216"
    "memorysetup-gfx-thread-allocator-block-size=16777216"
    "memorysetup-cache-allocator-block-size=4194304"
    "memorysetup-typetree-allocator-block-size=2097152"
    "memorysetup-profiler-bucket-allocator-granularity=16"
    "memorysetup-profiler-bucket-allocator-bucket-count=8"
    "memorysetup-profiler-bucket-allocator-block-size=33554432"
    "memorysetup-profiler-bucket-allocator-block-count=8"
    "memorysetup-profiler-allocator-block-size=16777216"
    "memorysetup-profiler-editor-allocator-block-size=1048576"
    "memorysetup-temp-allocator-size-main=16777216"
    "memorysetup-job-temp-allocator-block-size=2097152"
    "memorysetup-job-temp-allocator-block-size-background=1048576"
    "memorysetup-job-temp-allocator-reduction-small-platforms=262144"
    "memorysetup-temp-allocator-size-background-worker=32768"
    "memorysetup-temp-allocator-size-job-worker=262144"
    "memorysetup-temp-allocator-size-preload-manager=33554432"
    "memorysetup-temp-allocator-size-nav-mesh-worker=65536"
    "memorysetup-temp-allocator-size-audio-worker=65536"
    "memorysetup-temp-allocator-size-cloud-worker=32768"
    "memorysetup-temp-allocator-size-gi-baking-worker=262144"
    "memorysetup-temp-allocator-size-gfx=262144"
Refreshing native plugins compatible for Editor in 195.32 ms, found 4 plugins.
Preloading 0 native plugins for Editor in 0.00 ms.
Initialize engine version: 2021.3.10f1 (1c7d0df0160b)
[Subsystems] Discovering subsystems at path C:/Program Files/Unity/Hub/Editor/2021.3.10f1/Editor/Data/Resources/UnitySubsystems
[Subsystems] Discovering subsystems at path C:/Users/N/Documents/GitHub/N-own-Magic/N-own Magic/Assets
GfxDevice: creating device client; threaded=0; jobified=0
Direct3D:
    Version:  Direct3D 11.0 [level 11.1]
    Renderer: NVIDIA GeForce MX450 (ID=0x1f97)
    Vendor:   NVIDIA
    VRAM:     1906 MB
    Driver:   32.0.15.5612
Initialize mono
Mono path[0] = 'C:/Program Files/Unity/Hub/Editor/2021.3.10f1/Editor/Data/Managed'
Mono path[1] = 'C:/Program Files/Unity/Hub/Editor/2021.3.10f1/Editor/Data/MonoBleedingEdge/lib/mono/unityjit-win32'
Mono config path = 'C:/Program Files/Unity/Hub/Editor/2021.3.10f1/Editor/Data/MonoBleedingEdge/etc'
Using monoOptions --debugger-agent=transport=dt_socket,embedding=1,server=y,suspend=n,address=127.0.0.1:56352
Begin MonoManager ReloadAssembly
Registering precompiled unity dll's ...
Register platform support module: C:/Program Files/Unity/Hub/Editor/2021.3.10f1/Editor/Data/PlaybackEngines/WindowsStandaloneSupport/UnityEditor.WindowsStandalone.Extensions.dll
Registered in 0.019660 seconds.
Native extension for WindowsStandalone target not found
Refreshing native plugins compatible for Editor in 205.94 ms, found 4 plugins.
Preloading 0 native plugins for Editor in 0.00 ms.
Mono: successfully reloaded assembly
- Completed reload, in  1.338 seconds
Domain Reload Profiling:
	ReloadAssembly (1339ms)
		BeginReloadAssembly (189ms)
			ExecutionOrderSort (0ms)
			DisableScriptedObjects (0ms)
			BackupInstance (0ms)
			ReleaseScriptingObjects (0ms)
			CreateAndSetChildDomain (2ms)
		EndReloadAssembly (909ms)
			LoadAssemblies (180ms)
			RebuildTransferFunctionScriptingTraits (0ms)
			SetupTypeCache (193ms)
			ReleaseScriptCaches (0ms)
			RebuildScriptCaches (49ms)
			SetupLoadedEditorAssemblies (570ms)
				LogAssemblyErrors (0ms)
				InitializePlatformSupportModulesInManaged (16ms)
				SetLoadedEditorAssemblies (0ms)
				RefreshPlugins (206ms)
				BeforeProcessingInitializeOnLoad (3ms)
				ProcessInitializeOnLoadAttributes (236ms)
				ProcessInitializeOnLoadMethodAttributes (108ms)
				AfterProcessingInitializeOnLoad (0ms)
				EditorAssembliesLoaded (0ms)
			ExecutionOrderSort2 (0ms)
			AwakeInstancesAfterBackupRestoration (0ms)
Platform modules already initialized, skipping
Registering precompiled user dll's ...
Registered in 0.026202 seconds.
Begin MonoManager ReloadAssembly
Symbol file LoadedFromMemory doesn't match image C:\Users\N\Documents\GitHub\N-own-Magic\N-own Magic\Library\PackageCache\com.unity.visualscripting@1.7.8\Editor\VisualScripting.Core\Dependencies\YamlDotNet\Unity.VisualScripting.YamlDotNet.dll
Symbol file LoadedFromMemory doesn't match image C:\Users\N\Documents\GitHub\N-own-Magic\N-own Magic\Library\PackageCache\com.unity.visualscripting@1.7.8\Editor\VisualScripting.Core\Dependencies\DotNetZip\Unity.VisualScripting.IonicZip.dll
Native extension for WindowsStandalone target not found
Refreshing native plugins compatible for Editor in 176.74 ms, found 4 plugins.
Preloading 0 native plugins for Editor in 0.00 ms.
Mono: successfully reloaded assembly
- Completed reload, in  2.587 seconds
Domain Reload Profiling:
	ReloadAssembly (2588ms)
		BeginReloadAssembly (335ms)
			ExecutionOrderSort (0ms)
			DisableScriptedObjects (7ms)
			BackupInstance (0ms)
			ReleaseScriptingObjects (0ms)
			CreateAndSetChildDomain (36ms)
		EndReloadAssembly (1968ms)
			LoadAssemblies (333ms)
			RebuildTransferFunctionScriptingTraits (0ms)
			SetupTypeCache (610ms)
			ReleaseScriptCaches (2ms)
			RebuildScriptCaches (119ms)
			SetupLoadedEditorAssemblies (904ms)
				LogAssemblyErrors (0ms)
				InitializePlatformSupportModulesInManaged (11ms)
				SetLoadedEditorAssemblies (1ms)
				RefreshPlugins (177ms)
				BeforeProcessingInitializeOnLoad (170ms)
				ProcessInitializeOnLoadAttributes (443ms)
				ProcessInitializeOnLoadMethodAttributes (84ms)
				AfterProcessingInitializeOnLoad (18ms)
				EditorAssembliesLoaded (0ms)
			ExecutionOrderSort2 (0ms)
			AwakeInstancesAfterBackupRestoration (27ms)
Platform modules already initialized, skipping
========================================================================
Worker process is ready to serve import requests
Launched and connected shader compiler UnityShaderCompiler.exe after 0.09 seconds
Refreshing native plugins compatible for Editor in 1.68 ms, found 4 plugins.
Preloading 0 native plugins for Editor in 0.00 ms.
Unloading 4111 Unused Serialized files (Serialized files now loaded: 0)
Unloading 39 unused Assets / (56.2 KB). Loaded Objects now: 4567.
Memory consumption went from 155.0 MB to 155.0 MB.
Total: 7.822100 ms (FindLiveObjects: 0.585300 ms CreateObjectMapping: 0.492200 ms MarkObjects: 6.584300 ms  DeleteObjects: 0.158000 ms)

AssetImportParameters requested are different than current active one (requested -> active):
  custom:video-decoder-ogg-theora: a1e56fd34408186e4bbccfd4996cb3dc -> 
  custom:container-muxer-webm: aa71ff27fc2769a1b78a27578f13a17b -> 
  custom:container-demuxer-webm: 4f35f7cbe854078d1ac9338744f61a02 -> 
  custom:video-encoder-webm-vp8: eb34c28f22e8b96e1ab97ce403110664 -> 
  custom:audio-encoder-webm-vorbis: bf7c407c2cedff20999df2af8eb42d56 -> 
  custom:framework-win-MediaFoundation: 216162199b28c13a410421893ffa2e32 -> 
  custom:container-demuxer-ogg: 62fdf1f143b41e24485cea50d1cbac27 -> 
  custom:video-decoder-webm-vp8: 9c59270c3fd7afecdb556c50c9e8de78 -> 
  custom:audio-decoder-ogg-vorbis: bf7c407c2cedff20999df2af8eb42d56 -> 
========================================================================
Received Import Request.
  Time since last request: 492679.106008 seconds.
  path: Assets/12_Healing_spell.png
  artifactKey: Guid(511b7df189d509e4bbb3271bf1df0df5) Importer(815301076,1909f56bfc062723c751e8b465ee728b)
Start importing Assets/12_Healing_spell.png using Guid(511b7df189d509e4bbb3271bf1df0df5) Importer(815301076,1909f56bfc062723c751e8b465ee728b)  -> (artifact id: '5ca272b32b442faf5e0db856629a8862') in 0.378802 seconds 
========================================================================
Received Import Request.
  Time since last request: 0.000051 seconds.
  path: Assets/24_Holy_rain.png
  artifactKey: Guid(56016c9ed495ebc44a62f535a8d789af) Importer(815301076,1909f56bfc062723c751e8b465ee728b)
Start importing Assets/24_Holy_rain.png using Guid(56016c9ed495ebc44a62f535a8d789af) Importer(815301076,1909f56bfc062723c751e8b465ee728b)  -> (artifact id: '4154bdc8ca9b218a64e9992c4ff1b7dc') in 0.079857 seconds 
========================================================================
Received Import Request.
  Time since last request: 0.000098 seconds.
  path: Assets/Assassinskill_29.png
  artifactKey: Guid(5020a01ad4c184d4b809c1a88307b482) Importer(815301076,1909f56bfc062723c751e8b465ee728b)
Start importing Assets/Assassinskill_29.png using Guid(5020a01ad4c184d4b809c1a88307b482) Importer(815301076,1909f56bfc062723c751e8b465ee728b)  -> (artifact id: 'd57fcbffa7a7cb73080b400be64e3710') in 0.111440 seconds 
========================================================================
Received Import Request.
  Time since last request: 0.000037 seconds.
  path: Assets/20_Shadow_rain.png
  artifactKey: Guid(7560b4a9adad79c4cb43edb0a396e516) Importer(815301076,1909f56bfc062723c751e8b465ee728b)
Start importing Assets/20_Shadow_rain.png using Guid(7560b4a9adad79c4cb43edb0a396e516) Importer(815301076,1909f56bfc062723c751e8b465ee728b)  -> (artifact id: 'f624cad2fa89c997500de8966404300c') in 0.103467 seconds 
========================================================================
Received Import Request.
  Time since last request: 0.000040 seconds.
  path: Assets/18_shadow_bolt2_nobg.png
  artifactKey: Guid(6e900f191f80ce449922a411952b42e9) Importer(815301076,1909f56bfc062723c751e8b465ee728b)
Start importing Assets/18_shadow_bolt2_nobg.png using Guid(6e900f191f80ce449922a411952b42e9) Importer(815301076,1909f56bfc062723c751e8b465ee728b)  -> (artifact id: '4177560415edbfcd6938c6430e2514d1') in 0.052192 seconds 
========================================================================
Received Import Request.
  Time since last request: 0.000045 seconds.
  path: Assets/Paladinskill_03.png
  artifactKey: Guid(9d2200a6f76dbc444a0d80d8cecbde6d) Importer(815301076,1909f56bfc062723c751e8b465ee728b)
Start importing Assets/Paladinskill_03.png using Guid(9d2200a6f76dbc444a0d80d8cecbde6d) Importer(815301076,1909f56bfc062723c751e8b465ee728b)  -> (artifact id: '3d0fd1f89c22b20246299594fee35b4c') in 0.086550 seconds 
========================================================================
Received Import Request.
  Time since last request: 0.000035 seconds.
  path: Assets/Paladinskill_11.png
  artifactKey: Guid(2a716e1b49952534da3e0bc61dc0cf2d) Importer(815301076,1909f56bfc062723c751e8b465ee728b)
Start importing Assets/Paladinskill_11.png using Guid(2a716e1b49952534da3e0bc61dc0cf2d) Importer(815301076,1909f56bfc062723c751e8b465ee728b)  -> (artifact id: '4e0fc5355153a72a948c85fac9232cb9') in 0.060693 seconds 
========================================================================
Received Import Request.
  Time since last request: 0.000041 seconds.
  path: Assets/19_shadow_bomb_nobg.png
  artifactKey: Guid(7ee83e56fd3df524fba27c66e10d6a05) Importer(815301076,1909f56bfc062723c751e8b465ee728b)
Start importing Assets/19_shadow_bomb_nobg.png using Guid(7ee83e56fd3df524fba27c66e10d6a05) Importer(815301076,1909f56bfc062723c751e8b465ee728b)  -> (artifact id: '059a1c507787c2bb356b873f11af62a1') in 0.073165 seconds 
========================================================================
Received Import Request.
  Time since last request: 0.000037 seconds.
  path: Assets/Engineerskill_28_nobg.png
  artifactKey: Guid(f491567be688f5044b3cd607f4f8f30b) Importer(815301076,1909f56bfc062723c751e8b465ee728b)
Start importing Assets/Engineerskill_28_nobg.png using Guid(f491567be688f5044b3cd607f4f8f30b) Importer(815301076,1909f56bfc062723c751e8b465ee728b)  -> (artifact id: '7d8bdcc85b16a6c346466f56d7e8cc0b') in 0.097487 seconds 
========================================================================
Received Import Request.
  Time since last request: 0.000037 seconds.
  path: Assets/17_Shadow_bolt.png
  artifactKey: Guid(ba263eaf603942e47a0372407a11ec05) Importer(815301076,1909f56bfc062723c751e8b465ee728b)
Start importing Assets/17_Shadow_bolt.png using Guid(ba263eaf603942e47a0372407a11ec05) Importer(815301076,1909f56bfc062723c751e8b465ee728b)  -> (artifact id: 'ede074768f1232d9ad1dc2f67cb40293') in 0.084944 seconds 
========================================================================
Received Import Request.
  Time since last request: 758.578384 seconds.
  path: Assets/Fonts/Font/Almendra-Regular SDF2.asset
  artifactKey: Guid(3e17f49a21e85794c9a020782bf196d1) Importer(815301076,1909f56bfc062723c751e8b465ee728b)
Start importing Assets/Fonts/Font/Almendra-Regular SDF2.asset using Guid(3e17f49a21e85794c9a020782bf196d1) Importer(815301076,1909f56bfc062723c751e8b465ee728b)  -> (artifact id: '74517d0942bc24bf458d828ed7578ffd') in 0.615640 seconds 
========================================================================
Received Import Request.
  Time since last request: 0.000035 seconds.
  path: Assets/Fonts/Font/PirataOne-Regular SDF.asset
  artifactKey: Guid(95d152828bc14744590fd1ac4995f524) Importer(815301076,1909f56bfc062723c751e8b465ee728b)
Start importing Assets/Fonts/Font/PirataOne-Regular SDF.asset using Guid(95d152828bc14744590fd1ac4995f524) Importer(815301076,1909f56bfc062723c751e8b465ee728b)  -> (artifact id: 'd5a77f3017f283e6d5b3d0e396901c8b') in 0.367374 seconds 
========================================================================
Received Import Request.
  Time since last request: 0.000047 seconds.
  path: Assets/TextMesh Pro/Resources/Fonts & Materials/LiberationSans SDF.asset
  artifactKey: Guid(8f586378b4e144a9851e7b34d9b748ee) Importer(815301076,1909f56bfc062723c751e8b465ee728b)
Start importing Assets/TextMesh Pro/Resources/Fonts & Materials/LiberationSans SDF.asset using Guid(8f586378b4e144a9851e7b34d9b748ee) Importer(815301076,1909f56bfc062723c751e8b465ee728b)  -> (artifact id: 'e991ce4d2f68a9cee94a76853eb4f90f') in 0.081549 seconds 
========================================================================
Received Import Request.
  Time since last request: 0.000095 seconds.
  path: Assets/Fonts/Font/UncialAntiqua-Regular SDF.asset
  artifactKey: Guid(00651ee3f82f9bc44bc55bf786500182) Importer(815301076,1909f56bfc062723c751e8b465ee728b)
Start importing Assets/Fonts/Font/UncialAntiqua-Regular SDF.asset using Guid(00651ee3f82f9bc44bc55bf786500182) Importer(815301076,1909f56bfc062723c751e8b465ee728b)  -> (artifact id: 'b614da1482599a97bbf9213403b1e445') in 0.372195 seconds 
Editor requested this worker to shutdown with reason: Scaling down because of idle timeout
AssetImportWorker is now disconnected from the server
Process exiting
Exiting without the bug reporter. Application will terminate with return code 0