Using pre-set license
Built from '2021.3/staging' branch; Version is '2021.3.10f1 (1c7d0df0160b) revision 1867021'; Using compiler version '192829333'; Build Type 'Release'
OS: 'Windows 10  (10.0.19045) 64bit Professional' Language: 'ko' Physical Memory: 16126 MB
BatchMode: 1, IsHumanControllingUs: 0, StartBugReporterOnCrash: 0, Is64bit: 1, IsPro: 1

COMMAND LINE ARGUMENTS:
C:\Program Files\Unity\Hub\Editor\2021.3.10f1\Editor\Unity.exe
-adb2
-batchMode
-noUpm
-name
AssetImportWorker6
-projectPath
C:/Users/N/Documents/GitHub/N-own-Magic/N-own Magic
-logFile
Logs/AssetImportWorker6.log
-srvPort
13817
Successfully changed project path to: C:/Users/N/Documents/GitHub/N-own-Magic/N-own Magic
C:/Users/N/Documents/GitHub/N-own-Magic/N-own Magic
[UnityMemory] Configuration Parameters - Can be set up in boot.config
    "memorysetup-bucket-allocator-granularity=16"
    "memorysetup-bucket-allocator-bucket-count=8"
    "memorysetup-bucket-allocator-block-size=33554432"
    "memorysetup-bucket-allocator-block-count=8"
    "memorysetup-main-allocator-block-size=16777216"
    "memorysetup-thread-allocator-block-size=16777216"
    "memorysetup-gfx-main-allocator-block-size=16777216"
    "memorysetup-gfx-thread-allocator-block-size=16777216"
    "memorysetup-cache-allocator-block-size=4194304"
    "memorysetup-typetree-allocator-block-size=2097152"
    "memorysetup-profiler-bucket-allocator-granularity=16"
    "memorysetup-profiler-bucket-allocator-bucket-count=8"
    "memorysetup-profiler-bucket-allocator-block-size=33554432"
    "memorysetup-profiler-bucket-allocator-block-count=8"
    "memorysetup-profiler-allocator-block-size=16777216"
    "memorysetup-profiler-editor-allocator-block-size=1048576"
    "memorysetup-temp-allocator-size-main=16777216"
    "memorysetup-job-temp-allocator-block-size=2097152"
    "memorysetup-job-temp-allocator-block-size-background=1048576"
    "memorysetup-job-temp-allocator-reduction-small-platforms=262144"
    "memorysetup-temp-allocator-size-background-worker=32768"
    "memorysetup-temp-allocator-size-job-worker=262144"
    "memorysetup-temp-allocator-size-preload-manager=33554432"
    "memorysetup-temp-allocator-size-nav-mesh-worker=65536"
    "memorysetup-temp-allocator-size-audio-worker=65536"
    "memorysetup-temp-allocator-size-cloud-worker=32768"
    "memorysetup-temp-allocator-size-gi-baking-worker=262144"
    "memorysetup-temp-allocator-size-gfx=262144"
Refreshing native plugins compatible for Editor in 490.69 ms, found 4 plugins.
Preloading 0 native plugins for Editor in 0.00 ms.
Initialize engine version: 2021.3.10f1 (1c7d0df0160b)
[Subsystems] Discovering subsystems at path C:/Program Files/Unity/Hub/Editor/2021.3.10f1/Editor/Data/Resources/UnitySubsystems
[Subsystems] Discovering subsystems at path C:/Users/N/Documents/GitHub/N-own-Magic/N-own Magic/Assets
GfxDevice: creating device client; threaded=0; jobified=0
Direct3D:
    Version:  Direct3D 11.0 [level 11.1]
    Renderer: NVIDIA GeForce MX450 (ID=0x1f97)
    Vendor:   NVIDIA
    VRAM:     1906 MB
    Driver:   32.0.15.5612
Initialize mono
Mono path[0] = 'C:/Program Files/Unity/Hub/Editor/2021.3.10f1/Editor/Data/Managed'
Mono path[1] = 'C:/Program Files/Unity/Hub/Editor/2021.3.10f1/Editor/Data/MonoBleedingEdge/lib/mono/unityjit-win32'
Mono config path = 'C:/Program Files/Unity/Hub/Editor/2021.3.10f1/Editor/Data/MonoBleedingEdge/etc'
Using monoOptions --debugger-agent=transport=dt_socket,embedding=1,server=y,suspend=n,address=127.0.0.1:56108
Begin MonoManager ReloadAssembly
Registering precompiled unity dll's ...
Register platform support module: C:/Program Files/Unity/Hub/Editor/2021.3.10f1/Editor/Data/PlaybackEngines/WindowsStandaloneSupport/UnityEditor.WindowsStandalone.Extensions.dll
Registered in 0.025377 seconds.
Native extension for WindowsStandalone target not found
Refreshing native plugins compatible for Editor in 188.06 ms, found 4 plugins.
Preloading 0 native plugins for Editor in 0.00 ms.
Mono: successfully reloaded assembly
- Completed reload, in  1.319 seconds
Domain Reload Profiling:
	ReloadAssembly (1320ms)
		BeginReloadAssembly (234ms)
			ExecutionOrderSort (0ms)
			DisableScriptedObjects (0ms)
			BackupInstance (0ms)
			ReleaseScriptingObjects (0ms)
			CreateAndSetChildDomain (2ms)
		EndReloadAssembly (835ms)
			LoadAssemblies (226ms)
			RebuildTransferFunctionScriptingTraits (0ms)
			SetupTypeCache (179ms)
			ReleaseScriptCaches (0ms)
			RebuildScriptCaches (42ms)
			SetupLoadedEditorAssemblies (522ms)
				LogAssemblyErrors (0ms)
				InitializePlatformSupportModulesInManaged (14ms)
				SetLoadedEditorAssemblies (0ms)
				RefreshPlugins (188ms)
				BeforeProcessingInitializeOnLoad (2ms)
				ProcessInitializeOnLoadAttributes (213ms)
				ProcessInitializeOnLoadMethodAttributes (104ms)
				AfterProcessingInitializeOnLoad (0ms)
				EditorAssembliesLoaded (0ms)
			ExecutionOrderSort2 (0ms)
			AwakeInstancesAfterBackupRestoration (0ms)
Platform modules already initialized, skipping
Registering precompiled user dll's ...
Registered in 0.019411 seconds.
Begin MonoManager ReloadAssembly
Symbol file LoadedFromMemory doesn't match image C:\Users\N\Documents\GitHub\N-own-Magic\N-own Magic\Library\PackageCache\com.unity.visualscripting@1.7.8\Editor\VisualScripting.Core\Dependencies\YamlDotNet\Unity.VisualScripting.YamlDotNet.dll
Symbol file LoadedFromMemory doesn't match image C:\Users\N\Documents\GitHub\N-own-Magic\N-own Magic\Library\PackageCache\com.unity.visualscripting@1.7.8\Editor\VisualScripting.Core\Dependencies\DotNetZip\Unity.VisualScripting.IonicZip.dll
Native extension for WindowsStandalone target not found
Refreshing native plugins compatible for Editor in 214.05 ms, found 4 plugins.
Preloading 0 native plugins for Editor in 0.00 ms.
Mono: successfully reloaded assembly
- Completed reload, in  2.560 seconds
Domain Reload Profiling:
	ReloadAssembly (2561ms)
		BeginReloadAssembly (209ms)
			ExecutionOrderSort (0ms)
			DisableScriptedObjects (10ms)
			BackupInstance (0ms)
			ReleaseScriptingObjects (0ms)
			CreateAndSetChildDomain (28ms)
		EndReloadAssembly (2138ms)
			LoadAssemblies (195ms)
			RebuildTransferFunctionScriptingTraits (0ms)
			SetupTypeCache (639ms)
			ReleaseScriptCaches (1ms)
			RebuildScriptCaches (118ms)
			SetupLoadedEditorAssemblies (1073ms)
				LogAssemblyErrors (0ms)
				InitializePlatformSupportModulesInManaged (12ms)
				SetLoadedEditorAssemblies (1ms)
				RefreshPlugins (214ms)
				BeforeProcessingInitializeOnLoad (215ms)
				ProcessInitializeOnLoadAttributes (521ms)
				ProcessInitializeOnLoadMethodAttributes (83ms)
				AfterProcessingInitializeOnLoad (27ms)
				EditorAssembliesLoaded (0ms)
			ExecutionOrderSort2 (0ms)
			AwakeInstancesAfterBackupRestoration (25ms)
Platform modules already initialized, skipping
========================================================================
Worker process is ready to serve import requests
Launched and connected shader compiler UnityShaderCompiler.exe after 0.09 seconds
Refreshing native plugins compatible for Editor in 2.66 ms, found 4 plugins.
Preloading 0 native plugins for Editor in 0.00 ms.
Unloading 4111 Unused Serialized files (Serialized files now loaded: 0)
Unloading 39 unused Assets / (56.5 KB). Loaded Objects now: 4568.
Memory consumption went from 155.0 MB to 155.0 MB.
Total: 6.008100 ms (FindLiveObjects: 0.458100 ms CreateObjectMapping: 0.222000 ms MarkObjects: 5.147800 ms  DeleteObjects: 0.178300 ms)

AssetImportParameters requested are different than current active one (requested -> active):
  custom:video-decoder-ogg-theora: a1e56fd34408186e4bbccfd4996cb3dc -> 
  custom:container-muxer-webm: aa71ff27fc2769a1b78a27578f13a17b -> 
  custom:container-demuxer-webm: 4f35f7cbe854078d1ac9338744f61a02 -> 
  custom:video-encoder-webm-vp8: eb34c28f22e8b96e1ab97ce403110664 -> 
  custom:audio-encoder-webm-vorbis: bf7c407c2cedff20999df2af8eb42d56 -> 
  custom:framework-win-MediaFoundation: 216162199b28c13a410421893ffa2e32 -> 
  custom:container-demuxer-ogg: 62fdf1f143b41e24485cea50d1cbac27 -> 
  custom:video-decoder-webm-vp8: 9c59270c3fd7afecdb556c50c9e8de78 -> 
  custom:audio-decoder-ogg-vorbis: bf7c407c2cedff20999df2af8eb42d56 -> 
========================================================================
Received Import Request.
  Time since last request: 276642.513334 seconds.
  path: Assets/Cards/TCG_Card_Elemental_Design/Card_Color_03/Back_Card_Color_03/Back_Card_Color_03_Logo_Crystal.png
  artifactKey: Guid(2f0259418a6d4c94b96ce9db6b08fc06) Importer(815301076,1909f56bfc062723c751e8b465ee728b)
Start importing Assets/Cards/TCG_Card_Elemental_Design/Card_Color_03/Back_Card_Color_03/Back_Card_Color_03_Logo_Crystal.png using Guid(2f0259418a6d4c94b96ce9db6b08fc06) Importer(815301076,1909f56bfc062723c751e8b465ee728b)  -> (artifact id: 'abea3a143c4e484af96e6cae89167899') in 0.275806 seconds 
========================================================================
Received Import Request.
  Time since last request: 19.702405 seconds.
  path: Assets/Cards/TCG_Card_Elemental_Design/Card_Color_04/Back_Card_Color_04/Back_Card_Color_04_Logo_Crystal_2.png
  artifactKey: Guid(22a9fa324d3463545b963a075ea72db1) Importer(815301076,1909f56bfc062723c751e8b465ee728b)
Start importing Assets/Cards/TCG_Card_Elemental_Design/Card_Color_04/Back_Card_Color_04/Back_Card_Color_04_Logo_Crystal_2.png using Guid(22a9fa324d3463545b963a075ea72db1) Importer(815301076,1909f56bfc062723c751e8b465ee728b)  -> (artifact id: '2ff4c972e05fd64a67b0483cb7df5fc0') in 0.084491 seconds 
========================================================================
Received Import Request.
  Time since last request: 5.165879 seconds.
  path: Assets/Cards/TCG_Card_Elemental_Design/Card_Color_02/Face_Card_Color_02/Face_Card_Color_02_Frame.png
  artifactKey: Guid(fdcb5fe8880306743bd5ab48c5b7bf9b) Importer(815301076,1909f56bfc062723c751e8b465ee728b)
Start importing Assets/Cards/TCG_Card_Elemental_Design/Card_Color_02/Face_Card_Color_02/Face_Card_Color_02_Frame.png using Guid(fdcb5fe8880306743bd5ab48c5b7bf9b) Importer(815301076,1909f56bfc062723c751e8b465ee728b)  -> (artifact id: '756db67741626d0f684baa96df4991e9') in 0.548361 seconds 
========================================================================
Received Import Request.
  Time since last request: 4.894340 seconds.
  path: Assets/Cards/TCG_Card_Elemental_Design/Card_Color_05/Back_Card_Color_05/Back_Card_Color_05_Logo_Crystal.png
  artifactKey: Guid(852e08560e46c5f42aacf7b5e03889d1) Importer(815301076,1909f56bfc062723c751e8b465ee728b)
Start importing Assets/Cards/TCG_Card_Elemental_Design/Card_Color_05/Back_Card_Color_05/Back_Card_Color_05_Logo_Crystal.png using Guid(852e08560e46c5f42aacf7b5e03889d1) Importer(815301076,1909f56bfc062723c751e8b465ee728b)  -> (artifact id: '179f6b14e695f245e8fdfd61ec4c3e77') in 0.113273 seconds 
========================================================================
Received Import Request.
  Time since last request: 4.395283 seconds.
  path: Assets/Cards/TCG_Card_Elemental_Design/Card_Color_06/Back_Card_Color_06/Back_Card_Color_06_Logo_Crystal.png
  artifactKey: Guid(cc366f7efbba4ab4686c96e69f3a2f16) Importer(815301076,1909f56bfc062723c751e8b465ee728b)
Start importing Assets/Cards/TCG_Card_Elemental_Design/Card_Color_06/Back_Card_Color_06/Back_Card_Color_06_Logo_Crystal.png using Guid(cc366f7efbba4ab4686c96e69f3a2f16) Importer(815301076,1909f56bfc062723c751e8b465ee728b)  -> (artifact id: '9ffa975dec1e4751784f48066059a38c') in 0.122093 seconds 
========================================================================
Received Import Request.
  Time since last request: 6.837860 seconds.
  path: Assets/Cards/TCG_Card_Elemental_Design/Card_Color_07/Back_Card_Color_07/Back_Card_Color_07_Logo_Crystal.png
  artifactKey: Guid(66cb3fb8bcd22744fadc582038fbaf02) Importer(815301076,1909f56bfc062723c751e8b465ee728b)
Start importing Assets/Cards/TCG_Card_Elemental_Design/Card_Color_07/Back_Card_Color_07/Back_Card_Color_07_Logo_Crystal.png using Guid(66cb3fb8bcd22744fadc582038fbaf02) Importer(815301076,1909f56bfc062723c751e8b465ee728b)  -> (artifact id: 'db1fc610e4011cdbe87a650fdfcb9e9b') in 0.117784 seconds 
========================================================================
Received Import Request.
  Time since last request: 20.459607 seconds.
  path: Assets/Cards/TCG_Card_Elemental_Design/Card_Color_08/Back_Card_Color_08/Back_Card_Color_08_Logo_Crystal.png
  artifactKey: Guid(ddb076914a9294e4e9a0ba96544c4c0d) Importer(815301076,1909f56bfc062723c751e8b465ee728b)
Start importing Assets/Cards/TCG_Card_Elemental_Design/Card_Color_08/Back_Card_Color_08/Back_Card_Color_08_Logo_Crystal.png using Guid(ddb076914a9294e4e9a0ba96544c4c0d) Importer(815301076,1909f56bfc062723c751e8b465ee728b)  -> (artifact id: '77639b66f3b80fd7f8eeaa87d71f80b9') in 0.066722 seconds 
========================================================================
Received Import Request.
  Time since last request: 6.212022 seconds.
  path: Assets/Cards/TCG_Card_Elemental_Design/Card_Color_09/Back_Card_Color_09/Back_Card_Color_09_Logo_Crystal.png
  artifactKey: Guid(ad5e8a6c0cbb4b54980758859742f527) Importer(815301076,1909f56bfc062723c751e8b465ee728b)
Start importing Assets/Cards/TCG_Card_Elemental_Design/Card_Color_09/Back_Card_Color_09/Back_Card_Color_09_Logo_Crystal.png using Guid(ad5e8a6c0cbb4b54980758859742f527) Importer(815301076,1909f56bfc062723c751e8b465ee728b)  -> (artifact id: '0095a13163df7259fd3375c3dda7c16c') in 0.108720 seconds 
========================================================================
Received Import Request.
  Time since last request: 14.013078 seconds.
  path: Assets/Cards/TCG_Card_Elemental_Design/Card_Color_10/Back_Card_Color_10/Back_Card_Color_10_Logo_Crystal.png
  artifactKey: Guid(d457b7b0212b77446b66c51e8dbe0c78) Importer(815301076,1909f56bfc062723c751e8b465ee728b)
Start importing Assets/Cards/TCG_Card_Elemental_Design/Card_Color_10/Back_Card_Color_10/Back_Card_Color_10_Logo_Crystal.png using Guid(d457b7b0212b77446b66c51e8dbe0c78) Importer(815301076,1909f56bfc062723c751e8b465ee728b)  -> (artifact id: 'cbfdedc7489c236798b639c607b1c6cf') in 0.118591 seconds 
========================================================================
Received Import Request.
  Time since last request: 7.612603 seconds.
  path: Assets/Cards/TCG_Card_Elemental_Design/Card_Color_11/Back_Card_Color_11/Back_Card_Color_11_Logo_Crystal.png
  artifactKey: Guid(5ccb3961eb5e89f4a8e9439fbfd99475) Importer(815301076,1909f56bfc062723c751e8b465ee728b)
Start importing Assets/Cards/TCG_Card_Elemental_Design/Card_Color_11/Back_Card_Color_11/Back_Card_Color_11_Logo_Crystal.png using Guid(5ccb3961eb5e89f4a8e9439fbfd99475) Importer(815301076,1909f56bfc062723c751e8b465ee728b)  -> (artifact id: '138d8ae43dd71d8f26fd177c86fc6673') in 0.118742 seconds 
========================================================================
Received Import Request.
  Time since last request: 7.335982 seconds.
  path: Assets/Cards/TCG_Card_Elemental_Design/Card_Color_12/Back_Card_Color_12/Back_Card_Color_12_Logo_Crystal.png
  artifactKey: Guid(78bf24b0ba7bf834fa55f280044e6e75) Importer(815301076,1909f56bfc062723c751e8b465ee728b)
Start importing Assets/Cards/TCG_Card_Elemental_Design/Card_Color_12/Back_Card_Color_12/Back_Card_Color_12_Logo_Crystal.png using Guid(78bf24b0ba7bf834fa55f280044e6e75) Importer(815301076,1909f56bfc062723c751e8b465ee728b)  -> (artifact id: '9ff4ec7f80bfb6438d6bb821ac9b5142') in 0.120696 seconds 
========================================================================
Received Import Request.
  Time since last request: 6.482764 seconds.
  path: Assets/Cards/TCG_Card_Elemental_Design/Card_Color_13/Back_Card_Color_13/Back_Card_Color_13_Logo_Crystal.png
  artifactKey: Guid(db2b6d6c635f5e0419a2d03f91cfe7ba) Importer(815301076,1909f56bfc062723c751e8b465ee728b)
Start importing Assets/Cards/TCG_Card_Elemental_Design/Card_Color_13/Back_Card_Color_13/Back_Card_Color_13_Logo_Crystal.png using Guid(db2b6d6c635f5e0419a2d03f91cfe7ba) Importer(815301076,1909f56bfc062723c751e8b465ee728b)  -> (artifact id: '4da758b27de260b35d17571249abff09') in 0.121696 seconds 
========================================================================
Received Import Request.
  Time since last request: 8.319637 seconds.
  path: Assets/Cards/TCG_Card_Elemental_Design/Card_Color_14/Back_Card_Color_14/Back_Card_Color_14_Logo_Crystal.png
  artifactKey: Guid(3ea6bb6f00a6bba43ab8209723d182c7) Importer(815301076,1909f56bfc062723c751e8b465ee728b)
Start importing Assets/Cards/TCG_Card_Elemental_Design/Card_Color_14/Back_Card_Color_14/Back_Card_Color_14_Logo_Crystal.png using Guid(3ea6bb6f00a6bba43ab8209723d182c7) Importer(815301076,1909f56bfc062723c751e8b465ee728b)  -> (artifact id: '548f9f8aeabd3367cedd4bea051af9f5') in 0.093022 seconds 
========================================================================
Received Import Request.
  Time since last request: 22.147915 seconds.
  path: Assets/Cards/TCG_Card_Elemental_Design/Card_Color_15/Back_Card_Color_15/Back_Card_Color_15_Logo_Crystal.png
  artifactKey: Guid(43a2b597e3899784eb1d90b981544b73) Importer(815301076,1909f56bfc062723c751e8b465ee728b)
Start importing Assets/Cards/TCG_Card_Elemental_Design/Card_Color_15/Back_Card_Color_15/Back_Card_Color_15_Logo_Crystal.png using Guid(43a2b597e3899784eb1d90b981544b73) Importer(815301076,1909f56bfc062723c751e8b465ee728b)  -> (artifact id: '5031fc8dbe95930e40e42594893ad9d1') in 0.113550 seconds 
========================================================================
Received Import Request.
  Time since last request: 7.997113 seconds.
  path: Assets/Cards/TCG_Card_Elemental_Design/Card_Color_16/Back_Card_Color_16/Back_Card_Color_16_Logo_Crystal_2.png
  artifactKey: Guid(c67d0ebe1e9be05419bdc2f940dfee85) Importer(815301076,1909f56bfc062723c751e8b465ee728b)
Start importing Assets/Cards/TCG_Card_Elemental_Design/Card_Color_16/Back_Card_Color_16/Back_Card_Color_16_Logo_Crystal_2.png using Guid(c67d0ebe1e9be05419bdc2f940dfee85) Importer(815301076,1909f56bfc062723c751e8b465ee728b)  -> (artifact id: '4d717c5efdfbcf6de2eb2e7d924457de') in 0.135087 seconds 
========================================================================
Received Import Request.
  Time since last request: 14.584139 seconds.
  path: Assets/Cards/TCG_Card_Elemental_Design/Heart_Icons/Heart_Icons_Color_3.png
  artifactKey: Guid(a8e0ae4cd56f9034793ef01668d96e6e) Importer(815301076,1909f56bfc062723c751e8b465ee728b)
Start importing Assets/Cards/TCG_Card_Elemental_Design/Heart_Icons/Heart_Icons_Color_3.png using Guid(a8e0ae4cd56f9034793ef01668d96e6e) Importer(815301076,1909f56bfc062723c751e8b465ee728b)  -> (artifact id: '69cf25c16984e1c1e0fa486dc459e814') in 0.047166 seconds 
========================================================================
Received Import Request.
  Time since last request: 0.000028 seconds.
  path: Assets/Cards/TCG_Card_Elemental_Design/Heart_Icons/Heart_Icons_Color_5.png
  artifactKey: Guid(f17ffa2d1adee944ba5badb7faaa80ba) Importer(815301076,1909f56bfc062723c751e8b465ee728b)
Start importing Assets/Cards/TCG_Card_Elemental_Design/Heart_Icons/Heart_Icons_Color_5.png using Guid(f17ffa2d1adee944ba5badb7faaa80ba) Importer(815301076,1909f56bfc062723c751e8b465ee728b)  -> (artifact id: 'e668fd8c1533acad719c5d2f3e206c1f') in 0.051826 seconds 
========================================================================
Received Import Request.
  Time since last request: 2.850610 seconds.
  path: Assets/Cards/TCG_Card_Elemental_Design/Number_Back/Number_Back_Color_3.png
  artifactKey: Guid(18023c4734833c84cac03695dee586c8) Importer(815301076,1909f56bfc062723c751e8b465ee728b)
Start importing Assets/Cards/TCG_Card_Elemental_Design/Number_Back/Number_Back_Color_3.png using Guid(18023c4734833c84cac03695dee586c8) Importer(815301076,1909f56bfc062723c751e8b465ee728b)  -> (artifact id: 'c658999fac83d0e754fd1b1b442eb1e4') in 0.047964 seconds 
========================================================================
Received Import Request.
  Time since last request: 3.764169 seconds.
  path: Assets/Cards/TCG_Card_Elemental_Design/Number_Icons/Number_Icons_Color_3.png
  artifactKey: Guid(4c9e4ddafe7d57944aef1c6ba1d58fb8) Importer(815301076,1909f56bfc062723c751e8b465ee728b)
Start importing Assets/Cards/TCG_Card_Elemental_Design/Number_Icons/Number_Icons_Color_3.png using Guid(4c9e4ddafe7d57944aef1c6ba1d58fb8) Importer(815301076,1909f56bfc062723c751e8b465ee728b)  -> (artifact id: '9089f48f58d5a2dfe65bc6715d175c4f') in 0.046277 seconds 
========================================================================
Received Import Request.
  Time since last request: 0.000032 seconds.
  path: Assets/Cards/TCG_Card_Elemental_Design/Number_Icons/Number_Icons_Color_7.png
  artifactKey: Guid(7bec6a8344d96c24db0024edb635da93) Importer(815301076,1909f56bfc062723c751e8b465ee728b)
Start importing Assets/Cards/TCG_Card_Elemental_Design/Number_Icons/Number_Icons_Color_7.png using Guid(7bec6a8344d96c24db0024edb635da93) Importer(815301076,1909f56bfc062723c751e8b465ee728b)  -> (artifact id: 'bd803c6416f63db447c1fa38495ccaea') in 0.051025 seconds 
========================================================================
Received Import Request.
  Time since last request: 0.000034 seconds.
  path: Assets/Cards/TCG_Card_Elemental_Design/Number_Icons/Number_Icons_Color_6.png
  artifactKey: Guid(43bf803cd8feedb4cb6a3135a8350c17) Importer(815301076,1909f56bfc062723c751e8b465ee728b)
Start importing Assets/Cards/TCG_Card_Elemental_Design/Number_Icons/Number_Icons_Color_6.png using Guid(43bf803cd8feedb4cb6a3135a8350c17) Importer(815301076,1909f56bfc062723c751e8b465ee728b)  -> (artifact id: '3ff6ed455eb75385b6024ee9f896a9a4') in 0.050853 seconds 
Editor requested this worker to shutdown with reason: Scaling down because of idle timeout
AssetImportWorker is now disconnected from the server
Process exiting
Exiting without the bug reporter. Application will terminate with return code 0