Using pre-set license
Built from '2021.3/staging' branch; Version is '2021.3.10f1 (1c7d0df0160b) revision 1867021'; Using compiler version '192829333'; Build Type 'Release'
OS: 'Windows 11  (10.0.22631) 64bit Core' Language: 'ko' Physical Memory: 32627 MB
BatchMode: 1, IsHumanControllingUs: 0, StartBugReporterOnCrash: 0, Is64bit: 1, IsPro: 1

COMMAND LINE ARGUMENTS:
C:\Program Files\Unity\Hub\Editor\2021.3.10f1\Editor\Unity.exe
-adb2
-batchMode
-noUpm
-name
AssetImportWorker11
-projectPath
C:/Users/user/Documents/GitHub/N-own-Magic/N-own Magic
-logFile
Logs/AssetImportWorker11.log
-srvPort
57739
Successfully changed project path to: C:/Users/user/Documents/GitHub/N-own-Magic/N-own Magic
C:/Users/user/Documents/GitHub/N-own-Magic/N-own Magic
[UnityMemory] Configuration Parameters - Can be set up in boot.config
    "memorysetup-bucket-allocator-granularity=16"
    "memorysetup-bucket-allocator-bucket-count=8"
    "memorysetup-bucket-allocator-block-size=33554432"
    "memorysetup-bucket-allocator-block-count=8"
    "memorysetup-main-allocator-block-size=16777216"
    "memorysetup-thread-allocator-block-size=16777216"
    "memorysetup-gfx-main-allocator-block-size=16777216"
    "memorysetup-gfx-thread-allocator-block-size=16777216"
    "memorysetup-cache-allocator-block-size=4194304"
    "memorysetup-typetree-allocator-block-size=2097152"
    "memorysetup-profiler-bucket-allocator-granularity=16"
    "memorysetup-profiler-bucket-allocator-bucket-count=8"
    "memorysetup-profiler-bucket-allocator-block-size=33554432"
    "memorysetup-profiler-bucket-allocator-block-count=8"
    "memorysetup-profiler-allocator-block-size=16777216"
    "memorysetup-profiler-editor-allocator-block-size=1048576"
    "memorysetup-temp-allocator-size-main=16777216"
    "memorysetup-job-temp-allocator-block-size=2097152"
    "memorysetup-job-temp-allocator-block-size-background=1048576"
    "memorysetup-job-temp-allocator-reduction-small-platforms=262144"
    "memorysetup-temp-allocator-size-background-worker=32768"
    "memorysetup-temp-allocator-size-job-worker=262144"
    "memorysetup-temp-allocator-size-preload-manager=33554432"
    "memorysetup-temp-allocator-size-nav-mesh-worker=65536"
    "memorysetup-temp-allocator-size-audio-worker=65536"
    "memorysetup-temp-allocator-size-cloud-worker=32768"
    "memorysetup-temp-allocator-size-gi-baking-worker=262144"
    "memorysetup-temp-allocator-size-gfx=262144"
Refreshing native plugins compatible for Editor in 73.04 ms, found 4 plugins.
Preloading 0 native plugins for Editor in 0.00 ms.
Initialize engine version: 2021.3.10f1 (1c7d0df0160b)
[Subsystems] Discovering subsystems at path C:/Program Files/Unity/Hub/Editor/2021.3.10f1/Editor/Data/Resources/UnitySubsystems
[Subsystems] Discovering subsystems at path C:/Users/user/Documents/GitHub/N-own-Magic/N-own Magic/Assets
GfxDevice: creating device client; threaded=0; jobified=0
Direct3D:
    Version:  Direct3D 11.0 [level 11.1]
    Renderer: NVIDIA GeForce RTX 3060 Ti (ID=0x2489)
    Vendor:   NVIDIA
    VRAM:     8038 MB
    Driver:   31.0.15.3598
Initialize mono
Mono path[0] = 'C:/Program Files/Unity/Hub/Editor/2021.3.10f1/Editor/Data/Managed'
Mono path[1] = 'C:/Program Files/Unity/Hub/Editor/2021.3.10f1/Editor/Data/MonoBleedingEdge/lib/mono/unityjit-win32'
Mono config path = 'C:/Program Files/Unity/Hub/Editor/2021.3.10f1/Editor/Data/MonoBleedingEdge/etc'
Using monoOptions --debugger-agent=transport=dt_socket,embedding=1,server=y,suspend=n,address=127.0.0.1:56460
Begin MonoManager ReloadAssembly
Registering precompiled unity dll's ...
Register platform support module: C:/Program Files/Unity/Hub/Editor/2021.3.10f1/Editor/Data/PlaybackEngines/WebGLSupport/UnityEditor.WebGL.Extensions.dll
Register platform support module: C:/Program Files/Unity/Hub/Editor/2021.3.10f1/Editor/Data/PlaybackEngines/WindowsStandaloneSupport/UnityEditor.WindowsStandalone.Extensions.dll
Registered in 0.007950 seconds.
Native extension for WindowsStandalone target not found
Native extension for WebGL target not found
Refreshing native plugins compatible for Editor in 61.50 ms, found 4 plugins.
Preloading 0 native plugins for Editor in 0.00 ms.
Mono: successfully reloaded assembly
- Completed reload, in  0.453 seconds
Domain Reload Profiling:
	ReloadAssembly (453ms)
		BeginReloadAssembly (71ms)
			ExecutionOrderSort (0ms)
			DisableScriptedObjects (0ms)
			BackupInstance (0ms)
			ReleaseScriptingObjects (0ms)
			CreateAndSetChildDomain (0ms)
		EndReloadAssembly (300ms)
			LoadAssemblies (69ms)
			RebuildTransferFunctionScriptingTraits (0ms)
			SetupTypeCache (64ms)
			ReleaseScriptCaches (0ms)
			RebuildScriptCaches (16ms)
			SetupLoadedEditorAssemblies (183ms)
				LogAssemblyErrors (0ms)
				InitializePlatformSupportModulesInManaged (7ms)
				SetLoadedEditorAssemblies (0ms)
				RefreshPlugins (62ms)
				BeforeProcessingInitializeOnLoad (1ms)
				ProcessInitializeOnLoadAttributes (79ms)
				ProcessInitializeOnLoadMethodAttributes (34ms)
				AfterProcessingInitializeOnLoad (0ms)
				EditorAssembliesLoaded (0ms)
			ExecutionOrderSort2 (0ms)
			AwakeInstancesAfterBackupRestoration (0ms)
Platform modules already initialized, skipping
Registering precompiled user dll's ...
Registered in 0.009884 seconds.
Begin MonoManager ReloadAssembly
Symbol file LoadedFromMemory doesn't match image C:\Users\user\Documents\GitHub\N-own-Magic\N-own Magic\Library\PackageCache\com.unity.visualscripting@1.7.8\Editor\VisualScripting.Core\Dependencies\YamlDotNet\Unity.VisualScripting.YamlDotNet.dll
Symbol file LoadedFromMemory doesn't match image C:\Users\user\Documents\GitHub\N-own-Magic\N-own Magic\Library\PackageCache\com.unity.visualscripting@1.7.8\Editor\VisualScripting.Core\Dependencies\DotNetZip\Unity.VisualScripting.IonicZip.dll
Native extension for WindowsStandalone target not found
Native extension for WebGL target not found
Refreshing native plugins compatible for Editor in 62.64 ms, found 4 plugins.
Preloading 0 native plugins for Editor in 0.00 ms.
Mono: successfully reloaded assembly
- Completed reload, in  0.859 seconds
Domain Reload Profiling:
	ReloadAssembly (860ms)
		BeginReloadAssembly (93ms)
			ExecutionOrderSort (0ms)
			DisableScriptedObjects (4ms)
			BackupInstance (0ms)
			ReleaseScriptingObjects (0ms)
			CreateAndSetChildDomain (14ms)
		EndReloadAssembly (677ms)
			LoadAssemblies (98ms)
			RebuildTransferFunctionScriptingTraits (0ms)
			SetupTypeCache (161ms)
			ReleaseScriptCaches (0ms)
			RebuildScriptCaches (36ms)
			SetupLoadedEditorAssemblies (353ms)
				LogAssemblyErrors (0ms)
				InitializePlatformSupportModulesInManaged (6ms)
				SetLoadedEditorAssemblies (0ms)
				RefreshPlugins (63ms)
				BeforeProcessingInitializeOnLoad (71ms)
				ProcessInitializeOnLoadAttributes (168ms)
				ProcessInitializeOnLoadMethodAttributes (35ms)
				AfterProcessingInitializeOnLoad (10ms)
				EditorAssembliesLoaded (0ms)
			ExecutionOrderSort2 (0ms)
			AwakeInstancesAfterBackupRestoration (10ms)
Platform modules already initialized, skipping
========================================================================
Worker process is ready to serve import requests
Launched and connected shader compiler UnityShaderCompiler.exe after 0.04 seconds
Refreshing native plugins compatible for Editor in 0.67 ms, found 4 plugins.
Preloading 0 native plugins for Editor in 0.00 ms.
Unloading 4113 Unused Serialized files (Serialized files now loaded: 0)
Unloading 39 unused Assets / (56.1 KB). Loaded Objects now: 4570.
Memory consumption went from 155.2 MB to 155.1 MB.
Total: 2.480900 ms (FindLiveObjects: 0.193300 ms CreateObjectMapping: 0.097200 ms MarkObjects: 2.132300 ms  DeleteObjects: 0.056700 ms)

AssetImportParameters requested are different than current active one (requested -> active):
  custom:video-decoder-ogg-theora: a1e56fd34408186e4bbccfd4996cb3dc -> 
  custom:container-muxer-webm: aa71ff27fc2769a1b78a27578f13a17b -> 
  custom:container-demuxer-webm: 4f35f7cbe854078d1ac9338744f61a02 -> 
  custom:video-encoder-webm-vp8: eb34c28f22e8b96e1ab97ce403110664 -> 
  custom:audio-encoder-webm-vorbis: bf7c407c2cedff20999df2af8eb42d56 -> 
  custom:framework-win-MediaFoundation: 216162199b28c13a410421893ffa2e32 -> 
  custom:container-demuxer-ogg: 62fdf1f143b41e24485cea50d1cbac27 -> 
  custom:video-decoder-webm-vp8: 9c59270c3fd7afecdb556c50c9e8de78 -> 
  custom:audio-decoder-ogg-vorbis: bf7c407c2cedff20999df2af8eb42d56 -> 
========================================================================
Received Import Request.
  Time since last request: 36366.623019 seconds.
  path: Assets/Background
  artifactKey: Guid(370a7e000ad2e3647b53bc830cdcbed3) Importer(815301076,1909f56bfc062723c751e8b465ee728b)
Start importing Assets/Background using Guid(370a7e000ad2e3647b53bc830cdcbed3) Importer(815301076,1909f56bfc062723c751e8b465ee728b)  -> (artifact id: '842749824da26faf87a68353ec358ba8') in 0.010653 seconds 
========================================================================
Received Import Request.
  Time since last request: 1.698341 seconds.
  path: Assets/Background/RPG_inventory_icons
  artifactKey: Guid(97fbc11a3c506134fb95fd07a1dfa14f) Importer(815301076,1909f56bfc062723c751e8b465ee728b)
Start importing Assets/Background/RPG_inventory_icons using Guid(97fbc11a3c506134fb95fd07a1dfa14f) Importer(815301076,1909f56bfc062723c751e8b465ee728b)  -> (artifact id: '47d14db0848d71577553c121e7247ad6') in 0.008708 seconds 
========================================================================
Received Import Request.
  Time since last request: 0.039894 seconds.
  path: Assets/Background/RPG_inventory_icons/scroll.png
  artifactKey: Guid(db427fab3e94daf4caa704d9314a77a1) Importer(815301076,1909f56bfc062723c751e8b465ee728b)
Start importing Assets/Background/RPG_inventory_icons/scroll.png using Guid(db427fab3e94daf4caa704d9314a77a1) Importer(815301076,1909f56bfc062723c751e8b465ee728b)  -> (artifact id: 'f996178b367cbfdac3e9b064ac9c054f') in 0.125576 seconds 
========================================================================
Received Import Request.
  Time since last request: 2.550228 seconds.
  path: Assets/Background/Night Mointains Lake
  artifactKey: Guid(7b002562fa3340c4591461459017bb40) Importer(815301076,1909f56bfc062723c751e8b465ee728b)
Start importing Assets/Background/Night Mointains Lake using Guid(7b002562fa3340c4591461459017bb40) Importer(815301076,1909f56bfc062723c751e8b465ee728b)  -> (artifact id: '39e8be1e70a46f598f9706516510e422') in 0.009041 seconds 
========================================================================
Received Import Request.
  Time since last request: 0.048189 seconds.
  path: Assets/Background/Night Mointains Lake/First.png
  artifactKey: Guid(29868d38a075a4102a8d49aca7459199) Importer(815301076,1909f56bfc062723c751e8b465ee728b)
Start importing Assets/Background/Night Mointains Lake/First.png using Guid(29868d38a075a4102a8d49aca7459199) Importer(815301076,1909f56bfc062723c751e8b465ee728b)  -> (artifact id: '44062b4939c399d283d28ddad498f2ff') in 0.055751 seconds 
========================================================================
Received Import Request.
  Time since last request: 0.000023 seconds.
  path: Assets/Background/Night Mointains Lake/Mountains 4.png
  artifactKey: Guid(ed221d3d967504123a6a31ea9efdec81) Importer(815301076,1909f56bfc062723c751e8b465ee728b)
Start importing Assets/Background/Night Mointains Lake/Mountains 4.png using Guid(ed221d3d967504123a6a31ea9efdec81) Importer(815301076,1909f56bfc062723c751e8b465ee728b)  -> (artifact id: 'e550ddfa9f2e5c770d5e800890217b04') in 0.101503 seconds 
========================================================================
Received Import Request.
  Time since last request: 0.000034 seconds.
  path: Assets/Background/Night Mointains Lake/Moon.png
  artifactKey: Guid(6417e6e0f0d394c43af1ecdc60bd10dd) Importer(815301076,1909f56bfc062723c751e8b465ee728b)
Start importing Assets/Background/Night Mointains Lake/Moon.png using Guid(6417e6e0f0d394c43af1ecdc60bd10dd) Importer(815301076,1909f56bfc062723c751e8b465ee728b)  -> (artifact id: '60f990bb669ec510a5dff970f0577ec3') in 0.151996 seconds 
========================================================================
Received Import Request.
  Time since last request: 0.000017 seconds.
  path: Assets/Background/Night Mointains Lake/NML.psd
  artifactKey: Guid(3377ca66dda724742a2cca5ef974ec83) Importer(815301076,1909f56bfc062723c751e8b465ee728b)
Start importing Assets/Background/Night Mointains Lake/NML.psd using Guid(3377ca66dda724742a2cca5ef974ec83) Importer(815301076,1909f56bfc062723c751e8b465ee728b)  -> (artifact id: 'e7cfdad17b4565ad56e66a93d93186f6') in 0.130306 seconds 
========================================================================
Received Import Request.
  Time since last request: 1.825691 seconds.
  path: Assets/Background/GUI
  artifactKey: Guid(73812583f6c80bb4387f94fe0874d6e0) Importer(815301076,1909f56bfc062723c751e8b465ee728b)
Start importing Assets/Background/GUI using Guid(73812583f6c80bb4387f94fe0874d6e0) Importer(815301076,1909f56bfc062723c751e8b465ee728b)  -> (artifact id: 'aabaa5552ec73d62e2a23699a0050578') in 0.009066 seconds 
========================================================================
Received Import Request.
  Time since last request: 0.815127 seconds.
  path: Assets/Background/GUI/Dark_Brown_GUI_kit
  artifactKey: Guid(180ce3df2953aaf49b952b495a8d9fdc) Importer(815301076,1909f56bfc062723c751e8b465ee728b)
Start importing Assets/Background/GUI/Dark_Brown_GUI_kit using Guid(180ce3df2953aaf49b952b495a8d9fdc) Importer(815301076,1909f56bfc062723c751e8b465ee728b)  -> (artifact id: '0634566b05dab8764e2450bb733a00f4') in 0.009313 seconds 
========================================================================
Received Import Request.
  Time since last request: 1.390283 seconds.
  path: Assets/Background/GUI/Dark_Brown_GUI_kit/icon
  artifactKey: Guid(99a7143206ad24042999785773bf7715) Importer(815301076,1909f56bfc062723c751e8b465ee728b)
Start importing Assets/Background/GUI/Dark_Brown_GUI_kit/icon using Guid(99a7143206ad24042999785773bf7715) Importer(815301076,1909f56bfc062723c751e8b465ee728b)  -> (artifact id: '8dfae0d0c34a72d71e7da53b27eb3757') in 0.010060 seconds 
========================================================================
Received Import Request.
  Time since last request: 0.875341 seconds.
  path: Assets/Background/GUI/Dark_Brown_GUI_kit/icon/full_simple
  artifactKey: Guid(6b761e434fd46804796cfbd9499b7364) Importer(815301076,1909f56bfc062723c751e8b465ee728b)
Start importing Assets/Background/GUI/Dark_Brown_GUI_kit/icon/full_simple using Guid(6b761e434fd46804796cfbd9499b7364) Importer(815301076,1909f56bfc062723c751e8b465ee728b)  -> (artifact id: '3fe0c3a128054c1012db13cdec760eac') in 0.008166 seconds 
========================================================================
Received Import Request.
  Time since last request: 0.063380 seconds.
  path: Assets/Background/GUI/Dark_Brown_GUI_kit/icon/full_simple/audio_mute-.png
  artifactKey: Guid(3fd0c13759b961148909a11552c0b89f) Importer(815301076,1909f56bfc062723c751e8b465ee728b)
Start importing Assets/Background/GUI/Dark_Brown_GUI_kit/icon/full_simple/audio_mute-.png using Guid(3fd0c13759b961148909a11552c0b89f) Importer(815301076,1909f56bfc062723c751e8b465ee728b)  -> (artifact id: '1f5079f44194816eec92f5595abef9b8') in 0.037911 seconds 
========================================================================
Received Import Request.
  Time since last request: 0.000019 seconds.
  path: Assets/Background/GUI/Dark_Brown_GUI_kit/icon/full_simple/talk-.png
  artifactKey: Guid(673f61cdc0622364fa097db79ca0e21d) Importer(815301076,1909f56bfc062723c751e8b465ee728b)
Start importing Assets/Background/GUI/Dark_Brown_GUI_kit/icon/full_simple/talk-.png using Guid(673f61cdc0622364fa097db79ca0e21d) Importer(815301076,1909f56bfc062723c751e8b465ee728b)  -> (artifact id: 'b2114c19cdb01bfef6433badd45bb23b') in 0.020936 seconds 
========================================================================
Received Import Request.
  Time since last request: 0.000014 seconds.
  path: Assets/Background/GUI/Dark_Brown_GUI_kit/icon/full_simple/pointer_two-.png
  artifactKey: Guid(852d31c39aae68a4b8c0b2e7c25d4c7b) Importer(815301076,1909f56bfc062723c751e8b465ee728b)
Start importing Assets/Background/GUI/Dark_Brown_GUI_kit/icon/full_simple/pointer_two-.png using Guid(852d31c39aae68a4b8c0b2e7c25d4c7b) Importer(815301076,1909f56bfc062723c751e8b465ee728b)  -> (artifact id: 'b1dda2027a076b91382c4743dad75304') in 0.023391 seconds 
========================================================================
Received Import Request.
  Time since last request: 0.000020 seconds.
  path: Assets/Background/GUI/Dark_Brown_GUI_kit/icon/full_simple/home-.png
  artifactKey: Guid(c5cf91c030c0dcb458973d240a82c467) Importer(815301076,1909f56bfc062723c751e8b465ee728b)
Start importing Assets/Background/GUI/Dark_Brown_GUI_kit/icon/full_simple/home-.png using Guid(c5cf91c030c0dcb458973d240a82c467) Importer(815301076,1909f56bfc062723c751e8b465ee728b)  -> (artifact id: '807351193bd816af7cb3036d9b555182') in 0.027448 seconds 
========================================================================
Received Import Request.
  Time since last request: 0.000024 seconds.
  path: Assets/Background/GUI/Dark_Brown_GUI_kit/icon/full_simple/shild-.png
  artifactKey: Guid(badda803d0ff3454a8c9e172ce4acfd5) Importer(815301076,1909f56bfc062723c751e8b465ee728b)
Start importing Assets/Background/GUI/Dark_Brown_GUI_kit/icon/full_simple/shild-.png using Guid(badda803d0ff3454a8c9e172ce4acfd5) Importer(815301076,1909f56bfc062723c751e8b465ee728b)  -> (artifact id: 'f346c5b2871dc2583078224bc6aecd4f') in 0.024352 seconds 
========================================================================
Received Import Request.
  Time since last request: 0.000018 seconds.
  path: Assets/Background/GUI/Dark_Brown_GUI_kit/icon/full_simple/password-.png
  artifactKey: Guid(82d6d75413eb1604ea3e0863c547c6a3) Importer(815301076,1909f56bfc062723c751e8b465ee728b)
Start importing Assets/Background/GUI/Dark_Brown_GUI_kit/icon/full_simple/password-.png using Guid(82d6d75413eb1604ea3e0863c547c6a3) Importer(815301076,1909f56bfc062723c751e8b465ee728b)  -> (artifact id: '22f079f1a77e0560ba8947d49b5882a1') in 0.027433 seconds 
========================================================================
Received Import Request.
  Time since last request: 0.000017 seconds.
  path: Assets/Background/GUI/Dark_Brown_GUI_kit/icon/full_simple/shopping-.png
  artifactKey: Guid(f0b38f57cc9226541a34e4b24fd12984) Importer(815301076,1909f56bfc062723c751e8b465ee728b)
Start importing Assets/Background/GUI/Dark_Brown_GUI_kit/icon/full_simple/shopping-.png using Guid(f0b38f57cc9226541a34e4b24fd12984) Importer(815301076,1909f56bfc062723c751e8b465ee728b)  -> (artifact id: 'eabc408f5573a6cb691de2a563e5caa9') in 0.025999 seconds 
========================================================================
Received Import Request.
  Time since last request: 0.000020 seconds.
  path: Assets/Background/GUI/Dark_Brown_GUI_kit/icon/full_simple/search-.png
  artifactKey: Guid(423f430e62097c140ae7fab0688d95fb) Importer(815301076,1909f56bfc062723c751e8b465ee728b)
Start importing Assets/Background/GUI/Dark_Brown_GUI_kit/icon/full_simple/search-.png using Guid(423f430e62097c140ae7fab0688d95fb) Importer(815301076,1909f56bfc062723c751e8b465ee728b)  -> (artifact id: 'f39fbef3d1924379bb47a7d72a204b1d') in 0.029105 seconds 
========================================================================
Received Import Request.
  Time since last request: 0.000019 seconds.
  path: Assets/Background/GUI/Dark_Brown_GUI_kit/icon/full_simple/question-.png
  artifactKey: Guid(4bfb6b6412abf7942a7648c948250533) Importer(815301076,1909f56bfc062723c751e8b465ee728b)
Start importing Assets/Background/GUI/Dark_Brown_GUI_kit/icon/full_simple/question-.png using Guid(4bfb6b6412abf7942a7648c948250533) Importer(815301076,1909f56bfc062723c751e8b465ee728b)  -> (artifact id: 'f553e24d1a52e2e3e1725f8a8e51e948') in 0.029063 seconds 
========================================================================
Received Import Request.
  Time since last request: 4.076469 seconds.
  path: Assets/Background/GUI/Fantasy Wooden GUI  Free/normal_ui_set A/Division line.png
  artifactKey: Guid(b7d245916891cca47a0144e12a82e086) Importer(815301076,1909f56bfc062723c751e8b465ee728b)
Start importing Assets/Background/GUI/Fantasy Wooden GUI  Free/normal_ui_set A/Division line.png using Guid(b7d245916891cca47a0144e12a82e086) Importer(815301076,1909f56bfc062723c751e8b465ee728b)  -> (artifact id: '47f1b74ce2be1e649158e258aa3e7fd6') in 0.035236 seconds 
========================================================================
Received Import Request.
  Time since last request: 0.000018 seconds.
  path: Assets/Background/GUI/Fantasy Wooden GUI  Free/normal_ui_set A/TextBTN_Big.png
  artifactKey: Guid(2be7b70e984b51444aca9c12ae4723a7) Importer(815301076,1909f56bfc062723c751e8b465ee728b)
Start importing Assets/Background/GUI/Fantasy Wooden GUI  Free/normal_ui_set A/TextBTN_Big.png using Guid(2be7b70e984b51444aca9c12ae4723a7) Importer(815301076,1909f56bfc062723c751e8b465ee728b)  -> (artifact id: 'cbeff2eafab4097c8ea7146b5d1e6b3c') in 0.030190 seconds 
========================================================================
Received Import Request.
  Time since last request: 0.000026 seconds.
  path: Assets/Background/GUI/Fantasy Wooden GUI  Free/normal_ui_set A/TextBTN_Big_Pressed.png
  artifactKey: Guid(d6a1673a31851fd4395c287261da36e4) Importer(815301076,1909f56bfc062723c751e8b465ee728b)
Start importing Assets/Background/GUI/Fantasy Wooden GUI  Free/normal_ui_set A/TextBTN_Big_Pressed.png using Guid(d6a1673a31851fd4395c287261da36e4) Importer(815301076,1909f56bfc062723c751e8b465ee728b)  -> (artifact id: '63e4bc4120fdbbe96a1949d89f2ab487') in 0.039211 seconds 
========================================================================
Received Import Request.
  Time since last request: 0.000029 seconds.
  path: Assets/Background/GUI/Fantasy Wooden GUI  Free/normal_ui_set A/UI board Small Set.png
  artifactKey: Guid(8eb69fafe4f719b49bb2dd1a7358aaaa) Importer(815301076,1909f56bfc062723c751e8b465ee728b)
Start importing Assets/Background/GUI/Fantasy Wooden GUI  Free/normal_ui_set A/UI board Small Set.png using Guid(8eb69fafe4f719b49bb2dd1a7358aaaa) Importer(815301076,1909f56bfc062723c751e8b465ee728b)  -> (artifact id: 'a29bbc0b5efdd9f31229125ce17d7e97') in 0.039410 seconds 
========================================================================
Received Import Request.
  Time since last request: 0.000018 seconds.
  path: Assets/Background/GUI/Fantasy Wooden GUI  Free/normal_ui_set A/UI board Small  parchment.png
  artifactKey: Guid(a454050719005b444b59a84eaafba779) Importer(815301076,1909f56bfc062723c751e8b465ee728b)
Start importing Assets/Background/GUI/Fantasy Wooden GUI  Free/normal_ui_set A/UI board Small  parchment.png using Guid(a454050719005b444b59a84eaafba779) Importer(815301076,1909f56bfc062723c751e8b465ee728b)  -> (artifact id: '0b59038959f49d44434b84d35804765b') in 0.053405 seconds 
========================================================================
Received Import Request.
  Time since last request: 6.048707 seconds.
  path: Assets/Background/GUI/Freeui/ZOSMA/Main/Cristal.png
  artifactKey: Guid(26ef65184462d4f49aca4bbf258ea91e) Importer(815301076,1909f56bfc062723c751e8b465ee728b)
Start importing Assets/Background/GUI/Freeui/ZOSMA/Main/Cristal.png using Guid(26ef65184462d4f49aca4bbf258ea91e) Importer(815301076,1909f56bfc062723c751e8b465ee728b)  -> (artifact id: '6a1921ef62a55685b92a1f955c7b012c') in 0.032445 seconds 
========================================================================
Received Import Request.
  Time since last request: 0.000021 seconds.
  path: Assets/Background/GUI/Freeui/ZOSMA/Main/Preferences.png
  artifactKey: Guid(de36af5d9986473499f5cbf98b2dbf04) Importer(815301076,1909f56bfc062723c751e8b465ee728b)
Start importing Assets/Background/GUI/Freeui/ZOSMA/Main/Preferences.png using Guid(de36af5d9986473499f5cbf98b2dbf04) Importer(815301076,1909f56bfc062723c751e8b465ee728b)  -> (artifact id: '4a2c74682bc3c6c43346f06c266d1554') in 0.026792 seconds 
========================================================================
Received Import Request.
  Time since last request: 0.000021 seconds.
  path: Assets/Background/GUI/Freeui/ZOSMA/Main/Shopbotton.png
  artifactKey: Guid(901081f5deab5de47a34e05f3b267cc2) Importer(815301076,1909f56bfc062723c751e8b465ee728b)
Start importing Assets/Background/GUI/Freeui/ZOSMA/Main/Shopbotton.png using Guid(901081f5deab5de47a34e05f3b267cc2) Importer(815301076,1909f56bfc062723c751e8b465ee728b)  -> (artifact id: 'f806de228764fd74d3de132d6b85706a') in 0.030702 seconds 
========================================================================
Received Import Request.
  Time since last request: 0.000018 seconds.
  path: Assets/Background/GUI/Freeui/ZOSMA/Main/Item.png
  artifactKey: Guid(25ce9ed379d960143bb3a73da1cfd656) Importer(815301076,1909f56bfc062723c751e8b465ee728b)
Start importing Assets/Background/GUI/Freeui/ZOSMA/Main/Item.png using Guid(25ce9ed379d960143bb3a73da1cfd656) Importer(815301076,1909f56bfc062723c751e8b465ee728b)  -> (artifact id: 'd9d7744f6eaf77a02c6203dda8acbe16') in 0.033515 seconds 
========================================================================
Received Import Request.
  Time since last request: 4.008728 seconds.
  path: Assets/Background/GUI/Freeui/ZOSMA/Set/Back.png
  artifactKey: Guid(7b20bd7c1d6bf0a4c9eb3ffdd7bd421f) Importer(815301076,1909f56bfc062723c751e8b465ee728b)
Start importing Assets/Background/GUI/Freeui/ZOSMA/Set/Back.png using Guid(7b20bd7c1d6bf0a4c9eb3ffdd7bd421f) Importer(815301076,1909f56bfc062723c751e8b465ee728b)  -> (artifact id: 'fba1833b1e167809917bf25fbffa0463') in 0.091880 seconds 
========================================================================
Received Import Request.
  Time since last request: 0.000031 seconds.
  path: Assets/Background/GUI/Freeui/ZOSMA/Set/Icon.png
  artifactKey: Guid(5ad1d60795a758c468e9886f7fa4a71b) Importer(815301076,1909f56bfc062723c751e8b465ee728b)
Start importing Assets/Background/GUI/Freeui/ZOSMA/Set/Icon.png using Guid(5ad1d60795a758c468e9886f7fa4a71b) Importer(815301076,1909f56bfc062723c751e8b465ee728b)  -> (artifact id: 'f1c908be8d29378b392bcb57fd92d2fb') in 0.044837 seconds 
========================================================================
Received Import Request.
  Time since last request: 0.000025 seconds.
  path: Assets/Background/GUI/Freeui/ZOSMA/Set/Logout.png
  artifactKey: Guid(7d775bb5375640b41be451e1b2822e5e) Importer(815301076,1909f56bfc062723c751e8b465ee728b)
Start importing Assets/Background/GUI/Freeui/ZOSMA/Set/Logout.png using Guid(7d775bb5375640b41be451e1b2822e5e) Importer(815301076,1909f56bfc062723c751e8b465ee728b)  -> (artifact id: 'eda2356f73b509346b4a42bbb3d8327b') in 0.023903 seconds 
========================================================================
Received Import Request.
  Time since last request: 1.259525 seconds.
  path: Assets/Background/GUI/Freeui/ZOSMA/Stage/Cardline.png
  artifactKey: Guid(803d9b989f0aeac46871527acbb14986) Importer(815301076,1909f56bfc062723c751e8b465ee728b)
Start importing Assets/Background/GUI/Freeui/ZOSMA/Stage/Cardline.png using Guid(803d9b989f0aeac46871527acbb14986) Importer(815301076,1909f56bfc062723c751e8b465ee728b)  -> (artifact id: 'd37c725e5d97c4f31fc84188ca8d00b9') in 0.043848 seconds 
========================================================================
Received Import Request.
  Time since last request: 0.000024 seconds.
  path: Assets/Background/GUI/Freeui/ZOSMA/Stage/Gamebotton.png
  artifactKey: Guid(2d7261d597abf884dbb36f9e026d9dbf) Importer(815301076,1909f56bfc062723c751e8b465ee728b)
Start importing Assets/Background/GUI/Freeui/ZOSMA/Stage/Gamebotton.png using Guid(2d7261d597abf884dbb36f9e026d9dbf) Importer(815301076,1909f56bfc062723c751e8b465ee728b)  -> (artifact id: '07ed72b7c73a0aeee3fcb7737c145521') in 0.031542 seconds 
========================================================================
Received Import Request.
  Time since last request: 30.269084 seconds.
  path: Assets/FanyasyStatusIcons/StatusIcons.png
  artifactKey: Guid(080cb6d98b00c2645b2c41df5f69bc78) Importer(815301076,1909f56bfc062723c751e8b465ee728b)
Start importing Assets/FanyasyStatusIcons/StatusIcons.png using Guid(080cb6d98b00c2645b2c41df5f69bc78) Importer(815301076,1909f56bfc062723c751e8b465ee728b)  -> (artifact id: '28fad0cf02d507f3a65b78828c02fc2f') in 0.060626 seconds 
========================================================================
Received Import Request.
  Time since last request: 35.707023 seconds.
  path: Assets/Icon/Deckbotton.png
  artifactKey: Guid(78553621fa8040145a7f0c9f93eaf545) Importer(815301076,1909f56bfc062723c751e8b465ee728b)
Start importing Assets/Icon/Deckbotton.png using Guid(78553621fa8040145a7f0c9f93eaf545) Importer(815301076,1909f56bfc062723c751e8b465ee728b)  -> (artifact id: '1f0e1d88c0c4136b637925c18af523d3') in 0.029707 seconds 
Editor requested this worker to shutdown with reason: Scaling down because of idle timeout
AssetImportWorker is now disconnected from the server
Process exiting
Exiting without the bug reporter. Application will terminate with return code 0