Using pre-set license
Built from '2021.3/staging' branch; Version is '2021.3.10f1 (1c7d0df0160b) revision 1867021'; Using compiler version '192829333'; Build Type 'Release'
OS: 'Windows 11  (10.0.22631) 64bit Core' Language: 'ko' Physical Memory: 32627 MB
BatchMode: 1, IsHumanControllingUs: 0, StartBugReporterOnCrash: 0, Is64bit: 1, IsPro: 1

COMMAND LINE ARGUMENTS:
C:\Program Files\Unity\Hub\Editor\2021.3.10f1\Editor\Unity.exe
-adb2
-batchMode
-noUpm
-name
AssetImportWorker9
-projectPath
C:/Users/user/Documents/GitHub/N-own-Magic/N-own Magic
-logFile
Logs/AssetImportWorker9.log
-srvPort
58822
Successfully changed project path to: C:/Users/user/Documents/GitHub/N-own-Magic/N-own Magic
C:/Users/user/Documents/GitHub/N-own-Magic/N-own Magic
[UnityMemory] Configuration Parameters - Can be set up in boot.config
    "memorysetup-bucket-allocator-granularity=16"
    "memorysetup-bucket-allocator-bucket-count=8"
    "memorysetup-bucket-allocator-block-size=33554432"
    "memorysetup-bucket-allocator-block-count=8"
    "memorysetup-main-allocator-block-size=16777216"
    "memorysetup-thread-allocator-block-size=16777216"
    "memorysetup-gfx-main-allocator-block-size=16777216"
    "memorysetup-gfx-thread-allocator-block-size=16777216"
    "memorysetup-cache-allocator-block-size=4194304"
    "memorysetup-typetree-allocator-block-size=2097152"
    "memorysetup-profiler-bucket-allocator-granularity=16"
    "memorysetup-profiler-bucket-allocator-bucket-count=8"
    "memorysetup-profiler-bucket-allocator-block-size=33554432"
    "memorysetup-profiler-bucket-allocator-block-count=8"
    "memorysetup-profiler-allocator-block-size=16777216"
    "memorysetup-profiler-editor-allocator-block-size=1048576"
    "memorysetup-temp-allocator-size-main=16777216"
    "memorysetup-job-temp-allocator-block-size=2097152"
    "memorysetup-job-temp-allocator-block-size-background=1048576"
    "memorysetup-job-temp-allocator-reduction-small-platforms=262144"
    "memorysetup-temp-allocator-size-background-worker=32768"
    "memorysetup-temp-allocator-size-job-worker=262144"
    "memorysetup-temp-allocator-size-preload-manager=33554432"
    "memorysetup-temp-allocator-size-nav-mesh-worker=65536"
    "memorysetup-temp-allocator-size-audio-worker=65536"
    "memorysetup-temp-allocator-size-cloud-worker=32768"
    "memorysetup-temp-allocator-size-gi-baking-worker=262144"
    "memorysetup-temp-allocator-size-gfx=262144"
Refreshing native plugins compatible for Editor in 75.22 ms, found 4 plugins.
Preloading 0 native plugins for Editor in 0.00 ms.
Initialize engine version: 2021.3.10f1 (1c7d0df0160b)
[Subsystems] Discovering subsystems at path C:/Program Files/Unity/Hub/Editor/2021.3.10f1/Editor/Data/Resources/UnitySubsystems
[Subsystems] Discovering subsystems at path C:/Users/user/Documents/GitHub/N-own-Magic/N-own Magic/Assets
GfxDevice: creating device client; threaded=0; jobified=0
Direct3D:
    Version:  Direct3D 11.0 [level 11.1]
    Renderer: NVIDIA GeForce RTX 3060 Ti (ID=0x2489)
    Vendor:   NVIDIA
    VRAM:     8038 MB
    Driver:   31.0.15.3598
Initialize mono
Mono path[0] = 'C:/Program Files/Unity/Hub/Editor/2021.3.10f1/Editor/Data/Managed'
Mono path[1] = 'C:/Program Files/Unity/Hub/Editor/2021.3.10f1/Editor/Data/MonoBleedingEdge/lib/mono/unityjit-win32'
Mono config path = 'C:/Program Files/Unity/Hub/Editor/2021.3.10f1/Editor/Data/MonoBleedingEdge/etc'
Using monoOptions --debugger-agent=transport=dt_socket,embedding=1,server=y,suspend=n,address=127.0.0.1:56072
Begin MonoManager ReloadAssembly
Registering precompiled unity dll's ...
Register platform support module: C:/Program Files/Unity/Hub/Editor/2021.3.10f1/Editor/Data/PlaybackEngines/WebGLSupport/UnityEditor.WebGL.Extensions.dll
Register platform support module: C:/Program Files/Unity/Hub/Editor/2021.3.10f1/Editor/Data/PlaybackEngines/WindowsStandaloneSupport/UnityEditor.WindowsStandalone.Extensions.dll
Registered in 0.010204 seconds.
Native extension for WindowsStandalone target not found
Native extension for WebGL target not found
Refreshing native plugins compatible for Editor in 70.00 ms, found 4 plugins.
Preloading 0 native plugins for Editor in 0.00 ms.
Mono: successfully reloaded assembly
- Completed reload, in  0.509 seconds
Domain Reload Profiling:
	ReloadAssembly (509ms)
		BeginReloadAssembly (68ms)
			ExecutionOrderSort (0ms)
			DisableScriptedObjects (0ms)
			BackupInstance (0ms)
			ReleaseScriptingObjects (0ms)
			CreateAndSetChildDomain (0ms)
		EndReloadAssembly (353ms)
			LoadAssemblies (66ms)
			RebuildTransferFunctionScriptingTraits (0ms)
			SetupTypeCache (65ms)
			ReleaseScriptCaches (0ms)
			RebuildScriptCaches (20ms)
			SetupLoadedEditorAssemblies (223ms)
				LogAssemblyErrors (0ms)
				InitializePlatformSupportModulesInManaged (8ms)
				SetLoadedEditorAssemblies (0ms)
				RefreshPlugins (70ms)
				BeforeProcessingInitializeOnLoad (1ms)
				ProcessInitializeOnLoadAttributes (104ms)
				ProcessInitializeOnLoadMethodAttributes (40ms)
				AfterProcessingInitializeOnLoad (0ms)
				EditorAssembliesLoaded (0ms)
			ExecutionOrderSort2 (0ms)
			AwakeInstancesAfterBackupRestoration (0ms)
Platform modules already initialized, skipping
Registering precompiled user dll's ...
Registered in 0.010306 seconds.
Begin MonoManager ReloadAssembly
Symbol file LoadedFromMemory doesn't match image C:\Users\user\Documents\GitHub\N-own-Magic\N-own Magic\Library\PackageCache\com.unity.visualscripting@1.7.8\Editor\VisualScripting.Core\Dependencies\YamlDotNet\Unity.VisualScripting.YamlDotNet.dll
Symbol file LoadedFromMemory doesn't match image C:\Users\user\Documents\GitHub\N-own-Magic\N-own Magic\Library\PackageCache\com.unity.visualscripting@1.7.8\Editor\VisualScripting.Core\Dependencies\DotNetZip\Unity.VisualScripting.IonicZip.dll
Native extension for WindowsStandalone target not found
Native extension for WebGL target not found
Refreshing native plugins compatible for Editor in 75.27 ms, found 4 plugins.
Preloading 0 native plugins for Editor in 0.00 ms.
Mono: successfully reloaded assembly
- Completed reload, in  1.103 seconds
Domain Reload Profiling:
	ReloadAssembly (1103ms)
		BeginReloadAssembly (92ms)
			ExecutionOrderSort (0ms)
			DisableScriptedObjects (3ms)
			BackupInstance (0ms)
			ReleaseScriptingObjects (0ms)
			CreateAndSetChildDomain (12ms)
		EndReloadAssembly (922ms)
			LoadAssemblies (110ms)
			RebuildTransferFunctionScriptingTraits (0ms)
			SetupTypeCache (299ms)
			ReleaseScriptCaches (0ms)
			RebuildScriptCaches (48ms)
			SetupLoadedEditorAssemblies (415ms)
				LogAssemblyErrors (0ms)
				InitializePlatformSupportModulesInManaged (6ms)
				SetLoadedEditorAssemblies (0ms)
				RefreshPlugins (75ms)
				BeforeProcessingInitializeOnLoad (83ms)
				ProcessInitializeOnLoadAttributes (206ms)
				ProcessInitializeOnLoadMethodAttributes (35ms)
				AfterProcessingInitializeOnLoad (9ms)
				EditorAssembliesLoaded (0ms)
			ExecutionOrderSort2 (0ms)
			AwakeInstancesAfterBackupRestoration (9ms)
Platform modules already initialized, skipping
========================================================================
Worker process is ready to serve import requests
Launched and connected shader compiler UnityShaderCompiler.exe after 0.08 seconds
Refreshing native plugins compatible for Editor in 0.87 ms, found 4 plugins.
Preloading 0 native plugins for Editor in 0.00 ms.
Unloading 4120 Unused Serialized files (Serialized files now loaded: 0)
Unloading 39 unused Assets / (56.1 KB). Loaded Objects now: 4577.
Memory consumption went from 155.5 MB to 155.5 MB.
Total: 3.486900 ms (FindLiveObjects: 0.301100 ms CreateObjectMapping: 0.158900 ms MarkObjects: 2.957900 ms  DeleteObjects: 0.068000 ms)

AssetImportParameters requested are different than current active one (requested -> active):
  custom:video-decoder-ogg-theora: a1e56fd34408186e4bbccfd4996cb3dc -> 
  custom:container-muxer-webm: aa71ff27fc2769a1b78a27578f13a17b -> 
  custom:container-demuxer-webm: 4f35f7cbe854078d1ac9338744f61a02 -> 
  custom:video-encoder-webm-vp8: eb34c28f22e8b96e1ab97ce403110664 -> 
  custom:audio-encoder-webm-vorbis: bf7c407c2cedff20999df2af8eb42d56 -> 
  custom:framework-win-MediaFoundation: 216162199b28c13a410421893ffa2e32 -> 
  custom:container-demuxer-ogg: 62fdf1f143b41e24485cea50d1cbac27 -> 
  custom:video-decoder-webm-vp8: 9c59270c3fd7afecdb556c50c9e8de78 -> 
  custom:audio-decoder-ogg-vorbis: bf7c407c2cedff20999df2af8eb42d56 -> 
========================================================================
Received Import Request.
  Time since last request: 764.358253 seconds.
  path: Assets/Paladinskill_22.png
  artifactKey: Guid(a1cfacb55b9e8fe45a09f9baf6b4ed35) Importer(815301076,1909f56bfc062723c751e8b465ee728b)
Start importing Assets/Paladinskill_22.png using Guid(a1cfacb55b9e8fe45a09f9baf6b4ed35) Importer(815301076,1909f56bfc062723c751e8b465ee728b)  -> (artifact id: '862c4096450bb467893f0cb7680f1318') in 0.181704 seconds 
========================================================================
Received Import Request.
  Time since last request: 0.000016 seconds.
  path: Assets/Scenes
  artifactKey: Guid(131a6b21c8605f84396be9f6751fb6e3) Importer(815301076,1909f56bfc062723c751e8b465ee728b)
Start importing Assets/Scenes using Guid(131a6b21c8605f84396be9f6751fb6e3) Importer(815301076,1909f56bfc062723c751e8b465ee728b)  -> (artifact id: '2c23e514d24f6b65fe96946cd87fc526') in 0.005647 seconds 
========================================================================
Received Import Request.
  Time since last request: 0.000025 seconds.
  path: Assets/Warlock_05_nobg.png
  artifactKey: Guid(7fe8ac26b5c64ad46867e570ddc4f8c0) Importer(815301076,1909f56bfc062723c751e8b465ee728b)
Start importing Assets/Warlock_05_nobg.png using Guid(7fe8ac26b5c64ad46867e570ddc4f8c0) Importer(815301076,1909f56bfc062723c751e8b465ee728b)  -> (artifact id: 'fb495bc9f8116e6268f7c9395949fbd1') in 0.024266 seconds 
========================================================================
Received Import Request.
  Time since last request: 0.000020 seconds.
  path: Assets/Archerskill_18_nobg.png
  artifactKey: Guid(d7a1210581f14f14281a9b92ff83d08e) Importer(815301076,1909f56bfc062723c751e8b465ee728b)
Start importing Assets/Archerskill_18_nobg.png using Guid(d7a1210581f14f14281a9b92ff83d08e) Importer(815301076,1909f56bfc062723c751e8b465ee728b)  -> (artifact id: '517b090245ef4db687e40fd649481d16') in 0.030384 seconds 
========================================================================
Received Import Request.
  Time since last request: 0.000025 seconds.
  path: Assets/Engineerskill_28.png
  artifactKey: Guid(76788f2482cc6234aa71d1e22322dd47) Importer(815301076,1909f56bfc062723c751e8b465ee728b)
Start importing Assets/Engineerskill_28.png using Guid(76788f2482cc6234aa71d1e22322dd47) Importer(815301076,1909f56bfc062723c751e8b465ee728b)  -> (artifact id: '77e910c35828a9b230ff593688d9e3d2') in 0.026030 seconds 
========================================================================
Received Import Request.
  Time since last request: 0.000016 seconds.
  path: Assets/21_Light_arrow.png
  artifactKey: Guid(0721f98908a57ee42ba6d21434af501e) Importer(815301076,1909f56bfc062723c751e8b465ee728b)
Start importing Assets/21_Light_arrow.png using Guid(0721f98908a57ee42ba6d21434af501e) Importer(815301076,1909f56bfc062723c751e8b465ee728b)  -> (artifact id: '79912e86c298635318508f4eafccfd48') in 0.026042 seconds 
========================================================================
Received Import Request.
  Time since last request: 0.000016 seconds.
  path: Assets/Priestskill_24_nobg.png
  artifactKey: Guid(091dd29f8027fef48819afb66bb02ec7) Importer(815301076,1909f56bfc062723c751e8b465ee728b)
Start importing Assets/Priestskill_24_nobg.png using Guid(091dd29f8027fef48819afb66bb02ec7) Importer(815301076,1909f56bfc062723c751e8b465ee728b)  -> (artifact id: '9c38029f15d095208cbd29c5d23d7b00') in 0.021117 seconds 
========================================================================
Received Import Request.
  Time since last request: 0.000016 seconds.
  path: Assets/Paladinskill_03.png
  artifactKey: Guid(9d2200a6f76dbc444a0d80d8cecbde6d) Importer(815301076,1909f56bfc062723c751e8b465ee728b)
Start importing Assets/Paladinskill_03.png using Guid(9d2200a6f76dbc444a0d80d8cecbde6d) Importer(815301076,1909f56bfc062723c751e8b465ee728b)  -> (artifact id: '4e8c5dce96c521ef105bd0d6ab26e4a8') in 0.025079 seconds 
========================================================================
Received Import Request.
  Time since last request: 0.000020 seconds.
  path: Assets/shadowbolt_nobg.png
  artifactKey: Guid(3649732ab5a842d438bc130252065379) Importer(815301076,1909f56bfc062723c751e8b465ee728b)
Start importing Assets/shadowbolt_nobg.png using Guid(3649732ab5a842d438bc130252065379) Importer(815301076,1909f56bfc062723c751e8b465ee728b)  -> (artifact id: 'f715f68f83cc2b7eb2f4694c46fe1105') in 0.027252 seconds 
========================================================================
Received Import Request.
  Time since last request: 0.000017 seconds.
  path: Assets/Priestskill_23.png
  artifactKey: Guid(674a3d365c1fab1439aab1510b80cbec) Importer(815301076,1909f56bfc062723c751e8b465ee728b)
Start importing Assets/Priestskill_23.png using Guid(674a3d365c1fab1439aab1510b80cbec) Importer(815301076,1909f56bfc062723c751e8b465ee728b)  -> (artifact id: '3ff7aaa9236e1caf1ccad2b9a6d60a2b') in 0.031222 seconds 
========================================================================
Received Import Request.
  Time since last request: 0.000019 seconds.
  path: Assets/Assassinskill_11.png
  artifactKey: Guid(0ae16d4be9318574ea930bba03e2a6b1) Importer(815301076,1909f56bfc062723c751e8b465ee728b)
Start importing Assets/Assassinskill_11.png using Guid(0ae16d4be9318574ea930bba03e2a6b1) Importer(815301076,1909f56bfc062723c751e8b465ee728b)  -> (artifact id: 'eff01296094b96622c64e484e6dfbd11') in 0.031098 seconds 
========================================================================
Received Import Request.
  Time since last request: 0.000019 seconds.
  path: Assets/Warlock_26_nobg.png
  artifactKey: Guid(ffd9cca8725c764419a774318ce56b49) Importer(815301076,1909f56bfc062723c751e8b465ee728b)
Start importing Assets/Warlock_26_nobg.png using Guid(ffd9cca8725c764419a774318ce56b49) Importer(815301076,1909f56bfc062723c751e8b465ee728b)  -> (artifact id: '709ac5b9d59636412087b378f2df7fac') in 0.028709 seconds 
========================================================================
Received Import Request.
  Time since last request: 8170.892672 seconds.
  path: Assets/Prefabs/Cards.prefab
  artifactKey: Guid(68ac6e5973008c24e97747bc97c5b4c6) Importer(815301076,1909f56bfc062723c751e8b465ee728b)
Start importing Assets/Prefabs/Cards.prefab using Guid(68ac6e5973008c24e97747bc97c5b4c6) Importer(815301076,1909f56bfc062723c751e8b465ee728b)  -> (artifact id: '473416327d66002e11288eb9b531e421') in 0.164050 seconds 
========================================================================
Received Prepare
Registering precompiled user dll's ...
Registered in 0.010211 seconds.
Begin MonoManager ReloadAssembly
Symbol file LoadedFromMemory doesn't match image C:\Users\user\Documents\GitHub\N-own-Magic\N-own Magic\Library\PackageCache\com.unity.visualscripting@1.7.8\Editor\VisualScripting.Core\Dependencies\YamlDotNet\Unity.VisualScripting.YamlDotNet.dll
Symbol file LoadedFromMemory doesn't match image C:\Users\user\Documents\GitHub\N-own-Magic\N-own Magic\Library\PackageCache\com.unity.visualscripting@1.7.8\Editor\VisualScripting.Core\Dependencies\DotNetZip\Unity.VisualScripting.IonicZip.dll
Native extension for WindowsStandalone target not found
Native extension for WebGL target not found
Refreshing native plugins compatible for Editor in 0.67 ms, found 4 plugins.
Preloading 0 native plugins for Editor in 0.00 ms.
Mono: successfully reloaded assembly
- Completed reload, in  0.769 seconds
Domain Reload Profiling:
	ReloadAssembly (770ms)
		BeginReloadAssembly (139ms)
			ExecutionOrderSort (0ms)
			DisableScriptedObjects (4ms)
			BackupInstance (0ms)
			ReleaseScriptingObjects (0ms)
			CreateAndSetChildDomain (35ms)
		EndReloadAssembly (545ms)
			LoadAssemblies (111ms)
			RebuildTransferFunctionScriptingTraits (0ms)
			SetupTypeCache (151ms)
			ReleaseScriptCaches (1ms)
			RebuildScriptCaches (27ms)
			SetupLoadedEditorAssemblies (237ms)
				LogAssemblyErrors (0ms)
				InitializePlatformSupportModulesInManaged (12ms)
				SetLoadedEditorAssemblies (0ms)
				RefreshPlugins (1ms)
				BeforeProcessingInitializeOnLoad (61ms)
				ProcessInitializeOnLoadAttributes (126ms)
				ProcessInitializeOnLoadMethodAttributes (24ms)
				AfterProcessingInitializeOnLoad (12ms)
				EditorAssembliesLoaded (0ms)
			ExecutionOrderSort2 (0ms)
			AwakeInstancesAfterBackupRestoration (12ms)
Platform modules already initialized, skipping
Refreshing native plugins compatible for Editor in 2.95 ms, found 4 plugins.
Preloading 0 native plugins for Editor in 0.00 ms.
Unloading 4095 Unused Serialized files (Serialized files now loaded: 0)
Unloading 26 unused Assets / (24.7 KB). Loaded Objects now: 4588.
Memory consumption went from 157.7 MB to 157.7 MB.
Total: 2.443800 ms (FindLiveObjects: 0.181600 ms CreateObjectMapping: 0.092400 ms MarkObjects: 2.153200 ms  DeleteObjects: 0.015900 ms)

AssetImportParameters requested are different than current active one (requested -> active):
  custom:video-decoder-ogg-theora: a1e56fd34408186e4bbccfd4996cb3dc -> 
  custom:container-muxer-webm: aa71ff27fc2769a1b78a27578f13a17b -> 
  custom:container-demuxer-webm: 4f35f7cbe854078d1ac9338744f61a02 -> 
  custom:video-encoder-webm-vp8: eb34c28f22e8b96e1ab97ce403110664 -> 
  custom:audio-encoder-webm-vorbis: bf7c407c2cedff20999df2af8eb42d56 -> 
  custom:framework-win-MediaFoundation: 216162199b28c13a410421893ffa2e32 -> 
  custom:container-demuxer-ogg: 62fdf1f143b41e24485cea50d1cbac27 -> 
  custom:video-decoder-webm-vp8: 9c59270c3fd7afecdb556c50c9e8de78 -> 
  custom:audio-decoder-ogg-vorbis: bf7c407c2cedff20999df2af8eb42d56 -> 
========================================================================
Received Prepare
Registering precompiled user dll's ...
Registered in 0.023158 seconds.
Begin MonoManager ReloadAssembly
Symbol file LoadedFromMemory doesn't match image C:\Users\user\Documents\GitHub\N-own-Magic\N-own Magic\Library\PackageCache\com.unity.visualscripting@1.7.8\Editor\VisualScripting.Core\Dependencies\YamlDotNet\Unity.VisualScripting.YamlDotNet.dll
Symbol file LoadedFromMemory doesn't match image C:\Users\user\Documents\GitHub\N-own-Magic\N-own Magic\Library\PackageCache\com.unity.visualscripting@1.7.8\Editor\VisualScripting.Core\Dependencies\DotNetZip\Unity.VisualScripting.IonicZip.dll
Native extension for WindowsStandalone target not found
Native extension for WebGL target not found
Refreshing native plugins compatible for Editor in 0.79 ms, found 4 plugins.
Preloading 0 native plugins for Editor in 0.00 ms.
Mono: successfully reloaded assembly
- Completed reload, in  1.066 seconds
Domain Reload Profiling:
	ReloadAssembly (1067ms)
		BeginReloadAssembly (231ms)
			ExecutionOrderSort (0ms)
			DisableScriptedObjects (8ms)
			BackupInstance (0ms)
			ReleaseScriptingObjects (0ms)
			CreateAndSetChildDomain (37ms)
		EndReloadAssembly (669ms)
			LoadAssemblies (223ms)
			RebuildTransferFunctionScriptingTraits (0ms)
			SetupTypeCache (223ms)
			ReleaseScriptCaches (1ms)
			RebuildScriptCaches (25ms)
			SetupLoadedEditorAssemblies (238ms)
				LogAssemblyErrors (0ms)
				InitializePlatformSupportModulesInManaged (12ms)
				SetLoadedEditorAssemblies (0ms)
				RefreshPlugins (1ms)
				BeforeProcessingInitializeOnLoad (60ms)
				ProcessInitializeOnLoadAttributes (130ms)
				ProcessInitializeOnLoadMethodAttributes (25ms)
				AfterProcessingInitializeOnLoad (10ms)
				EditorAssembliesLoaded (0ms)
			ExecutionOrderSort2 (0ms)
			AwakeInstancesAfterBackupRestoration (11ms)
Platform modules already initialized, skipping
Refreshing native plugins compatible for Editor in 3.33 ms, found 4 plugins.
Preloading 0 native plugins for Editor in 0.00 ms.
Unloading 4095 Unused Serialized files (Serialized files now loaded: 0)
Unloading 26 unused Assets / (24.7 KB). Loaded Objects now: 4591.
Memory consumption went from 157.7 MB to 157.7 MB.
Total: 2.331600 ms (FindLiveObjects: 0.193500 ms CreateObjectMapping: 0.091900 ms MarkObjects: 2.023600 ms  DeleteObjects: 0.021700 ms)

AssetImportParameters requested are different than current active one (requested -> active):
  custom:video-decoder-ogg-theora: a1e56fd34408186e4bbccfd4996cb3dc -> 
  custom:container-muxer-webm: aa71ff27fc2769a1b78a27578f13a17b -> 
  custom:container-demuxer-webm: 4f35f7cbe854078d1ac9338744f61a02 -> 
  custom:video-encoder-webm-vp8: eb34c28f22e8b96e1ab97ce403110664 -> 
  custom:audio-encoder-webm-vorbis: bf7c407c2cedff20999df2af8eb42d56 -> 
  custom:framework-win-MediaFoundation: 216162199b28c13a410421893ffa2e32 -> 
  custom:container-demuxer-ogg: 62fdf1f143b41e24485cea50d1cbac27 -> 
  custom:video-decoder-webm-vp8: 9c59270c3fd7afecdb556c50c9e8de78 -> 
  custom:audio-decoder-ogg-vorbis: bf7c407c2cedff20999df2af8eb42d56 -> 
========================================================================
Received Prepare
Registering precompiled user dll's ...
Registered in 0.012127 seconds.
Begin MonoManager ReloadAssembly
Symbol file LoadedFromMemory doesn't match image C:\Users\user\Documents\GitHub\N-own-Magic\N-own Magic\Library\PackageCache\com.unity.visualscripting@1.7.8\Editor\VisualScripting.Core\Dependencies\YamlDotNet\Unity.VisualScripting.YamlDotNet.dll
Symbol file LoadedFromMemory doesn't match image C:\Users\user\Documents\GitHub\N-own-Magic\N-own Magic\Library\PackageCache\com.unity.visualscripting@1.7.8\Editor\VisualScripting.Core\Dependencies\DotNetZip\Unity.VisualScripting.IonicZip.dll
Native extension for WindowsStandalone target not found
Native extension for WebGL target not found
Refreshing native plugins compatible for Editor in 0.67 ms, found 4 plugins.
Preloading 0 native plugins for Editor in 0.00 ms.
Mono: successfully reloaded assembly
- Completed reload, in  0.735 seconds
Domain Reload Profiling:
	ReloadAssembly (735ms)
		BeginReloadAssembly (120ms)
			ExecutionOrderSort (0ms)
			DisableScriptedObjects (5ms)
			BackupInstance (0ms)
			ReleaseScriptingObjects (0ms)
			CreateAndSetChildDomain (28ms)
		EndReloadAssembly (536ms)
			LoadAssemblies (97ms)
			RebuildTransferFunctionScriptingTraits (0ms)
			SetupTypeCache (155ms)
			ReleaseScriptCaches (1ms)
			RebuildScriptCaches (26ms)
			SetupLoadedEditorAssemblies (235ms)
				LogAssemblyErrors (0ms)
				InitializePlatformSupportModulesInManaged (12ms)
				SetLoadedEditorAssemblies (0ms)
				RefreshPlugins (1ms)
				BeforeProcessingInitializeOnLoad (60ms)
				ProcessInitializeOnLoadAttributes (127ms)
				ProcessInitializeOnLoadMethodAttributes (24ms)
				AfterProcessingInitializeOnLoad (11ms)
				EditorAssembliesLoaded (0ms)
			ExecutionOrderSort2 (0ms)
			AwakeInstancesAfterBackupRestoration (12ms)
Platform modules already initialized, skipping
Refreshing native plugins compatible for Editor in 2.67 ms, found 4 plugins.
Preloading 0 native plugins for Editor in 0.00 ms.
Unloading 4096 Unused Serialized files (Serialized files now loaded: 0)
Unloading 26 unused Assets / (24.6 KB). Loaded Objects now: 4595.
Memory consumption went from 157.8 MB to 157.7 MB.
Total: 2.333100 ms (FindLiveObjects: 0.203000 ms CreateObjectMapping: 0.114800 ms MarkObjects: 1.996800 ms  DeleteObjects: 0.017800 ms)

AssetImportParameters requested are different than current active one (requested -> active):
  custom:video-decoder-ogg-theora: a1e56fd34408186e4bbccfd4996cb3dc -> 
  custom:container-muxer-webm: aa71ff27fc2769a1b78a27578f13a17b -> 
  custom:container-demuxer-webm: 4f35f7cbe854078d1ac9338744f61a02 -> 
  custom:video-encoder-webm-vp8: eb34c28f22e8b96e1ab97ce403110664 -> 
  custom:audio-encoder-webm-vorbis: bf7c407c2cedff20999df2af8eb42d56 -> 
  custom:framework-win-MediaFoundation: 216162199b28c13a410421893ffa2e32 -> 
  custom:container-demuxer-ogg: 62fdf1f143b41e24485cea50d1cbac27 -> 
  custom:video-decoder-webm-vp8: 9c59270c3fd7afecdb556c50c9e8de78 -> 
  custom:audio-decoder-ogg-vorbis: bf7c407c2cedff20999df2af8eb42d56 -> 
========================================================================
Received Prepare
Registering precompiled user dll's ...
Registered in 0.029257 seconds.
Begin MonoManager ReloadAssembly
Symbol file LoadedFromMemory doesn't match image C:\Users\user\Documents\GitHub\N-own-Magic\N-own Magic\Library\PackageCache\com.unity.visualscripting@1.7.8\Editor\VisualScripting.Core\Dependencies\YamlDotNet\Unity.VisualScripting.YamlDotNet.dll
Symbol file LoadedFromMemory doesn't match image C:\Users\user\Documents\GitHub\N-own-Magic\N-own Magic\Library\PackageCache\com.unity.visualscripting@1.7.8\Editor\VisualScripting.Core\Dependencies\DotNetZip\Unity.VisualScripting.IonicZip.dll
Native extension for WindowsStandalone target not found
Native extension for WebGL target not found
Refreshing native plugins compatible for Editor in 0.69 ms, found 4 plugins.
Preloading 0 native plugins for Editor in 0.00 ms.
Mono: successfully reloaded assembly
- Completed reload, in  0.835 seconds
Domain Reload Profiling:
	ReloadAssembly (836ms)
		BeginReloadAssembly (225ms)
			ExecutionOrderSort (0ms)
			DisableScriptedObjects (8ms)
			BackupInstance (0ms)
			ReleaseScriptingObjects (0ms)
			CreateAndSetChildDomain (38ms)
		EndReloadAssembly (530ms)
			LoadAssemblies (157ms)
			RebuildTransferFunctionScriptingTraits (0ms)
			SetupTypeCache (144ms)
			ReleaseScriptCaches (1ms)
			RebuildScriptCaches (27ms)
			SetupLoadedEditorAssemblies (238ms)
				LogAssemblyErrors (0ms)
				InitializePlatformSupportModulesInManaged (12ms)
				SetLoadedEditorAssemblies (0ms)
				RefreshPlugins (1ms)
				BeforeProcessingInitializeOnLoad (60ms)
				ProcessInitializeOnLoadAttributes (130ms)
				ProcessInitializeOnLoadMethodAttributes (25ms)
				AfterProcessingInitializeOnLoad (10ms)
				EditorAssembliesLoaded (0ms)
			ExecutionOrderSort2 (0ms)
			AwakeInstancesAfterBackupRestoration (11ms)
Platform modules already initialized, skipping
Refreshing native plugins compatible for Editor in 2.30 ms, found 4 plugins.
Preloading 0 native plugins for Editor in 0.00 ms.
Unloading 4096 Unused Serialized files (Serialized files now loaded: 0)
Unloading 26 unused Assets / (24.8 KB). Loaded Objects now: 4598.
Memory consumption went from 157.8 MB to 157.8 MB.
Total: 2.116800 ms (FindLiveObjects: 0.165400 ms CreateObjectMapping: 0.098400 ms MarkObjects: 1.836700 ms  DeleteObjects: 0.015700 ms)

AssetImportParameters requested are different than current active one (requested -> active):
  custom:video-decoder-ogg-theora: a1e56fd34408186e4bbccfd4996cb3dc -> 
  custom:container-muxer-webm: aa71ff27fc2769a1b78a27578f13a17b -> 
  custom:container-demuxer-webm: 4f35f7cbe854078d1ac9338744f61a02 -> 
  custom:video-encoder-webm-vp8: eb34c28f22e8b96e1ab97ce403110664 -> 
  custom:audio-encoder-webm-vorbis: bf7c407c2cedff20999df2af8eb42d56 -> 
  custom:framework-win-MediaFoundation: 216162199b28c13a410421893ffa2e32 -> 
  custom:container-demuxer-ogg: 62fdf1f143b41e24485cea50d1cbac27 -> 
  custom:video-decoder-webm-vp8: 9c59270c3fd7afecdb556c50c9e8de78 -> 
  custom:audio-decoder-ogg-vorbis: bf7c407c2cedff20999df2af8eb42d56 -> 
========================================================================
Received Import Request.
  Time since last request: 5004.953193 seconds.
  path: Assets/CharactorS/Gameleon_MonsterPack/Art/2D/Enemies/Prefabs/Demon_Earth/PFB_Demon_Earth_Boss_v1_Medium.prefab
  artifactKey: Guid(50327d002be3e4847855db454592984b) Importer(815301076,1909f56bfc062723c751e8b465ee728b)
Start importing Assets/CharactorS/Gameleon_MonsterPack/Art/2D/Enemies/Prefabs/Demon_Earth/PFB_Demon_Earth_Boss_v1_Medium.prefab using Guid(50327d002be3e4847855db454592984b) Importer(815301076,1909f56bfc062723c751e8b465ee728b)  -> (artifact id: 'f82d7b613ea7f335f4a50a38ef1cab20') in 0.150845 seconds 
========================================================================
Received Import Request.
  Time since last request: 0.000129 seconds.
  path: Assets/CharactorS/Gameleon_MonsterPack/Art/2D/Enemies/Prefabs/Demon_Earth/PFB_Demon_Earth_Normal_v1.prefab
  artifactKey: Guid(b4f25e96c50f10942a23e5952a9a68f0) Importer(815301076,1909f56bfc062723c751e8b465ee728b)
Start importing Assets/CharactorS/Gameleon_MonsterPack/Art/2D/Enemies/Prefabs/Demon_Earth/PFB_Demon_Earth_Normal_v1.prefab using Guid(b4f25e96c50f10942a23e5952a9a68f0) Importer(815301076,1909f56bfc062723c751e8b465ee728b)  -> (artifact id: 'e37fdf145b9a2908cc84d9762e0a9b44') in 0.113898 seconds 
========================================================================
Received Import Request.
  Time since last request: 0.000031 seconds.
  path: Assets/CharactorS/Gameleon_MonsterPack/Art/2D/Enemies/Prefabs/Demon_Earth/PFB_Demon_Earth_Normal_v4_Nightmare.prefab
  artifactKey: Guid(0e36185cc4225ea4385ebf8e77c814c0) Importer(815301076,1909f56bfc062723c751e8b465ee728b)
Start importing Assets/CharactorS/Gameleon_MonsterPack/Art/2D/Enemies/Prefabs/Demon_Earth/PFB_Demon_Earth_Normal_v4_Nightmare.prefab using Guid(0e36185cc4225ea4385ebf8e77c814c0) Importer(815301076,1909f56bfc062723c751e8b465ee728b)  -> (artifact id: '0636ff9fcbc7af65d89e10c5c86c81e1') in 0.096219 seconds 
========================================================================
Received Import Request.
  Time since last request: 0.000018 seconds.
  path: Assets/CharactorS/Gameleon_MonsterPack/Art/2D/Enemies/Prefabs/Demon_Earth/PFB_Demon_Earth_Normal_v1_Nightmare.prefab
  artifactKey: Guid(4f43742c2addfe445ab7a5dc7cddee20) Importer(815301076,1909f56bfc062723c751e8b465ee728b)
Start importing Assets/CharactorS/Gameleon_MonsterPack/Art/2D/Enemies/Prefabs/Demon_Earth/PFB_Demon_Earth_Normal_v1_Nightmare.prefab using Guid(4f43742c2addfe445ab7a5dc7cddee20) Importer(815301076,1909f56bfc062723c751e8b465ee728b)  -> (artifact id: 'ba0bac88e75d5e0797a46bd268f7e10c') in 0.051942 seconds 
========================================================================
Received Import Request.
  Time since last request: 0.000019 seconds.
  path: Assets/CharactorS/Gameleon_MonsterPack/Art/2D/Enemies/Prefabs/Demon_Earth/PFB_Demon_Earth_Normal_v7_Medium.prefab
  artifactKey: Guid(058e88ee7b81f2c459625c06ed14730b) Importer(815301076,1909f56bfc062723c751e8b465ee728b)
Start importing Assets/CharactorS/Gameleon_MonsterPack/Art/2D/Enemies/Prefabs/Demon_Earth/PFB_Demon_Earth_Normal_v7_Medium.prefab using Guid(058e88ee7b81f2c459625c06ed14730b) Importer(815301076,1909f56bfc062723c751e8b465ee728b)  -> (artifact id: 'e93d9f63a8fd8f210a204c5aa6e31371') in 0.051639 seconds 
========================================================================
Received Import Request.
  Time since last request: 0.000017 seconds.
  path: Assets/CharactorS/Gameleon_MonsterPack/Art/2D/Enemies/Prefabs/Demon_Earth/PFB_Demon_Earth_Normal_v8.prefab
  artifactKey: Guid(914b46b119c0f9c448f7806c072d5d13) Importer(815301076,1909f56bfc062723c751e8b465ee728b)
Start importing Assets/CharactorS/Gameleon_MonsterPack/Art/2D/Enemies/Prefabs/Demon_Earth/PFB_Demon_Earth_Normal_v8.prefab using Guid(914b46b119c0f9c448f7806c072d5d13) Importer(815301076,1909f56bfc062723c751e8b465ee728b)  -> (artifact id: '3f9d8412e47499761da6284daf305f50') in 0.018837 seconds 
========================================================================
Received Import Request.
  Time since last request: 0.000027 seconds.
  path: Assets/CharactorS/Gameleon_MonsterPack/Art/2D/Enemies/Prefabs/Demon_Earth/PFB_Demon_Earth_Normal_v7_Nightmare.prefab
  artifactKey: Guid(cabfdad9880caf641a5b922c8522fb69) Importer(815301076,1909f56bfc062723c751e8b465ee728b)
Start importing Assets/CharactorS/Gameleon_MonsterPack/Art/2D/Enemies/Prefabs/Demon_Earth/PFB_Demon_Earth_Normal_v7_Nightmare.prefab using Guid(cabfdad9880caf641a5b922c8522fb69) Importer(815301076,1909f56bfc062723c751e8b465ee728b)  -> (artifact id: '45b51d246ba1f830fac660bcc00baea6') in 0.053975 seconds 
========================================================================
Received Import Request.
  Time since last request: 0.000026 seconds.
  path: Assets/CharactorS/Gameleon_MonsterPack/Art/2D/Enemies/Prefabs/Demon_Earth/PFB_Demon_Earth_Normal_v7.prefab
  artifactKey: Guid(bbf9dbc40f6123543b95d4db798d3a90) Importer(815301076,1909f56bfc062723c751e8b465ee728b)
Start importing Assets/CharactorS/Gameleon_MonsterPack/Art/2D/Enemies/Prefabs/Demon_Earth/PFB_Demon_Earth_Normal_v7.prefab using Guid(bbf9dbc40f6123543b95d4db798d3a90) Importer(815301076,1909f56bfc062723c751e8b465ee728b)  -> (artifact id: 'd937dc3e83644224ba48c4e36224a34c') in 0.055951 seconds 
========================================================================
Received Import Request.
  Time since last request: 0.000021 seconds.
  path: Assets/CharactorS/Gameleon_MonsterPack/Art/2D/Enemies/Prefabs/Demon_Earth/PFB_Demon_Earth_Normal_v6_Nightmare.prefab
  artifactKey: Guid(d40a0e1ea9a9ac9409bb92fd1314961b) Importer(815301076,1909f56bfc062723c751e8b465ee728b)
Start importing Assets/CharactorS/Gameleon_MonsterPack/Art/2D/Enemies/Prefabs/Demon_Earth/PFB_Demon_Earth_Normal_v6_Nightmare.prefab using Guid(d40a0e1ea9a9ac9409bb92fd1314961b) Importer(815301076,1909f56bfc062723c751e8b465ee728b)  -> (artifact id: 'e3dfbea338e3a48bf932cc25275744ac') in 0.050834 seconds 
========================================================================
Received Import Request.
  Time since last request: 0.000023 seconds.
  path: Assets/CharactorS/Gameleon_MonsterPack/Art/2D/Enemies/Prefabs/Demon_Earth/PFB_Demon_Earth_Normal_v2_Nightmare.prefab
  artifactKey: Guid(f2c7e5a97346ca047a0ef003eabb4324) Importer(815301076,1909f56bfc062723c751e8b465ee728b)
Start importing Assets/CharactorS/Gameleon_MonsterPack/Art/2D/Enemies/Prefabs/Demon_Earth/PFB_Demon_Earth_Normal_v2_Nightmare.prefab using Guid(f2c7e5a97346ca047a0ef003eabb4324) Importer(815301076,1909f56bfc062723c751e8b465ee728b)  -> (artifact id: '792c19d741eaf21b623ff6be0cf99c12') in 0.054801 seconds 
========================================================================
Received Import Request.
  Time since last request: 0.000022 seconds.
  path: Assets/CharactorS/Gameleon_MonsterPack/Art/2D/Enemies/Prefabs/Demon_Earth/PFB_Demon_Earth_Normal_v6_Medium.prefab
  artifactKey: Guid(b18f6e80c24358d4590d11035ea07731) Importer(815301076,1909f56bfc062723c751e8b465ee728b)
Start importing Assets/CharactorS/Gameleon_MonsterPack/Art/2D/Enemies/Prefabs/Demon_Earth/PFB_Demon_Earth_Normal_v6_Medium.prefab using Guid(b18f6e80c24358d4590d11035ea07731) Importer(815301076,1909f56bfc062723c751e8b465ee728b)  -> (artifact id: '38b78e35c547f95b71f2f06a946511b2') in 0.050579 seconds 
========================================================================
Received Import Request.
  Time since last request: 0.000029 seconds.
  path: Assets/CharactorS/Gameleon_MonsterPack/Art/2D/Enemies/Prefabs/Demon_Earth/PFB_Demon_Earth_Boss_v1_Nightmare.prefab
  artifactKey: Guid(83414afca2c047e44b397a3295e74341) Importer(815301076,1909f56bfc062723c751e8b465ee728b)
Start importing Assets/CharactorS/Gameleon_MonsterPack/Art/2D/Enemies/Prefabs/Demon_Earth/PFB_Demon_Earth_Boss_v1_Nightmare.prefab using Guid(83414afca2c047e44b397a3295e74341) Importer(815301076,1909f56bfc062723c751e8b465ee728b)  -> (artifact id: 'f410d576f6d3dfa44aad7cc139d1548e') in 0.055304 seconds 
========================================================================
Received Import Request.
  Time since last request: 0.000020 seconds.
  path: Assets/CharactorS/Gameleon_MonsterPack/Art/2D/Enemies/Prefabs/Demon_Earth/PFB_Demon_Earth_Normal_v8_Nightmare.prefab
  artifactKey: Guid(cb7ccb0f13a4fde4c80c67795da2bb54) Importer(815301076,1909f56bfc062723c751e8b465ee728b)
Start importing Assets/CharactorS/Gameleon_MonsterPack/Art/2D/Enemies/Prefabs/Demon_Earth/PFB_Demon_Earth_Normal_v8_Nightmare.prefab using Guid(cb7ccb0f13a4fde4c80c67795da2bb54) Importer(815301076,1909f56bfc062723c751e8b465ee728b)  -> (artifact id: '2256e4a552eadc5536a6a98af10277aa') in 0.051313 seconds 
========================================================================
Received Import Request.
  Time since last request: 0.000021 seconds.
  path: Assets/CharactorS/Gameleon_MonsterPack/Art/2D/Enemies/Prefabs/Demon_Earth/PFB_Demon_Earth_Normal_v8_Medium.prefab
  artifactKey: Guid(e5ec99c31fa5b124184efc634bccc581) Importer(815301076,1909f56bfc062723c751e8b465ee728b)
Start importing Assets/CharactorS/Gameleon_MonsterPack/Art/2D/Enemies/Prefabs/Demon_Earth/PFB_Demon_Earth_Normal_v8_Medium.prefab using Guid(e5ec99c31fa5b124184efc634bccc581) Importer(815301076,1909f56bfc062723c751e8b465ee728b)  -> (artifact id: '9b206f5ecdd08a726907085e835bbf8b') in 0.051429 seconds 
Editor requested this worker to shutdown with reason: Scaling down because of idle timeout
AssetImportWorker is now disconnected from the server
Process exiting
Exiting without the bug reporter. Application will terminate with return code 0